#! /c/Source/iverilog-install/bin/vvp
:ivl_version "12.0 (devel)" "(s20150603-1539-g2693dd32b)";
:ivl_delay_selection "TYPICAL";
:vpi_time_precision + 0;
:vpi_module "F:\iverilog\lib\ivl\system.vpi";
:vpi_module "F:\iverilog\lib\ivl\vhdl_sys.vpi";
:vpi_module "F:\iverilog\lib\ivl\vhdl_textio.vpi";
:vpi_module "F:\iverilog\lib\ivl\v2005_math.vpi";
:vpi_module "F:\iverilog\lib\ivl\va_math.vpi";
S_0000024075242e30 .scope module, "to1_convertor" "to1_convertor" 2 1;
 .timescale 0 0;
    .port_info 0 /INPUT 32 "port_in";
    .port_info 1 /OUTPUT 1 "converted_out";
L_000002407526f0b0 .functor OR 1, L_00000240752d01e0, L_00000240752d0280, C4<0>, C4<0>;
L_00000240752d2a60 .functor OR 1, L_000002407526f0b0, L_00000240752d0320, C4<0>, C4<0>;
L_00000240752d2ad0 .functor OR 1, L_00000240752d2a60, L_00000240752d03c0, C4<0>, C4<0>;
L_00000240752d2fa0 .functor OR 1, L_00000240752d2ad0, L_00000240752d0500, C4<0>, C4<0>;
L_00000240752d2de0 .functor OR 1, L_00000240752d2fa0, L_00000240752d05a0, C4<0>, C4<0>;
L_00000240752d2600 .functor OR 1, L_00000240752d2de0, L_00000240752d06e0, C4<0>, C4<0>;
L_00000240752d2590 .functor OR 1, L_00000240752d2600, L_00000240752d0960, C4<0>, C4<0>;
L_00000240752d29f0 .functor OR 1, L_00000240752d2590, L_00000240752d0a00, C4<0>, C4<0>;
L_00000240752d2750 .functor OR 1, L_00000240752d29f0, L_00000240752d0b40, C4<0>, C4<0>;
L_00000240752d3080 .functor OR 1, L_00000240752d2750, L_00000240752d0be0, C4<0>, C4<0>;
L_00000240752d3240 .functor OR 1, L_00000240752d3080, L_00000240752d4ba0, C4<0>, C4<0>;
L_00000240752d2670 .functor OR 1, L_00000240752d3240, L_00000240752d58c0, C4<0>, C4<0>;
L_00000240752d3160 .functor OR 1, L_00000240752d2670, L_00000240752d5f00, C4<0>, C4<0>;
L_00000240752d2b40 .functor OR 1, L_00000240752d3160, L_00000240752d4d80, C4<0>, C4<0>;
L_00000240752d23d0 .functor OR 1, L_00000240752d2b40, L_00000240752d4560, C4<0>, C4<0>;
L_00000240752d2e50 .functor OR 1, L_00000240752d23d0, L_00000240752d55a0, C4<0>, C4<0>;
L_00000240752d26e0 .functor OR 1, L_00000240752d2e50, L_00000240752d5320, C4<0>, C4<0>;
L_00000240752d2440 .functor OR 1, L_00000240752d26e0, L_00000240752d5dc0, C4<0>, C4<0>;
L_00000240752d28a0 .functor OR 1, L_00000240752d2440, L_00000240752d5fa0, C4<0>, C4<0>;
L_00000240752d27c0 .functor OR 1, L_00000240752d28a0, L_00000240752d47e0, C4<0>, C4<0>;
L_00000240752d3010 .functor OR 1, L_00000240752d27c0, L_00000240752d6040, C4<0>, C4<0>;
L_00000240752d2980 .functor OR 1, L_00000240752d3010, L_00000240752d5820, C4<0>, C4<0>;
L_00000240752d2d70 .functor OR 1, L_00000240752d2980, L_00000240752d56e0, C4<0>, C4<0>;
L_00000240752d2360 .functor OR 1, L_00000240752d2d70, L_00000240752d5780, C4<0>, C4<0>;
L_00000240752d2ec0 .functor OR 1, L_00000240752d2360, L_00000240752d4380, C4<0>, C4<0>;
L_00000240752d2910 .functor OR 1, L_00000240752d2ec0, L_00000240752d5e60, C4<0>, C4<0>;
L_00000240752d2bb0 .functor OR 1, L_00000240752d2910, L_00000240752d60e0, C4<0>, C4<0>;
L_00000240752d24b0 .functor OR 1, L_00000240752d2bb0, L_00000240752d5960, C4<0>, C4<0>;
L_00000240752d2830 .functor OR 1, L_00000240752d24b0, L_00000240752d4920, C4<0>, C4<0>;
L_00000240752d30f0 .functor OR 1, L_00000240752d2830, L_00000240752d5280, C4<0>, C4<0>;
L_00000240752d2520 .functor OR 1, L_00000240752d30f0, L_00000240752d6180, C4<0>, C4<0>;
L_00000240752d2c20 .functor OR 1, L_00000240752d2520, L_00000240752d5b40, C4<0>, C4<0>;
v0000024075271410_0 .net *"_ivl_1", 0 0, L_00000240752d01e0;  1 drivers
v0000024075270330_0 .net *"_ivl_100", 0 0, L_00000240752d2ec0;  1 drivers
v00000240752714b0_0 .net *"_ivl_103", 0 0, L_00000240752d5e60;  1 drivers
v0000024075270ab0_0 .net *"_ivl_104", 0 0, L_00000240752d2910;  1 drivers
v0000024075270830_0 .net *"_ivl_107", 0 0, L_00000240752d60e0;  1 drivers
v0000024075271c30_0 .net *"_ivl_108", 0 0, L_00000240752d2bb0;  1 drivers
v00000240752708d0_0 .net *"_ivl_11", 0 0, L_00000240752d03c0;  1 drivers
v0000024075271550_0 .net *"_ivl_111", 0 0, L_00000240752d5960;  1 drivers
v0000024075271910_0 .net *"_ivl_112", 0 0, L_00000240752d24b0;  1 drivers
v0000024075271cd0_0 .net *"_ivl_115", 0 0, L_00000240752d4920;  1 drivers
v00000240752719b0_0 .net *"_ivl_116", 0 0, L_00000240752d2830;  1 drivers
v000002407526fed0_0 .net *"_ivl_119", 0 0, L_00000240752d5280;  1 drivers
v0000024075270a10_0 .net *"_ivl_12", 0 0, L_00000240752d2ad0;  1 drivers
v00000240752703d0_0 .net *"_ivl_120", 0 0, L_00000240752d30f0;  1 drivers
v000002407526ff70_0 .net *"_ivl_123", 0 0, L_00000240752d6180;  1 drivers
v0000024075270790_0 .net *"_ivl_124", 0 0, L_00000240752d2520;  1 drivers
v0000024075270510_0 .net *"_ivl_127", 0 0, L_00000240752d5b40;  1 drivers
v00000240752705b0_0 .net *"_ivl_15", 0 0, L_00000240752d0500;  1 drivers
v0000024075271a50_0 .net *"_ivl_16", 0 0, L_00000240752d2fa0;  1 drivers
v0000024075270b50_0 .net *"_ivl_19", 0 0, L_00000240752d05a0;  1 drivers
v0000024075270c90_0 .net *"_ivl_20", 0 0, L_00000240752d2de0;  1 drivers
v0000024075270dd0_0 .net *"_ivl_23", 0 0, L_00000240752d06e0;  1 drivers
v0000024075270f10_0 .net *"_ivl_24", 0 0, L_00000240752d2600;  1 drivers
v00000240752710f0_0 .net *"_ivl_27", 0 0, L_00000240752d0960;  1 drivers
v0000024075270fb0_0 .net *"_ivl_28", 0 0, L_00000240752d2590;  1 drivers
v0000024075271190_0 .net *"_ivl_3", 0 0, L_00000240752d0280;  1 drivers
v0000024075270010_0 .net *"_ivl_31", 0 0, L_00000240752d0a00;  1 drivers
v00000240752d0e60_0 .net *"_ivl_32", 0 0, L_00000240752d29f0;  1 drivers
v00000240752cfec0_0 .net *"_ivl_35", 0 0, L_00000240752d0b40;  1 drivers
v00000240752d0780_0 .net *"_ivl_36", 0 0, L_00000240752d2750;  1 drivers
v00000240752d14a0_0 .net *"_ivl_39", 0 0, L_00000240752d0be0;  1 drivers
v00000240752d0c80_0 .net *"_ivl_4", 0 0, L_000002407526f0b0;  1 drivers
v00000240752d17c0_0 .net *"_ivl_40", 0 0, L_00000240752d3080;  1 drivers
v00000240752cfc40_0 .net *"_ivl_43", 0 0, L_00000240752d4ba0;  1 drivers
v00000240752d0d20_0 .net *"_ivl_44", 0 0, L_00000240752d3240;  1 drivers
v00000240752d1360_0 .net *"_ivl_47", 0 0, L_00000240752d58c0;  1 drivers
v00000240752cfa60_0 .net *"_ivl_48", 0 0, L_00000240752d2670;  1 drivers
v00000240752d1220_0 .net *"_ivl_51", 0 0, L_00000240752d5f00;  1 drivers
v00000240752cff60_0 .net *"_ivl_52", 0 0, L_00000240752d3160;  1 drivers
v00000240752d0460_0 .net *"_ivl_55", 0 0, L_00000240752d4d80;  1 drivers
v00000240752d08c0_0 .net *"_ivl_56", 0 0, L_00000240752d2b40;  1 drivers
v00000240752d0640_0 .net *"_ivl_59", 0 0, L_00000240752d4560;  1 drivers
v00000240752d1400_0 .net *"_ivl_60", 0 0, L_00000240752d23d0;  1 drivers
v00000240752cfb00_0 .net *"_ivl_63", 0 0, L_00000240752d55a0;  1 drivers
v00000240752d0dc0_0 .net *"_ivl_64", 0 0, L_00000240752d2e50;  1 drivers
v00000240752cf920_0 .net *"_ivl_67", 0 0, L_00000240752d5320;  1 drivers
v00000240752d0f00_0 .net *"_ivl_68", 0 0, L_00000240752d26e0;  1 drivers
v00000240752cfe20_0 .net *"_ivl_7", 0 0, L_00000240752d0320;  1 drivers
v00000240752d0aa0_0 .net *"_ivl_71", 0 0, L_00000240752d5dc0;  1 drivers
v00000240752cfba0_0 .net *"_ivl_72", 0 0, L_00000240752d2440;  1 drivers
v00000240752d1540_0 .net *"_ivl_75", 0 0, L_00000240752d5fa0;  1 drivers
v00000240752cfce0_0 .net *"_ivl_76", 0 0, L_00000240752d28a0;  1 drivers
v00000240752d0fa0_0 .net *"_ivl_79", 0 0, L_00000240752d47e0;  1 drivers
v00000240752d0820_0 .net *"_ivl_8", 0 0, L_00000240752d2a60;  1 drivers
v00000240752d1040_0 .net *"_ivl_80", 0 0, L_00000240752d27c0;  1 drivers
v00000240752d10e0_0 .net *"_ivl_83", 0 0, L_00000240752d6040;  1 drivers
v00000240752d15e0_0 .net *"_ivl_84", 0 0, L_00000240752d3010;  1 drivers
v00000240752cf9c0_0 .net *"_ivl_87", 0 0, L_00000240752d5820;  1 drivers
v00000240752d1680_0 .net *"_ivl_88", 0 0, L_00000240752d2980;  1 drivers
v00000240752d1180_0 .net *"_ivl_91", 0 0, L_00000240752d56e0;  1 drivers
v00000240752d12c0_0 .net *"_ivl_92", 0 0, L_00000240752d2d70;  1 drivers
v00000240752d1720_0 .net *"_ivl_95", 0 0, L_00000240752d5780;  1 drivers
v00000240752cfd80_0 .net *"_ivl_96", 0 0, L_00000240752d2360;  1 drivers
v00000240752d0000_0 .net *"_ivl_99", 0 0, L_00000240752d4380;  1 drivers
v00000240752d00a0_0 .net "converted_out", 0 0, L_00000240752d2c20;  1 drivers
o000002407527a428 .functor BUFZ 32, C4<zzzzzzzzzzzzzzzzzzzzzzzzzzzzzzzz>; HiZ drive
v00000240752d0140_0 .net "port_in", 31 0, o000002407527a428;  0 drivers
L_00000240752d01e0 .part o000002407527a428, 0, 1;
L_00000240752d0280 .part o000002407527a428, 1, 1;
L_00000240752d0320 .part o000002407527a428, 2, 1;
L_00000240752d03c0 .part o000002407527a428, 3, 1;
L_00000240752d0500 .part o000002407527a428, 4, 1;
L_00000240752d05a0 .part o000002407527a428, 5, 1;
L_00000240752d06e0 .part o000002407527a428, 6, 1;
L_00000240752d0960 .part o000002407527a428, 7, 1;
L_00000240752d0a00 .part o000002407527a428, 8, 1;
L_00000240752d0b40 .part o000002407527a428, 9, 1;
L_00000240752d0be0 .part o000002407527a428, 10, 1;
L_00000240752d4ba0 .part o000002407527a428, 11, 1;
L_00000240752d58c0 .part o000002407527a428, 12, 1;
L_00000240752d5f00 .part o000002407527a428, 13, 1;
L_00000240752d4d80 .part o000002407527a428, 14, 1;
L_00000240752d4560 .part o000002407527a428, 15, 1;
L_00000240752d55a0 .part o000002407527a428, 16, 1;
L_00000240752d5320 .part o000002407527a428, 17, 1;
L_00000240752d5dc0 .part o000002407527a428, 18, 1;
L_00000240752d5fa0 .part o000002407527a428, 19, 1;
L_00000240752d47e0 .part o000002407527a428, 20, 1;
L_00000240752d6040 .part o000002407527a428, 21, 1;
L_00000240752d5820 .part o000002407527a428, 22, 1;
L_00000240752d56e0 .part o000002407527a428, 23, 1;
L_00000240752d5780 .part o000002407527a428, 24, 1;
L_00000240752d4380 .part o000002407527a428, 24, 1;
L_00000240752d5e60 .part o000002407527a428, 25, 1;
L_00000240752d60e0 .part o000002407527a428, 26, 1;
L_00000240752d5960 .part o000002407527a428, 27, 1;
L_00000240752d4920 .part o000002407527a428, 28, 1;
L_00000240752d5280 .part o000002407527a428, 29, 1;
L_00000240752d6180 .part o000002407527a428, 30, 1;
L_00000240752d5b40 .part o000002407527a428, 31, 1;
# The file index is used to find the file name in the following table.
:file_names 3;
    "N/A";
    "<interactive>";
    "7to1_convertor.v";
