#! /c/Source/iverilog-install/bin/vvp
:ivl_version "12.0 (devel)" "(s20150603-1539-g2693dd32b)";
:ivl_delay_selection "TYPICAL";
:vpi_time_precision + 0;
:vpi_module "F:\iverilog\lib\ivl\system.vpi";
:vpi_module "F:\iverilog\lib\ivl\vhdl_sys.vpi";
:vpi_module "F:\iverilog\lib\ivl\vhdl_textio.vpi";
:vpi_module "F:\iverilog\lib\ivl\v2005_math.vpi";
:vpi_module "F:\iverilog\lib\ivl\va_math.vpi";
S_0000021c11295450 .scope module, "to1_convertor_TB" "to1_convertor_TB" 2 3;
 .timescale 0 0;
v0000021c112da010_0 .net "converted_out", 0 0, L_0000021c112daf30;  1 drivers
v0000021c112da290_0 .var "port_in", 6 0;
S_0000021c112955e0 .scope module, "to1_convertor_instance" "to1_convertor" 2 8, 3 1 0, S_0000021c11295450;
 .timescale 0 0;
    .port_info 0 /INPUT 7 "port_in";
    .port_info 1 /OUTPUT 1 "converted_out";
L_0000021c1104ab60 .functor OR 1, L_0000021c112d99d0, L_0000021c112d9cf0, C4<0>, C4<0>;
L_0000021c11295770 .functor OR 1, L_0000021c1104ab60, L_0000021c112d9ed0, C4<0>, C4<0>;
L_0000021c112957e0 .functor OR 1, L_0000021c11295770, L_0000021c112d9890, C4<0>, C4<0>;
L_0000021c11295850 .functor OR 1, L_0000021c112957e0, L_0000021c112d9f70, C4<0>, C4<0>;
L_0000021c112dad70 .functor OR 1, L_0000021c11295850, L_0000021c112da0b0, C4<0>, C4<0>;
L_0000021c112daf30 .functor OR 1, L_0000021c112dad70, L_0000021c112da510, C4<0>, C4<0>;
v0000021c11263770_0 .net *"_ivl_1", 0 0, L_0000021c112d99d0;  1 drivers
v0000021c11263530_0 .net *"_ivl_11", 0 0, L_0000021c112d9890;  1 drivers
v0000021c1104ac80_0 .net *"_ivl_12", 0 0, L_0000021c112957e0;  1 drivers
v0000021c1104ad20_0 .net *"_ivl_15", 0 0, L_0000021c112d9f70;  1 drivers
v0000021c112d9c50_0 .net *"_ivl_16", 0 0, L_0000021c11295850;  1 drivers
v0000021c112d9a70_0 .net *"_ivl_19", 0 0, L_0000021c112da0b0;  1 drivers
v0000021c112d9b10_0 .net *"_ivl_20", 0 0, L_0000021c112dad70;  1 drivers
v0000021c112da790_0 .net *"_ivl_23", 0 0, L_0000021c112da510;  1 drivers
v0000021c112d9bb0_0 .net *"_ivl_3", 0 0, L_0000021c112d9cf0;  1 drivers
v0000021c112d9d90_0 .net *"_ivl_4", 0 0, L_0000021c1104ab60;  1 drivers
v0000021c112d9930_0 .net *"_ivl_7", 0 0, L_0000021c112d9ed0;  1 drivers
v0000021c112da470_0 .net *"_ivl_8", 0 0, L_0000021c11295770;  1 drivers
v0000021c112d9e30_0 .net "converted_out", 0 0, L_0000021c112daf30;  alias, 1 drivers
v0000021c112da1f0_0 .net "port_in", 6 0, v0000021c112da290_0;  1 drivers
L_0000021c112d99d0 .part v0000021c112da290_0, 0, 1;
L_0000021c112d9cf0 .part v0000021c112da290_0, 1, 1;
L_0000021c112d9ed0 .part v0000021c112da290_0, 2, 1;
L_0000021c112d9890 .part v0000021c112da290_0, 3, 1;
L_0000021c112d9f70 .part v0000021c112da290_0, 4, 1;
L_0000021c112da0b0 .part v0000021c112da290_0, 5, 1;
L_0000021c112da510 .part v0000021c112da290_0, 6, 1;
    .scope S_0000021c11295450;
T_0 ;
    %vpi_call 2 11 "$dumpfile", "to1_convertorTB.vcd" {0 0 0};
    %vpi_call 2 12 "$dumpvars", 32'sb00000000000000000000000000000000, S_0000021c11295450 {0 0 0};
    %delay 10, 0;
    %pushi/vec4 70, 0, 7;
    %store/vec4 v0000021c112da290_0, 0, 7;
    %delay 10, 0;
    %pushi/vec4 102, 0, 7;
    %store/vec4 v0000021c112da290_0, 0, 7;
    %delay 10, 0;
    %pushi/vec4 0, 0, 7;
    %store/vec4 v0000021c112da290_0, 0, 7;
    %delay 10, 0;
    %end;
    .thread T_0;
# The file index is used to find the file name in the following table.
:file_names 4;
    "N/A";
    "<interactive>";
    "7to1_convertor_TB.v";
    "./7to1_convertor.v";
