#! /c/Source/iverilog-install/bin/vvp
:ivl_version "12.0 (devel)" "(s20150603-1539-g2693dd32b)";
:ivl_delay_selection "TYPICAL";
:vpi_time_precision + 0;
:vpi_module "F:\iverilog\lib\ivl\system.vpi";
:vpi_module "F:\iverilog\lib\ivl\vhdl_sys.vpi";
:vpi_module "F:\iverilog\lib\ivl\vhdl_textio.vpi";
:vpi_module "F:\iverilog\lib\ivl\v2005_math.vpi";
:vpi_module "F:\iverilog\lib\ivl\va_math.vpi";
S_0000021bb6b97bc0 .scope module, "add_TB" "add_TB" 2 3;
 .timescale 0 0;
v0000021bb6bf1660_0 .var "operand_1", 31 0;
v0000021bb6bf1200_0 .var "operand_2", 31 0;
v0000021bb6bf0f80_0 .net "result", 31 0, v0000021bb6bf0990_0;  1 drivers
S_0000021bb6b97d50 .scope module, "fullAdder_instance" "add" 2 8, 3 1 0, S_0000021bb6b97bc0;
 .timescale 0 0;
    .port_info 0 /INPUT 32 "src1";
    .port_info 1 /INPUT 32 "src2";
    .port_info 2 /OUTPUT 32 "out";
v0000021bb6b534f0_0 .var "exponent_1", 7 0;
v0000021bb6b53120_0 .var "exponent_2", 7 0;
v0000021bb6b7bb00_0 .var "exponent_Ans", 7 0;
v0000021bb6b97ee0_0 .var "fraction_1", 66 0;
v0000021bb6b97f80_0 .var "fraction_2", 66 0;
v0000021bb6bf0850_0 .var "fraction_Ans", 66 0;
v0000021bb6bf08f0_0 .var "guard_bit", 0 0;
v0000021bb6bf0990_0 .var "out", 31 0;
v0000021bb6bf0a30_0 .var "round_bit", 0 0;
v0000021bb6bf0ad0_0 .var "sign_1", 0 0;
v0000021bb6bf0b70_0 .var "sign_2", 0 0;
v0000021bb6bf0c10_0 .var "sign_Ans", 0 0;
v0000021bb6bf0cb0_0 .net "src1", 31 0, v0000021bb6bf1660_0;  1 drivers
v0000021bb6bf0d50_0 .net "src2", 31 0, v0000021bb6bf1200_0;  1 drivers
v0000021bb6bf0df0_0 .var "sticky_bit", 0 0;
v0000021bb6bf0e90_0 .var "sum", 66 0;
E_0000021bb6b79d90/0 .event anyedge, v0000021bb6bf0cb0_0, v0000021bb6bf0d50_0, v0000021bb6b534f0_0, v0000021bb6b53120_0;
E_0000021bb6b79d90/1 .event anyedge, v0000021bb6b97ee0_0, v0000021bb6bf0b70_0, v0000021bb6b97f80_0, v0000021bb6bf0ad0_0;
E_0000021bb6b79d90/2 .event anyedge, v0000021bb6bf0850_0, v0000021bb6b7bb00_0, v0000021bb6bf08f0_0, v0000021bb6bf0a30_0;
E_0000021bb6b79d90/3 .event anyedge, v0000021bb6bf0df0_0, v0000021bb6bf0c10_0;
E_0000021bb6b79d90 .event/or E_0000021bb6b79d90/0, E_0000021bb6b79d90/1, E_0000021bb6b79d90/2, E_0000021bb6b79d90/3;
    .scope S_0000021bb6b97d50;
T_0 ;
    %wait E_0000021bb6b79d90;
    %pushi/vec4 0, 0, 2;
    %load/vec4 v0000021bb6bf0cb0_0;
    %parti/s 23, 0, 2;
    %concat/vec4; draw_concat_vec4
    %concati/vec4 0, 0, 42;
    %store/vec4 v0000021bb6b97ee0_0, 0, 67;
    %pushi/vec4 0, 0, 2;
    %load/vec4 v0000021bb6bf0d50_0;
    %parti/s 23, 0, 2;
    %concat/vec4; draw_concat_vec4
    %concati/vec4 0, 0, 42;
    %store/vec4 v0000021bb6b97f80_0, 0, 67;
    %load/vec4 v0000021bb6bf0cb0_0;
    %parti/s 8, 23, 6;
    %store/vec4 v0000021bb6b534f0_0, 0, 8;
    %load/vec4 v0000021bb6bf0d50_0;
    %parti/s 8, 23, 6;
    %store/vec4 v0000021bb6b53120_0, 0, 8;
    %load/vec4 v0000021bb6bf0cb0_0;
    %parti/s 1, 31, 6;
    %store/vec4 v0000021bb6bf0ad0_0, 0, 1;
    %load/vec4 v0000021bb6bf0d50_0;
    %parti/s 1, 31, 6;
    %store/vec4 v0000021bb6bf0b70_0, 0, 1;
    %load/vec4 v0000021bb6b534f0_0;
    %pad/u 32;
    %cmpi/e 0, 0, 32;
    %jmp/0xz  T_0.0, 4;
    %pushi/vec4 1, 0, 8;
    %store/vec4 v0000021bb6b534f0_0, 0, 8;
    %pushi/vec4 0, 0, 1;
    %ix/load 4, 65, 0;
    %flag_set/imm 4, 0;
    %store/vec4 v0000021bb6b97ee0_0, 4, 1;
    %jmp T_0.1;
T_0.0 ;
    %pushi/vec4 1, 0, 1;
    %ix/load 4, 65, 0;
    %flag_set/imm 4, 0;
    %store/vec4 v0000021bb6b97ee0_0, 4, 1;
T_0.1 ;
    %load/vec4 v0000021bb6b53120_0;
    %pad/u 32;
    %cmpi/e 0, 0, 32;
    %jmp/0xz  T_0.2, 4;
    %pushi/vec4 1, 0, 8;
    %store/vec4 v0000021bb6b53120_0, 0, 8;
    %pushi/vec4 0, 0, 1;
    %ix/load 4, 65, 0;
    %flag_set/imm 4, 0;
    %store/vec4 v0000021bb6b97f80_0, 4, 1;
    %jmp T_0.3;
T_0.2 ;
    %pushi/vec4 1, 0, 1;
    %ix/load 4, 65, 0;
    %flag_set/imm 4, 0;
    %store/vec4 v0000021bb6b97f80_0, 4, 1;
T_0.3 ;
    %load/vec4 v0000021bb6b534f0_0;
    %pad/u 32;
    %cmpi/e 0, 0, 32;
    %flag_get/vec4 4;
    %jmp/0 T_0.6, 4;
    %load/vec4 v0000021bb6b97ee0_0;
    %pushi/vec4 0, 0, 67;
    %cmp/e;
    %flag_get/vec4 4;
    %and;
T_0.6;
    %flag_set/vec4 8;
    %jmp/0xz  T_0.4, 8;
    %load/vec4 v0000021bb6bf0b70_0;
    %store/vec4 v0000021bb6bf0c10_0, 0, 1;
    %load/vec4 v0000021bb6b53120_0;
    %store/vec4 v0000021bb6b7bb00_0, 0, 8;
    %load/vec4 v0000021bb6b97f80_0;
    %store/vec4 v0000021bb6bf0850_0, 0, 67;
    %jmp T_0.5;
T_0.4 ;
    %load/vec4 v0000021bb6b53120_0;
    %pad/u 32;
    %cmpi/e 0, 0, 32;
    %flag_get/vec4 4;
    %jmp/0 T_0.9, 4;
    %load/vec4 v0000021bb6b97f80_0;
    %pushi/vec4 0, 0, 67;
    %cmp/e;
    %flag_get/vec4 4;
    %and;
T_0.9;
    %flag_set/vec4 8;
    %jmp/0xz  T_0.7, 8;
    %load/vec4 v0000021bb6bf0ad0_0;
    %store/vec4 v0000021bb6bf0c10_0, 0, 1;
    %load/vec4 v0000021bb6b534f0_0;
    %store/vec4 v0000021bb6b7bb00_0, 0, 8;
    %load/vec4 v0000021bb6b97ee0_0;
    %store/vec4 v0000021bb6bf0850_0, 0, 67;
T_0.7 ;
T_0.5 ;
    %load/vec4 v0000021bb6b53120_0;
    %load/vec4 v0000021bb6b534f0_0;
    %cmp/u;
    %jmp/0xz  T_0.10, 5;
    %load/vec4 v0000021bb6b97f80_0;
    %load/vec4 v0000021bb6b534f0_0;
    %load/vec4 v0000021bb6b53120_0;
    %sub;
    %ix/vec4 4;
    %shiftr 4;
    %store/vec4 v0000021bb6b97f80_0, 0, 67;
    %load/vec4 v0000021bb6b534f0_0;
    %store/vec4 v0000021bb6b7bb00_0, 0, 8;
    %jmp T_0.11;
T_0.10 ;
    %load/vec4 v0000021bb6b534f0_0;
    %load/vec4 v0000021bb6b53120_0;
    %cmp/u;
    %jmp/0xz  T_0.12, 5;
    %load/vec4 v0000021bb6b97ee0_0;
    %load/vec4 v0000021bb6b53120_0;
    %load/vec4 v0000021bb6b534f0_0;
    %sub;
    %ix/vec4 4;
    %shiftr 4;
    %store/vec4 v0000021bb6b97ee0_0, 0, 67;
    %load/vec4 v0000021bb6b53120_0;
    %store/vec4 v0000021bb6b7bb00_0, 0, 8;
    %jmp T_0.13;
T_0.12 ;
    %load/vec4 v0000021bb6b534f0_0;
    %store/vec4 v0000021bb6b7bb00_0, 0, 8;
T_0.13 ;
T_0.11 ;
    %load/vec4 v0000021bb6bf0ad0_0;
    %load/vec4 v0000021bb6bf0b70_0;
    %cmp/e;
    %jmp/0xz  T_0.14, 4;
    %load/vec4 v0000021bb6b97ee0_0;
    %load/vec4 v0000021bb6b97f80_0;
    %add;
    %store/vec4 v0000021bb6bf0850_0, 0, 67;
    %load/vec4 v0000021bb6bf0ad0_0;
    %store/vec4 v0000021bb6bf0c10_0, 0, 1;
    %jmp T_0.15;
T_0.14 ;
    %load/vec4 v0000021bb6b97f80_0;
    %load/vec4 v0000021bb6b97ee0_0;
    %cmp/u;
    %flag_or 5, 4;
    %jmp/0xz  T_0.16, 5;
    %load/vec4 v0000021bb6b97ee0_0;
    %load/vec4 v0000021bb6b97f80_0;
    %sub;
    %store/vec4 v0000021bb6bf0850_0, 0, 67;
    %load/vec4 v0000021bb6bf0ad0_0;
    %store/vec4 v0000021bb6bf0c10_0, 0, 1;
    %jmp T_0.17;
T_0.16 ;
    %load/vec4 v0000021bb6b97f80_0;
    %load/vec4 v0000021bb6b97ee0_0;
    %sub;
    %store/vec4 v0000021bb6bf0850_0, 0, 67;
    %load/vec4 v0000021bb6bf0b70_0;
    %store/vec4 v0000021bb6bf0c10_0, 0, 1;
T_0.17 ;
T_0.15 ;
    %load/vec4 v0000021bb6bf0850_0;
    %store/vec4 v0000021bb6bf0e90_0, 0, 67;
    %load/vec4 v0000021bb6bf0850_0;
    %parti/s 1, 66, 8;
    %flag_set/vec4 8;
    %jmp/0xz  T_0.18, 8;
    %load/vec4 v0000021bb6bf0850_0;
    %ix/load 4, 1, 0;
    %flag_set/imm 4, 0;
    %shiftr 4;
    %store/vec4 v0000021bb6bf0850_0, 0, 67;
    %load/vec4 v0000021bb6b7bb00_0;
    %addi 1, 0, 8;
    %store/vec4 v0000021bb6b7bb00_0, 0, 8;
T_0.18 ;
    %load/vec4 v0000021bb6bf0850_0;
    %parti/s 1, 66, 8;
    %flag_set/vec4 8;
    %jmp/0xz  T_0.20, 8;
    %load/vec4 v0000021bb6bf0850_0;
    %ix/load 4, 1, 0;
    %flag_set/imm 4, 0;
    %shiftr 4;
    %store/vec4 v0000021bb6bf0850_0, 0, 67;
    %load/vec4 v0000021bb6b7bb00_0;
    %addi 1, 0, 8;
    %store/vec4 v0000021bb6b7bb00_0, 0, 8;
T_0.20 ;
    %load/vec4 v0000021bb6bf0850_0;
    %parti/s 1, 65, 8;
    %flag_set/vec4 8;
    %jmp/0xz  T_0.22, 8;
    %jmp T_0.23;
T_0.22 ;
    %load/vec4 v0000021bb6bf0850_0;
    %parti/s 1, 65, 8;
    %pad/u 32;
    %cmpi/e 0, 0, 32;
    %jmp/0xz  T_0.24, 4;
T_0.26 ;
    %load/vec4 v0000021bb6bf0850_0;
    %parti/s 1, 65, 8;
    %pad/u 32;
    %cmpi/e 0, 0, 32;
    %flag_get/vec4 4;
    %jmp/0 T_0.28, 4;
    %pushi/vec4 0, 0, 32;
    %load/vec4 v0000021bb6bf0850_0;
    %parti/s 23, 42, 7;
    %pad/u 32;
    %cmp/u;
    %flag_get/vec4 5;
    %and;
T_0.28;
    %flag_set/vec4 8;
    %jmp/0xz T_0.27, 8;
    %load/vec4 v0000021bb6bf0850_0;
    %ix/load 4, 1, 0;
    %flag_set/imm 4, 0;
    %shiftl 4;
    %store/vec4 v0000021bb6bf0850_0, 0, 67;
    %load/vec4 v0000021bb6b7bb00_0;
    %subi 1, 0, 8;
    %store/vec4 v0000021bb6b7bb00_0, 0, 8;
    %jmp T_0.26;
T_0.27 ;
T_0.24 ;
T_0.23 ;
    %load/vec4 v0000021bb6bf0850_0;
    %parti/s 1, 41, 7;
    %store/vec4 v0000021bb6bf08f0_0, 0, 1;
    %load/vec4 v0000021bb6bf0850_0;
    %parti/s 1, 40, 7;
    %store/vec4 v0000021bb6bf0a30_0, 0, 1;
    %load/vec4 v0000021bb6bf0850_0;
    %parti/s 40, 0, 2;
    %cmpi/u 0, 0, 40;
    %flag_or 5, 4; GT is !LE
    %flag_inv 5;
    %jmp/0xz  T_0.29, 5;
    %pushi/vec4 1, 0, 1;
    %store/vec4 v0000021bb6bf0df0_0, 0, 1;
    %jmp T_0.30;
T_0.29 ;
    %pushi/vec4 0, 0, 1;
    %store/vec4 v0000021bb6bf0df0_0, 0, 1;
T_0.30 ;
    %load/vec4 v0000021bb6bf08f0_0;
    %flag_set/vec4 9;
    %flag_get/vec4 9;
    %jmp/0 T_0.33, 9;
    %load/vec4 v0000021bb6bf0850_0;
    %parti/s 1, 42, 7;
    %load/vec4 v0000021bb6bf0a30_0;
    %or;
    %load/vec4 v0000021bb6bf0df0_0;
    %or;
    %and;
T_0.33;
    %flag_set/vec4 8;
    %jmp/0xz  T_0.31, 8;
    %load/vec4 v0000021bb6bf0850_0;
    %pushi/vec4 2147483648, 0, 56;
    %concati/vec4 0, 0, 11;
    %add;
    %store/vec4 v0000021bb6bf0850_0, 0, 67;
T_0.31 ;
    %load/vec4 v0000021bb6bf0850_0;
    %parti/s 23, 42, 7;
    %ix/load 4, 0, 0;
    %flag_set/imm 4, 0;
    %store/vec4 v0000021bb6bf0990_0, 4, 23;
    %load/vec4 v0000021bb6b7bb00_0;
    %ix/load 4, 23, 0;
    %flag_set/imm 4, 0;
    %store/vec4 v0000021bb6bf0990_0, 4, 8;
    %load/vec4 v0000021bb6bf0c10_0;
    %ix/load 4, 31, 0;
    %flag_set/imm 4, 0;
    %store/vec4 v0000021bb6bf0990_0, 4, 1;
    %load/vec4 v0000021bb6bf0850_0;
    %cmpi/e 0, 0, 67;
    %jmp/0xz  T_0.34, 4;
    %pushi/vec4 0, 0, 32;
    %store/vec4 v0000021bb6bf0990_0, 0, 32;
T_0.34 ;
    %load/vec4 v0000021bb6b7bb00_0;
    %cmpi/e 255, 0, 8;
    %jmp/0xz  T_0.36, 4;
    %pushi/vec4 0, 0, 67;
    %store/vec4 v0000021bb6bf0850_0, 0, 67;
T_0.36 ;
    %load/vec4 v0000021bb6bf0850_0;
    %parti/s 23, 42, 7;
    %ix/load 4, 0, 0;
    %flag_set/imm 4, 0;
    %store/vec4 v0000021bb6bf0990_0, 4, 23;
    %jmp T_0;
    .thread T_0, $push;
    .scope S_0000021bb6b97bc0;
T_1 ;
    %vpi_call 2 11 "$dumpfile", "addTB.vcd" {0 0 0};
    %vpi_call 2 12 "$dumpvars", 32'sb00000000000000000000000000000000, S_0000021bb6b97bc0 {0 0 0};
    %delay 10, 0;
    %pushi/vec4 268435472, 0, 32;
    %store/vec4 v0000021bb6bf1660_0, 0, 32;
    %pushi/vec4 2, 0, 32;
    %store/vec4 v0000021bb6bf1200_0, 0, 32;
    %delay 10, 0;
    %pushi/vec4 268435472, 0, 32;
    %store/vec4 v0000021bb6bf1660_0, 0, 32;
    %pushi/vec4 268435458, 0, 32;
    %store/vec4 v0000021bb6bf1200_0, 0, 32;
    %delay 10, 0;
    %pushi/vec4 16, 0, 32;
    %store/vec4 v0000021bb6bf1660_0, 0, 32;
    %pushi/vec4 2, 0, 32;
    %store/vec4 v0000021bb6bf1200_0, 0, 32;
    %delay 10, 0;
    %end;
    .thread T_1;
# The file index is used to find the file name in the following table.
:file_names 4;
    "N/A";
    "<interactive>";
    "adder_TB.v";
    "./adder.v";
