#! /c/Source/iverilog-install/bin/vvp
:ivl_version "12.0 (devel)" "(s20150603-1539-g2693dd32b)";
:ivl_delay_selection "TYPICAL";
:vpi_time_precision + 0;
:vpi_module "F:\iverilog\lib\ivl\system.vpi";
:vpi_module "F:\iverilog\lib\ivl\vhdl_sys.vpi";
:vpi_module "F:\iverilog\lib\ivl\vhdl_textio.vpi";
:vpi_module "F:\iverilog\lib\ivl\v2005_math.vpi";
:vpi_module "F:\iverilog\lib\ivl\va_math.vpi";
S_0000026556432e30 .scope module, "controller" "controller" 2 9;
 .timescale 0 0;
    .port_info 0 /INPUT 1 "start";
    .port_info 1 /INPUT 1 "clk";
    .port_info 2 /INPUT 1 "done";
    .port_info 3 /OUTPUT 1 "write_reg";
    .port_info 4 /OUTPUT 1 "init";
    .port_info 5 /OUTPUT 1 "rst";
    .port_info 6 /OUTPUT 32 "x1";
    .port_info 7 /OUTPUT 32 "x2";
    .port_info 8 /OUTPUT 32 "x3";
    .port_info 9 /OUTPUT 32 "x4";
o000002655646afa8 .functor BUFZ 1, C4<z>; HiZ drive
v0000026556433380_0 .net "clk", 0 0, o000002655646afa8;  0 drivers
o000002655646afd8 .functor BUFZ 1, C4<z>; HiZ drive
v0000026556433070_0 .net "done", 0 0, o000002655646afd8;  0 drivers
v0000026556433110_0 .var "init", 0 0;
v0000026556463e60_0 .var "ns", 2 0;
v0000026556463f00_0 .var "ps", 2 0;
v0000026556463fa0_0 .var "rst", 0 0;
o000002655646b0c8 .functor BUFZ 1, C4<z>; HiZ drive
v0000026556464040_0 .net "start", 0 0, o000002655646b0c8;  0 drivers
v00000265564640e0_0 .var "write_reg", 0 0;
v0000026556464180_0 .var "x1", 31 0;
v0000026556464220_0 .var "x2", 31 0;
v00000265564642c0_0 .var "x3", 31 0;
v0000026556464360_0 .var "x4", 31 0;
E_0000026556464a40 .event anyedge, v0000026556463f00_0;
E_0000026556464f80 .event anyedge, v0000026556463f00_0, v0000026556433380_0;
E_0000026556464b40 .event posedge, v0000026556433380_0;
    .scope S_0000026556432e30;
T_0 ;
    %wait E_0000026556464b40;
    %load/vec4 v0000026556463fa0_0;
    %pad/u 32;
    %cmpi/e 1, 0, 32;
    %jmp/0xz  T_0.0, 4;
    %pushi/vec4 0, 0, 3;
    %assign/vec4 v0000026556463f00_0, 0;
    %jmp T_0.1;
T_0.0 ;
    %load/vec4 v0000026556463e60_0;
    %assign/vec4 v0000026556463f00_0, 0;
T_0.1 ;
    %jmp T_0;
    .thread T_0;
    .scope S_0000026556432e30;
T_1 ;
    %wait E_0000026556464f80;
    %load/vec4 v0000026556463f00_0;
    %dup/vec4;
    %pushi/vec4 0, 0, 3;
    %cmp/u;
    %jmp/1 T_1.0, 6;
    %dup/vec4;
    %pushi/vec4 1, 0, 3;
    %cmp/u;
    %jmp/1 T_1.1, 6;
    %dup/vec4;
    %pushi/vec4 2, 0, 3;
    %cmp/u;
    %jmp/1 T_1.2, 6;
    %dup/vec4;
    %pushi/vec4 3, 0, 3;
    %cmp/u;
    %jmp/1 T_1.3, 6;
    %dup/vec4;
    %pushi/vec4 4, 0, 3;
    %cmp/u;
    %jmp/1 T_1.4, 6;
    %dup/vec4;
    %pushi/vec4 4, 0, 3;
    %cmp/u;
    %jmp/1 T_1.5, 6;
    %dup/vec4;
    %pushi/vec4 5, 0, 3;
    %cmp/u;
    %jmp/1 T_1.6, 6;
    %pushi/vec4 1, 0, 3;
    %store/vec4 v0000026556463e60_0, 0, 3;
    %jmp T_1.8;
T_1.0 ;
    %load/vec4 v0000026556464040_0;
    %flag_set/vec4 8;
    %jmp/0 T_1.9, 8;
    %pushi/vec4 1, 0, 3;
    %jmp/1 T_1.10, 8;
T_1.9 ; End of true expr.
    %pushi/vec4 0, 0, 3;
    %jmp/0 T_1.10, 8;
 ; End of false expr.
    %blend;
T_1.10;
    %store/vec4 v0000026556463e60_0, 0, 3;
    %jmp T_1.8;
T_1.1 ;
    %load/vec4 v0000026556464040_0;
    %inv;
    %flag_set/vec4 8;
    %jmp/0 T_1.11, 8;
    %pushi/vec4 2, 0, 3;
    %jmp/1 T_1.12, 8;
T_1.11 ; End of true expr.
    %pushi/vec4 1, 0, 3;
    %jmp/0 T_1.12, 8;
 ; End of false expr.
    %blend;
T_1.12;
    %store/vec4 v0000026556463e60_0, 0, 3;
    %pushi/vec4 1, 0, 1;
    %store/vec4 v0000026556433110_0, 0, 1;
    %jmp T_1.8;
T_1.2 ;
    %pushi/vec4 3, 0, 3;
    %store/vec4 v0000026556463e60_0, 0, 3;
    %jmp T_1.8;
T_1.3 ;
    %pushi/vec4 4, 0, 3;
    %store/vec4 v0000026556463e60_0, 0, 3;
    %jmp T_1.8;
T_1.4 ;
    %pushi/vec4 6, 0, 3;
    %store/vec4 v0000026556463e60_0, 0, 3;
    %jmp T_1.8;
T_1.5 ;
    %pushi/vec4 5, 0, 3;
    %store/vec4 v0000026556463e60_0, 0, 3;
    %jmp T_1.8;
T_1.6 ;
    %pushi/vec4 1, 0, 1;
    %store/vec4 v00000265564640e0_0, 0, 1;
    %load/vec4 v0000026556433070_0;
    %flag_set/vec4 8;
    %jmp/0 T_1.13, 8;
    %pushi/vec4 0, 0, 3;
    %jmp/1 T_1.14, 8;
T_1.13 ; End of true expr.
    %pushi/vec4 2, 0, 3;
    %jmp/0 T_1.14, 8;
 ; End of false expr.
    %blend;
T_1.14;
    %store/vec4 v0000026556463e60_0, 0, 3;
    %jmp T_1.8;
T_1.8 ;
    %pop/vec4 1;
    %jmp T_1;
    .thread T_1, $push;
    .scope S_0000026556432e30;
T_2 ;
    %wait E_0000026556464a40;
    %load/vec4 v0000026556463f00_0;
    %dup/vec4;
    %pushi/vec4 0, 0, 3;
    %cmp/u;
    %jmp/1 T_2.0, 6;
    %dup/vec4;
    %pushi/vec4 1, 0, 3;
    %cmp/u;
    %jmp/1 T_2.1, 6;
    %dup/vec4;
    %pushi/vec4 5, 0, 3;
    %cmp/u;
    %jmp/1 T_2.2, 6;
    %jmp T_2.3;
T_2.0 ;
    %pushi/vec4 1, 0, 1;
    %store/vec4 v0000026556463fa0_0, 0, 1;
    %jmp T_2.3;
T_2.1 ;
    %pushi/vec4 1, 0, 1;
    %store/vec4 v0000026556433110_0, 0, 1;
    %pushi/vec4 1, 0, 32;
    %store/vec4 v0000026556464180_0, 0, 32;
    %pushi/vec4 1, 0, 32;
    %store/vec4 v0000026556464220_0, 0, 32;
    %pushi/vec4 1, 0, 32;
    %store/vec4 v00000265564642c0_0, 0, 32;
    %pushi/vec4 1, 0, 32;
    %store/vec4 v0000026556464360_0, 0, 32;
    %jmp T_2.3;
T_2.2 ;
    %pushi/vec4 1, 0, 32;
    %store/vec4 v0000026556464180_0, 0, 32;
    %pushi/vec4 1, 0, 32;
    %store/vec4 v0000026556464220_0, 0, 32;
    %pushi/vec4 1, 0, 32;
    %store/vec4 v00000265564642c0_0, 0, 32;
    %pushi/vec4 1, 0, 32;
    %store/vec4 v0000026556464360_0, 0, 32;
    %jmp T_2.3;
T_2.3 ;
    %pop/vec4 1;
    %jmp T_2;
    .thread T_2, $push;
# The file index is used to find the file name in the following table.
:file_names 3;
    "N/A";
    "<interactive>";
    "controller.v";
