#! /c/Source/iverilog-install/bin/vvp
:ivl_version "12.0 (devel)" "(s20150603-1539-g2693dd32b)";
:ivl_delay_selection "TYPICAL";
:vpi_time_precision + 0;
:vpi_module "F:\iverilog\lib\ivl\system.vpi";
:vpi_module "F:\iverilog\lib\ivl\vhdl_sys.vpi";
:vpi_module "F:\iverilog\lib\ivl\vhdl_textio.vpi";
:vpi_module "F:\iverilog\lib\ivl\v2005_math.vpi";
:vpi_module "F:\iverilog\lib\ivl\va_math.vpi";
S_0000018849c22e30 .scope module, "datapath" "datapath" 2 1;
 .timescale 0 0;
    .port_info 0 /INPUT 32 "x1";
    .port_info 1 /INPUT 32 "x2";
    .port_info 2 /INPUT 32 "x3";
    .port_info 3 /INPUT 32 "x4";
    .port_info 4 /INPUT 1 "rst";
    .port_info 5 /INPUT 1 "clk";
    .port_info 6 /INPUT 1 "init";
    .port_info 7 /INPUT 1 "start";
    .port_info 8 /INPUT 1 "write_reg";
    .port_info 9 /OUTPUT 16 "max_index";
    .port_info 10 /OUTPUT 1 "done";
o0000018849c56fd8 .functor BUFZ 1, C4<z>; HiZ drive
v0000018849c234f0_0 .net "clk", 0 0, o0000018849c56fd8;  0 drivers
v0000018849c23080_0 .var "done", 0 0;
o0000018849c57038 .functor BUFZ 1, C4<z>; HiZ drive
v0000018849c23120_0 .net "init", 0 0, o0000018849c57038;  0 drivers
v0000018849aae3a0_0 .var "max_index", 15 0;
o0000018849c57098 .functor BUFZ 1, C4<z>; HiZ drive
v0000018849aae440_0 .net "rst", 0 0, o0000018849c57098;  0 drivers
o0000018849c570c8 .functor BUFZ 1, C4<z>; HiZ drive
v0000018849aae4e0_0 .net "start", 0 0, o0000018849c570c8;  0 drivers
o0000018849c570f8 .functor BUFZ 1, C4<z>; HiZ drive
v0000018849aae580_0 .net "write_reg", 0 0, o0000018849c570f8;  0 drivers
o0000018849c57128 .functor BUFZ 32, C4<zzzzzzzzzzzzzzzzzzzzzzzzzzzzzzzz>; HiZ drive
v0000018849aae620_0 .net "x1", 31 0, o0000018849c57128;  0 drivers
o0000018849c57158 .functor BUFZ 32, C4<zzzzzzzzzzzzzzzzzzzzzzzzzzzzzzzz>; HiZ drive
v0000018849aae6c0_0 .net "x2", 31 0, o0000018849c57158;  0 drivers
o0000018849c57188 .functor BUFZ 32, C4<zzzzzzzzzzzzzzzzzzzzzzzzzzzzzzzz>; HiZ drive
v0000018849aae7f0_0 .net "x3", 31 0, o0000018849c57188;  0 drivers
o0000018849c571b8 .functor BUFZ 32, C4<zzzzzzzzzzzzzzzzzzzzzzzzzzzzzzzz>; HiZ drive
v0000018849aae890_0 .net "x4", 31 0, o0000018849c571b8;  0 drivers
# The file index is used to find the file name in the following table.
:file_names 3;
    "N/A";
    "<interactive>";
    "datapath.v";
