#! /c/Source/iverilog-install/bin/vvp
:ivl_version "12.0 (devel)" "(s20150603-1539-g2693dd32b)";
:ivl_delay_selection "TYPICAL";
:vpi_time_precision + 0;
:vpi_module "F:\iverilog\lib\ivl\system.vpi";
:vpi_module "F:\iverilog\lib\ivl\vhdl_sys.vpi";
:vpi_module "F:\iverilog\lib\ivl\vhdl_textio.vpi";
:vpi_module "F:\iverilog\lib\ivl\v2005_math.vpi";
:vpi_module "F:\iverilog\lib\ivl\va_math.vpi";
S_0000027640b2b790 .scope module, "done_gen_TB" "done_gen_TB" 2 3;
 .timescale 0 0;
v0000027640b878e0_0 .net "done", 0 0, L_0000027640b88090;  1 drivers
v0000027640b87980_0 .var "port_1", 0 0;
v0000027640b87d40_0 .var "port_2", 0 0;
v0000027640b87a20_0 .var "port_3", 0 0;
v0000027640b87020_0 .var "port_4", 0 0;
S_000002764095ce30 .scope module, "done_gen_instance" "done_gen" 2 8, 3 1 0, S_0000027640b2b790;
 .timescale 0 0;
    .port_info 0 /INPUT 1 "port_1";
    .port_info 1 /INPUT 1 "port_2";
    .port_info 2 /INPUT 1 "port_3";
    .port_info 3 /INPUT 1 "port_4";
    .port_info 4 /OUTPUT 1 "done";
L_0000027640b29ba0 .functor NOT 1, v0000027640b87d40_0, C4<0>, C4<0>, C4<0>;
L_0000027640b29dd0 .functor AND 1, v0000027640b87980_0, L_0000027640b29ba0, C4<1>, C4<1>;
L_0000027640b29900 .functor NOT 1, v0000027640b87a20_0, C4<0>, C4<0>, C4<0>;
L_0000027640b29e40 .functor AND 1, L_0000027640b29dd0, L_0000027640b29900, C4<1>, C4<1>;
L_0000027640b29970 .functor NOT 1, v0000027640b87020_0, C4<0>, C4<0>, C4<0>;
L_0000027640b299e0 .functor AND 1, L_0000027640b29e40, L_0000027640b29970, C4<1>, C4<1>;
L_0000027640b29c10 .functor NOT 1, v0000027640b87980_0, C4<0>, C4<0>, C4<0>;
L_0000027640b29c80 .functor AND 1, L_0000027640b29c10, v0000027640b87d40_0, C4<1>, C4<1>;
L_0000027640b29eb0 .functor NOT 1, v0000027640b87a20_0, C4<0>, C4<0>, C4<0>;
L_0000027640b297b0 .functor AND 1, L_0000027640b29c80, L_0000027640b29eb0, C4<1>, C4<1>;
L_0000027640b885d0 .functor NOT 1, v0000027640b87020_0, C4<0>, C4<0>, C4<0>;
L_0000027640b88d40 .functor AND 1, L_0000027640b297b0, L_0000027640b885d0, C4<1>, C4<1>;
L_0000027640b88950 .functor NOT 1, v0000027640b87980_0, C4<0>, C4<0>, C4<0>;
L_0000027640b88f00 .functor NOT 1, v0000027640b87d40_0, C4<0>, C4<0>, C4<0>;
L_0000027640b88410 .functor AND 1, L_0000027640b88950, L_0000027640b88f00, C4<1>, C4<1>;
L_0000027640b889c0 .functor AND 1, L_0000027640b88410, v0000027640b87a20_0, C4<1>, C4<1>;
L_0000027640b881e0 .functor NOT 1, v0000027640b87020_0, C4<0>, C4<0>, C4<0>;
L_0000027640b88db0 .functor AND 1, L_0000027640b889c0, L_0000027640b881e0, C4<1>, C4<1>;
L_0000027640b886b0 .functor NOT 1, v0000027640b87980_0, C4<0>, C4<0>, C4<0>;
L_0000027640b88a30 .functor NOT 1, v0000027640b87d40_0, C4<0>, C4<0>, C4<0>;
L_0000027640b88640 .functor AND 1, L_0000027640b886b0, L_0000027640b88a30, C4<1>, C4<1>;
L_0000027640b88f70 .functor NOT 1, v0000027640b87a20_0, C4<0>, C4<0>, C4<0>;
L_0000027640b88e20 .functor AND 1, L_0000027640b88640, L_0000027640b88f70, C4<1>, C4<1>;
L_0000027640b88e90 .functor AND 1, L_0000027640b88e20, v0000027640b87020_0, C4<1>, C4<1>;
L_0000027640b88720 .functor OR 1, L_0000027640b299e0, L_0000027640b88d40, C4<0>, C4<0>;
L_0000027640b88aa0 .functor OR 1, L_0000027640b88720, L_0000027640b88db0, C4<0>, C4<0>;
L_0000027640b88090 .functor OR 1, L_0000027640b88aa0, L_0000027640b88e90, C4<0>, C4<0>;
v0000027640b29060_0 .net *"_ivl_0", 0 0, L_0000027640b29ba0;  1 drivers
v0000027640b29100_0 .net *"_ivl_12", 0 0, L_0000027640b29c10;  1 drivers
v0000027640b291a0_0 .net *"_ivl_14", 0 0, L_0000027640b29c80;  1 drivers
v0000027640b29380_0 .net *"_ivl_16", 0 0, L_0000027640b29eb0;  1 drivers
v0000027640b296a0_0 .net *"_ivl_18", 0 0, L_0000027640b297b0;  1 drivers
v0000027640b28c00_0 .net *"_ivl_2", 0 0, L_0000027640b29dd0;  1 drivers
v0000027640b29560_0 .net *"_ivl_20", 0 0, L_0000027640b885d0;  1 drivers
v0000027640b29600_0 .net *"_ivl_24", 0 0, L_0000027640b88950;  1 drivers
v0000027640b28ca0_0 .net *"_ivl_26", 0 0, L_0000027640b88f00;  1 drivers
v0000027640b29420_0 .net *"_ivl_28", 0 0, L_0000027640b88410;  1 drivers
v0000027640b28e80_0 .net *"_ivl_30", 0 0, L_0000027640b889c0;  1 drivers
v0000027640b28f20_0 .net *"_ivl_32", 0 0, L_0000027640b881e0;  1 drivers
v0000027640b29240_0 .net *"_ivl_36", 0 0, L_0000027640b886b0;  1 drivers
v0000027640b28fc0_0 .net *"_ivl_38", 0 0, L_0000027640b88a30;  1 drivers
v0000027640b292e0_0 .net *"_ivl_4", 0 0, L_0000027640b29900;  1 drivers
v0000027640b87ac0_0 .net *"_ivl_40", 0 0, L_0000027640b88640;  1 drivers
v0000027640b87700_0 .net *"_ivl_42", 0 0, L_0000027640b88f70;  1 drivers
v0000027640b87340_0 .net *"_ivl_44", 0 0, L_0000027640b88e20;  1 drivers
v0000027640b86ee0_0 .net *"_ivl_48", 0 0, L_0000027640b88720;  1 drivers
v0000027640b873e0_0 .net *"_ivl_50", 0 0, L_0000027640b88aa0;  1 drivers
v0000027640b86800_0 .net *"_ivl_6", 0 0, L_0000027640b29e40;  1 drivers
v0000027640b869e0_0 .net *"_ivl_8", 0 0, L_0000027640b29970;  1 drivers
v0000027640b86da0_0 .net "done", 0 0, L_0000027640b88090;  alias, 1 drivers
v0000027640b863a0_0 .net "port_1", 0 0, v0000027640b87980_0;  1 drivers
v0000027640b868a0_0 .net "port_2", 0 0, v0000027640b87d40_0;  1 drivers
v0000027640b86e40_0 .net "port_3", 0 0, v0000027640b87a20_0;  1 drivers
v0000027640b87160_0 .net "port_4", 0 0, v0000027640b87020_0;  1 drivers
v0000027640b86a80_0 .net "res_1", 0 0, L_0000027640b299e0;  1 drivers
v0000027640b87480_0 .net "res_2", 0 0, L_0000027640b88d40;  1 drivers
v0000027640b86c60_0 .net "res_3", 0 0, L_0000027640b88db0;  1 drivers
v0000027640b86f80_0 .net "res_4", 0 0, L_0000027640b88e90;  1 drivers
    .scope S_0000027640b2b790;
T_0 ;
    %vpi_call 2 11 "$dumpfile", "done_genTB.vcd" {0 0 0};
    %vpi_call 2 12 "$dumpvars", 32'sb00000000000000000000000000000000, S_0000027640b2b790 {0 0 0};
    %delay 10, 0;
    %pushi/vec4 1, 0, 1;
    %store/vec4 v0000027640b87980_0, 0, 1;
    %pushi/vec4 1, 0, 1;
    %store/vec4 v0000027640b87d40_0, 0, 1;
    %pushi/vec4 0, 0, 1;
    %store/vec4 v0000027640b87a20_0, 0, 1;
    %pushi/vec4 1, 0, 1;
    %store/vec4 v0000027640b87020_0, 0, 1;
    %delay 10, 0;
    %pushi/vec4 1, 0, 1;
    %store/vec4 v0000027640b87980_0, 0, 1;
    %pushi/vec4 1, 0, 1;
    %store/vec4 v0000027640b87d40_0, 0, 1;
    %pushi/vec4 0, 0, 1;
    %store/vec4 v0000027640b87a20_0, 0, 1;
    %pushi/vec4 1, 0, 1;
    %store/vec4 v0000027640b87020_0, 0, 1;
    %delay 10, 0;
    %pushi/vec4 0, 0, 1;
    %store/vec4 v0000027640b87980_0, 0, 1;
    %pushi/vec4 0, 0, 1;
    %store/vec4 v0000027640b87d40_0, 0, 1;
    %pushi/vec4 0, 0, 1;
    %store/vec4 v0000027640b87a20_0, 0, 1;
    %pushi/vec4 1, 0, 1;
    %store/vec4 v0000027640b87020_0, 0, 1;
    %delay 10, 0;
    %pushi/vec4 1, 0, 1;
    %store/vec4 v0000027640b87980_0, 0, 1;
    %pushi/vec4 0, 0, 1;
    %store/vec4 v0000027640b87d40_0, 0, 1;
    %pushi/vec4 0, 0, 1;
    %store/vec4 v0000027640b87a20_0, 0, 1;
    %pushi/vec4 0, 0, 1;
    %store/vec4 v0000027640b87020_0, 0, 1;
    %delay 10, 0;
    %pushi/vec4 0, 0, 1;
    %store/vec4 v0000027640b87980_0, 0, 1;
    %pushi/vec4 1, 0, 1;
    %store/vec4 v0000027640b87d40_0, 0, 1;
    %pushi/vec4 0, 0, 1;
    %store/vec4 v0000027640b87a20_0, 0, 1;
    %pushi/vec4 0, 0, 1;
    %store/vec4 v0000027640b87020_0, 0, 1;
    %delay 10, 0;
    %pushi/vec4 1, 0, 1;
    %store/vec4 v0000027640b87980_0, 0, 1;
    %pushi/vec4 0, 0, 1;
    %store/vec4 v0000027640b87d40_0, 0, 1;
    %pushi/vec4 1, 0, 1;
    %store/vec4 v0000027640b87a20_0, 0, 1;
    %pushi/vec4 1, 0, 1;
    %store/vec4 v0000027640b87020_0, 0, 1;
    %end;
    .thread T_0;
# The file index is used to find the file name in the following table.
:file_names 4;
    "N/A";
    "<interactive>";
    "done_gen_TB.v";
    "./done_signal_gen.v";
