#! /c/Source/iverilog-install/bin/vvp
:ivl_version "12.0 (devel)" "(s20150603-1539-g2693dd32b)";
:ivl_delay_selection "TYPICAL";
:vpi_time_precision + 0;
:vpi_module "F:\iverilog\lib\ivl\system.vpi";
:vpi_module "F:\iverilog\lib\ivl\vhdl_sys.vpi";
:vpi_module "F:\iverilog\lib\ivl\vhdl_textio.vpi";
:vpi_module "F:\iverilog\lib\ivl\v2005_math.vpi";
:vpi_module "F:\iverilog\lib\ivl\va_math.vpi";
S_00000184eef454f0 .scope module, "mux_sign_bit_TB" "mux_sign_bit_TB" 2 3;
 .timescale 0 0;
v00000184eeefc440_0 .var "I0", 0 0;
v00000184eeefc4e0_0 .var "I1", 0 0;
v00000184eeefc580_0 .var "S", 0 0;
v00000184eef42880_0 .net "mux_out", 0 0, v00000184eef458b0_0;  1 drivers
S_00000184eef45680 .scope module, "mux_sign_bit_instance" "mux_sign_bit" 2 8, 3 1 0, S_00000184eef454f0;
 .timescale 0 0;
    .port_info 0 /INPUT 1 "I0";
    .port_info 1 /INPUT 1 "I1";
    .port_info 2 /INPUT 1 "S";
    .port_info 3 /OUTPUT 1 "mux_out";
v00000184eef133c0_0 .net "I0", 0 0, v00000184eeefc440_0;  1 drivers
v00000184eef13160_0 .net "I1", 0 0, v00000184eeefc4e0_0;  1 drivers
v00000184eef45810_0 .net "S", 0 0, v00000184eeefc580_0;  1 drivers
v00000184eef458b0_0 .var "mux_out", 0 0;
E_00000184eeefd130 .event anyedge, v00000184eef45810_0, v00000184eef13160_0, v00000184eef133c0_0;
    .scope S_00000184eef45680;
T_0 ;
    %wait E_00000184eeefd130;
    %load/vec4 v00000184eef45810_0;
    %flag_set/vec4 8;
    %jmp/0xz  T_0.0, 8;
    %load/vec4 v00000184eef13160_0;
    %store/vec4 v00000184eef458b0_0, 0, 1;
    %jmp T_0.1;
T_0.0 ;
    %load/vec4 v00000184eef133c0_0;
    %store/vec4 v00000184eef458b0_0, 0, 1;
T_0.1 ;
    %jmp T_0;
    .thread T_0, $push;
    .scope S_00000184eef454f0;
T_1 ;
    %vpi_call 2 11 "$dumpfile", "muxsignbitTB.vcd" {0 0 0};
    %vpi_call 2 12 "$dumpvars", 32'sb00000000000000000000000000000000, S_00000184eef454f0 {0 0 0};
    %pushi/vec4 0, 0, 1;
    %store/vec4 v00000184eeefc580_0, 0, 1;
    %pushi/vec4 0, 0, 1;
    %store/vec4 v00000184eeefc440_0, 0, 1;
    %pushi/vec4 0, 0, 1;
    %store/vec4 v00000184eeefc4e0_0, 0, 1;
    %delay 10, 0;
    %pushi/vec4 1, 0, 1;
    %store/vec4 v00000184eeefc4e0_0, 0, 1;
    %delay 10, 0;
    %pushi/vec4 1, 0, 1;
    %store/vec4 v00000184eeefc580_0, 0, 1;
    %pushi/vec4 1, 0, 1;
    %store/vec4 v00000184eeefc4e0_0, 0, 1;
    %delay 10, 0;
    %pushi/vec4 1, 0, 1;
    %store/vec4 v00000184eeefc4e0_0, 0, 1;
    %pushi/vec4 1, 0, 1;
    %store/vec4 v00000184eeefc580_0, 0, 1;
    %delay 10, 0;
    %pushi/vec4 0, 0, 1;
    %store/vec4 v00000184eeefc580_0, 0, 1;
    %pushi/vec4 0, 0, 1;
    %store/vec4 v00000184eeefc4e0_0, 0, 1;
    %delay 10, 0;
    %end;
    .thread T_1;
# The file index is used to find the file name in the following table.
:file_names 4;
    "N/A";
    "<interactive>";
    "mux_sign_bit_TB.v";
    "./mux_sign_bit.v";
