#! /c/Source/iverilog-install/bin/vvp
:ivl_version "12.0 (devel)" "(s20150603-1539-g2693dd32b)";
:ivl_delay_selection "TYPICAL";
:vpi_time_precision + 0;
:vpi_module "F:\iverilog\lib\ivl\system.vpi";
:vpi_module "F:\iverilog\lib\ivl\vhdl_sys.vpi";
:vpi_module "F:\iverilog\lib\ivl\vhdl_textio.vpi";
:vpi_module "F:\iverilog\lib\ivl\v2005_math.vpi";
:vpi_module "F:\iverilog\lib\ivl\va_math.vpi";
S_000001d1a74bcfe0 .scope module, "PU" "PU" 2 4;
 .timescale 0 0;
    .port_info 0 /INPUT 32 "x1";
    .port_info 1 /INPUT 32 "x2";
    .port_info 2 /INPUT 32 "x3";
    .port_info 3 /INPUT 32 "x4";
    .port_info 4 /INPUT 32 "w1";
    .port_info 5 /INPUT 32 "w2";
    .port_info 6 /INPUT 32 "w3";
    .port_info 7 /INPUT 32 "w4";
    .port_info 8 /OUTPUT 32 "result";
v000001d1a75c93b0_0 .net "adder_1_out", 31 0, v000001d1a752da00_0;  1 drivers
v000001d1a75c89b0_0 .net "adder_2_out", 31 0, v000001d1a75671d0_0;  1 drivers
v000001d1a75c8e10_0 .net "mult_1_out", 31 0, L_000001d1a7617ac0;  1 drivers
v000001d1a75c9590_0 .net "mult_2_out", 31 0, L_000001d1a762ae60;  1 drivers
v000001d1a75c9450_0 .net "mult_3_out", 31 0, L_000001d1a762e380;  1 drivers
v000001d1a75c8870_0 .net "mult_4_out", 31 0, L_000001d1a7630c20;  1 drivers
v000001d1a75c80f0_0 .net "result", 31 0, v000001d1a7566550_0;  1 drivers
o000001d1a7571ac8 .functor BUFZ 32, C4<zzzzzzzzzzzzzzzzzzzzzzzzzzzzzzzz>; HiZ drive
v000001d1a75c8eb0_0 .net "w1", 31 0, o000001d1a7571ac8;  0 drivers
o000001d1a7572d88 .functor BUFZ 32, C4<zzzzzzzzzzzzzzzzzzzzzzzzzzzzzzzz>; HiZ drive
v000001d1a75c94f0_0 .net "w2", 31 0, o000001d1a7572d88;  0 drivers
o000001d1a7574048 .functor BUFZ 32, C4<zzzzzzzzzzzzzzzzzzzzzzzzzzzzzzzz>; HiZ drive
v000001d1a75c8a50_0 .net "w3", 31 0, o000001d1a7574048;  0 drivers
o000001d1a7575308 .functor BUFZ 32, C4<zzzzzzzzzzzzzzzzzzzzzzzzzzzzzzzz>; HiZ drive
v000001d1a75c8730_0 .net "w4", 31 0, o000001d1a7575308;  0 drivers
o000001d1a7571a98 .functor BUFZ 32, C4<zzzzzzzzzzzzzzzzzzzzzzzzzzzzzzzz>; HiZ drive
v000001d1a75c8b90_0 .net "x1", 31 0, o000001d1a7571a98;  0 drivers
o000001d1a7572d58 .functor BUFZ 32, C4<zzzzzzzzzzzzzzzzzzzzzzzzzzzzzzzz>; HiZ drive
v000001d1a75c9130_0 .net "x2", 31 0, o000001d1a7572d58;  0 drivers
o000001d1a7574018 .functor BUFZ 32, C4<zzzzzzzzzzzzzzzzzzzzzzzzzzzzzzzz>; HiZ drive
v000001d1a75c7fb0_0 .net "x3", 31 0, o000001d1a7574018;  0 drivers
o000001d1a75752d8 .functor BUFZ 32, C4<zzzzzzzzzzzzzzzzzzzzzzzzzzzzzzzz>; HiZ drive
v000001d1a75c8190_0 .net "x4", 31 0, o000001d1a75752d8;  0 drivers
S_000001d1a74bd170 .scope module, "add_instance1" "add" 2 14, 3 1 0, S_000001d1a74bcfe0;
 .timescale 0 0;
    .port_info 0 /INPUT 32 "src1";
    .port_info 1 /INPUT 32 "src2";
    .port_info 2 /OUTPUT 32 "out";
v000001d1a752d500_0 .var "exponent_1", 7 0;
v000001d1a752db40_0 .var "exponent_2", 7 0;
v000001d1a752d780_0 .var "exponent_Ans", 7 0;
v000001d1a752d820_0 .var "fraction_1", 66 0;
v000001d1a752c560_0 .var "fraction_2", 66 0;
v000001d1a752d8c0_0 .var "fraction_Ans", 66 0;
v000001d1a752c600_0 .var "guard_bit", 0 0;
v000001d1a752da00_0 .var "out", 31 0;
v000001d1a752daa0_0 .var "round_bit", 0 0;
v000001d1a752dbe0_0 .var "sign_1", 0 0;
v000001d1a752dd20_0 .var "sign_2", 0 0;
v000001d1a752ddc0_0 .var "sign_Ans", 0 0;
v000001d1a752de60_0 .net "src1", 31 0, L_000001d1a7617ac0;  alias, 1 drivers
v000001d1a752df00_0 .net "src2", 31 0, L_000001d1a762ae60;  alias, 1 drivers
v000001d1a752dfa0_0 .var "sticky_bit", 0 0;
v000001d1a752e0e0_0 .var "sum", 66 0;
E_000001d1a754b810/0 .event anyedge, v000001d1a752de60_0, v000001d1a752df00_0, v000001d1a752d500_0, v000001d1a752db40_0;
E_000001d1a754b810/1 .event anyedge, v000001d1a752d820_0, v000001d1a752dd20_0, v000001d1a752c560_0, v000001d1a752dbe0_0;
E_000001d1a754b810/2 .event anyedge, v000001d1a752d8c0_0, v000001d1a752d780_0, v000001d1a752c600_0, v000001d1a752daa0_0;
E_000001d1a754b810/3 .event anyedge, v000001d1a752dfa0_0, v000001d1a752ddc0_0;
E_000001d1a754b810 .event/or E_000001d1a754b810/0, E_000001d1a754b810/1, E_000001d1a754b810/2, E_000001d1a754b810/3;
S_000001d1a74d21d0 .scope module, "add_instance2" "add" 2 15, 3 1 0, S_000001d1a74bcfe0;
 .timescale 0 0;
    .port_info 0 /INPUT 32 "src1";
    .port_info 1 /INPUT 32 "src2";
    .port_info 2 /OUTPUT 32 "out";
v000001d1a752e040_0 .var "exponent_1", 7 0;
v000001d1a752c240_0 .var "exponent_2", 7 0;
v000001d1a752c2e0_0 .var "exponent_Ans", 7 0;
v000001d1a7566910_0 .var "fraction_1", 66 0;
v000001d1a7565970_0 .var "fraction_2", 66 0;
v000001d1a75667d0_0 .var "fraction_Ans", 66 0;
v000001d1a7566410_0 .var "guard_bit", 0 0;
v000001d1a75671d0_0 .var "out", 31 0;
v000001d1a7566e10_0 .var "round_bit", 0 0;
v000001d1a75673b0_0 .var "sign_1", 0 0;
v000001d1a75664b0_0 .var "sign_2", 0 0;
v000001d1a7565fb0_0 .var "sign_Ans", 0 0;
v000001d1a7565e70_0 .net "src1", 31 0, L_000001d1a762e380;  alias, 1 drivers
v000001d1a75669b0_0 .net "src2", 31 0, L_000001d1a7630c20;  alias, 1 drivers
v000001d1a7565510_0 .var "sticky_bit", 0 0;
v000001d1a7565c90_0 .var "sum", 66 0;
E_000001d1a754c090/0 .event anyedge, v000001d1a7565e70_0, v000001d1a75669b0_0, v000001d1a752e040_0, v000001d1a752c240_0;
E_000001d1a754c090/1 .event anyedge, v000001d1a7566910_0, v000001d1a75664b0_0, v000001d1a7565970_0, v000001d1a75673b0_0;
E_000001d1a754c090/2 .event anyedge, v000001d1a75667d0_0, v000001d1a752c2e0_0, v000001d1a7566410_0, v000001d1a7566e10_0;
E_000001d1a754c090/3 .event anyedge, v000001d1a7565510_0, v000001d1a7565fb0_0;
E_000001d1a754c090 .event/or E_000001d1a754c090/0, E_000001d1a754c090/1, E_000001d1a754c090/2, E_000001d1a754c090/3;
S_000001d1a74d2360 .scope module, "add_instance3" "add" 2 17, 3 1 0, S_000001d1a74bcfe0;
 .timescale 0 0;
    .port_info 0 /INPUT 32 "src1";
    .port_info 1 /INPUT 32 "src2";
    .port_info 2 /OUTPUT 32 "out";
v000001d1a7566190_0 .var "exponent_1", 7 0;
v000001d1a7566230_0 .var "exponent_2", 7 0;
v000001d1a7565b50_0 .var "exponent_Ans", 7 0;
v000001d1a7566870_0 .var "fraction_1", 66 0;
v000001d1a75656f0_0 .var "fraction_2", 66 0;
v000001d1a7565ab0_0 .var "fraction_Ans", 66 0;
v000001d1a7566730_0 .var "guard_bit", 0 0;
v000001d1a7566550_0 .var "out", 31 0;
v000001d1a7566a50_0 .var "round_bit", 0 0;
v000001d1a7565790_0 .var "sign_1", 0 0;
v000001d1a7566af0_0 .var "sign_2", 0 0;
v000001d1a7566050_0 .var "sign_Ans", 0 0;
v000001d1a7566eb0_0 .net "src1", 31 0, v000001d1a752da00_0;  alias, 1 drivers
v000001d1a7566b90_0 .net "src2", 31 0, v000001d1a75671d0_0;  alias, 1 drivers
v000001d1a7566c30_0 .var "sticky_bit", 0 0;
v000001d1a7565f10_0 .var "sum", 66 0;
E_000001d1a754c110/0 .event anyedge, v000001d1a752da00_0, v000001d1a75671d0_0, v000001d1a7566190_0, v000001d1a7566230_0;
E_000001d1a754c110/1 .event anyedge, v000001d1a7566870_0, v000001d1a7566af0_0, v000001d1a75656f0_0, v000001d1a7565790_0;
E_000001d1a754c110/2 .event anyedge, v000001d1a7565ab0_0, v000001d1a7565b50_0, v000001d1a7566730_0, v000001d1a7566a50_0;
E_000001d1a754c110/3 .event anyedge, v000001d1a7566c30_0, v000001d1a7566050_0;
E_000001d1a754c110 .event/or E_000001d1a754c110/0, E_000001d1a754c110/1, E_000001d1a754c110/2, E_000001d1a754c110/3;
S_000001d1a7482d60 .scope module, "multiply_instance1" "multiply" 2 9, 4 1 0, S_000001d1a74bcfe0;
 .timescale 0 0;
    .port_info 0 /INPUT 32 "a_operand";
    .port_info 1 /INPUT 32 "b_operand";
    .port_info 2 /OUTPUT 32 "result";
L_000001d1a75369d0 .functor XOR 1, L_000001d1a75c9090, L_000001d1a75c8370, C4<0>, C4<0>;
L_000001d1a7536490 .functor OR 1, L_000001d1a75c8cd0, L_000001d1a75c8230, C4<0>, C4<0>;
L_000001d1a7536b90 .functor AND 23, L_000001d1a7617e80, L_000001d1a7616580, C4<11111111111111111111111>, C4<11111111111111111111111>;
L_000001d1a7536c70 .functor AND 1, L_000001d1a7617fc0, L_000001d1a7615f40, C4<1>, C4<1>;
L_000001d1a75362d0 .functor AND 1, L_000001d1a7536c70, L_000001d1a7617200, C4<1>, C4<1>;
L_000001d1a7536ce0 .functor AND 1, L_000001d1a76184c0, L_000001d1a7616da0, C4<1>, C4<1>;
L_000001d1a7536f80 .functor AND 1, L_000001d1a7536ce0, L_000001d1a76168a0, C4<1>, C4<1>;
v000001d1a7567270_0 .net "Exception", 0 0, L_000001d1a7536490;  1 drivers
v000001d1a7566f50_0 .net "Overflow", 0 0, L_000001d1a75362d0;  1 drivers
v000001d1a75655b0_0 .net "Underflow", 0 0, L_000001d1a7615d60;  1 drivers
v000001d1a7565830_0 .net *"_ivl_1", 0 0, L_000001d1a75c9090;  1 drivers
L_000001d1a75ce058 .functor BUFT 1, C4<00000000000000000000000>, C4<0>, C4<0>, C4<0>;
v000001d1a75660f0_0 .net/2u *"_ivl_100", 22 0, L_000001d1a75ce058;  1 drivers
v000001d1a75665f0_0 .net *"_ivl_102", 0 0, L_000001d1a7616120;  1 drivers
L_000001d1a75ce0a0 .functor BUFT 1, C4<1>, C4<0>, C4<0>, C4<0>;
v000001d1a7565650_0 .net/2u *"_ivl_104", 0 0, L_000001d1a75ce0a0;  1 drivers
L_000001d1a75ce0e8 .functor BUFT 1, C4<0>, C4<0>, C4<0>, C4<0>;
v000001d1a7566cd0_0 .net/2u *"_ivl_106", 0 0, L_000001d1a75ce0e8;  1 drivers
v000001d1a7566690_0 .net *"_ivl_108", 0 0, L_000001d1a76178e0;  1 drivers
v000001d1a7565a10_0 .net *"_ivl_11", 7 0, L_000001d1a75c84b0;  1 drivers
v000001d1a7566d70_0 .net *"_ivl_113", 7 0, L_000001d1a7617de0;  1 drivers
v000001d1a75662d0_0 .net *"_ivl_114", 8 0, L_000001d1a7617160;  1 drivers
L_000001d1a75ce130 .functor BUFT 1, C4<0>, C4<0>, C4<0>, C4<0>;
v000001d1a7566ff0_0 .net *"_ivl_117", 0 0, L_000001d1a75ce130;  1 drivers
v000001d1a7565dd0_0 .net *"_ivl_119", 7 0, L_000001d1a7618380;  1 drivers
v000001d1a7567090_0 .net *"_ivl_120", 8 0, L_000001d1a7617020;  1 drivers
L_000001d1a75ce178 .functor BUFT 1, C4<0>, C4<0>, C4<0>, C4<0>;
v000001d1a7566370_0 .net *"_ivl_123", 0 0, L_000001d1a75ce178;  1 drivers
L_000001d1a75ce1c0 .functor BUFT 1, C4<001111111>, C4<0>, C4<0>, C4<0>;
v000001d1a7565d30_0 .net/2u *"_ivl_126", 8 0, L_000001d1a75ce1c0;  1 drivers
v000001d1a7567130_0 .net *"_ivl_128", 8 0, L_000001d1a7617ca0;  1 drivers
v000001d1a75658d0_0 .net *"_ivl_13", 0 0, L_000001d1a75c8230;  1 drivers
v000001d1a7565bf0_0 .net *"_ivl_130", 8 0, L_000001d1a7618240;  1 drivers
L_000001d1a75ce208 .functor BUFT 1, C4<00000000>, C4<0>, C4<0>, C4<0>;
v000001d1a7567310_0 .net *"_ivl_133", 7 0, L_000001d1a75ce208;  1 drivers
v000001d1a75681a0_0 .net *"_ivl_137", 0 0, L_000001d1a7617fc0;  1 drivers
v000001d1a7569140_0 .net *"_ivl_139", 0 0, L_000001d1a7615ea0;  1 drivers
v000001d1a7568600_0 .net *"_ivl_141", 0 0, L_000001d1a7615f40;  1 drivers
v000001d1a7568100_0 .net *"_ivl_142", 0 0, L_000001d1a7536c70;  1 drivers
v000001d1a7568880_0 .net *"_ivl_145", 0 0, L_000001d1a7617200;  1 drivers
v000001d1a7568b00_0 .net *"_ivl_149", 0 0, L_000001d1a76184c0;  1 drivers
v000001d1a75684c0_0 .net *"_ivl_151", 0 0, L_000001d1a7616da0;  1 drivers
v000001d1a75686a0_0 .net *"_ivl_152", 0 0, L_000001d1a7536ce0;  1 drivers
v000001d1a7567de0_0 .net *"_ivl_155", 0 0, L_000001d1a76168a0;  1 drivers
v000001d1a7568ec0_0 .net *"_ivl_156", 0 0, L_000001d1a7536f80;  1 drivers
L_000001d1a75ce250 .functor BUFT 1, C4<1>, C4<0>, C4<0>, C4<0>;
v000001d1a7568920_0 .net/2u *"_ivl_158", 0 0, L_000001d1a75ce250;  1 drivers
L_000001d1a75ce298 .functor BUFT 1, C4<0>, C4<0>, C4<0>, C4<0>;
v000001d1a7567b60_0 .net/2u *"_ivl_160", 0 0, L_000001d1a75ce298;  1 drivers
L_000001d1a75ce2e0 .functor BUFT 1, C4<00000000000000000000000000000000>, C4<0>, C4<0>, C4<0>;
v000001d1a75690a0_0 .net/2u *"_ivl_164", 31 0, L_000001d1a75ce2e0;  1 drivers
L_000001d1a75ce328 .functor BUFT 1, C4<0000000000000000000000000000000>, C4<0>, C4<0>, C4<0>;
v000001d1a7568740_0 .net/2u *"_ivl_166", 30 0, L_000001d1a75ce328;  1 drivers
v000001d1a7568420_0 .net *"_ivl_168", 31 0, L_000001d1a76172a0;  1 drivers
v000001d1a7568240_0 .net *"_ivl_17", 7 0, L_000001d1a75c8690;  1 drivers
L_000001d1a75ce370 .functor BUFT 1, C4<11111111>, C4<0>, C4<0>, C4<0>;
v000001d1a75682e0_0 .net/2u *"_ivl_170", 7 0, L_000001d1a75ce370;  1 drivers
L_000001d1a75ce3b8 .functor BUFT 1, C4<00000000000000000000000>, C4<0>, C4<0>, C4<0>;
v000001d1a7568380_0 .net/2u *"_ivl_172", 22 0, L_000001d1a75ce3b8;  1 drivers
v000001d1a7568560_0 .net *"_ivl_174", 31 0, L_000001d1a7616940;  1 drivers
L_000001d1a75ce400 .functor BUFT 1, C4<0000000000000000000000000000000>, C4<0>, C4<0>, C4<0>;
v000001d1a75687e0_0 .net/2u *"_ivl_176", 30 0, L_000001d1a75ce400;  1 drivers
v000001d1a7568c40_0 .net *"_ivl_178", 31 0, L_000001d1a7615e00;  1 drivers
v000001d1a75689c0_0 .net *"_ivl_181", 7 0, L_000001d1a7615fe0;  1 drivers
v000001d1a7568ce0_0 .net *"_ivl_182", 31 0, L_000001d1a7616bc0;  1 drivers
v000001d1a75691e0_0 .net *"_ivl_184", 31 0, L_000001d1a76161c0;  1 drivers
v000001d1a7568d80_0 .net *"_ivl_186", 31 0, L_000001d1a7617f20;  1 drivers
v000001d1a7567e80_0 .net *"_ivl_188", 31 0, L_000001d1a7617340;  1 drivers
v000001d1a7569320_0 .net *"_ivl_19", 0 0, L_000001d1a75c8550;  1 drivers
L_000001d1a75cdcf8 .functor BUFT 1, C4<1>, C4<0>, C4<0>, C4<0>;
v000001d1a7568a60_0 .net/2u *"_ivl_20", 0 0, L_000001d1a75cdcf8;  1 drivers
v000001d1a7567fc0_0 .net *"_ivl_23", 22 0, L_000001d1a75c82d0;  1 drivers
v000001d1a7567f20_0 .net *"_ivl_24", 23 0, L_000001d1a75c8d70;  1 drivers
L_000001d1a75cdd40 .functor BUFT 1, C4<0>, C4<0>, C4<0>, C4<0>;
v000001d1a7568e20_0 .net/2u *"_ivl_26", 0 0, L_000001d1a75cdd40;  1 drivers
v000001d1a7568f60_0 .net *"_ivl_29", 22 0, L_000001d1a75c8410;  1 drivers
v000001d1a7568060_0 .net *"_ivl_3", 0 0, L_000001d1a75c8370;  1 drivers
v000001d1a7568ba0_0 .net *"_ivl_30", 23 0, L_000001d1a75c91d0;  1 drivers
v000001d1a7567520_0 .net *"_ivl_35", 7 0, L_000001d1a75c87d0;  1 drivers
v000001d1a7569000_0 .net *"_ivl_37", 0 0, L_000001d1a75c8f50;  1 drivers
L_000001d1a75cdd88 .functor BUFT 1, C4<1>, C4<0>, C4<0>, C4<0>;
v000001d1a7569280_0 .net/2u *"_ivl_38", 0 0, L_000001d1a75cdd88;  1 drivers
v000001d1a75693c0_0 .net *"_ivl_41", 22 0, L_000001d1a75c8ff0;  1 drivers
v000001d1a7567660_0 .net *"_ivl_42", 23 0, L_000001d1a75c9270;  1 drivers
L_000001d1a75cddd0 .functor BUFT 1, C4<0>, C4<0>, C4<0>, C4<0>;
v000001d1a75675c0_0 .net/2u *"_ivl_44", 0 0, L_000001d1a75cddd0;  1 drivers
v000001d1a7567980_0 .net *"_ivl_47", 22 0, L_000001d1a7617b60;  1 drivers
v000001d1a7567700_0 .net *"_ivl_48", 23 0, L_000001d1a7618060;  1 drivers
v000001d1a75677a0_0 .net *"_ivl_52", 47 0, L_000001d1a7616d00;  1 drivers
L_000001d1a75cde18 .functor BUFT 1, C4<000000000000000000000000>, C4<0>, C4<0>, C4<0>;
v000001d1a7567a20_0 .net *"_ivl_55", 23 0, L_000001d1a75cde18;  1 drivers
v000001d1a7567ac0_0 .net *"_ivl_56", 47 0, L_000001d1a7617700;  1 drivers
L_000001d1a75cde60 .functor BUFT 1, C4<000000000000000000000000>, C4<0>, C4<0>, C4<0>;
v000001d1a7567840_0 .net *"_ivl_59", 23 0, L_000001d1a75cde60;  1 drivers
v000001d1a75678e0_0 .net *"_ivl_63", 22 0, L_000001d1a7616b20;  1 drivers
v000001d1a7567c00_0 .net *"_ivl_67", 0 0, L_000001d1a7617d40;  1 drivers
L_000001d1a75cdea8 .functor BUFT 1, C4<1>, C4<0>, C4<0>, C4<0>;
v000001d1a7567ca0_0 .net/2u *"_ivl_68", 0 0, L_000001d1a75cdea8;  1 drivers
v000001d1a7567d40_0 .net *"_ivl_7", 7 0, L_000001d1a75c8c30;  1 drivers
L_000001d1a75cdef0 .functor BUFT 1, C4<0>, C4<0>, C4<0>, C4<0>;
v000001d1a756a390_0 .net/2u *"_ivl_70", 0 0, L_000001d1a75cdef0;  1 drivers
v000001d1a7569850_0 .net *"_ivl_74", 47 0, L_000001d1a7616c60;  1 drivers
v000001d1a75698f0_0 .net *"_ivl_76", 46 0, L_000001d1a7616080;  1 drivers
L_000001d1a75cdf38 .functor BUFT 1, C4<0>, C4<0>, C4<0>, C4<0>;
v000001d1a756ac50_0 .net *"_ivl_78", 0 0, L_000001d1a75cdf38;  1 drivers
v000001d1a756b150_0 .net *"_ivl_83", 22 0, L_000001d1a76173e0;  1 drivers
v000001d1a756aa70_0 .net *"_ivl_85", 0 0, L_000001d1a7617520;  1 drivers
v000001d1a756acf0_0 .net *"_ivl_86", 22 0, L_000001d1a7617e80;  1 drivers
L_000001d1a75cdf80 .functor BUFT 1, C4<0000000000000000000000>, C4<0>, C4<0>, C4<0>;
v000001d1a756b1f0_0 .net *"_ivl_89", 21 0, L_000001d1a75cdf80;  1 drivers
v000001d1a7569670_0 .net *"_ivl_9", 0 0, L_000001d1a75c8cd0;  1 drivers
v000001d1a756b290_0 .net *"_ivl_90", 22 0, L_000001d1a7616580;  1 drivers
L_000001d1a75cdfc8 .functor BUFT 1, C4<0000000000000000000000>, C4<0>, C4<0>, C4<0>;
v000001d1a756ad90_0 .net *"_ivl_93", 21 0, L_000001d1a75cdfc8;  1 drivers
v000001d1a7569df0_0 .net *"_ivl_94", 22 0, L_000001d1a7536b90;  1 drivers
L_000001d1a75ce010 .functor BUFT 1, C4<0>, C4<0>, C4<0>, C4<0>;
v000001d1a756b330_0 .net/2u *"_ivl_98", 0 0, L_000001d1a75ce010;  1 drivers
v000001d1a756a610_0 .net "a_operand", 31 0, o000001d1a7571a98;  alias, 0 drivers
v000001d1a7569990_0 .net "b_operand", 31 0, o000001d1a7571ac8;  alias, 0 drivers
v000001d1a7569e90_0 .net "exponent", 8 0, L_000001d1a76182e0;  1 drivers
v000001d1a756a110_0 .net "normalised", 0 0, L_000001d1a7618420;  1 drivers
v000001d1a756ae30_0 .net "operand_a", 23 0, L_000001d1a75c85f0;  1 drivers
v000001d1a7569fd0_0 .net "operand_b", 23 0, L_000001d1a7616260;  1 drivers
v000001d1a756a250_0 .net "product", 47 0, L_000001d1a7616f80;  1 drivers
v000001d1a7569530_0 .net "product_mantissa", 22 0, L_000001d1a7616300;  1 drivers
v000001d1a756aed0_0 .net "product_normalised", 47 0, L_000001d1a7617980;  1 drivers
v000001d1a756b010_0 .net "product_round", 0 0, L_000001d1a76170c0;  1 drivers
v000001d1a756a9d0_0 .net "result", 31 0, L_000001d1a7617ac0;  alias, 1 drivers
v000001d1a7569710_0 .net "sign", 0 0, L_000001d1a75369d0;  1 drivers
v000001d1a7569a30_0 .net "sum_exponent", 8 0, L_000001d1a7616a80;  1 drivers
v000001d1a756af70_0 .net "zero", 0 0, L_000001d1a76181a0;  1 drivers
L_000001d1a75c9090 .part o000001d1a7571a98, 31, 1;
L_000001d1a75c8370 .part o000001d1a7571ac8, 31, 1;
L_000001d1a75c8c30 .part o000001d1a7571a98, 23, 8;
L_000001d1a75c8cd0 .reduce/and L_000001d1a75c8c30;
L_000001d1a75c84b0 .part o000001d1a7571ac8, 23, 8;
L_000001d1a75c8230 .reduce/and L_000001d1a75c84b0;
L_000001d1a75c8690 .part o000001d1a7571a98, 23, 8;
L_000001d1a75c8550 .reduce/or L_000001d1a75c8690;
L_000001d1a75c82d0 .part o000001d1a7571a98, 0, 23;
L_000001d1a75c8d70 .concat [ 23 1 0 0], L_000001d1a75c82d0, L_000001d1a75cdcf8;
L_000001d1a75c8410 .part o000001d1a7571a98, 0, 23;
L_000001d1a75c91d0 .concat [ 23 1 0 0], L_000001d1a75c8410, L_000001d1a75cdd40;
L_000001d1a75c85f0 .functor MUXZ 24, L_000001d1a75c91d0, L_000001d1a75c8d70, L_000001d1a75c8550, C4<>;
L_000001d1a75c87d0 .part o000001d1a7571ac8, 23, 8;
L_000001d1a75c8f50 .reduce/or L_000001d1a75c87d0;
L_000001d1a75c8ff0 .part o000001d1a7571ac8, 0, 23;
L_000001d1a75c9270 .concat [ 23 1 0 0], L_000001d1a75c8ff0, L_000001d1a75cdd88;
L_000001d1a7617b60 .part o000001d1a7571ac8, 0, 23;
L_000001d1a7618060 .concat [ 23 1 0 0], L_000001d1a7617b60, L_000001d1a75cddd0;
L_000001d1a7616260 .functor MUXZ 24, L_000001d1a7618060, L_000001d1a75c9270, L_000001d1a75c8f50, C4<>;
L_000001d1a7616d00 .concat [ 24 24 0 0], L_000001d1a75c85f0, L_000001d1a75cde18;
L_000001d1a7617700 .concat [ 24 24 0 0], L_000001d1a7616260, L_000001d1a75cde60;
L_000001d1a7616f80 .arith/mult 48, L_000001d1a7616d00, L_000001d1a7617700;
L_000001d1a7616b20 .part L_000001d1a7617980, 0, 23;
L_000001d1a76170c0 .reduce/or L_000001d1a7616b20;
L_000001d1a7617d40 .part L_000001d1a7616f80, 47, 1;
L_000001d1a7618420 .functor MUXZ 1, L_000001d1a75cdef0, L_000001d1a75cdea8, L_000001d1a7617d40, C4<>;
L_000001d1a7616080 .part L_000001d1a7616f80, 0, 47;
L_000001d1a7616c60 .concat [ 1 47 0 0], L_000001d1a75cdf38, L_000001d1a7616080;
L_000001d1a7617980 .functor MUXZ 48, L_000001d1a7616c60, L_000001d1a7616f80, L_000001d1a7618420, C4<>;
L_000001d1a76173e0 .part L_000001d1a7617980, 24, 23;
L_000001d1a7617520 .part L_000001d1a7617980, 23, 1;
L_000001d1a7617e80 .concat [ 1 22 0 0], L_000001d1a7617520, L_000001d1a75cdf80;
L_000001d1a7616580 .concat [ 1 22 0 0], L_000001d1a76170c0, L_000001d1a75cdfc8;
L_000001d1a7616300 .arith/sum 23, L_000001d1a76173e0, L_000001d1a7536b90;
L_000001d1a7616120 .cmp/eq 23, L_000001d1a7616300, L_000001d1a75ce058;
L_000001d1a76178e0 .functor MUXZ 1, L_000001d1a75ce0e8, L_000001d1a75ce0a0, L_000001d1a7616120, C4<>;
L_000001d1a76181a0 .functor MUXZ 1, L_000001d1a76178e0, L_000001d1a75ce010, L_000001d1a7536490, C4<>;
L_000001d1a7617de0 .part o000001d1a7571a98, 23, 8;
L_000001d1a7617160 .concat [ 8 1 0 0], L_000001d1a7617de0, L_000001d1a75ce130;
L_000001d1a7618380 .part o000001d1a7571ac8, 23, 8;
L_000001d1a7617020 .concat [ 8 1 0 0], L_000001d1a7618380, L_000001d1a75ce178;
L_000001d1a7616a80 .arith/sum 9, L_000001d1a7617160, L_000001d1a7617020;
L_000001d1a7617ca0 .arith/sub 9, L_000001d1a7616a80, L_000001d1a75ce1c0;
L_000001d1a7618240 .concat [ 1 8 0 0], L_000001d1a7618420, L_000001d1a75ce208;
L_000001d1a76182e0 .arith/sum 9, L_000001d1a7617ca0, L_000001d1a7618240;
L_000001d1a7617fc0 .part L_000001d1a76182e0, 8, 1;
L_000001d1a7615ea0 .part L_000001d1a76182e0, 7, 1;
L_000001d1a7615f40 .reduce/nor L_000001d1a7615ea0;
L_000001d1a7617200 .reduce/nor L_000001d1a76181a0;
L_000001d1a76184c0 .part L_000001d1a76182e0, 8, 1;
L_000001d1a7616da0 .part L_000001d1a76182e0, 7, 1;
L_000001d1a76168a0 .reduce/nor L_000001d1a76181a0;
L_000001d1a7615d60 .functor MUXZ 1, L_000001d1a75ce298, L_000001d1a75ce250, L_000001d1a7536f80, C4<>;
L_000001d1a76172a0 .concat [ 31 1 0 0], L_000001d1a75ce328, L_000001d1a75369d0;
L_000001d1a7616940 .concat [ 23 8 1 0], L_000001d1a75ce3b8, L_000001d1a75ce370, L_000001d1a75369d0;
L_000001d1a7615e00 .concat [ 31 1 0 0], L_000001d1a75ce400, L_000001d1a75369d0;
L_000001d1a7615fe0 .part L_000001d1a76182e0, 0, 8;
L_000001d1a7616bc0 .concat [ 23 8 1 0], L_000001d1a7616300, L_000001d1a7615fe0, L_000001d1a75369d0;
L_000001d1a76161c0 .functor MUXZ 32, L_000001d1a7616bc0, L_000001d1a7615e00, L_000001d1a7615d60, C4<>;
L_000001d1a7617f20 .functor MUXZ 32, L_000001d1a76161c0, L_000001d1a7616940, L_000001d1a75362d0, C4<>;
L_000001d1a7617340 .functor MUXZ 32, L_000001d1a7617f20, L_000001d1a76172a0, L_000001d1a76181a0, C4<>;
L_000001d1a7617ac0 .functor MUXZ 32, L_000001d1a7617340, L_000001d1a75ce2e0, L_000001d1a7536490, C4<>;
S_000001d1a75b3010 .scope module, "multiply_instance2" "multiply" 2 10, 4 1 0, S_000001d1a74bcfe0;
 .timescale 0 0;
    .port_info 0 /INPUT 32 "a_operand";
    .port_info 1 /INPUT 32 "b_operand";
    .port_info 2 /OUTPUT 32 "result";
L_000001d1a7536880 .functor XOR 1, L_000001d1a76163a0, L_000001d1a7616440, C4<0>, C4<0>;
L_000001d1a7536d50 .functor OR 1, L_000001d1a76166c0, L_000001d1a76164e0, C4<0>, C4<0>;
L_000001d1a7536a40 .functor AND 23, L_000001d1a76189c0, L_000001d1a7619460, C4<11111111111111111111111>, C4<11111111111111111111111>;
L_000001d1a7536ab0 .functor AND 1, L_000001d1a7619820, L_000001d1a7618600, C4<1>, C4<1>;
L_000001d1a7537060 .functor AND 1, L_000001d1a7536ab0, L_000001d1a76186a0, C4<1>, C4<1>;
L_000001d1a7536dc0 .functor AND 1, L_000001d1a7619a00, L_000001d1a7618740, C4<1>, C4<1>;
L_000001d1a75370d0 .functor AND 1, L_000001d1a7536dc0, L_000001d1a76187e0, C4<1>, C4<1>;
v000001d1a75697b0_0 .net "Exception", 0 0, L_000001d1a7536d50;  1 drivers
v000001d1a7569ad0_0 .net "Overflow", 0 0, L_000001d1a7537060;  1 drivers
v000001d1a756ab10_0 .net "Underflow", 0 0, L_000001d1a7618ba0;  1 drivers
v000001d1a756b0b0_0 .net *"_ivl_1", 0 0, L_000001d1a76163a0;  1 drivers
L_000001d1a75ce7a8 .functor BUFT 1, C4<00000000000000000000000>, C4<0>, C4<0>, C4<0>;
v000001d1a7569d50_0 .net/2u *"_ivl_100", 22 0, L_000001d1a75ce7a8;  1 drivers
v000001d1a756a070_0 .net *"_ivl_102", 0 0, L_000001d1a76198c0;  1 drivers
L_000001d1a75ce7f0 .functor BUFT 1, C4<1>, C4<0>, C4<0>, C4<0>;
v000001d1a756abb0_0 .net/2u *"_ivl_104", 0 0, L_000001d1a75ce7f0;  1 drivers
L_000001d1a75ce838 .functor BUFT 1, C4<0>, C4<0>, C4<0>, C4<0>;
v000001d1a756b3d0_0 .net/2u *"_ivl_106", 0 0, L_000001d1a75ce838;  1 drivers
v000001d1a75695d0_0 .net *"_ivl_108", 0 0, L_000001d1a7618ce0;  1 drivers
v000001d1a7569cb0_0 .net *"_ivl_11", 7 0, L_000001d1a7616e40;  1 drivers
v000001d1a7569f30_0 .net *"_ivl_113", 7 0, L_000001d1a7619b40;  1 drivers
v000001d1a7569b70_0 .net *"_ivl_114", 8 0, L_000001d1a7618a60;  1 drivers
L_000001d1a75ce880 .functor BUFT 1, C4<0>, C4<0>, C4<0>, C4<0>;
v000001d1a7569c10_0 .net *"_ivl_117", 0 0, L_000001d1a75ce880;  1 drivers
v000001d1a756a1b0_0 .net *"_ivl_119", 7 0, L_000001d1a76195a0;  1 drivers
v000001d1a756a4d0_0 .net *"_ivl_120", 8 0, L_000001d1a7619960;  1 drivers
L_000001d1a75ce8c8 .functor BUFT 1, C4<0>, C4<0>, C4<0>, C4<0>;
v000001d1a756a2f0_0 .net *"_ivl_123", 0 0, L_000001d1a75ce8c8;  1 drivers
L_000001d1a75ce910 .functor BUFT 1, C4<001111111>, C4<0>, C4<0>, C4<0>;
v000001d1a756a430_0 .net/2u *"_ivl_126", 8 0, L_000001d1a75ce910;  1 drivers
v000001d1a756a570_0 .net *"_ivl_128", 8 0, L_000001d1a7618f60;  1 drivers
v000001d1a756a6b0_0 .net *"_ivl_13", 0 0, L_000001d1a76164e0;  1 drivers
v000001d1a756a750_0 .net *"_ivl_130", 8 0, L_000001d1a7618b00;  1 drivers
L_000001d1a75ce958 .functor BUFT 1, C4<00000000>, C4<0>, C4<0>, C4<0>;
v000001d1a756a7f0_0 .net *"_ivl_133", 7 0, L_000001d1a75ce958;  1 drivers
v000001d1a756a890_0 .net *"_ivl_137", 0 0, L_000001d1a7619820;  1 drivers
v000001d1a756a930_0 .net *"_ivl_139", 0 0, L_000001d1a7618e20;  1 drivers
v000001d1a75bd4a0_0 .net *"_ivl_141", 0 0, L_000001d1a7618600;  1 drivers
v000001d1a75bde00_0 .net *"_ivl_142", 0 0, L_000001d1a7536ab0;  1 drivers
v000001d1a75bcaa0_0 .net *"_ivl_145", 0 0, L_000001d1a76186a0;  1 drivers
v000001d1a75bc460_0 .net *"_ivl_149", 0 0, L_000001d1a7619a00;  1 drivers
v000001d1a75bbd80_0 .net *"_ivl_151", 0 0, L_000001d1a7618740;  1 drivers
v000001d1a75bc960_0 .net *"_ivl_152", 0 0, L_000001d1a7536dc0;  1 drivers
v000001d1a75bbf60_0 .net *"_ivl_155", 0 0, L_000001d1a76187e0;  1 drivers
v000001d1a75bcfa0_0 .net *"_ivl_156", 0 0, L_000001d1a75370d0;  1 drivers
L_000001d1a75ce9a0 .functor BUFT 1, C4<1>, C4<0>, C4<0>, C4<0>;
v000001d1a75bc5a0_0 .net/2u *"_ivl_158", 0 0, L_000001d1a75ce9a0;  1 drivers
L_000001d1a75ce9e8 .functor BUFT 1, C4<0>, C4<0>, C4<0>, C4<0>;
v000001d1a75bbba0_0 .net/2u *"_ivl_160", 0 0, L_000001d1a75ce9e8;  1 drivers
L_000001d1a75cea30 .functor BUFT 1, C4<00000000000000000000000000000000>, C4<0>, C4<0>, C4<0>;
v000001d1a75bd540_0 .net/2u *"_ivl_164", 31 0, L_000001d1a75cea30;  1 drivers
L_000001d1a75cea78 .functor BUFT 1, C4<0000000000000000000000000000000>, C4<0>, C4<0>, C4<0>;
v000001d1a75bc640_0 .net/2u *"_ivl_166", 30 0, L_000001d1a75cea78;  1 drivers
v000001d1a75bc6e0_0 .net *"_ivl_168", 31 0, L_000001d1a7618c40;  1 drivers
v000001d1a75bbe20_0 .net *"_ivl_17", 7 0, L_000001d1a7616620;  1 drivers
L_000001d1a75ceac0 .functor BUFT 1, C4<11111111>, C4<0>, C4<0>, C4<0>;
v000001d1a75bdb80_0 .net/2u *"_ivl_170", 7 0, L_000001d1a75ceac0;  1 drivers
L_000001d1a75ceb08 .functor BUFT 1, C4<00000000000000000000000>, C4<0>, C4<0>, C4<0>;
v000001d1a75bd360_0 .net/2u *"_ivl_172", 22 0, L_000001d1a75ceb08;  1 drivers
v000001d1a75bd5e0_0 .net *"_ivl_174", 31 0, L_000001d1a762b9a0;  1 drivers
L_000001d1a75ceb50 .functor BUFT 1, C4<0000000000000000000000000000000>, C4<0>, C4<0>, C4<0>;
v000001d1a75bc500_0 .net/2u *"_ivl_176", 30 0, L_000001d1a75ceb50;  1 drivers
v000001d1a75bca00_0 .net *"_ivl_178", 31 0, L_000001d1a762c080;  1 drivers
v000001d1a75bd680_0 .net *"_ivl_181", 7 0, L_000001d1a762b900;  1 drivers
v000001d1a75bb6a0_0 .net *"_ivl_182", 31 0, L_000001d1a762bb80;  1 drivers
v000001d1a75bcc80_0 .net *"_ivl_184", 31 0, L_000001d1a762c1c0;  1 drivers
v000001d1a75bc780_0 .net *"_ivl_186", 31 0, L_000001d1a762be00;  1 drivers
v000001d1a75bdc20_0 .net *"_ivl_188", 31 0, L_000001d1a762c3a0;  1 drivers
v000001d1a75bc820_0 .net *"_ivl_19", 0 0, L_000001d1a76175c0;  1 drivers
L_000001d1a75ce448 .functor BUFT 1, C4<1>, C4<0>, C4<0>, C4<0>;
v000001d1a75bcdc0_0 .net/2u *"_ivl_20", 0 0, L_000001d1a75ce448;  1 drivers
v000001d1a75bd2c0_0 .net *"_ivl_23", 22 0, L_000001d1a7616ee0;  1 drivers
v000001d1a75bcb40_0 .net *"_ivl_24", 23 0, L_000001d1a7617480;  1 drivers
L_000001d1a75ce490 .functor BUFT 1, C4<0>, C4<0>, C4<0>, C4<0>;
v000001d1a75bcd20_0 .net/2u *"_ivl_26", 0 0, L_000001d1a75ce490;  1 drivers
v000001d1a75bc1e0_0 .net *"_ivl_29", 22 0, L_000001d1a7617660;  1 drivers
v000001d1a75bd180_0 .net *"_ivl_3", 0 0, L_000001d1a7616440;  1 drivers
v000001d1a75bc8c0_0 .net *"_ivl_30", 23 0, L_000001d1a7616760;  1 drivers
v000001d1a75bcbe0_0 .net *"_ivl_35", 7 0, L_000001d1a76169e0;  1 drivers
v000001d1a75bce60_0 .net *"_ivl_37", 0 0, L_000001d1a7618100;  1 drivers
L_000001d1a75ce4d8 .functor BUFT 1, C4<1>, C4<0>, C4<0>, C4<0>;
v000001d1a75bcf00_0 .net/2u *"_ivl_38", 0 0, L_000001d1a75ce4d8;  1 drivers
v000001d1a75bd400_0 .net *"_ivl_41", 22 0, L_000001d1a7617840;  1 drivers
v000001d1a75bd040_0 .net *"_ivl_42", 23 0, L_000001d1a7617a20;  1 drivers
L_000001d1a75ce520 .functor BUFT 1, C4<0>, C4<0>, C4<0>, C4<0>;
v000001d1a75bbec0_0 .net/2u *"_ivl_44", 0 0, L_000001d1a75ce520;  1 drivers
v000001d1a75bdcc0_0 .net *"_ivl_47", 22 0, L_000001d1a7617c00;  1 drivers
v000001d1a75bd720_0 .net *"_ivl_48", 23 0, L_000001d1a7619280;  1 drivers
v000001d1a75bd7c0_0 .net *"_ivl_52", 47 0, L_000001d1a7619000;  1 drivers
L_000001d1a75ce568 .functor BUFT 1, C4<000000000000000000000000>, C4<0>, C4<0>, C4<0>;
v000001d1a75bd0e0_0 .net *"_ivl_55", 23 0, L_000001d1a75ce568;  1 drivers
v000001d1a75bd220_0 .net *"_ivl_56", 47 0, L_000001d1a7619be0;  1 drivers
L_000001d1a75ce5b0 .functor BUFT 1, C4<000000000000000000000000>, C4<0>, C4<0>, C4<0>;
v000001d1a75bd860_0 .net *"_ivl_59", 23 0, L_000001d1a75ce5b0;  1 drivers
v000001d1a75bb740_0 .net *"_ivl_63", 22 0, L_000001d1a76191e0;  1 drivers
v000001d1a75bd900_0 .net *"_ivl_67", 0 0, L_000001d1a7619320;  1 drivers
L_000001d1a75ce5f8 .functor BUFT 1, C4<1>, C4<0>, C4<0>, C4<0>;
v000001d1a75bd9a0_0 .net/2u *"_ivl_68", 0 0, L_000001d1a75ce5f8;  1 drivers
v000001d1a75bdd60_0 .net *"_ivl_7", 7 0, L_000001d1a7616800;  1 drivers
L_000001d1a75ce640 .functor BUFT 1, C4<0>, C4<0>, C4<0>, C4<0>;
v000001d1a75bda40_0 .net/2u *"_ivl_70", 0 0, L_000001d1a75ce640;  1 drivers
v000001d1a75bdae0_0 .net *"_ivl_74", 47 0, L_000001d1a7618560;  1 drivers
v000001d1a75bbc40_0 .net *"_ivl_76", 46 0, L_000001d1a7619140;  1 drivers
L_000001d1a75ce688 .functor BUFT 1, C4<0>, C4<0>, C4<0>, C4<0>;
v000001d1a75bbce0_0 .net *"_ivl_78", 0 0, L_000001d1a75ce688;  1 drivers
v000001d1a75bb7e0_0 .net *"_ivl_83", 22 0, L_000001d1a7619aa0;  1 drivers
v000001d1a75bb880_0 .net *"_ivl_85", 0 0, L_000001d1a7619640;  1 drivers
v000001d1a75bb920_0 .net *"_ivl_86", 22 0, L_000001d1a76189c0;  1 drivers
L_000001d1a75ce6d0 .functor BUFT 1, C4<0000000000000000000000>, C4<0>, C4<0>, C4<0>;
v000001d1a75bb9c0_0 .net *"_ivl_89", 21 0, L_000001d1a75ce6d0;  1 drivers
v000001d1a75bba60_0 .net *"_ivl_9", 0 0, L_000001d1a76166c0;  1 drivers
v000001d1a75bbb00_0 .net *"_ivl_90", 22 0, L_000001d1a7619460;  1 drivers
L_000001d1a75ce718 .functor BUFT 1, C4<0000000000000000000000>, C4<0>, C4<0>, C4<0>;
v000001d1a75bc000_0 .net *"_ivl_93", 21 0, L_000001d1a75ce718;  1 drivers
v000001d1a75bc0a0_0 .net *"_ivl_94", 22 0, L_000001d1a7536a40;  1 drivers
L_000001d1a75ce760 .functor BUFT 1, C4<0>, C4<0>, C4<0>, C4<0>;
v000001d1a75bc140_0 .net/2u *"_ivl_98", 0 0, L_000001d1a75ce760;  1 drivers
v000001d1a75bc280_0 .net "a_operand", 31 0, o000001d1a7572d58;  alias, 0 drivers
v000001d1a75bc320_0 .net "b_operand", 31 0, o000001d1a7572d88;  alias, 0 drivers
v000001d1a75bc3c0_0 .net "exponent", 8 0, L_000001d1a7619780;  1 drivers
v000001d1a75be580_0 .net "normalised", 0 0, L_000001d1a7618920;  1 drivers
v000001d1a75bf020_0 .net "operand_a", 23 0, L_000001d1a76177a0;  1 drivers
v000001d1a75bf340_0 .net "operand_b", 23 0, L_000001d1a76196e0;  1 drivers
v000001d1a75bdf40_0 .net "product", 47 0, L_000001d1a7618ec0;  1 drivers
v000001d1a75be3a0_0 .net "product_mantissa", 22 0, L_000001d1a7619500;  1 drivers
v000001d1a75bdfe0_0 .net "product_normalised", 47 0, L_000001d1a76193c0;  1 drivers
v000001d1a75bf480_0 .net "product_round", 0 0, L_000001d1a76190a0;  1 drivers
v000001d1a75bf520_0 .net "result", 31 0, L_000001d1a762ae60;  alias, 1 drivers
v000001d1a75beb20_0 .net "sign", 0 0, L_000001d1a7536880;  1 drivers
v000001d1a75be6c0_0 .net "sum_exponent", 8 0, L_000001d1a7618880;  1 drivers
v000001d1a75be620_0 .net "zero", 0 0, L_000001d1a7618d80;  1 drivers
L_000001d1a76163a0 .part o000001d1a7572d58, 31, 1;
L_000001d1a7616440 .part o000001d1a7572d88, 31, 1;
L_000001d1a7616800 .part o000001d1a7572d58, 23, 8;
L_000001d1a76166c0 .reduce/and L_000001d1a7616800;
L_000001d1a7616e40 .part o000001d1a7572d88, 23, 8;
L_000001d1a76164e0 .reduce/and L_000001d1a7616e40;
L_000001d1a7616620 .part o000001d1a7572d58, 23, 8;
L_000001d1a76175c0 .reduce/or L_000001d1a7616620;
L_000001d1a7616ee0 .part o000001d1a7572d58, 0, 23;
L_000001d1a7617480 .concat [ 23 1 0 0], L_000001d1a7616ee0, L_000001d1a75ce448;
L_000001d1a7617660 .part o000001d1a7572d58, 0, 23;
L_000001d1a7616760 .concat [ 23 1 0 0], L_000001d1a7617660, L_000001d1a75ce490;
L_000001d1a76177a0 .functor MUXZ 24, L_000001d1a7616760, L_000001d1a7617480, L_000001d1a76175c0, C4<>;
L_000001d1a76169e0 .part o000001d1a7572d88, 23, 8;
L_000001d1a7618100 .reduce/or L_000001d1a76169e0;
L_000001d1a7617840 .part o000001d1a7572d88, 0, 23;
L_000001d1a7617a20 .concat [ 23 1 0 0], L_000001d1a7617840, L_000001d1a75ce4d8;
L_000001d1a7617c00 .part o000001d1a7572d88, 0, 23;
L_000001d1a7619280 .concat [ 23 1 0 0], L_000001d1a7617c00, L_000001d1a75ce520;
L_000001d1a76196e0 .functor MUXZ 24, L_000001d1a7619280, L_000001d1a7617a20, L_000001d1a7618100, C4<>;
L_000001d1a7619000 .concat [ 24 24 0 0], L_000001d1a76177a0, L_000001d1a75ce568;
L_000001d1a7619be0 .concat [ 24 24 0 0], L_000001d1a76196e0, L_000001d1a75ce5b0;
L_000001d1a7618ec0 .arith/mult 48, L_000001d1a7619000, L_000001d1a7619be0;
L_000001d1a76191e0 .part L_000001d1a76193c0, 0, 23;
L_000001d1a76190a0 .reduce/or L_000001d1a76191e0;
L_000001d1a7619320 .part L_000001d1a7618ec0, 47, 1;
L_000001d1a7618920 .functor MUXZ 1, L_000001d1a75ce640, L_000001d1a75ce5f8, L_000001d1a7619320, C4<>;
L_000001d1a7619140 .part L_000001d1a7618ec0, 0, 47;
L_000001d1a7618560 .concat [ 1 47 0 0], L_000001d1a75ce688, L_000001d1a7619140;
L_000001d1a76193c0 .functor MUXZ 48, L_000001d1a7618560, L_000001d1a7618ec0, L_000001d1a7618920, C4<>;
L_000001d1a7619aa0 .part L_000001d1a76193c0, 24, 23;
L_000001d1a7619640 .part L_000001d1a76193c0, 23, 1;
L_000001d1a76189c0 .concat [ 1 22 0 0], L_000001d1a7619640, L_000001d1a75ce6d0;
L_000001d1a7619460 .concat [ 1 22 0 0], L_000001d1a76190a0, L_000001d1a75ce718;
L_000001d1a7619500 .arith/sum 23, L_000001d1a7619aa0, L_000001d1a7536a40;
L_000001d1a76198c0 .cmp/eq 23, L_000001d1a7619500, L_000001d1a75ce7a8;
L_000001d1a7618ce0 .functor MUXZ 1, L_000001d1a75ce838, L_000001d1a75ce7f0, L_000001d1a76198c0, C4<>;
L_000001d1a7618d80 .functor MUXZ 1, L_000001d1a7618ce0, L_000001d1a75ce760, L_000001d1a7536d50, C4<>;
L_000001d1a7619b40 .part o000001d1a7572d58, 23, 8;
L_000001d1a7618a60 .concat [ 8 1 0 0], L_000001d1a7619b40, L_000001d1a75ce880;
L_000001d1a76195a0 .part o000001d1a7572d88, 23, 8;
L_000001d1a7619960 .concat [ 8 1 0 0], L_000001d1a76195a0, L_000001d1a75ce8c8;
L_000001d1a7618880 .arith/sum 9, L_000001d1a7618a60, L_000001d1a7619960;
L_000001d1a7618f60 .arith/sub 9, L_000001d1a7618880, L_000001d1a75ce910;
L_000001d1a7618b00 .concat [ 1 8 0 0], L_000001d1a7618920, L_000001d1a75ce958;
L_000001d1a7619780 .arith/sum 9, L_000001d1a7618f60, L_000001d1a7618b00;
L_000001d1a7619820 .part L_000001d1a7619780, 8, 1;
L_000001d1a7618e20 .part L_000001d1a7619780, 7, 1;
L_000001d1a7618600 .reduce/nor L_000001d1a7618e20;
L_000001d1a76186a0 .reduce/nor L_000001d1a7618d80;
L_000001d1a7619a00 .part L_000001d1a7619780, 8, 1;
L_000001d1a7618740 .part L_000001d1a7619780, 7, 1;
L_000001d1a76187e0 .reduce/nor L_000001d1a7618d80;
L_000001d1a7618ba0 .functor MUXZ 1, L_000001d1a75ce9e8, L_000001d1a75ce9a0, L_000001d1a75370d0, C4<>;
L_000001d1a7618c40 .concat [ 31 1 0 0], L_000001d1a75cea78, L_000001d1a7536880;
L_000001d1a762b9a0 .concat [ 23 8 1 0], L_000001d1a75ceb08, L_000001d1a75ceac0, L_000001d1a7536880;
L_000001d1a762c080 .concat [ 31 1 0 0], L_000001d1a75ceb50, L_000001d1a7536880;
L_000001d1a762b900 .part L_000001d1a7619780, 0, 8;
L_000001d1a762bb80 .concat [ 23 8 1 0], L_000001d1a7619500, L_000001d1a762b900, L_000001d1a7536880;
L_000001d1a762c1c0 .functor MUXZ 32, L_000001d1a762bb80, L_000001d1a762c080, L_000001d1a7618ba0, C4<>;
L_000001d1a762be00 .functor MUXZ 32, L_000001d1a762c1c0, L_000001d1a762b9a0, L_000001d1a7537060, C4<>;
L_000001d1a762c3a0 .functor MUXZ 32, L_000001d1a762be00, L_000001d1a7618c40, L_000001d1a7618d80, C4<>;
L_000001d1a762ae60 .functor MUXZ 32, L_000001d1a762c3a0, L_000001d1a75cea30, L_000001d1a7536d50, C4<>;
S_000001d1a75bfa50 .scope module, "multiply_instance3" "multiply" 2 11, 4 1 0, S_000001d1a74bcfe0;
 .timescale 0 0;
    .port_info 0 /INPUT 32 "a_operand";
    .port_info 1 /INPUT 32 "b_operand";
    .port_info 2 /OUTPUT 32 "result";
L_000001d1a7536e30 .functor XOR 1, L_000001d1a762aaa0, L_000001d1a762ad20, C4<0>, C4<0>;
L_000001d1a7536b20 .functor OR 1, L_000001d1a7629d80, L_000001d1a7629ec0, C4<0>, C4<0>;
L_000001d1a7536ea0 .functor AND 23, L_000001d1a762b0e0, L_000001d1a762bc20, C4<11111111111111111111111>, C4<11111111111111111111111>;
L_000001d1a7536f10 .functor AND 1, L_000001d1a762afa0, L_000001d1a762b220, C4<1>, C4<1>;
L_000001d1a7536420 .functor AND 1, L_000001d1a7536f10, L_000001d1a762b7c0, C4<1>, C4<1>;
L_000001d1a7536340 .functor AND 1, L_000001d1a762b360, L_000001d1a762b400, C4<1>, C4<1>;
L_000001d1a7517c90 .functor AND 1, L_000001d1a7536340, L_000001d1a762b4a0, C4<1>, C4<1>;
v000001d1a75be760_0 .net "Exception", 0 0, L_000001d1a7536b20;  1 drivers
v000001d1a75be8a0_0 .net "Overflow", 0 0, L_000001d1a7536420;  1 drivers
v000001d1a75bdea0_0 .net "Underflow", 0 0, L_000001d1a762b680;  1 drivers
v000001d1a75bf2a0_0 .net *"_ivl_1", 0 0, L_000001d1a762aaa0;  1 drivers
L_000001d1a75ceef8 .functor BUFT 1, C4<00000000000000000000000>, C4<0>, C4<0>, C4<0>;
v000001d1a75bf3e0_0 .net/2u *"_ivl_100", 22 0, L_000001d1a75ceef8;  1 drivers
v000001d1a75bea80_0 .net *"_ivl_102", 0 0, L_000001d1a762a3c0;  1 drivers
L_000001d1a75cef40 .functor BUFT 1, C4<1>, C4<0>, C4<0>, C4<0>;
v000001d1a75be800_0 .net/2u *"_ivl_104", 0 0, L_000001d1a75cef40;  1 drivers
L_000001d1a75cef88 .functor BUFT 1, C4<0>, C4<0>, C4<0>, C4<0>;
v000001d1a75be440_0 .net/2u *"_ivl_106", 0 0, L_000001d1a75cef88;  1 drivers
v000001d1a75be080_0 .net *"_ivl_108", 0 0, L_000001d1a762abe0;  1 drivers
v000001d1a75be120_0 .net *"_ivl_11", 7 0, L_000001d1a762bfe0;  1 drivers
v000001d1a75be1c0_0 .net *"_ivl_113", 7 0, L_000001d1a762adc0;  1 drivers
v000001d1a75bed00_0 .net *"_ivl_114", 8 0, L_000001d1a762c4e0;  1 drivers
L_000001d1a75cefd0 .functor BUFT 1, C4<0>, C4<0>, C4<0>, C4<0>;
v000001d1a75be940_0 .net *"_ivl_117", 0 0, L_000001d1a75cefd0;  1 drivers
v000001d1a75be300_0 .net *"_ivl_119", 7 0, L_000001d1a762b180;  1 drivers
v000001d1a75beda0_0 .net *"_ivl_120", 8 0, L_000001d1a762af00;  1 drivers
L_000001d1a75cf018 .functor BUFT 1, C4<0>, C4<0>, C4<0>, C4<0>;
v000001d1a75bec60_0 .net *"_ivl_123", 0 0, L_000001d1a75cf018;  1 drivers
L_000001d1a75cf060 .functor BUFT 1, C4<001111111>, C4<0>, C4<0>, C4<0>;
v000001d1a75be260_0 .net/2u *"_ivl_126", 8 0, L_000001d1a75cf060;  1 drivers
v000001d1a75be9e0_0 .net *"_ivl_128", 8 0, L_000001d1a762a960;  1 drivers
v000001d1a75be4e0_0 .net *"_ivl_13", 0 0, L_000001d1a7629ec0;  1 drivers
v000001d1a75bebc0_0 .net *"_ivl_130", 8 0, L_000001d1a762aa00;  1 drivers
L_000001d1a75cf0a8 .functor BUFT 1, C4<00000000>, C4<0>, C4<0>, C4<0>;
v000001d1a75bee40_0 .net *"_ivl_133", 7 0, L_000001d1a75cf0a8;  1 drivers
v000001d1a75beee0_0 .net *"_ivl_137", 0 0, L_000001d1a762afa0;  1 drivers
v000001d1a75bef80_0 .net *"_ivl_139", 0 0, L_000001d1a762bcc0;  1 drivers
v000001d1a75bf0c0_0 .net *"_ivl_141", 0 0, L_000001d1a762b220;  1 drivers
v000001d1a75bf160_0 .net *"_ivl_142", 0 0, L_000001d1a7536f10;  1 drivers
v000001d1a75bf200_0 .net *"_ivl_145", 0 0, L_000001d1a762b7c0;  1 drivers
v000001d1a75c1680_0 .net *"_ivl_149", 0 0, L_000001d1a762b360;  1 drivers
v000001d1a75c2bc0_0 .net *"_ivl_151", 0 0, L_000001d1a762b400;  1 drivers
v000001d1a75c1cc0_0 .net *"_ivl_152", 0 0, L_000001d1a7536340;  1 drivers
v000001d1a75c33e0_0 .net *"_ivl_155", 0 0, L_000001d1a762b4a0;  1 drivers
v000001d1a75c2a80_0 .net *"_ivl_156", 0 0, L_000001d1a7517c90;  1 drivers
L_000001d1a75cf0f0 .functor BUFT 1, C4<1>, C4<0>, C4<0>, C4<0>;
v000001d1a75c1720_0 .net/2u *"_ivl_158", 0 0, L_000001d1a75cf0f0;  1 drivers
L_000001d1a75cf138 .functor BUFT 1, C4<0>, C4<0>, C4<0>, C4<0>;
v000001d1a75c1f40_0 .net/2u *"_ivl_160", 0 0, L_000001d1a75cf138;  1 drivers
L_000001d1a75cf180 .functor BUFT 1, C4<00000000000000000000000000000000>, C4<0>, C4<0>, C4<0>;
v000001d1a75c2760_0 .net/2u *"_ivl_164", 31 0, L_000001d1a75cf180;  1 drivers
L_000001d1a75cf1c8 .functor BUFT 1, C4<0000000000000000000000000000000>, C4<0>, C4<0>, C4<0>;
v000001d1a75c2c60_0 .net/2u *"_ivl_166", 30 0, L_000001d1a75cf1c8;  1 drivers
v000001d1a75c2ee0_0 .net *"_ivl_168", 31 0, L_000001d1a762b860;  1 drivers
v000001d1a75c1d60_0 .net *"_ivl_17", 7 0, L_000001d1a762bea0;  1 drivers
L_000001d1a75cf210 .functor BUFT 1, C4<11111111>, C4<0>, C4<0>, C4<0>;
v000001d1a75c1360_0 .net/2u *"_ivl_170", 7 0, L_000001d1a75cf210;  1 drivers
L_000001d1a75cf258 .functor BUFT 1, C4<00000000000000000000000>, C4<0>, C4<0>, C4<0>;
v000001d1a75c1e00_0 .net/2u *"_ivl_172", 22 0, L_000001d1a75cf258;  1 drivers
v000001d1a75c2b20_0 .net *"_ivl_174", 31 0, L_000001d1a762ba40;  1 drivers
L_000001d1a75cf2a0 .functor BUFT 1, C4<0000000000000000000000000000000>, C4<0>, C4<0>, C4<0>;
v000001d1a75c1180_0 .net/2u *"_ivl_176", 30 0, L_000001d1a75cf2a0;  1 drivers
v000001d1a75c29e0_0 .net *"_ivl_178", 31 0, L_000001d1a762d700;  1 drivers
v000001d1a75c1fe0_0 .net *"_ivl_181", 7 0, L_000001d1a762e920;  1 drivers
v000001d1a75c15e0_0 .net *"_ivl_182", 31 0, L_000001d1a762da20;  1 drivers
v000001d1a75c2f80_0 .net *"_ivl_184", 31 0, L_000001d1a762e100;  1 drivers
v000001d1a75c2080_0 .net *"_ivl_186", 31 0, L_000001d1a762d020;  1 drivers
v000001d1a75c1ea0_0 .net *"_ivl_188", 31 0, L_000001d1a762c8a0;  1 drivers
v000001d1a75c30c0_0 .net *"_ivl_19", 0 0, L_000001d1a7629e20;  1 drivers
L_000001d1a75ceb98 .functor BUFT 1, C4<1>, C4<0>, C4<0>, C4<0>;
v000001d1a75c2620_0 .net/2u *"_ivl_20", 0 0, L_000001d1a75ceb98;  1 drivers
v000001d1a75c28a0_0 .net *"_ivl_23", 22 0, L_000001d1a7629f60;  1 drivers
v000001d1a75c3520_0 .net *"_ivl_24", 23 0, L_000001d1a762a5a0;  1 drivers
L_000001d1a75cebe0 .functor BUFT 1, C4<0>, C4<0>, C4<0>, C4<0>;
v000001d1a75c19a0_0 .net/2u *"_ivl_26", 0 0, L_000001d1a75cebe0;  1 drivers
v000001d1a75c10e0_0 .net *"_ivl_29", 22 0, L_000001d1a762a6e0;  1 drivers
v000001d1a75c26c0_0 .net *"_ivl_3", 0 0, L_000001d1a762ad20;  1 drivers
v000001d1a75c2d00_0 .net *"_ivl_30", 23 0, L_000001d1a762b040;  1 drivers
v000001d1a75c1220_0 .net *"_ivl_35", 7 0, L_000001d1a762bf40;  1 drivers
v000001d1a75c2da0_0 .net *"_ivl_37", 0 0, L_000001d1a762c300;  1 drivers
L_000001d1a75cec28 .functor BUFT 1, C4<1>, C4<0>, C4<0>, C4<0>;
v000001d1a75c3160_0 .net/2u *"_ivl_38", 0 0, L_000001d1a75cec28;  1 drivers
v000001d1a75c3200_0 .net *"_ivl_41", 22 0, L_000001d1a762a000;  1 drivers
v000001d1a75c35c0_0 .net *"_ivl_42", 23 0, L_000001d1a762a280;  1 drivers
L_000001d1a75cec70 .functor BUFT 1, C4<0>, C4<0>, C4<0>, C4<0>;
v000001d1a75c3020_0 .net/2u *"_ivl_44", 0 0, L_000001d1a75cec70;  1 drivers
v000001d1a75c2440_0 .net *"_ivl_47", 22 0, L_000001d1a762a0a0;  1 drivers
v000001d1a75c1900_0 .net *"_ivl_48", 23 0, L_000001d1a762a320;  1 drivers
v000001d1a75c12c0_0 .net *"_ivl_52", 47 0, L_000001d1a762c440;  1 drivers
L_000001d1a75cecb8 .functor BUFT 1, C4<000000000000000000000000>, C4<0>, C4<0>, C4<0>;
v000001d1a75c23a0_0 .net *"_ivl_55", 23 0, L_000001d1a75cecb8;  1 drivers
v000001d1a75c2260_0 .net *"_ivl_56", 47 0, L_000001d1a762b5e0;  1 drivers
L_000001d1a75ced00 .functor BUFT 1, C4<000000000000000000000000>, C4<0>, C4<0>, C4<0>;
v000001d1a75c37a0_0 .net *"_ivl_59", 23 0, L_000001d1a75ced00;  1 drivers
v000001d1a75c1540_0 .net *"_ivl_63", 22 0, L_000001d1a762b2c0;  1 drivers
v000001d1a75c3340_0 .net *"_ivl_67", 0 0, L_000001d1a762a1e0;  1 drivers
L_000001d1a75ced48 .functor BUFT 1, C4<1>, C4<0>, C4<0>, C4<0>;
v000001d1a75c32a0_0 .net/2u *"_ivl_68", 0 0, L_000001d1a75ced48;  1 drivers
v000001d1a75c1400_0 .net *"_ivl_7", 7 0, L_000001d1a762a640;  1 drivers
L_000001d1a75ced90 .functor BUFT 1, C4<0>, C4<0>, C4<0>, C4<0>;
v000001d1a75c14a0_0 .net/2u *"_ivl_70", 0 0, L_000001d1a75ced90;  1 drivers
v000001d1a75c17c0_0 .net *"_ivl_74", 47 0, L_000001d1a762ab40;  1 drivers
v000001d1a75c24e0_0 .net *"_ivl_76", 46 0, L_000001d1a762c120;  1 drivers
L_000001d1a75cedd8 .functor BUFT 1, C4<0>, C4<0>, C4<0>, C4<0>;
v000001d1a75c2e40_0 .net *"_ivl_78", 0 0, L_000001d1a75cedd8;  1 drivers
v000001d1a75c2580_0 .net *"_ivl_83", 22 0, L_000001d1a762b540;  1 drivers
v000001d1a75c2300_0 .net *"_ivl_85", 0 0, L_000001d1a762a780;  1 drivers
v000001d1a75c1860_0 .net *"_ivl_86", 22 0, L_000001d1a762b0e0;  1 drivers
L_000001d1a75cee20 .functor BUFT 1, C4<0000000000000000000000>, C4<0>, C4<0>, C4<0>;
v000001d1a75c2800_0 .net *"_ivl_89", 21 0, L_000001d1a75cee20;  1 drivers
v000001d1a75c3480_0 .net *"_ivl_9", 0 0, L_000001d1a7629d80;  1 drivers
v000001d1a75c1c20_0 .net *"_ivl_90", 22 0, L_000001d1a762bc20;  1 drivers
L_000001d1a75cee68 .functor BUFT 1, C4<0000000000000000000000>, C4<0>, C4<0>, C4<0>;
v000001d1a75c3700_0 .net *"_ivl_93", 21 0, L_000001d1a75cee68;  1 drivers
v000001d1a75c2120_0 .net *"_ivl_94", 22 0, L_000001d1a7536ea0;  1 drivers
L_000001d1a75ceeb0 .functor BUFT 1, C4<0>, C4<0>, C4<0>, C4<0>;
v000001d1a75c3660_0 .net/2u *"_ivl_98", 0 0, L_000001d1a75ceeb0;  1 drivers
v000001d1a75c3840_0 .net "a_operand", 31 0, o000001d1a7574018;  alias, 0 drivers
v000001d1a75c1a40_0 .net "b_operand", 31 0, o000001d1a7574048;  alias, 0 drivers
v000001d1a75c2940_0 .net "exponent", 8 0, L_000001d1a762ac80;  1 drivers
v000001d1a75c1ae0_0 .net "normalised", 0 0, L_000001d1a762bd60;  1 drivers
v000001d1a75c1b80_0 .net "operand_a", 23 0, L_000001d1a762bae0;  1 drivers
v000001d1a75c21c0_0 .net "operand_b", 23 0, L_000001d1a762a140;  1 drivers
v000001d1a75c3de0_0 .net "product", 47 0, L_000001d1a762c260;  1 drivers
v000001d1a75c4240_0 .net "product_mantissa", 22 0, L_000001d1a762a460;  1 drivers
v000001d1a75c42e0_0 .net "product_normalised", 47 0, L_000001d1a762a820;  1 drivers
v000001d1a75c38e0_0 .net "product_round", 0 0, L_000001d1a762b720;  1 drivers
v000001d1a75c4b00_0 .net "result", 31 0, L_000001d1a762e380;  alias, 1 drivers
v000001d1a75c4380_0 .net "sign", 0 0, L_000001d1a7536e30;  1 drivers
v000001d1a75c3c00_0 .net "sum_exponent", 8 0, L_000001d1a762a8c0;  1 drivers
v000001d1a75c3e80_0 .net "zero", 0 0, L_000001d1a762a500;  1 drivers
L_000001d1a762aaa0 .part o000001d1a7574018, 31, 1;
L_000001d1a762ad20 .part o000001d1a7574048, 31, 1;
L_000001d1a762a640 .part o000001d1a7574018, 23, 8;
L_000001d1a7629d80 .reduce/and L_000001d1a762a640;
L_000001d1a762bfe0 .part o000001d1a7574048, 23, 8;
L_000001d1a7629ec0 .reduce/and L_000001d1a762bfe0;
L_000001d1a762bea0 .part o000001d1a7574018, 23, 8;
L_000001d1a7629e20 .reduce/or L_000001d1a762bea0;
L_000001d1a7629f60 .part o000001d1a7574018, 0, 23;
L_000001d1a762a5a0 .concat [ 23 1 0 0], L_000001d1a7629f60, L_000001d1a75ceb98;
L_000001d1a762a6e0 .part o000001d1a7574018, 0, 23;
L_000001d1a762b040 .concat [ 23 1 0 0], L_000001d1a762a6e0, L_000001d1a75cebe0;
L_000001d1a762bae0 .functor MUXZ 24, L_000001d1a762b040, L_000001d1a762a5a0, L_000001d1a7629e20, C4<>;
L_000001d1a762bf40 .part o000001d1a7574048, 23, 8;
L_000001d1a762c300 .reduce/or L_000001d1a762bf40;
L_000001d1a762a000 .part o000001d1a7574048, 0, 23;
L_000001d1a762a280 .concat [ 23 1 0 0], L_000001d1a762a000, L_000001d1a75cec28;
L_000001d1a762a0a0 .part o000001d1a7574048, 0, 23;
L_000001d1a762a320 .concat [ 23 1 0 0], L_000001d1a762a0a0, L_000001d1a75cec70;
L_000001d1a762a140 .functor MUXZ 24, L_000001d1a762a320, L_000001d1a762a280, L_000001d1a762c300, C4<>;
L_000001d1a762c440 .concat [ 24 24 0 0], L_000001d1a762bae0, L_000001d1a75cecb8;
L_000001d1a762b5e0 .concat [ 24 24 0 0], L_000001d1a762a140, L_000001d1a75ced00;
L_000001d1a762c260 .arith/mult 48, L_000001d1a762c440, L_000001d1a762b5e0;
L_000001d1a762b2c0 .part L_000001d1a762a820, 0, 23;
L_000001d1a762b720 .reduce/or L_000001d1a762b2c0;
L_000001d1a762a1e0 .part L_000001d1a762c260, 47, 1;
L_000001d1a762bd60 .functor MUXZ 1, L_000001d1a75ced90, L_000001d1a75ced48, L_000001d1a762a1e0, C4<>;
L_000001d1a762c120 .part L_000001d1a762c260, 0, 47;
L_000001d1a762ab40 .concat [ 1 47 0 0], L_000001d1a75cedd8, L_000001d1a762c120;
L_000001d1a762a820 .functor MUXZ 48, L_000001d1a762ab40, L_000001d1a762c260, L_000001d1a762bd60, C4<>;
L_000001d1a762b540 .part L_000001d1a762a820, 24, 23;
L_000001d1a762a780 .part L_000001d1a762a820, 23, 1;
L_000001d1a762b0e0 .concat [ 1 22 0 0], L_000001d1a762a780, L_000001d1a75cee20;
L_000001d1a762bc20 .concat [ 1 22 0 0], L_000001d1a762b720, L_000001d1a75cee68;
L_000001d1a762a460 .arith/sum 23, L_000001d1a762b540, L_000001d1a7536ea0;
L_000001d1a762a3c0 .cmp/eq 23, L_000001d1a762a460, L_000001d1a75ceef8;
L_000001d1a762abe0 .functor MUXZ 1, L_000001d1a75cef88, L_000001d1a75cef40, L_000001d1a762a3c0, C4<>;
L_000001d1a762a500 .functor MUXZ 1, L_000001d1a762abe0, L_000001d1a75ceeb0, L_000001d1a7536b20, C4<>;
L_000001d1a762adc0 .part o000001d1a7574018, 23, 8;
L_000001d1a762c4e0 .concat [ 8 1 0 0], L_000001d1a762adc0, L_000001d1a75cefd0;
L_000001d1a762b180 .part o000001d1a7574048, 23, 8;
L_000001d1a762af00 .concat [ 8 1 0 0], L_000001d1a762b180, L_000001d1a75cf018;
L_000001d1a762a8c0 .arith/sum 9, L_000001d1a762c4e0, L_000001d1a762af00;
L_000001d1a762a960 .arith/sub 9, L_000001d1a762a8c0, L_000001d1a75cf060;
L_000001d1a762aa00 .concat [ 1 8 0 0], L_000001d1a762bd60, L_000001d1a75cf0a8;
L_000001d1a762ac80 .arith/sum 9, L_000001d1a762a960, L_000001d1a762aa00;
L_000001d1a762afa0 .part L_000001d1a762ac80, 8, 1;
L_000001d1a762bcc0 .part L_000001d1a762ac80, 7, 1;
L_000001d1a762b220 .reduce/nor L_000001d1a762bcc0;
L_000001d1a762b7c0 .reduce/nor L_000001d1a762a500;
L_000001d1a762b360 .part L_000001d1a762ac80, 8, 1;
L_000001d1a762b400 .part L_000001d1a762ac80, 7, 1;
L_000001d1a762b4a0 .reduce/nor L_000001d1a762a500;
L_000001d1a762b680 .functor MUXZ 1, L_000001d1a75cf138, L_000001d1a75cf0f0, L_000001d1a7517c90, C4<>;
L_000001d1a762b860 .concat [ 31 1 0 0], L_000001d1a75cf1c8, L_000001d1a7536e30;
L_000001d1a762ba40 .concat [ 23 8 1 0], L_000001d1a75cf258, L_000001d1a75cf210, L_000001d1a7536e30;
L_000001d1a762d700 .concat [ 31 1 0 0], L_000001d1a75cf2a0, L_000001d1a7536e30;
L_000001d1a762e920 .part L_000001d1a762ac80, 0, 8;
L_000001d1a762da20 .concat [ 23 8 1 0], L_000001d1a762a460, L_000001d1a762e920, L_000001d1a7536e30;
L_000001d1a762e100 .functor MUXZ 32, L_000001d1a762da20, L_000001d1a762d700, L_000001d1a762b680, C4<>;
L_000001d1a762d020 .functor MUXZ 32, L_000001d1a762e100, L_000001d1a762ba40, L_000001d1a7536420, C4<>;
L_000001d1a762c8a0 .functor MUXZ 32, L_000001d1a762d020, L_000001d1a762b860, L_000001d1a762a500, C4<>;
L_000001d1a762e380 .functor MUXZ 32, L_000001d1a762c8a0, L_000001d1a75cf180, L_000001d1a7536b20, C4<>;
S_000001d1a75c5090 .scope module, "multiply_instance4" "multiply" 2 12, 4 1 0, S_000001d1a74bcfe0;
 .timescale 0 0;
    .port_info 0 /INPUT 32 "a_operand";
    .port_info 1 /INPUT 32 "b_operand";
    .port_info 2 /OUTPUT 32 "result";
L_000001d1a756e720 .functor XOR 1, L_000001d1a762e9c0, L_000001d1a762d160, C4<0>, C4<0>;
L_000001d1a756dd80 .functor OR 1, L_000001d1a762d660, L_000001d1a762e560, C4<0>, C4<0>;
L_000001d1a756e090 .functor AND 23, L_000001d1a762e060, L_000001d1a762c800, C4<11111111111111111111111>, C4<11111111111111111111111>;
L_000001d1a756e8e0 .functor AND 1, L_000001d1a762d3e0, L_000001d1a762e600, C4<1>, C4<1>;
L_000001d1a756df40 .functor AND 1, L_000001d1a756e8e0, L_000001d1a762ece0, C4<1>, C4<1>;
L_000001d1a756e410 .functor AND 1, L_000001d1a762d0c0, L_000001d1a762cee0, C4<1>, C4<1>;
L_000001d1a756de60 .functor AND 1, L_000001d1a756e410, L_000001d1a762cf80, C4<1>, C4<1>;
v000001d1a75c4420_0 .net "Exception", 0 0, L_000001d1a756dd80;  1 drivers
v000001d1a75c3ac0_0 .net "Overflow", 0 0, L_000001d1a756df40;  1 drivers
v000001d1a75c4f60_0 .net "Underflow", 0 0, L_000001d1a762eb00;  1 drivers
v000001d1a75c44c0_0 .net *"_ivl_1", 0 0, L_000001d1a762e9c0;  1 drivers
L_000001d1a75cf648 .functor BUFT 1, C4<00000000000000000000000>, C4<0>, C4<0>, C4<0>;
v000001d1a75c3980_0 .net/2u *"_ivl_100", 22 0, L_000001d1a75cf648;  1 drivers
v000001d1a75c46a0_0 .net *"_ivl_102", 0 0, L_000001d1a762ea60;  1 drivers
L_000001d1a75cf690 .functor BUFT 1, C4<1>, C4<0>, C4<0>, C4<0>;
v000001d1a75c4ce0_0 .net/2u *"_ivl_104", 0 0, L_000001d1a75cf690;  1 drivers
L_000001d1a75cf6d8 .functor BUFT 1, C4<0>, C4<0>, C4<0>, C4<0>;
v000001d1a75c3b60_0 .net/2u *"_ivl_106", 0 0, L_000001d1a75cf6d8;  1 drivers
v000001d1a75c4740_0 .net *"_ivl_108", 0 0, L_000001d1a762dd40;  1 drivers
v000001d1a75c4880_0 .net *"_ivl_11", 7 0, L_000001d1a762d2a0;  1 drivers
v000001d1a75c3d40_0 .net *"_ivl_113", 7 0, L_000001d1a762dc00;  1 drivers
v000001d1a75c3f20_0 .net *"_ivl_114", 8 0, L_000001d1a762e2e0;  1 drivers
L_000001d1a75cf720 .functor BUFT 1, C4<0>, C4<0>, C4<0>, C4<0>;
v000001d1a75c4e20_0 .net *"_ivl_117", 0 0, L_000001d1a75cf720;  1 drivers
v000001d1a75c4560_0 .net *"_ivl_119", 7 0, L_000001d1a762cbc0;  1 drivers
v000001d1a75c3a20_0 .net *"_ivl_120", 8 0, L_000001d1a762cd00;  1 drivers
L_000001d1a75cf768 .functor BUFT 1, C4<0>, C4<0>, C4<0>, C4<0>;
v000001d1a75c4600_0 .net *"_ivl_123", 0 0, L_000001d1a75cf768;  1 drivers
L_000001d1a75cf7b0 .functor BUFT 1, C4<001111111>, C4<0>, C4<0>, C4<0>;
v000001d1a75c47e0_0 .net/2u *"_ivl_126", 8 0, L_000001d1a75cf7b0;  1 drivers
v000001d1a75c4920_0 .net *"_ivl_128", 8 0, L_000001d1a762dca0;  1 drivers
v000001d1a75c4060_0 .net *"_ivl_13", 0 0, L_000001d1a762e560;  1 drivers
v000001d1a75c49c0_0 .net *"_ivl_130", 8 0, L_000001d1a762dfc0;  1 drivers
L_000001d1a75cf7f8 .functor BUFT 1, C4<00000000>, C4<0>, C4<0>, C4<0>;
v000001d1a75c3fc0_0 .net *"_ivl_133", 7 0, L_000001d1a75cf7f8;  1 drivers
v000001d1a75c4100_0 .net *"_ivl_137", 0 0, L_000001d1a762d3e0;  1 drivers
v000001d1a75c41a0_0 .net *"_ivl_139", 0 0, L_000001d1a762dde0;  1 drivers
v000001d1a75c4a60_0 .net *"_ivl_141", 0 0, L_000001d1a762e600;  1 drivers
v000001d1a75c4ba0_0 .net *"_ivl_142", 0 0, L_000001d1a756e8e0;  1 drivers
v000001d1a75c4ec0_0 .net *"_ivl_145", 0 0, L_000001d1a762ece0;  1 drivers
v000001d1a75c4c40_0 .net *"_ivl_149", 0 0, L_000001d1a762d0c0;  1 drivers
v000001d1a75c3ca0_0 .net *"_ivl_151", 0 0, L_000001d1a762cee0;  1 drivers
v000001d1a75c4d80_0 .net *"_ivl_152", 0 0, L_000001d1a756e410;  1 drivers
v000001d1a75c6a70_0 .net *"_ivl_155", 0 0, L_000001d1a762cf80;  1 drivers
v000001d1a75c5e90_0 .net *"_ivl_156", 0 0, L_000001d1a756de60;  1 drivers
L_000001d1a75cf840 .functor BUFT 1, C4<1>, C4<0>, C4<0>, C4<0>;
v000001d1a75c7c90_0 .net/2u *"_ivl_158", 0 0, L_000001d1a75cf840;  1 drivers
L_000001d1a75cf888 .functor BUFT 1, C4<0>, C4<0>, C4<0>, C4<0>;
v000001d1a75c69d0_0 .net/2u *"_ivl_160", 0 0, L_000001d1a75cf888;  1 drivers
L_000001d1a75cf8d0 .functor BUFT 1, C4<00000000000000000000000000000000>, C4<0>, C4<0>, C4<0>;
v000001d1a75c6570_0 .net/2u *"_ivl_164", 31 0, L_000001d1a75cf8d0;  1 drivers
L_000001d1a75cf918 .functor BUFT 1, C4<0000000000000000000000000000000>, C4<0>, C4<0>, C4<0>;
v000001d1a75c6930_0 .net/2u *"_ivl_166", 30 0, L_000001d1a75cf918;  1 drivers
v000001d1a75c5ad0_0 .net *"_ivl_168", 31 0, L_000001d1a762de80;  1 drivers
v000001d1a75c6e30_0 .net *"_ivl_17", 7 0, L_000001d1a762c6c0;  1 drivers
L_000001d1a75cf960 .functor BUFT 1, C4<11111111>, C4<0>, C4<0>, C4<0>;
v000001d1a75c70b0_0 .net/2u *"_ivl_170", 7 0, L_000001d1a75cf960;  1 drivers
L_000001d1a75cf9a8 .functor BUFT 1, C4<00000000000000000000000>, C4<0>, C4<0>, C4<0>;
v000001d1a75c5cb0_0 .net/2u *"_ivl_172", 22 0, L_000001d1a75cf9a8;  1 drivers
v000001d1a75c6610_0 .net *"_ivl_174", 31 0, L_000001d1a762c580;  1 drivers
L_000001d1a75cf9f0 .functor BUFT 1, C4<0000000000000000000000000000000>, C4<0>, C4<0>, C4<0>;
v000001d1a75c6d90_0 .net/2u *"_ivl_176", 30 0, L_000001d1a75cf9f0;  1 drivers
v000001d1a75c7290_0 .net *"_ivl_178", 31 0, L_000001d1a762d200;  1 drivers
v000001d1a75c7510_0 .net *"_ivl_181", 7 0, L_000001d1a762fc80;  1 drivers
v000001d1a75c6390_0 .net *"_ivl_182", 31 0, L_000001d1a762eec0;  1 drivers
v000001d1a75c5990_0 .net *"_ivl_184", 31 0, L_000001d1a7630b80;  1 drivers
v000001d1a75c62f0_0 .net *"_ivl_186", 31 0, L_000001d1a762fd20;  1 drivers
v000001d1a75c7150_0 .net *"_ivl_188", 31 0, L_000001d1a7631260;  1 drivers
v000001d1a75c57b0_0 .net *"_ivl_19", 0 0, L_000001d1a762cc60;  1 drivers
L_000001d1a75cf2e8 .functor BUFT 1, C4<1>, C4<0>, C4<0>, C4<0>;
v000001d1a75c5fd0_0 .net/2u *"_ivl_20", 0 0, L_000001d1a75cf2e8;  1 drivers
v000001d1a75c6750_0 .net *"_ivl_23", 22 0, L_000001d1a762c760;  1 drivers
v000001d1a75c5850_0 .net *"_ivl_24", 23 0, L_000001d1a762e6a0;  1 drivers
L_000001d1a75cf330 .functor BUFT 1, C4<0>, C4<0>, C4<0>, C4<0>;
v000001d1a75c78d0_0 .net/2u *"_ivl_26", 0 0, L_000001d1a75cf330;  1 drivers
v000001d1a75c6430_0 .net *"_ivl_29", 22 0, L_000001d1a762c620;  1 drivers
v000001d1a75c5b70_0 .net *"_ivl_3", 0 0, L_000001d1a762d160;  1 drivers
v000001d1a75c6070_0 .net *"_ivl_30", 23 0, L_000001d1a762d840;  1 drivers
v000001d1a75c71f0_0 .net *"_ivl_35", 7 0, L_000001d1a762c940;  1 drivers
v000001d1a75c5a30_0 .net *"_ivl_37", 0 0, L_000001d1a762d7a0;  1 drivers
L_000001d1a75cf378 .functor BUFT 1, C4<1>, C4<0>, C4<0>, C4<0>;
v000001d1a75c6110_0 .net/2u *"_ivl_38", 0 0, L_000001d1a75cf378;  1 drivers
v000001d1a75c5d50_0 .net *"_ivl_41", 22 0, L_000001d1a762d340;  1 drivers
v000001d1a75c6cf0_0 .net *"_ivl_42", 23 0, L_000001d1a762eba0;  1 drivers
L_000001d1a75cf3c0 .functor BUFT 1, C4<0>, C4<0>, C4<0>, C4<0>;
v000001d1a75c7b50_0 .net/2u *"_ivl_44", 0 0, L_000001d1a75cf3c0;  1 drivers
v000001d1a75c6b10_0 .net *"_ivl_47", 22 0, L_000001d1a762ec40;  1 drivers
v000001d1a75c7970_0 .net *"_ivl_48", 23 0, L_000001d1a762e740;  1 drivers
v000001d1a75c67f0_0 .net *"_ivl_52", 47 0, L_000001d1a762d480;  1 drivers
L_000001d1a75cf408 .functor BUFT 1, C4<000000000000000000000000>, C4<0>, C4<0>, C4<0>;
v000001d1a75c7bf0_0 .net *"_ivl_55", 23 0, L_000001d1a75cf408;  1 drivers
v000001d1a75c6ed0_0 .net *"_ivl_56", 47 0, L_000001d1a762cb20;  1 drivers
L_000001d1a75cf450 .functor BUFT 1, C4<000000000000000000000000>, C4<0>, C4<0>, C4<0>;
v000001d1a75c6bb0_0 .net *"_ivl_59", 23 0, L_000001d1a75cf450;  1 drivers
v000001d1a75c6f70_0 .net *"_ivl_63", 22 0, L_000001d1a762e880;  1 drivers
v000001d1a75c76f0_0 .net *"_ivl_67", 0 0, L_000001d1a762cda0;  1 drivers
L_000001d1a75cf498 .functor BUFT 1, C4<1>, C4<0>, C4<0>, C4<0>;
v000001d1a75c6890_0 .net/2u *"_ivl_68", 0 0, L_000001d1a75cf498;  1 drivers
v000001d1a75c7010_0 .net *"_ivl_7", 7 0, L_000001d1a762d520;  1 drivers
L_000001d1a75cf4e0 .functor BUFT 1, C4<0>, C4<0>, C4<0>, C4<0>;
v000001d1a75c7830_0 .net/2u *"_ivl_70", 0 0, L_000001d1a75cf4e0;  1 drivers
v000001d1a75c7330_0 .net *"_ivl_74", 47 0, L_000001d1a762e1a0;  1 drivers
v000001d1a75c5f30_0 .net *"_ivl_76", 46 0, L_000001d1a762c9e0;  1 drivers
L_000001d1a75cf528 .functor BUFT 1, C4<0>, C4<0>, C4<0>, C4<0>;
v000001d1a75c7ab0_0 .net *"_ivl_78", 0 0, L_000001d1a75cf528;  1 drivers
v000001d1a75c73d0_0 .net *"_ivl_83", 22 0, L_000001d1a762e240;  1 drivers
v000001d1a75c7470_0 .net *"_ivl_85", 0 0, L_000001d1a762e420;  1 drivers
v000001d1a75c5df0_0 .net *"_ivl_86", 22 0, L_000001d1a762e060;  1 drivers
L_000001d1a75cf570 .functor BUFT 1, C4<0000000000000000000000>, C4<0>, C4<0>, C4<0>;
v000001d1a75c64d0_0 .net *"_ivl_89", 21 0, L_000001d1a75cf570;  1 drivers
v000001d1a75c75b0_0 .net *"_ivl_9", 0 0, L_000001d1a762d660;  1 drivers
v000001d1a75c7a10_0 .net *"_ivl_90", 22 0, L_000001d1a762c800;  1 drivers
L_000001d1a75cf5b8 .functor BUFT 1, C4<0000000000000000000000>, C4<0>, C4<0>, C4<0>;
v000001d1a75c7d30_0 .net *"_ivl_93", 21 0, L_000001d1a75cf5b8;  1 drivers
v000001d1a75c66b0_0 .net *"_ivl_94", 22 0, L_000001d1a756e090;  1 drivers
L_000001d1a75cf600 .functor BUFT 1, C4<0>, C4<0>, C4<0>, C4<0>;
v000001d1a75c6c50_0 .net/2u *"_ivl_98", 0 0, L_000001d1a75cf600;  1 drivers
v000001d1a75c5710_0 .net "a_operand", 31 0, o000001d1a75752d8;  alias, 0 drivers
v000001d1a75c7650_0 .net "b_operand", 31 0, o000001d1a7575308;  alias, 0 drivers
v000001d1a75c7790_0 .net "exponent", 8 0, L_000001d1a762d980;  1 drivers
v000001d1a75c61b0_0 .net "normalised", 0 0, L_000001d1a762dac0;  1 drivers
v000001d1a75c7dd0_0 .net "operand_a", 23 0, L_000001d1a762d5c0;  1 drivers
v000001d1a75c7e70_0 .net "operand_b", 23 0, L_000001d1a762d8e0;  1 drivers
v000001d1a75c58f0_0 .net "product", 47 0, L_000001d1a762e7e0;  1 drivers
v000001d1a75c6250_0 .net "product_mantissa", 22 0, L_000001d1a762db60;  1 drivers
v000001d1a75c5c10_0 .net "product_normalised", 47 0, L_000001d1a762ca80;  1 drivers
v000001d1a75c8af0_0 .net "product_round", 0 0, L_000001d1a762df20;  1 drivers
v000001d1a75c8050_0 .net "result", 31 0, L_000001d1a7630c20;  alias, 1 drivers
v000001d1a75c9310_0 .net "sign", 0 0, L_000001d1a756e720;  1 drivers
v000001d1a75c8910_0 .net "sum_exponent", 8 0, L_000001d1a762e4c0;  1 drivers
v000001d1a75c7f10_0 .net "zero", 0 0, L_000001d1a762ce40;  1 drivers
L_000001d1a762e9c0 .part o000001d1a75752d8, 31, 1;
L_000001d1a762d160 .part o000001d1a7575308, 31, 1;
L_000001d1a762d520 .part o000001d1a75752d8, 23, 8;
L_000001d1a762d660 .reduce/and L_000001d1a762d520;
L_000001d1a762d2a0 .part o000001d1a7575308, 23, 8;
L_000001d1a762e560 .reduce/and L_000001d1a762d2a0;
L_000001d1a762c6c0 .part o000001d1a75752d8, 23, 8;
L_000001d1a762cc60 .reduce/or L_000001d1a762c6c0;
L_000001d1a762c760 .part o000001d1a75752d8, 0, 23;
L_000001d1a762e6a0 .concat [ 23 1 0 0], L_000001d1a762c760, L_000001d1a75cf2e8;
L_000001d1a762c620 .part o000001d1a75752d8, 0, 23;
L_000001d1a762d840 .concat [ 23 1 0 0], L_000001d1a762c620, L_000001d1a75cf330;
L_000001d1a762d5c0 .functor MUXZ 24, L_000001d1a762d840, L_000001d1a762e6a0, L_000001d1a762cc60, C4<>;
L_000001d1a762c940 .part o000001d1a7575308, 23, 8;
L_000001d1a762d7a0 .reduce/or L_000001d1a762c940;
L_000001d1a762d340 .part o000001d1a7575308, 0, 23;
L_000001d1a762eba0 .concat [ 23 1 0 0], L_000001d1a762d340, L_000001d1a75cf378;
L_000001d1a762ec40 .part o000001d1a7575308, 0, 23;
L_000001d1a762e740 .concat [ 23 1 0 0], L_000001d1a762ec40, L_000001d1a75cf3c0;
L_000001d1a762d8e0 .functor MUXZ 24, L_000001d1a762e740, L_000001d1a762eba0, L_000001d1a762d7a0, C4<>;
L_000001d1a762d480 .concat [ 24 24 0 0], L_000001d1a762d5c0, L_000001d1a75cf408;
L_000001d1a762cb20 .concat [ 24 24 0 0], L_000001d1a762d8e0, L_000001d1a75cf450;
L_000001d1a762e7e0 .arith/mult 48, L_000001d1a762d480, L_000001d1a762cb20;
L_000001d1a762e880 .part L_000001d1a762ca80, 0, 23;
L_000001d1a762df20 .reduce/or L_000001d1a762e880;
L_000001d1a762cda0 .part L_000001d1a762e7e0, 47, 1;
L_000001d1a762dac0 .functor MUXZ 1, L_000001d1a75cf4e0, L_000001d1a75cf498, L_000001d1a762cda0, C4<>;
L_000001d1a762c9e0 .part L_000001d1a762e7e0, 0, 47;
L_000001d1a762e1a0 .concat [ 1 47 0 0], L_000001d1a75cf528, L_000001d1a762c9e0;
L_000001d1a762ca80 .functor MUXZ 48, L_000001d1a762e1a0, L_000001d1a762e7e0, L_000001d1a762dac0, C4<>;
L_000001d1a762e240 .part L_000001d1a762ca80, 24, 23;
L_000001d1a762e420 .part L_000001d1a762ca80, 23, 1;
L_000001d1a762e060 .concat [ 1 22 0 0], L_000001d1a762e420, L_000001d1a75cf570;
L_000001d1a762c800 .concat [ 1 22 0 0], L_000001d1a762df20, L_000001d1a75cf5b8;
L_000001d1a762db60 .arith/sum 23, L_000001d1a762e240, L_000001d1a756e090;
L_000001d1a762ea60 .cmp/eq 23, L_000001d1a762db60, L_000001d1a75cf648;
L_000001d1a762dd40 .functor MUXZ 1, L_000001d1a75cf6d8, L_000001d1a75cf690, L_000001d1a762ea60, C4<>;
L_000001d1a762ce40 .functor MUXZ 1, L_000001d1a762dd40, L_000001d1a75cf600, L_000001d1a756dd80, C4<>;
L_000001d1a762dc00 .part o000001d1a75752d8, 23, 8;
L_000001d1a762e2e0 .concat [ 8 1 0 0], L_000001d1a762dc00, L_000001d1a75cf720;
L_000001d1a762cbc0 .part o000001d1a7575308, 23, 8;
L_000001d1a762cd00 .concat [ 8 1 0 0], L_000001d1a762cbc0, L_000001d1a75cf768;
L_000001d1a762e4c0 .arith/sum 9, L_000001d1a762e2e0, L_000001d1a762cd00;
L_000001d1a762dca0 .arith/sub 9, L_000001d1a762e4c0, L_000001d1a75cf7b0;
L_000001d1a762dfc0 .concat [ 1 8 0 0], L_000001d1a762dac0, L_000001d1a75cf7f8;
L_000001d1a762d980 .arith/sum 9, L_000001d1a762dca0, L_000001d1a762dfc0;
L_000001d1a762d3e0 .part L_000001d1a762d980, 8, 1;
L_000001d1a762dde0 .part L_000001d1a762d980, 7, 1;
L_000001d1a762e600 .reduce/nor L_000001d1a762dde0;
L_000001d1a762ece0 .reduce/nor L_000001d1a762ce40;
L_000001d1a762d0c0 .part L_000001d1a762d980, 8, 1;
L_000001d1a762cee0 .part L_000001d1a762d980, 7, 1;
L_000001d1a762cf80 .reduce/nor L_000001d1a762ce40;
L_000001d1a762eb00 .functor MUXZ 1, L_000001d1a75cf888, L_000001d1a75cf840, L_000001d1a756de60, C4<>;
L_000001d1a762de80 .concat [ 31 1 0 0], L_000001d1a75cf918, L_000001d1a756e720;
L_000001d1a762c580 .concat [ 23 8 1 0], L_000001d1a75cf9a8, L_000001d1a75cf960, L_000001d1a756e720;
L_000001d1a762d200 .concat [ 31 1 0 0], L_000001d1a75cf9f0, L_000001d1a756e720;
L_000001d1a762fc80 .part L_000001d1a762d980, 0, 8;
L_000001d1a762eec0 .concat [ 23 8 1 0], L_000001d1a762db60, L_000001d1a762fc80, L_000001d1a756e720;
L_000001d1a7630b80 .functor MUXZ 32, L_000001d1a762eec0, L_000001d1a762d200, L_000001d1a762eb00, C4<>;
L_000001d1a762fd20 .functor MUXZ 32, L_000001d1a7630b80, L_000001d1a762c580, L_000001d1a756df40, C4<>;
L_000001d1a7631260 .functor MUXZ 32, L_000001d1a762fd20, L_000001d1a762de80, L_000001d1a762ce40, C4<>;
L_000001d1a7630c20 .functor MUXZ 32, L_000001d1a7631260, L_000001d1a75cf8d0, L_000001d1a756dd80, C4<>;
    .scope S_000001d1a74bd170;
T_0 ;
    %wait E_000001d1a754b810;
    %pushi/vec4 0, 0, 2;
    %load/vec4 v000001d1a752de60_0;
    %parti/s 23, 0, 2;
    %concat/vec4; draw_concat_vec4
    %concati/vec4 0, 0, 42;
    %store/vec4 v000001d1a752d820_0, 0, 67;
    %pushi/vec4 0, 0, 2;
    %load/vec4 v000001d1a752df00_0;
    %parti/s 23, 0, 2;
    %concat/vec4; draw_concat_vec4
    %concati/vec4 0, 0, 42;
    %store/vec4 v000001d1a752c560_0, 0, 67;
    %load/vec4 v000001d1a752de60_0;
    %parti/s 8, 23, 6;
    %store/vec4 v000001d1a752d500_0, 0, 8;
    %load/vec4 v000001d1a752df00_0;
    %parti/s 8, 23, 6;
    %store/vec4 v000001d1a752db40_0, 0, 8;
    %load/vec4 v000001d1a752de60_0;
    %parti/s 1, 31, 6;
    %store/vec4 v000001d1a752dbe0_0, 0, 1;
    %load/vec4 v000001d1a752df00_0;
    %parti/s 1, 31, 6;
    %store/vec4 v000001d1a752dd20_0, 0, 1;
    %load/vec4 v000001d1a752d500_0;
    %pad/u 32;
    %cmpi/e 0, 0, 32;
    %jmp/0xz  T_0.0, 4;
    %pushi/vec4 1, 0, 8;
    %store/vec4 v000001d1a752d500_0, 0, 8;
    %pushi/vec4 0, 0, 1;
    %ix/load 4, 65, 0;
    %flag_set/imm 4, 0;
    %store/vec4 v000001d1a752d820_0, 4, 1;
    %jmp T_0.1;
T_0.0 ;
    %pushi/vec4 1, 0, 1;
    %ix/load 4, 65, 0;
    %flag_set/imm 4, 0;
    %store/vec4 v000001d1a752d820_0, 4, 1;
T_0.1 ;
    %load/vec4 v000001d1a752db40_0;
    %pad/u 32;
    %cmpi/e 0, 0, 32;
    %jmp/0xz  T_0.2, 4;
    %pushi/vec4 1, 0, 8;
    %store/vec4 v000001d1a752db40_0, 0, 8;
    %pushi/vec4 0, 0, 1;
    %ix/load 4, 65, 0;
    %flag_set/imm 4, 0;
    %store/vec4 v000001d1a752c560_0, 4, 1;
    %jmp T_0.3;
T_0.2 ;
    %pushi/vec4 1, 0, 1;
    %ix/load 4, 65, 0;
    %flag_set/imm 4, 0;
    %store/vec4 v000001d1a752c560_0, 4, 1;
T_0.3 ;
    %load/vec4 v000001d1a752d500_0;
    %pad/u 32;
    %cmpi/e 0, 0, 32;
    %flag_get/vec4 4;
    %jmp/0 T_0.6, 4;
    %load/vec4 v000001d1a752d820_0;
    %pushi/vec4 0, 0, 67;
    %cmp/e;
    %flag_get/vec4 4;
    %and;
T_0.6;
    %flag_set/vec4 8;
    %jmp/0xz  T_0.4, 8;
    %load/vec4 v000001d1a752dd20_0;
    %store/vec4 v000001d1a752ddc0_0, 0, 1;
    %load/vec4 v000001d1a752db40_0;
    %store/vec4 v000001d1a752d780_0, 0, 8;
    %load/vec4 v000001d1a752c560_0;
    %store/vec4 v000001d1a752d8c0_0, 0, 67;
    %jmp T_0.5;
T_0.4 ;
    %load/vec4 v000001d1a752db40_0;
    %pad/u 32;
    %cmpi/e 0, 0, 32;
    %flag_get/vec4 4;
    %jmp/0 T_0.9, 4;
    %load/vec4 v000001d1a752c560_0;
    %pushi/vec4 0, 0, 67;
    %cmp/e;
    %flag_get/vec4 4;
    %and;
T_0.9;
    %flag_set/vec4 8;
    %jmp/0xz  T_0.7, 8;
    %load/vec4 v000001d1a752dbe0_0;
    %store/vec4 v000001d1a752ddc0_0, 0, 1;
    %load/vec4 v000001d1a752d500_0;
    %store/vec4 v000001d1a752d780_0, 0, 8;
    %load/vec4 v000001d1a752d820_0;
    %store/vec4 v000001d1a752d8c0_0, 0, 67;
T_0.7 ;
T_0.5 ;
    %load/vec4 v000001d1a752db40_0;
    %load/vec4 v000001d1a752d500_0;
    %cmp/u;
    %jmp/0xz  T_0.10, 5;
    %load/vec4 v000001d1a752c560_0;
    %load/vec4 v000001d1a752d500_0;
    %load/vec4 v000001d1a752db40_0;
    %sub;
    %ix/vec4 4;
    %shiftr 4;
    %store/vec4 v000001d1a752c560_0, 0, 67;
    %load/vec4 v000001d1a752d500_0;
    %store/vec4 v000001d1a752d780_0, 0, 8;
    %jmp T_0.11;
T_0.10 ;
    %load/vec4 v000001d1a752d500_0;
    %load/vec4 v000001d1a752db40_0;
    %cmp/u;
    %jmp/0xz  T_0.12, 5;
    %load/vec4 v000001d1a752d820_0;
    %load/vec4 v000001d1a752db40_0;
    %load/vec4 v000001d1a752d500_0;
    %sub;
    %ix/vec4 4;
    %shiftr 4;
    %store/vec4 v000001d1a752d820_0, 0, 67;
    %load/vec4 v000001d1a752db40_0;
    %store/vec4 v000001d1a752d780_0, 0, 8;
    %jmp T_0.13;
T_0.12 ;
    %load/vec4 v000001d1a752d500_0;
    %store/vec4 v000001d1a752d780_0, 0, 8;
T_0.13 ;
T_0.11 ;
    %load/vec4 v000001d1a752dbe0_0;
    %load/vec4 v000001d1a752dd20_0;
    %cmp/e;
    %jmp/0xz  T_0.14, 4;
    %load/vec4 v000001d1a752d820_0;
    %load/vec4 v000001d1a752c560_0;
    %add;
    %store/vec4 v000001d1a752d8c0_0, 0, 67;
    %load/vec4 v000001d1a752dbe0_0;
    %store/vec4 v000001d1a752ddc0_0, 0, 1;
    %jmp T_0.15;
T_0.14 ;
    %load/vec4 v000001d1a752c560_0;
    %load/vec4 v000001d1a752d820_0;
    %cmp/u;
    %flag_or 5, 4;
    %jmp/0xz  T_0.16, 5;
    %load/vec4 v000001d1a752d820_0;
    %load/vec4 v000001d1a752c560_0;
    %sub;
    %store/vec4 v000001d1a752d8c0_0, 0, 67;
    %load/vec4 v000001d1a752dbe0_0;
    %store/vec4 v000001d1a752ddc0_0, 0, 1;
    %jmp T_0.17;
T_0.16 ;
    %load/vec4 v000001d1a752c560_0;
    %load/vec4 v000001d1a752d820_0;
    %sub;
    %store/vec4 v000001d1a752d8c0_0, 0, 67;
    %load/vec4 v000001d1a752dd20_0;
    %store/vec4 v000001d1a752ddc0_0, 0, 1;
T_0.17 ;
T_0.15 ;
    %load/vec4 v000001d1a752d8c0_0;
    %store/vec4 v000001d1a752e0e0_0, 0, 67;
    %load/vec4 v000001d1a752d8c0_0;
    %parti/s 1, 66, 8;
    %flag_set/vec4 8;
    %jmp/0xz  T_0.18, 8;
    %load/vec4 v000001d1a752d8c0_0;
    %ix/load 4, 1, 0;
    %flag_set/imm 4, 0;
    %shiftr 4;
    %store/vec4 v000001d1a752d8c0_0, 0, 67;
    %load/vec4 v000001d1a752d780_0;
    %addi 1, 0, 8;
    %store/vec4 v000001d1a752d780_0, 0, 8;
T_0.18 ;
    %load/vec4 v000001d1a752d8c0_0;
    %parti/s 1, 66, 8;
    %flag_set/vec4 8;
    %jmp/0xz  T_0.20, 8;
    %load/vec4 v000001d1a752d8c0_0;
    %ix/load 4, 1, 0;
    %flag_set/imm 4, 0;
    %shiftr 4;
    %store/vec4 v000001d1a752d8c0_0, 0, 67;
    %load/vec4 v000001d1a752d780_0;
    %addi 1, 0, 8;
    %store/vec4 v000001d1a752d780_0, 0, 8;
T_0.20 ;
    %load/vec4 v000001d1a752d8c0_0;
    %parti/s 1, 65, 8;
    %flag_set/vec4 8;
    %jmp/0xz  T_0.22, 8;
    %jmp T_0.23;
T_0.22 ;
    %load/vec4 v000001d1a752d8c0_0;
    %parti/s 1, 65, 8;
    %pad/u 32;
    %cmpi/e 0, 0, 32;
    %jmp/0xz  T_0.24, 4;
T_0.26 ;
    %load/vec4 v000001d1a752d8c0_0;
    %parti/s 1, 65, 8;
    %pad/u 32;
    %cmpi/e 0, 0, 32;
    %flag_get/vec4 4;
    %jmp/0 T_0.28, 4;
    %pushi/vec4 0, 0, 32;
    %load/vec4 v000001d1a752d8c0_0;
    %parti/s 23, 42, 7;
    %pad/u 32;
    %cmp/u;
    %flag_get/vec4 5;
    %and;
T_0.28;
    %flag_set/vec4 8;
    %jmp/0xz T_0.27, 8;
    %load/vec4 v000001d1a752d8c0_0;
    %ix/load 4, 1, 0;
    %flag_set/imm 4, 0;
    %shiftl 4;
    %store/vec4 v000001d1a752d8c0_0, 0, 67;
    %load/vec4 v000001d1a752d780_0;
    %subi 1, 0, 8;
    %store/vec4 v000001d1a752d780_0, 0, 8;
    %jmp T_0.26;
T_0.27 ;
T_0.24 ;
T_0.23 ;
    %load/vec4 v000001d1a752d8c0_0;
    %parti/s 1, 41, 7;
    %store/vec4 v000001d1a752c600_0, 0, 1;
    %load/vec4 v000001d1a752d8c0_0;
    %parti/s 1, 40, 7;
    %store/vec4 v000001d1a752daa0_0, 0, 1;
    %load/vec4 v000001d1a752d8c0_0;
    %parti/s 40, 0, 2;
    %cmpi/u 0, 0, 40;
    %flag_or 5, 4; GT is !LE
    %flag_inv 5;
    %jmp/0xz  T_0.29, 5;
    %pushi/vec4 1, 0, 1;
    %store/vec4 v000001d1a752dfa0_0, 0, 1;
    %jmp T_0.30;
T_0.29 ;
    %pushi/vec4 0, 0, 1;
    %store/vec4 v000001d1a752dfa0_0, 0, 1;
T_0.30 ;
    %load/vec4 v000001d1a752c600_0;
    %flag_set/vec4 9;
    %flag_get/vec4 9;
    %jmp/0 T_0.33, 9;
    %load/vec4 v000001d1a752d8c0_0;
    %parti/s 1, 42, 7;
    %load/vec4 v000001d1a752daa0_0;
    %or;
    %load/vec4 v000001d1a752dfa0_0;
    %or;
    %and;
T_0.33;
    %flag_set/vec4 8;
    %jmp/0xz  T_0.31, 8;
    %load/vec4 v000001d1a752d8c0_0;
    %pushi/vec4 2147483648, 0, 56;
    %concati/vec4 0, 0, 11;
    %add;
    %store/vec4 v000001d1a752d8c0_0, 0, 67;
T_0.31 ;
    %load/vec4 v000001d1a752d8c0_0;
    %parti/s 23, 42, 7;
    %ix/load 4, 0, 0;
    %flag_set/imm 4, 0;
    %store/vec4 v000001d1a752da00_0, 4, 23;
    %load/vec4 v000001d1a752d780_0;
    %ix/load 4, 23, 0;
    %flag_set/imm 4, 0;
    %store/vec4 v000001d1a752da00_0, 4, 8;
    %load/vec4 v000001d1a752ddc0_0;
    %ix/load 4, 31, 0;
    %flag_set/imm 4, 0;
    %store/vec4 v000001d1a752da00_0, 4, 1;
    %load/vec4 v000001d1a752d8c0_0;
    %cmpi/e 0, 0, 67;
    %jmp/0xz  T_0.34, 4;
    %pushi/vec4 0, 0, 32;
    %store/vec4 v000001d1a752da00_0, 0, 32;
T_0.34 ;
    %load/vec4 v000001d1a752d780_0;
    %cmpi/e 255, 0, 8;
    %jmp/0xz  T_0.36, 4;
    %pushi/vec4 0, 0, 67;
    %store/vec4 v000001d1a752d8c0_0, 0, 67;
T_0.36 ;
    %load/vec4 v000001d1a752d8c0_0;
    %parti/s 23, 42, 7;
    %ix/load 4, 0, 0;
    %flag_set/imm 4, 0;
    %store/vec4 v000001d1a752da00_0, 4, 23;
    %jmp T_0;
    .thread T_0, $push;
    .scope S_000001d1a74d21d0;
T_1 ;
    %wait E_000001d1a754c090;
    %pushi/vec4 0, 0, 2;
    %load/vec4 v000001d1a7565e70_0;
    %parti/s 23, 0, 2;
    %concat/vec4; draw_concat_vec4
    %concati/vec4 0, 0, 42;
    %store/vec4 v000001d1a7566910_0, 0, 67;
    %pushi/vec4 0, 0, 2;
    %load/vec4 v000001d1a75669b0_0;
    %parti/s 23, 0, 2;
    %concat/vec4; draw_concat_vec4
    %concati/vec4 0, 0, 42;
    %store/vec4 v000001d1a7565970_0, 0, 67;
    %load/vec4 v000001d1a7565e70_0;
    %parti/s 8, 23, 6;
    %store/vec4 v000001d1a752e040_0, 0, 8;
    %load/vec4 v000001d1a75669b0_0;
    %parti/s 8, 23, 6;
    %store/vec4 v000001d1a752c240_0, 0, 8;
    %load/vec4 v000001d1a7565e70_0;
    %parti/s 1, 31, 6;
    %store/vec4 v000001d1a75673b0_0, 0, 1;
    %load/vec4 v000001d1a75669b0_0;
    %parti/s 1, 31, 6;
    %store/vec4 v000001d1a75664b0_0, 0, 1;
    %load/vec4 v000001d1a752e040_0;
    %pad/u 32;
    %cmpi/e 0, 0, 32;
    %jmp/0xz  T_1.0, 4;
    %pushi/vec4 1, 0, 8;
    %store/vec4 v000001d1a752e040_0, 0, 8;
    %pushi/vec4 0, 0, 1;
    %ix/load 4, 65, 0;
    %flag_set/imm 4, 0;
    %store/vec4 v000001d1a7566910_0, 4, 1;
    %jmp T_1.1;
T_1.0 ;
    %pushi/vec4 1, 0, 1;
    %ix/load 4, 65, 0;
    %flag_set/imm 4, 0;
    %store/vec4 v000001d1a7566910_0, 4, 1;
T_1.1 ;
    %load/vec4 v000001d1a752c240_0;
    %pad/u 32;
    %cmpi/e 0, 0, 32;
    %jmp/0xz  T_1.2, 4;
    %pushi/vec4 1, 0, 8;
    %store/vec4 v000001d1a752c240_0, 0, 8;
    %pushi/vec4 0, 0, 1;
    %ix/load 4, 65, 0;
    %flag_set/imm 4, 0;
    %store/vec4 v000001d1a7565970_0, 4, 1;
    %jmp T_1.3;
T_1.2 ;
    %pushi/vec4 1, 0, 1;
    %ix/load 4, 65, 0;
    %flag_set/imm 4, 0;
    %store/vec4 v000001d1a7565970_0, 4, 1;
T_1.3 ;
    %load/vec4 v000001d1a752e040_0;
    %pad/u 32;
    %cmpi/e 0, 0, 32;
    %flag_get/vec4 4;
    %jmp/0 T_1.6, 4;
    %load/vec4 v000001d1a7566910_0;
    %pushi/vec4 0, 0, 67;
    %cmp/e;
    %flag_get/vec4 4;
    %and;
T_1.6;
    %flag_set/vec4 8;
    %jmp/0xz  T_1.4, 8;
    %load/vec4 v000001d1a75664b0_0;
    %store/vec4 v000001d1a7565fb0_0, 0, 1;
    %load/vec4 v000001d1a752c240_0;
    %store/vec4 v000001d1a752c2e0_0, 0, 8;
    %load/vec4 v000001d1a7565970_0;
    %store/vec4 v000001d1a75667d0_0, 0, 67;
    %jmp T_1.5;
T_1.4 ;
    %load/vec4 v000001d1a752c240_0;
    %pad/u 32;
    %cmpi/e 0, 0, 32;
    %flag_get/vec4 4;
    %jmp/0 T_1.9, 4;
    %load/vec4 v000001d1a7565970_0;
    %pushi/vec4 0, 0, 67;
    %cmp/e;
    %flag_get/vec4 4;
    %and;
T_1.9;
    %flag_set/vec4 8;
    %jmp/0xz  T_1.7, 8;
    %load/vec4 v000001d1a75673b0_0;
    %store/vec4 v000001d1a7565fb0_0, 0, 1;
    %load/vec4 v000001d1a752e040_0;
    %store/vec4 v000001d1a752c2e0_0, 0, 8;
    %load/vec4 v000001d1a7566910_0;
    %store/vec4 v000001d1a75667d0_0, 0, 67;
T_1.7 ;
T_1.5 ;
    %load/vec4 v000001d1a752c240_0;
    %load/vec4 v000001d1a752e040_0;
    %cmp/u;
    %jmp/0xz  T_1.10, 5;
    %load/vec4 v000001d1a7565970_0;
    %load/vec4 v000001d1a752e040_0;
    %load/vec4 v000001d1a752c240_0;
    %sub;
    %ix/vec4 4;
    %shiftr 4;
    %store/vec4 v000001d1a7565970_0, 0, 67;
    %load/vec4 v000001d1a752e040_0;
    %store/vec4 v000001d1a752c2e0_0, 0, 8;
    %jmp T_1.11;
T_1.10 ;
    %load/vec4 v000001d1a752e040_0;
    %load/vec4 v000001d1a752c240_0;
    %cmp/u;
    %jmp/0xz  T_1.12, 5;
    %load/vec4 v000001d1a7566910_0;
    %load/vec4 v000001d1a752c240_0;
    %load/vec4 v000001d1a752e040_0;
    %sub;
    %ix/vec4 4;
    %shiftr 4;
    %store/vec4 v000001d1a7566910_0, 0, 67;
    %load/vec4 v000001d1a752c240_0;
    %store/vec4 v000001d1a752c2e0_0, 0, 8;
    %jmp T_1.13;
T_1.12 ;
    %load/vec4 v000001d1a752e040_0;
    %store/vec4 v000001d1a752c2e0_0, 0, 8;
T_1.13 ;
T_1.11 ;
    %load/vec4 v000001d1a75673b0_0;
    %load/vec4 v000001d1a75664b0_0;
    %cmp/e;
    %jmp/0xz  T_1.14, 4;
    %load/vec4 v000001d1a7566910_0;
    %load/vec4 v000001d1a7565970_0;
    %add;
    %store/vec4 v000001d1a75667d0_0, 0, 67;
    %load/vec4 v000001d1a75673b0_0;
    %store/vec4 v000001d1a7565fb0_0, 0, 1;
    %jmp T_1.15;
T_1.14 ;
    %load/vec4 v000001d1a7565970_0;
    %load/vec4 v000001d1a7566910_0;
    %cmp/u;
    %flag_or 5, 4;
    %jmp/0xz  T_1.16, 5;
    %load/vec4 v000001d1a7566910_0;
    %load/vec4 v000001d1a7565970_0;
    %sub;
    %store/vec4 v000001d1a75667d0_0, 0, 67;
    %load/vec4 v000001d1a75673b0_0;
    %store/vec4 v000001d1a7565fb0_0, 0, 1;
    %jmp T_1.17;
T_1.16 ;
    %load/vec4 v000001d1a7565970_0;
    %load/vec4 v000001d1a7566910_0;
    %sub;
    %store/vec4 v000001d1a75667d0_0, 0, 67;
    %load/vec4 v000001d1a75664b0_0;
    %store/vec4 v000001d1a7565fb0_0, 0, 1;
T_1.17 ;
T_1.15 ;
    %load/vec4 v000001d1a75667d0_0;
    %store/vec4 v000001d1a7565c90_0, 0, 67;
    %load/vec4 v000001d1a75667d0_0;
    %parti/s 1, 66, 8;
    %flag_set/vec4 8;
    %jmp/0xz  T_1.18, 8;
    %load/vec4 v000001d1a75667d0_0;
    %ix/load 4, 1, 0;
    %flag_set/imm 4, 0;
    %shiftr 4;
    %store/vec4 v000001d1a75667d0_0, 0, 67;
    %load/vec4 v000001d1a752c2e0_0;
    %addi 1, 0, 8;
    %store/vec4 v000001d1a752c2e0_0, 0, 8;
T_1.18 ;
    %load/vec4 v000001d1a75667d0_0;
    %parti/s 1, 66, 8;
    %flag_set/vec4 8;
    %jmp/0xz  T_1.20, 8;
    %load/vec4 v000001d1a75667d0_0;
    %ix/load 4, 1, 0;
    %flag_set/imm 4, 0;
    %shiftr 4;
    %store/vec4 v000001d1a75667d0_0, 0, 67;
    %load/vec4 v000001d1a752c2e0_0;
    %addi 1, 0, 8;
    %store/vec4 v000001d1a752c2e0_0, 0, 8;
T_1.20 ;
    %load/vec4 v000001d1a75667d0_0;
    %parti/s 1, 65, 8;
    %flag_set/vec4 8;
    %jmp/0xz  T_1.22, 8;
    %jmp T_1.23;
T_1.22 ;
    %load/vec4 v000001d1a75667d0_0;
    %parti/s 1, 65, 8;
    %pad/u 32;
    %cmpi/e 0, 0, 32;
    %jmp/0xz  T_1.24, 4;
T_1.26 ;
    %load/vec4 v000001d1a75667d0_0;
    %parti/s 1, 65, 8;
    %pad/u 32;
    %cmpi/e 0, 0, 32;
    %flag_get/vec4 4;
    %jmp/0 T_1.28, 4;
    %pushi/vec4 0, 0, 32;
    %load/vec4 v000001d1a75667d0_0;
    %parti/s 23, 42, 7;
    %pad/u 32;
    %cmp/u;
    %flag_get/vec4 5;
    %and;
T_1.28;
    %flag_set/vec4 8;
    %jmp/0xz T_1.27, 8;
    %load/vec4 v000001d1a75667d0_0;
    %ix/load 4, 1, 0;
    %flag_set/imm 4, 0;
    %shiftl 4;
    %store/vec4 v000001d1a75667d0_0, 0, 67;
    %load/vec4 v000001d1a752c2e0_0;
    %subi 1, 0, 8;
    %store/vec4 v000001d1a752c2e0_0, 0, 8;
    %jmp T_1.26;
T_1.27 ;
T_1.24 ;
T_1.23 ;
    %load/vec4 v000001d1a75667d0_0;
    %parti/s 1, 41, 7;
    %store/vec4 v000001d1a7566410_0, 0, 1;
    %load/vec4 v000001d1a75667d0_0;
    %parti/s 1, 40, 7;
    %store/vec4 v000001d1a7566e10_0, 0, 1;
    %load/vec4 v000001d1a75667d0_0;
    %parti/s 40, 0, 2;
    %cmpi/u 0, 0, 40;
    %flag_or 5, 4; GT is !LE
    %flag_inv 5;
    %jmp/0xz  T_1.29, 5;
    %pushi/vec4 1, 0, 1;
    %store/vec4 v000001d1a7565510_0, 0, 1;
    %jmp T_1.30;
T_1.29 ;
    %pushi/vec4 0, 0, 1;
    %store/vec4 v000001d1a7565510_0, 0, 1;
T_1.30 ;
    %load/vec4 v000001d1a7566410_0;
    %flag_set/vec4 9;
    %flag_get/vec4 9;
    %jmp/0 T_1.33, 9;
    %load/vec4 v000001d1a75667d0_0;
    %parti/s 1, 42, 7;
    %load/vec4 v000001d1a7566e10_0;
    %or;
    %load/vec4 v000001d1a7565510_0;
    %or;
    %and;
T_1.33;
    %flag_set/vec4 8;
    %jmp/0xz  T_1.31, 8;
    %load/vec4 v000001d1a75667d0_0;
    %pushi/vec4 2147483648, 0, 56;
    %concati/vec4 0, 0, 11;
    %add;
    %store/vec4 v000001d1a75667d0_0, 0, 67;
T_1.31 ;
    %load/vec4 v000001d1a75667d0_0;
    %parti/s 23, 42, 7;
    %ix/load 4, 0, 0;
    %flag_set/imm 4, 0;
    %store/vec4 v000001d1a75671d0_0, 4, 23;
    %load/vec4 v000001d1a752c2e0_0;
    %ix/load 4, 23, 0;
    %flag_set/imm 4, 0;
    %store/vec4 v000001d1a75671d0_0, 4, 8;
    %load/vec4 v000001d1a7565fb0_0;
    %ix/load 4, 31, 0;
    %flag_set/imm 4, 0;
    %store/vec4 v000001d1a75671d0_0, 4, 1;
    %load/vec4 v000001d1a75667d0_0;
    %cmpi/e 0, 0, 67;
    %jmp/0xz  T_1.34, 4;
    %pushi/vec4 0, 0, 32;
    %store/vec4 v000001d1a75671d0_0, 0, 32;
T_1.34 ;
    %load/vec4 v000001d1a752c2e0_0;
    %cmpi/e 255, 0, 8;
    %jmp/0xz  T_1.36, 4;
    %pushi/vec4 0, 0, 67;
    %store/vec4 v000001d1a75667d0_0, 0, 67;
T_1.36 ;
    %load/vec4 v000001d1a75667d0_0;
    %parti/s 23, 42, 7;
    %ix/load 4, 0, 0;
    %flag_set/imm 4, 0;
    %store/vec4 v000001d1a75671d0_0, 4, 23;
    %jmp T_1;
    .thread T_1, $push;
    .scope S_000001d1a74d2360;
T_2 ;
    %wait E_000001d1a754c110;
    %pushi/vec4 0, 0, 2;
    %load/vec4 v000001d1a7566eb0_0;
    %parti/s 23, 0, 2;
    %concat/vec4; draw_concat_vec4
    %concati/vec4 0, 0, 42;
    %store/vec4 v000001d1a7566870_0, 0, 67;
    %pushi/vec4 0, 0, 2;
    %load/vec4 v000001d1a7566b90_0;
    %parti/s 23, 0, 2;
    %concat/vec4; draw_concat_vec4
    %concati/vec4 0, 0, 42;
    %store/vec4 v000001d1a75656f0_0, 0, 67;
    %load/vec4 v000001d1a7566eb0_0;
    %parti/s 8, 23, 6;
    %store/vec4 v000001d1a7566190_0, 0, 8;
    %load/vec4 v000001d1a7566b90_0;
    %parti/s 8, 23, 6;
    %store/vec4 v000001d1a7566230_0, 0, 8;
    %load/vec4 v000001d1a7566eb0_0;
    %parti/s 1, 31, 6;
    %store/vec4 v000001d1a7565790_0, 0, 1;
    %load/vec4 v000001d1a7566b90_0;
    %parti/s 1, 31, 6;
    %store/vec4 v000001d1a7566af0_0, 0, 1;
    %load/vec4 v000001d1a7566190_0;
    %pad/u 32;
    %cmpi/e 0, 0, 32;
    %jmp/0xz  T_2.0, 4;
    %pushi/vec4 1, 0, 8;
    %store/vec4 v000001d1a7566190_0, 0, 8;
    %pushi/vec4 0, 0, 1;
    %ix/load 4, 65, 0;
    %flag_set/imm 4, 0;
    %store/vec4 v000001d1a7566870_0, 4, 1;
    %jmp T_2.1;
T_2.0 ;
    %pushi/vec4 1, 0, 1;
    %ix/load 4, 65, 0;
    %flag_set/imm 4, 0;
    %store/vec4 v000001d1a7566870_0, 4, 1;
T_2.1 ;
    %load/vec4 v000001d1a7566230_0;
    %pad/u 32;
    %cmpi/e 0, 0, 32;
    %jmp/0xz  T_2.2, 4;
    %pushi/vec4 1, 0, 8;
    %store/vec4 v000001d1a7566230_0, 0, 8;
    %pushi/vec4 0, 0, 1;
    %ix/load 4, 65, 0;
    %flag_set/imm 4, 0;
    %store/vec4 v000001d1a75656f0_0, 4, 1;
    %jmp T_2.3;
T_2.2 ;
    %pushi/vec4 1, 0, 1;
    %ix/load 4, 65, 0;
    %flag_set/imm 4, 0;
    %store/vec4 v000001d1a75656f0_0, 4, 1;
T_2.3 ;
    %load/vec4 v000001d1a7566190_0;
    %pad/u 32;
    %cmpi/e 0, 0, 32;
    %flag_get/vec4 4;
    %jmp/0 T_2.6, 4;
    %load/vec4 v000001d1a7566870_0;
    %pushi/vec4 0, 0, 67;
    %cmp/e;
    %flag_get/vec4 4;
    %and;
T_2.6;
    %flag_set/vec4 8;
    %jmp/0xz  T_2.4, 8;
    %load/vec4 v000001d1a7566af0_0;
    %store/vec4 v000001d1a7566050_0, 0, 1;
    %load/vec4 v000001d1a7566230_0;
    %store/vec4 v000001d1a7565b50_0, 0, 8;
    %load/vec4 v000001d1a75656f0_0;
    %store/vec4 v000001d1a7565ab0_0, 0, 67;
    %jmp T_2.5;
T_2.4 ;
    %load/vec4 v000001d1a7566230_0;
    %pad/u 32;
    %cmpi/e 0, 0, 32;
    %flag_get/vec4 4;
    %jmp/0 T_2.9, 4;
    %load/vec4 v000001d1a75656f0_0;
    %pushi/vec4 0, 0, 67;
    %cmp/e;
    %flag_get/vec4 4;
    %and;
T_2.9;
    %flag_set/vec4 8;
    %jmp/0xz  T_2.7, 8;
    %load/vec4 v000001d1a7565790_0;
    %store/vec4 v000001d1a7566050_0, 0, 1;
    %load/vec4 v000001d1a7566190_0;
    %store/vec4 v000001d1a7565b50_0, 0, 8;
    %load/vec4 v000001d1a7566870_0;
    %store/vec4 v000001d1a7565ab0_0, 0, 67;
T_2.7 ;
T_2.5 ;
    %load/vec4 v000001d1a7566230_0;
    %load/vec4 v000001d1a7566190_0;
    %cmp/u;
    %jmp/0xz  T_2.10, 5;
    %load/vec4 v000001d1a75656f0_0;
    %load/vec4 v000001d1a7566190_0;
    %load/vec4 v000001d1a7566230_0;
    %sub;
    %ix/vec4 4;
    %shiftr 4;
    %store/vec4 v000001d1a75656f0_0, 0, 67;
    %load/vec4 v000001d1a7566190_0;
    %store/vec4 v000001d1a7565b50_0, 0, 8;
    %jmp T_2.11;
T_2.10 ;
    %load/vec4 v000001d1a7566190_0;
    %load/vec4 v000001d1a7566230_0;
    %cmp/u;
    %jmp/0xz  T_2.12, 5;
    %load/vec4 v000001d1a7566870_0;
    %load/vec4 v000001d1a7566230_0;
    %load/vec4 v000001d1a7566190_0;
    %sub;
    %ix/vec4 4;
    %shiftr 4;
    %store/vec4 v000001d1a7566870_0, 0, 67;
    %load/vec4 v000001d1a7566230_0;
    %store/vec4 v000001d1a7565b50_0, 0, 8;
    %jmp T_2.13;
T_2.12 ;
    %load/vec4 v000001d1a7566190_0;
    %store/vec4 v000001d1a7565b50_0, 0, 8;
T_2.13 ;
T_2.11 ;
    %load/vec4 v000001d1a7565790_0;
    %load/vec4 v000001d1a7566af0_0;
    %cmp/e;
    %jmp/0xz  T_2.14, 4;
    %load/vec4 v000001d1a7566870_0;
    %load/vec4 v000001d1a75656f0_0;
    %add;
    %store/vec4 v000001d1a7565ab0_0, 0, 67;
    %load/vec4 v000001d1a7565790_0;
    %store/vec4 v000001d1a7566050_0, 0, 1;
    %jmp T_2.15;
T_2.14 ;
    %load/vec4 v000001d1a75656f0_0;
    %load/vec4 v000001d1a7566870_0;
    %cmp/u;
    %flag_or 5, 4;
    %jmp/0xz  T_2.16, 5;
    %load/vec4 v000001d1a7566870_0;
    %load/vec4 v000001d1a75656f0_0;
    %sub;
    %store/vec4 v000001d1a7565ab0_0, 0, 67;
    %load/vec4 v000001d1a7565790_0;
    %store/vec4 v000001d1a7566050_0, 0, 1;
    %jmp T_2.17;
T_2.16 ;
    %load/vec4 v000001d1a75656f0_0;
    %load/vec4 v000001d1a7566870_0;
    %sub;
    %store/vec4 v000001d1a7565ab0_0, 0, 67;
    %load/vec4 v000001d1a7566af0_0;
    %store/vec4 v000001d1a7566050_0, 0, 1;
T_2.17 ;
T_2.15 ;
    %load/vec4 v000001d1a7565ab0_0;
    %store/vec4 v000001d1a7565f10_0, 0, 67;
    %load/vec4 v000001d1a7565ab0_0;
    %parti/s 1, 66, 8;
    %flag_set/vec4 8;
    %jmp/0xz  T_2.18, 8;
    %load/vec4 v000001d1a7565ab0_0;
    %ix/load 4, 1, 0;
    %flag_set/imm 4, 0;
    %shiftr 4;
    %store/vec4 v000001d1a7565ab0_0, 0, 67;
    %load/vec4 v000001d1a7565b50_0;
    %addi 1, 0, 8;
    %store/vec4 v000001d1a7565b50_0, 0, 8;
T_2.18 ;
    %load/vec4 v000001d1a7565ab0_0;
    %parti/s 1, 66, 8;
    %flag_set/vec4 8;
    %jmp/0xz  T_2.20, 8;
    %load/vec4 v000001d1a7565ab0_0;
    %ix/load 4, 1, 0;
    %flag_set/imm 4, 0;
    %shiftr 4;
    %store/vec4 v000001d1a7565ab0_0, 0, 67;
    %load/vec4 v000001d1a7565b50_0;
    %addi 1, 0, 8;
    %store/vec4 v000001d1a7565b50_0, 0, 8;
T_2.20 ;
    %load/vec4 v000001d1a7565ab0_0;
    %parti/s 1, 65, 8;
    %flag_set/vec4 8;
    %jmp/0xz  T_2.22, 8;
    %jmp T_2.23;
T_2.22 ;
    %load/vec4 v000001d1a7565ab0_0;
    %parti/s 1, 65, 8;
    %pad/u 32;
    %cmpi/e 0, 0, 32;
    %jmp/0xz  T_2.24, 4;
T_2.26 ;
    %load/vec4 v000001d1a7565ab0_0;
    %parti/s 1, 65, 8;
    %pad/u 32;
    %cmpi/e 0, 0, 32;
    %flag_get/vec4 4;
    %jmp/0 T_2.28, 4;
    %pushi/vec4 0, 0, 32;
    %load/vec4 v000001d1a7565ab0_0;
    %parti/s 23, 42, 7;
    %pad/u 32;
    %cmp/u;
    %flag_get/vec4 5;
    %and;
T_2.28;
    %flag_set/vec4 8;
    %jmp/0xz T_2.27, 8;
    %load/vec4 v000001d1a7565ab0_0;
    %ix/load 4, 1, 0;
    %flag_set/imm 4, 0;
    %shiftl 4;
    %store/vec4 v000001d1a7565ab0_0, 0, 67;
    %load/vec4 v000001d1a7565b50_0;
    %subi 1, 0, 8;
    %store/vec4 v000001d1a7565b50_0, 0, 8;
    %jmp T_2.26;
T_2.27 ;
T_2.24 ;
T_2.23 ;
    %load/vec4 v000001d1a7565ab0_0;
    %parti/s 1, 41, 7;
    %store/vec4 v000001d1a7566730_0, 0, 1;
    %load/vec4 v000001d1a7565ab0_0;
    %parti/s 1, 40, 7;
    %store/vec4 v000001d1a7566a50_0, 0, 1;
    %load/vec4 v000001d1a7565ab0_0;
    %parti/s 40, 0, 2;
    %cmpi/u 0, 0, 40;
    %flag_or 5, 4; GT is !LE
    %flag_inv 5;
    %jmp/0xz  T_2.29, 5;
    %pushi/vec4 1, 0, 1;
    %store/vec4 v000001d1a7566c30_0, 0, 1;
    %jmp T_2.30;
T_2.29 ;
    %pushi/vec4 0, 0, 1;
    %store/vec4 v000001d1a7566c30_0, 0, 1;
T_2.30 ;
    %load/vec4 v000001d1a7566730_0;
    %flag_set/vec4 9;
    %flag_get/vec4 9;
    %jmp/0 T_2.33, 9;
    %load/vec4 v000001d1a7565ab0_0;
    %parti/s 1, 42, 7;
    %load/vec4 v000001d1a7566a50_0;
    %or;
    %load/vec4 v000001d1a7566c30_0;
    %or;
    %and;
T_2.33;
    %flag_set/vec4 8;
    %jmp/0xz  T_2.31, 8;
    %load/vec4 v000001d1a7565ab0_0;
    %pushi/vec4 2147483648, 0, 56;
    %concati/vec4 0, 0, 11;
    %add;
    %store/vec4 v000001d1a7565ab0_0, 0, 67;
T_2.31 ;
    %load/vec4 v000001d1a7565ab0_0;
    %parti/s 23, 42, 7;
    %ix/load 4, 0, 0;
    %flag_set/imm 4, 0;
    %store/vec4 v000001d1a7566550_0, 4, 23;
    %load/vec4 v000001d1a7565b50_0;
    %ix/load 4, 23, 0;
    %flag_set/imm 4, 0;
    %store/vec4 v000001d1a7566550_0, 4, 8;
    %load/vec4 v000001d1a7566050_0;
    %ix/load 4, 31, 0;
    %flag_set/imm 4, 0;
    %store/vec4 v000001d1a7566550_0, 4, 1;
    %load/vec4 v000001d1a7565ab0_0;
    %cmpi/e 0, 0, 67;
    %jmp/0xz  T_2.34, 4;
    %pushi/vec4 0, 0, 32;
    %store/vec4 v000001d1a7566550_0, 0, 32;
T_2.34 ;
    %load/vec4 v000001d1a7565b50_0;
    %cmpi/e 255, 0, 8;
    %jmp/0xz  T_2.36, 4;
    %pushi/vec4 0, 0, 67;
    %store/vec4 v000001d1a7565ab0_0, 0, 67;
T_2.36 ;
    %load/vec4 v000001d1a7565ab0_0;
    %parti/s 23, 42, 7;
    %ix/load 4, 0, 0;
    %flag_set/imm 4, 0;
    %store/vec4 v000001d1a7566550_0, 4, 23;
    %jmp T_2;
    .thread T_2, $push;
# The file index is used to find the file name in the following table.
:file_names 5;
    "N/A";
    "<interactive>";
    "PU.v";
    "./adder.v";
    "./multiplier.v";
