#! /c/Source/iverilog-install/bin/vvp
:ivl_version "12.0 (devel)" "(s20150603-1539-g2693dd32b)";
:ivl_delay_selection "TYPICAL";
:vpi_time_precision + 0;
:vpi_module "F:\iverilog\lib\ivl\system.vpi";
:vpi_module "F:\iverilog\lib\ivl\vhdl_sys.vpi";
:vpi_module "F:\iverilog\lib\ivl\vhdl_textio.vpi";
:vpi_module "F:\iverilog\lib\ivl\v2005_math.vpi";
:vpi_module "F:\iverilog\lib\ivl\va_math.vpi";
S_000002a4ee9ccf30 .scope module, "PU_TB" "PU_TB" 2 3;
 .timescale 0 0;
v000002a4eeb408f0_0 .net "result", 31 0, v000002a4eeb2f1b0_0;  1 drivers
v000002a4eeb40cb0_0 .var "w1", 31 0;
v000002a4eeb41610_0 .var "w2", 31 0;
v000002a4eeb40d50_0 .var "w3", 31 0;
v000002a4eeb40df0_0 .var "w4", 31 0;
v000002a4eeb416b0_0 .var "x1", 31 0;
v000002a4eeb41b10_0 .var "x2", 31 0;
v000002a4eeb41a70_0 .var "x3", 31 0;
v000002a4eeb417f0_0 .var "x4", 31 0;
S_000002a4ee9cd0c0 .scope module, "PU_instance" "PU" 2 8, 3 4 0, S_000002a4ee9ccf30;
 .timescale 0 0;
    .port_info 0 /INPUT 32 "x1";
    .port_info 1 /INPUT 32 "x2";
    .port_info 2 /INPUT 32 "x3";
    .port_info 3 /INPUT 32 "x4";
    .port_info 4 /INPUT 32 "w1";
    .port_info 5 /INPUT 32 "w2";
    .port_info 6 /INPUT 32 "w3";
    .port_info 7 /INPUT 32 "w4";
    .port_info 8 /OUTPUT 32 "result";
v000002a4eeb41570_0 .net "adder_1_out", 31 0, v000002a4eea4c030_0;  1 drivers
v000002a4eeb41750_0 .net "adder_2_out", 31 0, v000002a4eeb2f430_0;  1 drivers
v000002a4eeb41390_0 .net "mult_1_out", 31 0, L_000002a4eeb8bd10;  1 drivers
v000002a4eeb41430_0 .net "mult_2_out", 31 0, L_000002a4eeba5490;  1 drivers
v000002a4eeb41250_0 .net "mult_3_out", 31 0, L_000002a4eeba93b0;  1 drivers
v000002a4eeb40ad0_0 .net "mult_4_out", 31 0, L_000002a4eeba2b50;  1 drivers
v000002a4eeb41110_0 .net "result", 31 0, v000002a4eeb2f1b0_0;  alias, 1 drivers
v000002a4eeb41cf0_0 .net "w1", 31 0, v000002a4eeb40cb0_0;  1 drivers
v000002a4eeb414d0_0 .net "w2", 31 0, v000002a4eeb41610_0;  1 drivers
v000002a4eeb411b0_0 .net "w3", 31 0, v000002a4eeb40d50_0;  1 drivers
v000002a4eeb40e90_0 .net "w4", 31 0, v000002a4eeb40df0_0;  1 drivers
v000002a4eeb40fd0_0 .net "x1", 31 0, v000002a4eeb416b0_0;  1 drivers
v000002a4eeb40710_0 .net "x2", 31 0, v000002a4eeb41b10_0;  1 drivers
v000002a4eeb419d0_0 .net "x3", 31 0, v000002a4eeb41a70_0;  1 drivers
v000002a4eeb407b0_0 .net "x4", 31 0, v000002a4eeb417f0_0;  1 drivers
S_000002a4ee9e7660 .scope module, "add_instance1" "add" 3 14, 4 1 0, S_000002a4ee9cd0c0;
 .timescale 0 0;
    .port_info 0 /INPUT 32 "src1";
    .port_info 1 /INPUT 32 "src2";
    .port_info 2 /OUTPUT 32 "out";
v000002a4eea4b770_0 .var "exponent_1", 7 0;
v000002a4eea4bd10_0 .var "exponent_2", 7 0;
v000002a4eea4b310_0 .var "exponent_Ans", 7 0;
v000002a4eea4b590_0 .var "fraction_1", 66 0;
v000002a4eea4b810_0 .var "fraction_2", 66 0;
v000002a4eea4be50_0 .var "fraction_Ans", 66 0;
v000002a4eea4c7b0_0 .var "guard_bit", 0 0;
v000002a4eea4c030_0 .var "out", 31 0;
v000002a4eea4c170_0 .var "round_bit", 0 0;
v000002a4eea4c710_0 .var "sign_1", 0 0;
v000002a4eea4c210_0 .var "sign_2", 0 0;
v000002a4eea4c350_0 .var "sign_Ans", 0 0;
v000002a4eea4c490_0 .net "src1", 31 0, L_000002a4eeb8bd10;  alias, 1 drivers
v000002a4eea4c530_0 .net "src2", 31 0, L_000002a4eeba5490;  alias, 1 drivers
v000002a4eea4c5d0_0 .var "sticky_bit", 0 0;
v000002a4eea4c670_0 .var "sum", 66 0;
E_000002a4eea5dec0/0 .event anyedge, v000002a4eea4c490_0, v000002a4eea4c530_0, v000002a4eea4b770_0, v000002a4eea4bd10_0;
E_000002a4eea5dec0/1 .event anyedge, v000002a4eea4b590_0, v000002a4eea4c210_0, v000002a4eea4b810_0, v000002a4eea4c710_0;
E_000002a4eea5dec0/2 .event anyedge, v000002a4eea4be50_0, v000002a4eea4b310_0, v000002a4eea4c7b0_0, v000002a4eea4c170_0;
E_000002a4eea5dec0/3 .event anyedge, v000002a4eea4c5d0_0, v000002a4eea4c350_0;
E_000002a4eea5dec0 .event/or E_000002a4eea5dec0/0, E_000002a4eea5dec0/1, E_000002a4eea5dec0/2, E_000002a4eea5dec0/3;
S_000002a4ee9e77f0 .scope module, "add_instance2" "add" 3 15, 4 1 0, S_000002a4ee9cd0c0;
 .timescale 0 0;
    .port_info 0 /INPUT 32 "src1";
    .port_info 1 /INPUT 32 "src2";
    .port_info 2 /OUTPUT 32 "out";
v000002a4eea4c850_0 .var "exponent_1", 7 0;
v000002a4eea4cb70_0 .var "exponent_2", 7 0;
v000002a4eea4ad70_0 .var "exponent_Ans", 7 0;
v000002a4eeb30e70_0 .var "fraction_1", 66 0;
v000002a4eeb2f390_0 .var "fraction_2", 66 0;
v000002a4eeb30330_0 .var "fraction_Ans", 66 0;
v000002a4eeb2f4d0_0 .var "guard_bit", 0 0;
v000002a4eeb2f430_0 .var "out", 31 0;
v000002a4eeb30510_0 .var "round_bit", 0 0;
v000002a4eeb30290_0 .var "sign_1", 0 0;
v000002a4eeb2f930_0 .var "sign_2", 0 0;
v000002a4eeb30830_0 .var "sign_Ans", 0 0;
v000002a4eeb2f570_0 .net "src1", 31 0, L_000002a4eeba93b0;  alias, 1 drivers
v000002a4eeb30f10_0 .net "src2", 31 0, L_000002a4eeba2b50;  alias, 1 drivers
v000002a4eeb2f610_0 .var "sticky_bit", 0 0;
v000002a4eeb2f070_0 .var "sum", 66 0;
E_000002a4eea5db00/0 .event anyedge, v000002a4eeb2f570_0, v000002a4eeb30f10_0, v000002a4eea4c850_0, v000002a4eea4cb70_0;
E_000002a4eea5db00/1 .event anyedge, v000002a4eeb30e70_0, v000002a4eeb2f930_0, v000002a4eeb2f390_0, v000002a4eeb30290_0;
E_000002a4eea5db00/2 .event anyedge, v000002a4eeb30330_0, v000002a4eea4ad70_0, v000002a4eeb2f4d0_0, v000002a4eeb30510_0;
E_000002a4eea5db00/3 .event anyedge, v000002a4eeb2f610_0, v000002a4eeb30830_0;
E_000002a4eea5db00 .event/or E_000002a4eea5db00/0, E_000002a4eea5db00/1, E_000002a4eea5db00/2, E_000002a4eea5db00/3;
S_000002a4ee992da0 .scope module, "add_instance3" "add" 3 17, 4 1 0, S_000002a4ee9cd0c0;
 .timescale 0 0;
    .port_info 0 /INPUT 32 "src1";
    .port_info 1 /INPUT 32 "src2";
    .port_info 2 /OUTPUT 32 "out";
v000002a4eeb2f110_0 .var "exponent_1", 7 0;
v000002a4eeb2fd90_0 .var "exponent_2", 7 0;
v000002a4eeb2ff70_0 .var "exponent_Ans", 7 0;
v000002a4eeb30650_0 .var "fraction_1", 66 0;
v000002a4eeb305b0_0 .var "fraction_2", 66 0;
v000002a4eeb2f6b0_0 .var "fraction_Ans", 66 0;
v000002a4eeb308d0_0 .var "guard_bit", 0 0;
v000002a4eeb2f1b0_0 .var "out", 31 0;
v000002a4eeb306f0_0 .var "round_bit", 0 0;
v000002a4eeb303d0_0 .var "sign_1", 0 0;
v000002a4eeb2f250_0 .var "sign_2", 0 0;
v000002a4eeb30790_0 .var "sign_Ans", 0 0;
v000002a4eeb301f0_0 .net "src1", 31 0, v000002a4eea4c030_0;  alias, 1 drivers
v000002a4eeb2f2f0_0 .net "src2", 31 0, v000002a4eeb2f430_0;  alias, 1 drivers
v000002a4eeb30970_0 .var "sticky_bit", 0 0;
v000002a4eeb30470_0 .var "sum", 66 0;
E_000002a4eea5d900/0 .event anyedge, v000002a4eea4c030_0, v000002a4eeb2f430_0, v000002a4eeb2f110_0, v000002a4eeb2fd90_0;
E_000002a4eea5d900/1 .event anyedge, v000002a4eeb30650_0, v000002a4eeb2f250_0, v000002a4eeb305b0_0, v000002a4eeb303d0_0;
E_000002a4eea5d900/2 .event anyedge, v000002a4eeb2f6b0_0, v000002a4eeb2ff70_0, v000002a4eeb308d0_0, v000002a4eeb306f0_0;
E_000002a4eea5d900/3 .event anyedge, v000002a4eeb30970_0, v000002a4eeb30790_0;
E_000002a4eea5d900 .event/or E_000002a4eea5d900/0, E_000002a4eea5d900/1, E_000002a4eea5d900/2, E_000002a4eea5d900/3;
S_000002a4ee992f30 .scope module, "multiply_instance1" "multiply" 3 9, 5 1 0, S_000002a4ee9cd0c0;
 .timescale 0 0;
    .port_info 0 /INPUT 32 "a_operand";
    .port_info 1 /INPUT 32 "b_operand";
    .port_info 2 /OUTPUT 32 "result";
L_000002a4eea4a430 .functor XOR 1, L_000002a4eeb41890, L_000002a4eeb41930, C4<0>, C4<0>;
L_000002a4eea4a510 .functor OR 1, L_000002a4eeb41d90, L_000002a4eeb40990, C4<0>, C4<0>;
L_000002a4eea49c50 .functor AND 23, L_000002a4eeb8c710, L_000002a4eeb8a9b0, C4<11111111111111111111111>, C4<11111111111111111111111>;
L_000002a4eea4a7b0 .functor AND 1, L_000002a4eeb8ac30, L_000002a4eeb8aeb0, C4<1>, C4<1>;
L_000002a4eea4a890 .functor AND 1, L_000002a4eea4a7b0, L_000002a4eeb8b8b0, C4<1>, C4<1>;
L_000002a4eea4a580 .functor AND 1, L_000002a4eeb8ca30, L_000002a4eeb8af50, C4<1>, C4<1>;
L_000002a4eea49e80 .functor AND 1, L_000002a4eea4a580, L_000002a4eeb8bb30, C4<1>, C4<1>;
v000002a4eeb2f750_0 .net "Exception", 0 0, L_000002a4eea4a510;  1 drivers
v000002a4eeb2fcf0_0 .net "Overflow", 0 0, L_000002a4eea4a890;  1 drivers
v000002a4eeb2fe30_0 .net "Underflow", 0 0, L_000002a4eeb8ccb0;  1 drivers
v000002a4eeb30010_0 .net *"_ivl_1", 0 0, L_000002a4eeb41890;  1 drivers
L_000002a4eeb42848 .functor BUFT 1, C4<00000000000000000000000>, C4<0>, C4<0>, C4<0>;
v000002a4eeb30bf0_0 .net/2u *"_ivl_100", 22 0, L_000002a4eeb42848;  1 drivers
v000002a4eeb2f7f0_0 .net *"_ivl_102", 0 0, L_000002a4eeb8a7d0;  1 drivers
L_000002a4eeb42890 .functor BUFT 1, C4<1>, C4<0>, C4<0>, C4<0>;
v000002a4eeb30ab0_0 .net/2u *"_ivl_104", 0 0, L_000002a4eeb42890;  1 drivers
L_000002a4eeb428d8 .functor BUFT 1, C4<0>, C4<0>, C4<0>, C4<0>;
v000002a4eeb30a10_0 .net/2u *"_ivl_106", 0 0, L_000002a4eeb428d8;  1 drivers
v000002a4eeb2f890_0 .net *"_ivl_108", 0 0, L_000002a4eeb8bdb0;  1 drivers
v000002a4eeb300b0_0 .net *"_ivl_11", 7 0, L_000002a4eeb40850;  1 drivers
v000002a4eeb30b50_0 .net *"_ivl_113", 7 0, L_000002a4eeb8aaf0;  1 drivers
v000002a4eeb2f9d0_0 .net *"_ivl_114", 8 0, L_000002a4eeb8c7b0;  1 drivers
L_000002a4eeb42920 .functor BUFT 1, C4<0>, C4<0>, C4<0>, C4<0>;
v000002a4eeb30150_0 .net *"_ivl_117", 0 0, L_000002a4eeb42920;  1 drivers
v000002a4eeb30c90_0 .net *"_ivl_119", 7 0, L_000002a4eeb8c850;  1 drivers
v000002a4eeb30dd0_0 .net *"_ivl_120", 8 0, L_000002a4eeb8ad70;  1 drivers
L_000002a4eeb42968 .functor BUFT 1, C4<0>, C4<0>, C4<0>, C4<0>;
v000002a4eeb30d30_0 .net *"_ivl_123", 0 0, L_000002a4eeb42968;  1 drivers
L_000002a4eeb429b0 .functor BUFT 1, C4<001111111>, C4<0>, C4<0>, C4<0>;
v000002a4eeb2fa70_0 .net/2u *"_ivl_126", 8 0, L_000002a4eeb429b0;  1 drivers
v000002a4eeb2fb10_0 .net *"_ivl_128", 8 0, L_000002a4eeb8ae10;  1 drivers
v000002a4eeb2fed0_0 .net *"_ivl_13", 0 0, L_000002a4eeb40990;  1 drivers
v000002a4eeb2fbb0_0 .net *"_ivl_130", 8 0, L_000002a4eeb8b4f0;  1 drivers
L_000002a4eeb429f8 .functor BUFT 1, C4<00000000>, C4<0>, C4<0>, C4<0>;
v000002a4eeb2fc50_0 .net *"_ivl_133", 7 0, L_000002a4eeb429f8;  1 drivers
v000002a4eeb31da0_0 .net *"_ivl_137", 0 0, L_000002a4eeb8ac30;  1 drivers
v000002a4eeb32e80_0 .net *"_ivl_139", 0 0, L_000002a4eeb8b630;  1 drivers
v000002a4eeb320c0_0 .net *"_ivl_141", 0 0, L_000002a4eeb8aeb0;  1 drivers
v000002a4eeb31940_0 .net *"_ivl_142", 0 0, L_000002a4eea4a7b0;  1 drivers
v000002a4eeb31080_0 .net *"_ivl_145", 0 0, L_000002a4eeb8b8b0;  1 drivers
v000002a4eeb327a0_0 .net *"_ivl_149", 0 0, L_000002a4eeb8ca30;  1 drivers
v000002a4eeb311c0_0 .net *"_ivl_151", 0 0, L_000002a4eeb8af50;  1 drivers
v000002a4eeb32700_0 .net *"_ivl_152", 0 0, L_000002a4eea4a580;  1 drivers
v000002a4eeb322a0_0 .net *"_ivl_155", 0 0, L_000002a4eeb8bb30;  1 drivers
v000002a4eeb32ca0_0 .net *"_ivl_156", 0 0, L_000002a4eea49e80;  1 drivers
L_000002a4eeb42a40 .functor BUFT 1, C4<1>, C4<0>, C4<0>, C4<0>;
v000002a4eeb32de0_0 .net/2u *"_ivl_158", 0 0, L_000002a4eeb42a40;  1 drivers
L_000002a4eeb42a88 .functor BUFT 1, C4<0>, C4<0>, C4<0>, C4<0>;
v000002a4eeb32a20_0 .net/2u *"_ivl_160", 0 0, L_000002a4eeb42a88;  1 drivers
L_000002a4eeb42ad0 .functor BUFT 1, C4<00000000000000000000000000000000>, C4<0>, C4<0>, C4<0>;
v000002a4eeb32840_0 .net/2u *"_ivl_164", 31 0, L_000002a4eeb42ad0;  1 drivers
L_000002a4eeb42b18 .functor BUFT 1, C4<0000000000000000000000000000000>, C4<0>, C4<0>, C4<0>;
v000002a4eeb328e0_0 .net/2u *"_ivl_166", 30 0, L_000002a4eeb42b18;  1 drivers
v000002a4eeb32d40_0 .net *"_ivl_168", 31 0, L_000002a4eeb8a910;  1 drivers
v000002a4eeb31a80_0 .net *"_ivl_17", 7 0, L_000002a4eeb40a30;  1 drivers
L_000002a4eeb42b60 .functor BUFT 1, C4<11111111>, C4<0>, C4<0>, C4<0>;
v000002a4eeb32980_0 .net/2u *"_ivl_170", 7 0, L_000002a4eeb42b60;  1 drivers
L_000002a4eeb42ba8 .functor BUFT 1, C4<00000000000000000000000>, C4<0>, C4<0>, C4<0>;
v000002a4eeb32340_0 .net/2u *"_ivl_172", 22 0, L_000002a4eeb42ba8;  1 drivers
v000002a4eeb313a0_0 .net *"_ivl_174", 31 0, L_000002a4eeb8ba90;  1 drivers
L_000002a4eeb42bf0 .functor BUFT 1, C4<0000000000000000000000000000000>, C4<0>, C4<0>, C4<0>;
v000002a4eeb32b60_0 .net/2u *"_ivl_176", 30 0, L_000002a4eeb42bf0;  1 drivers
v000002a4eeb31b20_0 .net *"_ivl_178", 31 0, L_000002a4eeb8b310;  1 drivers
v000002a4eeb31ee0_0 .net *"_ivl_181", 7 0, L_000002a4eeb8b090;  1 drivers
v000002a4eeb316c0_0 .net *"_ivl_182", 31 0, L_000002a4eeb8c0d0;  1 drivers
v000002a4eeb323e0_0 .net *"_ivl_184", 31 0, L_000002a4eeb8aff0;  1 drivers
v000002a4eeb31120_0 .net *"_ivl_186", 31 0, L_000002a4eeb8bef0;  1 drivers
v000002a4eeb31580_0 .net *"_ivl_188", 31 0, L_000002a4eeb8bc70;  1 drivers
v000002a4eeb32f20_0 .net *"_ivl_19", 0 0, L_000002a4eeb40b70;  1 drivers
L_000002a4eeb424e8 .functor BUFT 1, C4<1>, C4<0>, C4<0>, C4<0>;
v000002a4eeb31f80_0 .net/2u *"_ivl_20", 0 0, L_000002a4eeb424e8;  1 drivers
v000002a4eeb31260_0 .net *"_ivl_23", 22 0, L_000002a4eeb8a730;  1 drivers
v000002a4eeb314e0_0 .net *"_ivl_24", 23 0, L_000002a4eeb8c990;  1 drivers
L_000002a4eeb42530 .functor BUFT 1, C4<0>, C4<0>, C4<0>, C4<0>;
v000002a4eeb32ac0_0 .net/2u *"_ivl_26", 0 0, L_000002a4eeb42530;  1 drivers
v000002a4eeb32480_0 .net *"_ivl_29", 22 0, L_000002a4eeb8c2b0;  1 drivers
v000002a4eeb32c00_0 .net *"_ivl_3", 0 0, L_000002a4eeb41930;  1 drivers
v000002a4eeb31620_0 .net *"_ivl_30", 23 0, L_000002a4eeb8a5f0;  1 drivers
v000002a4eeb31440_0 .net *"_ivl_35", 7 0, L_000002a4eeb8c030;  1 drivers
v000002a4eeb31300_0 .net *"_ivl_37", 0 0, L_000002a4eeb8aa50;  1 drivers
L_000002a4eeb42578 .functor BUFT 1, C4<1>, C4<0>, C4<0>, C4<0>;
v000002a4eeb31760_0 .net/2u *"_ivl_38", 0 0, L_000002a4eeb42578;  1 drivers
v000002a4eeb31800_0 .net *"_ivl_41", 22 0, L_000002a4eeb8c3f0;  1 drivers
v000002a4eeb318a0_0 .net *"_ivl_42", 23 0, L_000002a4eeb8cad0;  1 drivers
L_000002a4eeb425c0 .functor BUFT 1, C4<0>, C4<0>, C4<0>, C4<0>;
v000002a4eeb319e0_0 .net/2u *"_ivl_44", 0 0, L_000002a4eeb425c0;  1 drivers
v000002a4eeb31e40_0 .net *"_ivl_47", 22 0, L_000002a4eeb8b270;  1 drivers
v000002a4eeb31bc0_0 .net *"_ivl_48", 23 0, L_000002a4eeb8c670;  1 drivers
v000002a4eeb31c60_0 .net *"_ivl_52", 47 0, L_000002a4eeb8b1d0;  1 drivers
L_000002a4eeb42608 .functor BUFT 1, C4<000000000000000000000000>, C4<0>, C4<0>, C4<0>;
v000002a4eeb31d00_0 .net *"_ivl_55", 23 0, L_000002a4eeb42608;  1 drivers
v000002a4eeb32020_0 .net *"_ivl_56", 47 0, L_000002a4eeb8c5d0;  1 drivers
L_000002a4eeb42650 .functor BUFT 1, C4<000000000000000000000000>, C4<0>, C4<0>, C4<0>;
v000002a4eeb32160_0 .net *"_ivl_59", 23 0, L_000002a4eeb42650;  1 drivers
v000002a4eeb32200_0 .net *"_ivl_63", 22 0, L_000002a4eeb8acd0;  1 drivers
v000002a4eeb32520_0 .net *"_ivl_67", 0 0, L_000002a4eeb8cc10;  1 drivers
L_000002a4eeb42698 .functor BUFT 1, C4<1>, C4<0>, C4<0>, C4<0>;
v000002a4eeb325c0_0 .net/2u *"_ivl_68", 0 0, L_000002a4eeb42698;  1 drivers
v000002a4eeb32660_0 .net *"_ivl_7", 7 0, L_000002a4eeb41c50;  1 drivers
L_000002a4eeb426e0 .functor BUFT 1, C4<0>, C4<0>, C4<0>, C4<0>;
v000002a4eeb35230_0 .net/2u *"_ivl_70", 0 0, L_000002a4eeb426e0;  1 drivers
v000002a4eeb346f0_0 .net *"_ivl_74", 47 0, L_000002a4eeb8c530;  1 drivers
v000002a4eeb354b0_0 .net *"_ivl_76", 46 0, L_000002a4eeb8c350;  1 drivers
L_000002a4eeb42728 .functor BUFT 1, C4<0>, C4<0>, C4<0>, C4<0>;
v000002a4eeb33bb0_0 .net *"_ivl_78", 0 0, L_000002a4eeb42728;  1 drivers
v000002a4eeb33750_0 .net *"_ivl_83", 22 0, L_000002a4eeb8ab90;  1 drivers
v000002a4eeb337f0_0 .net *"_ivl_85", 0 0, L_000002a4eeb8c490;  1 drivers
v000002a4eeb33c50_0 .net *"_ivl_86", 22 0, L_000002a4eeb8c710;  1 drivers
L_000002a4eeb42770 .functor BUFT 1, C4<0000000000000000000000>, C4<0>, C4<0>, C4<0>;
v000002a4eeb35550_0 .net *"_ivl_89", 21 0, L_000002a4eeb42770;  1 drivers
v000002a4eeb33cf0_0 .net *"_ivl_9", 0 0, L_000002a4eeb41d90;  1 drivers
v000002a4eeb336b0_0 .net *"_ivl_90", 22 0, L_000002a4eeb8a9b0;  1 drivers
L_000002a4eeb427b8 .functor BUFT 1, C4<0000000000000000000000>, C4<0>, C4<0>, C4<0>;
v000002a4eeb33890_0 .net *"_ivl_93", 21 0, L_000002a4eeb427b8;  1 drivers
v000002a4eeb339d0_0 .net *"_ivl_94", 22 0, L_000002a4eea49c50;  1 drivers
L_000002a4eeb42800 .functor BUFT 1, C4<0>, C4<0>, C4<0>, C4<0>;
v000002a4eeb33930_0 .net/2u *"_ivl_98", 0 0, L_000002a4eeb42800;  1 drivers
v000002a4eeb340b0_0 .net "a_operand", 31 0, v000002a4eeb416b0_0;  alias, 1 drivers
v000002a4eeb350f0_0 .net "b_operand", 31 0, v000002a4eeb40cb0_0;  alias, 1 drivers
v000002a4eeb35050_0 .net "exponent", 8 0, L_000002a4eeb8c8f0;  1 drivers
v000002a4eeb34830_0 .net "normalised", 0 0, L_000002a4eeb8c210;  1 drivers
v000002a4eeb33a70_0 .net "operand_a", 23 0, L_000002a4eeb8bbd0;  1 drivers
v000002a4eeb33b10_0 .net "operand_b", 23 0, L_000002a4eeb8a550;  1 drivers
v000002a4eeb34790_0 .net "product", 47 0, L_000002a4eeb8cb70;  1 drivers
v000002a4eeb34290_0 .net "product_mantissa", 22 0, L_000002a4eeb8a690;  1 drivers
v000002a4eeb35410_0 .net "product_normalised", 47 0, L_000002a4eeb8b9f0;  1 drivers
v000002a4eeb34e70_0 .net "product_round", 0 0, L_000002a4eeb8be50;  1 drivers
v000002a4eeb352d0_0 .net "result", 31 0, L_000002a4eeb8bd10;  alias, 1 drivers
v000002a4eeb34f10_0 .net "sign", 0 0, L_000002a4eea4a430;  1 drivers
v000002a4eeb33d90_0 .net "sum_exponent", 8 0, L_000002a4eeb8a870;  1 drivers
v000002a4eeb35190_0 .net "zero", 0 0, L_000002a4eeb8bf90;  1 drivers
L_000002a4eeb41890 .part v000002a4eeb416b0_0, 31, 1;
L_000002a4eeb41930 .part v000002a4eeb40cb0_0, 31, 1;
L_000002a4eeb41c50 .part v000002a4eeb416b0_0, 23, 8;
L_000002a4eeb41d90 .reduce/and L_000002a4eeb41c50;
L_000002a4eeb40850 .part v000002a4eeb40cb0_0, 23, 8;
L_000002a4eeb40990 .reduce/and L_000002a4eeb40850;
L_000002a4eeb40a30 .part v000002a4eeb416b0_0, 23, 8;
L_000002a4eeb40b70 .reduce/or L_000002a4eeb40a30;
L_000002a4eeb8a730 .part v000002a4eeb416b0_0, 0, 23;
L_000002a4eeb8c990 .concat [ 23 1 0 0], L_000002a4eeb8a730, L_000002a4eeb424e8;
L_000002a4eeb8c2b0 .part v000002a4eeb416b0_0, 0, 23;
L_000002a4eeb8a5f0 .concat [ 23 1 0 0], L_000002a4eeb8c2b0, L_000002a4eeb42530;
L_000002a4eeb8bbd0 .functor MUXZ 24, L_000002a4eeb8a5f0, L_000002a4eeb8c990, L_000002a4eeb40b70, C4<>;
L_000002a4eeb8c030 .part v000002a4eeb40cb0_0, 23, 8;
L_000002a4eeb8aa50 .reduce/or L_000002a4eeb8c030;
L_000002a4eeb8c3f0 .part v000002a4eeb40cb0_0, 0, 23;
L_000002a4eeb8cad0 .concat [ 23 1 0 0], L_000002a4eeb8c3f0, L_000002a4eeb42578;
L_000002a4eeb8b270 .part v000002a4eeb40cb0_0, 0, 23;
L_000002a4eeb8c670 .concat [ 23 1 0 0], L_000002a4eeb8b270, L_000002a4eeb425c0;
L_000002a4eeb8a550 .functor MUXZ 24, L_000002a4eeb8c670, L_000002a4eeb8cad0, L_000002a4eeb8aa50, C4<>;
L_000002a4eeb8b1d0 .concat [ 24 24 0 0], L_000002a4eeb8bbd0, L_000002a4eeb42608;
L_000002a4eeb8c5d0 .concat [ 24 24 0 0], L_000002a4eeb8a550, L_000002a4eeb42650;
L_000002a4eeb8cb70 .arith/mult 48, L_000002a4eeb8b1d0, L_000002a4eeb8c5d0;
L_000002a4eeb8acd0 .part L_000002a4eeb8b9f0, 0, 23;
L_000002a4eeb8be50 .reduce/or L_000002a4eeb8acd0;
L_000002a4eeb8cc10 .part L_000002a4eeb8cb70, 47, 1;
L_000002a4eeb8c210 .functor MUXZ 1, L_000002a4eeb426e0, L_000002a4eeb42698, L_000002a4eeb8cc10, C4<>;
L_000002a4eeb8c350 .part L_000002a4eeb8cb70, 0, 47;
L_000002a4eeb8c530 .concat [ 1 47 0 0], L_000002a4eeb42728, L_000002a4eeb8c350;
L_000002a4eeb8b9f0 .functor MUXZ 48, L_000002a4eeb8c530, L_000002a4eeb8cb70, L_000002a4eeb8c210, C4<>;
L_000002a4eeb8ab90 .part L_000002a4eeb8b9f0, 24, 23;
L_000002a4eeb8c490 .part L_000002a4eeb8b9f0, 23, 1;
L_000002a4eeb8c710 .concat [ 1 22 0 0], L_000002a4eeb8c490, L_000002a4eeb42770;
L_000002a4eeb8a9b0 .concat [ 1 22 0 0], L_000002a4eeb8be50, L_000002a4eeb427b8;
L_000002a4eeb8a690 .arith/sum 23, L_000002a4eeb8ab90, L_000002a4eea49c50;
L_000002a4eeb8a7d0 .cmp/eq 23, L_000002a4eeb8a690, L_000002a4eeb42848;
L_000002a4eeb8bdb0 .functor MUXZ 1, L_000002a4eeb428d8, L_000002a4eeb42890, L_000002a4eeb8a7d0, C4<>;
L_000002a4eeb8bf90 .functor MUXZ 1, L_000002a4eeb8bdb0, L_000002a4eeb42800, L_000002a4eea4a510, C4<>;
L_000002a4eeb8aaf0 .part v000002a4eeb416b0_0, 23, 8;
L_000002a4eeb8c7b0 .concat [ 8 1 0 0], L_000002a4eeb8aaf0, L_000002a4eeb42920;
L_000002a4eeb8c850 .part v000002a4eeb40cb0_0, 23, 8;
L_000002a4eeb8ad70 .concat [ 8 1 0 0], L_000002a4eeb8c850, L_000002a4eeb42968;
L_000002a4eeb8a870 .arith/sum 9, L_000002a4eeb8c7b0, L_000002a4eeb8ad70;
L_000002a4eeb8ae10 .arith/sub 9, L_000002a4eeb8a870, L_000002a4eeb429b0;
L_000002a4eeb8b4f0 .concat [ 1 8 0 0], L_000002a4eeb8c210, L_000002a4eeb429f8;
L_000002a4eeb8c8f0 .arith/sum 9, L_000002a4eeb8ae10, L_000002a4eeb8b4f0;
L_000002a4eeb8ac30 .part L_000002a4eeb8c8f0, 8, 1;
L_000002a4eeb8b630 .part L_000002a4eeb8c8f0, 7, 1;
L_000002a4eeb8aeb0 .reduce/nor L_000002a4eeb8b630;
L_000002a4eeb8b8b0 .reduce/nor L_000002a4eeb8bf90;
L_000002a4eeb8ca30 .part L_000002a4eeb8c8f0, 8, 1;
L_000002a4eeb8af50 .part L_000002a4eeb8c8f0, 7, 1;
L_000002a4eeb8bb30 .reduce/nor L_000002a4eeb8bf90;
L_000002a4eeb8ccb0 .functor MUXZ 1, L_000002a4eeb42a88, L_000002a4eeb42a40, L_000002a4eea49e80, C4<>;
L_000002a4eeb8a910 .concat [ 31 1 0 0], L_000002a4eeb42b18, L_000002a4eea4a430;
L_000002a4eeb8ba90 .concat [ 23 8 1 0], L_000002a4eeb42ba8, L_000002a4eeb42b60, L_000002a4eea4a430;
L_000002a4eeb8b310 .concat [ 31 1 0 0], L_000002a4eeb42bf0, L_000002a4eea4a430;
L_000002a4eeb8b090 .part L_000002a4eeb8c8f0, 0, 8;
L_000002a4eeb8c0d0 .concat [ 23 8 1 0], L_000002a4eeb8a690, L_000002a4eeb8b090, L_000002a4eea4a430;
L_000002a4eeb8aff0 .functor MUXZ 32, L_000002a4eeb8c0d0, L_000002a4eeb8b310, L_000002a4eeb8ccb0, C4<>;
L_000002a4eeb8bef0 .functor MUXZ 32, L_000002a4eeb8aff0, L_000002a4eeb8ba90, L_000002a4eea4a890, C4<>;
L_000002a4eeb8bc70 .functor MUXZ 32, L_000002a4eeb8bef0, L_000002a4eeb8a910, L_000002a4eeb8bf90, C4<>;
L_000002a4eeb8bd10 .functor MUXZ 32, L_000002a4eeb8bc70, L_000002a4eeb42ad0, L_000002a4eea4a510, C4<>;
S_000002a4eeb33040 .scope module, "multiply_instance2" "multiply" 3 10, 5 1 0, S_000002a4ee9cd0c0;
 .timescale 0 0;
    .port_info 0 /INPUT 32 "a_operand";
    .port_info 1 /INPUT 32 "b_operand";
    .port_info 2 /OUTPUT 32 "result";
L_000002a4eea4a5f0 .functor XOR 1, L_000002a4eeb8b130, L_000002a4eeb8b3b0, C4<0>, C4<0>;
L_000002a4eea4a660 .functor OR 1, L_000002a4eeb8b590, L_000002a4eeb8b770, C4<0>, C4<0>;
L_000002a4eea4a6d0 .functor AND 23, L_000002a4eeb8db10, L_000002a4eeb8e290, C4<11111111111111111111111>, C4<11111111111111111111111>;
L_000002a4eea4aac0 .functor AND 1, L_000002a4eeba5210, L_000002a4eeba6750, C4<1>, C4<1>;
L_000002a4eea49cc0 .functor AND 1, L_000002a4eea4aac0, L_000002a4eeba7150, C4<1>, C4<1>;
L_000002a4eea49d30 .functor AND 1, L_000002a4eeba5e90, L_000002a4eeba5030, C4<1>, C4<1>;
L_000002a4eea49fd0 .functor AND 1, L_000002a4eea49d30, L_000002a4eeba6c50, C4<1>, C4<1>;
v000002a4eeb33ed0_0 .net "Exception", 0 0, L_000002a4eea4a660;  1 drivers
v000002a4eeb34fb0_0 .net "Overflow", 0 0, L_000002a4eea49cc0;  1 drivers
v000002a4eeb35370_0 .net "Underflow", 0 0, L_000002a4eeba6bb0;  1 drivers
v000002a4eeb33e30_0 .net *"_ivl_1", 0 0, L_000002a4eeb8b130;  1 drivers
L_000002a4eeb42f98 .functor BUFT 1, C4<00000000000000000000000>, C4<0>, C4<0>, C4<0>;
v000002a4eeb34470_0 .net/2u *"_ivl_100", 22 0, L_000002a4eeb42f98;  1 drivers
v000002a4eeb34970_0 .net *"_ivl_102", 0 0, L_000002a4eeb8d2f0;  1 drivers
L_000002a4eeb42fe0 .functor BUFT 1, C4<1>, C4<0>, C4<0>, C4<0>;
v000002a4eeb348d0_0 .net/2u *"_ivl_104", 0 0, L_000002a4eeb42fe0;  1 drivers
L_000002a4eeb43028 .functor BUFT 1, C4<0>, C4<0>, C4<0>, C4<0>;
v000002a4eeb33f70_0 .net/2u *"_ivl_106", 0 0, L_000002a4eeb43028;  1 drivers
v000002a4eeb34dd0_0 .net *"_ivl_108", 0 0, L_000002a4eeb8d4d0;  1 drivers
v000002a4eeb34010_0 .net *"_ivl_11", 7 0, L_000002a4eeb8b6d0;  1 drivers
v000002a4eeb34a10_0 .net *"_ivl_113", 7 0, L_000002a4eeb8d7f0;  1 drivers
v000002a4eeb345b0_0 .net *"_ivl_114", 8 0, L_000002a4eeb8d890;  1 drivers
L_000002a4eeb43070 .functor BUFT 1, C4<0>, C4<0>, C4<0>, C4<0>;
v000002a4eeb34ab0_0 .net *"_ivl_117", 0 0, L_000002a4eeb43070;  1 drivers
v000002a4eeb34b50_0 .net *"_ivl_119", 7 0, L_000002a4eeb8dd90;  1 drivers
v000002a4eeb34150_0 .net *"_ivl_120", 8 0, L_000002a4eeb8dc50;  1 drivers
L_000002a4eeb430b8 .functor BUFT 1, C4<0>, C4<0>, C4<0>, C4<0>;
v000002a4eeb34bf0_0 .net *"_ivl_123", 0 0, L_000002a4eeb430b8;  1 drivers
L_000002a4eeb43100 .functor BUFT 1, C4<001111111>, C4<0>, C4<0>, C4<0>;
v000002a4eeb34c90_0 .net/2u *"_ivl_126", 8 0, L_000002a4eeb43100;  1 drivers
v000002a4eeb341f0_0 .net *"_ivl_128", 8 0, L_000002a4eeb8de30;  1 drivers
v000002a4eeb34330_0 .net *"_ivl_13", 0 0, L_000002a4eeb8b770;  1 drivers
v000002a4eeb343d0_0 .net *"_ivl_130", 8 0, L_000002a4eeb8df70;  1 drivers
L_000002a4eeb43148 .functor BUFT 1, C4<00000000>, C4<0>, C4<0>, C4<0>;
v000002a4eeb34510_0 .net *"_ivl_133", 7 0, L_000002a4eeb43148;  1 drivers
v000002a4eeb34650_0 .net *"_ivl_137", 0 0, L_000002a4eeba5210;  1 drivers
v000002a4eeb34d30_0 .net *"_ivl_139", 0 0, L_000002a4eeba5f30;  1 drivers
v000002a4eeb35e50_0 .net *"_ivl_141", 0 0, L_000002a4eeba6750;  1 drivers
v000002a4eeb37610_0 .net *"_ivl_142", 0 0, L_000002a4eea4aac0;  1 drivers
v000002a4eeb36670_0 .net *"_ivl_145", 0 0, L_000002a4eeba7150;  1 drivers
v000002a4eeb372f0_0 .net *"_ivl_149", 0 0, L_000002a4eeba5e90;  1 drivers
v000002a4eeb36b70_0 .net *"_ivl_151", 0 0, L_000002a4eeba5030;  1 drivers
v000002a4eeb37bb0_0 .net *"_ivl_152", 0 0, L_000002a4eea49d30;  1 drivers
v000002a4eeb37430_0 .net *"_ivl_155", 0 0, L_000002a4eeba6c50;  1 drivers
v000002a4eeb376b0_0 .net *"_ivl_156", 0 0, L_000002a4eea49fd0;  1 drivers
L_000002a4eeb43190 .functor BUFT 1, C4<1>, C4<0>, C4<0>, C4<0>;
v000002a4eeb37570_0 .net/2u *"_ivl_158", 0 0, L_000002a4eeb43190;  1 drivers
L_000002a4eeb431d8 .functor BUFT 1, C4<0>, C4<0>, C4<0>, C4<0>;
v000002a4eeb35ef0_0 .net/2u *"_ivl_160", 0 0, L_000002a4eeb431d8;  1 drivers
L_000002a4eeb43220 .functor BUFT 1, C4<00000000000000000000000000000000>, C4<0>, C4<0>, C4<0>;
v000002a4eeb379d0_0 .net/2u *"_ivl_164", 31 0, L_000002a4eeb43220;  1 drivers
L_000002a4eeb43268 .functor BUFT 1, C4<0000000000000000000000000000000>, C4<0>, C4<0>, C4<0>;
v000002a4eeb37c50_0 .net/2u *"_ivl_166", 30 0, L_000002a4eeb43268;  1 drivers
v000002a4eeb37750_0 .net *"_ivl_168", 31 0, L_000002a4eeba70b0;  1 drivers
v000002a4eeb37390_0 .net *"_ivl_17", 7 0, L_000002a4eeb8c170;  1 drivers
L_000002a4eeb432b0 .functor BUFT 1, C4<11111111>, C4<0>, C4<0>, C4<0>;
v000002a4eeb377f0_0 .net/2u *"_ivl_170", 7 0, L_000002a4eeb432b0;  1 drivers
L_000002a4eeb432f8 .functor BUFT 1, C4<00000000000000000000000>, C4<0>, C4<0>, C4<0>;
v000002a4eeb37b10_0 .net/2u *"_ivl_172", 22 0, L_000002a4eeb432f8;  1 drivers
v000002a4eeb36350_0 .net *"_ivl_174", 31 0, L_000002a4eeba5cb0;  1 drivers
L_000002a4eeb43340 .functor BUFT 1, C4<0000000000000000000000000000000>, C4<0>, C4<0>, C4<0>;
v000002a4eeb37890_0 .net/2u *"_ivl_176", 30 0, L_000002a4eeb43340;  1 drivers
v000002a4eeb36e90_0 .net *"_ivl_178", 31 0, L_000002a4eeba50d0;  1 drivers
v000002a4eeb35a90_0 .net *"_ivl_181", 7 0, L_000002a4eeba6e30;  1 drivers
v000002a4eeb37930_0 .net *"_ivl_182", 31 0, L_000002a4eeba62f0;  1 drivers
v000002a4eeb363f0_0 .net *"_ivl_184", 31 0, L_000002a4eeba6f70;  1 drivers
v000002a4eeb368f0_0 .net *"_ivl_186", 31 0, L_000002a4eeba5d50;  1 drivers
v000002a4eeb35f90_0 .net *"_ivl_188", 31 0, L_000002a4eeba5670;  1 drivers
v000002a4eeb35b30_0 .net *"_ivl_19", 0 0, L_000002a4eeb8b810;  1 drivers
L_000002a4eeb42c38 .functor BUFT 1, C4<1>, C4<0>, C4<0>, C4<0>;
v000002a4eeb37a70_0 .net/2u *"_ivl_20", 0 0, L_000002a4eeb42c38;  1 drivers
v000002a4eeb36fd0_0 .net *"_ivl_23", 22 0, L_000002a4eeb8b950;  1 drivers
v000002a4eeb37cf0_0 .net *"_ivl_24", 23 0, L_000002a4eeb8e1f0;  1 drivers
L_000002a4eeb42c80 .functor BUFT 1, C4<0>, C4<0>, C4<0>, C4<0>;
v000002a4eeb36ad0_0 .net/2u *"_ivl_26", 0 0, L_000002a4eeb42c80;  1 drivers
v000002a4eeb37d90_0 .net *"_ivl_29", 22 0, L_000002a4eeb8e010;  1 drivers
v000002a4eeb37e30_0 .net *"_ivl_3", 0 0, L_000002a4eeb8b3b0;  1 drivers
v000002a4eeb356d0_0 .net *"_ivl_30", 23 0, L_000002a4eeb8e3d0;  1 drivers
v000002a4eeb35770_0 .net *"_ivl_35", 7 0, L_000002a4eeb8ce90;  1 drivers
v000002a4eeb36d50_0 .net *"_ivl_37", 0 0, L_000002a4eeb8cdf0;  1 drivers
L_000002a4eeb42cc8 .functor BUFT 1, C4<1>, C4<0>, C4<0>, C4<0>;
v000002a4eeb36c10_0 .net/2u *"_ivl_38", 0 0, L_000002a4eeb42cc8;  1 drivers
v000002a4eeb35810_0 .net *"_ivl_41", 22 0, L_000002a4eeb8e0b0;  1 drivers
v000002a4eeb35d10_0 .net *"_ivl_42", 23 0, L_000002a4eeb8ded0;  1 drivers
L_000002a4eeb42d10 .functor BUFT 1, C4<0>, C4<0>, C4<0>, C4<0>;
v000002a4eeb358b0_0 .net/2u *"_ivl_44", 0 0, L_000002a4eeb42d10;  1 drivers
v000002a4eeb35950_0 .net *"_ivl_47", 22 0, L_000002a4eeb8e150;  1 drivers
v000002a4eeb35db0_0 .net *"_ivl_48", 23 0, L_000002a4eeb8dbb0;  1 drivers
v000002a4eeb359f0_0 .net *"_ivl_52", 47 0, L_000002a4eeb8d930;  1 drivers
L_000002a4eeb42d58 .functor BUFT 1, C4<000000000000000000000000>, C4<0>, C4<0>, C4<0>;
v000002a4eeb36030_0 .net *"_ivl_55", 23 0, L_000002a4eeb42d58;  1 drivers
v000002a4eeb36f30_0 .net *"_ivl_56", 47 0, L_000002a4eeb8d070;  1 drivers
L_000002a4eeb42da0 .functor BUFT 1, C4<000000000000000000000000>, C4<0>, C4<0>, C4<0>;
v000002a4eeb360d0_0 .net *"_ivl_59", 23 0, L_000002a4eeb42da0;  1 drivers
v000002a4eeb35bd0_0 .net *"_ivl_63", 22 0, L_000002a4eeb8d750;  1 drivers
v000002a4eeb374d0_0 .net *"_ivl_67", 0 0, L_000002a4eeb8da70;  1 drivers
L_000002a4eeb42de8 .functor BUFT 1, C4<1>, C4<0>, C4<0>, C4<0>;
v000002a4eeb35c70_0 .net/2u *"_ivl_68", 0 0, L_000002a4eeb42de8;  1 drivers
v000002a4eeb36170_0 .net *"_ivl_7", 7 0, L_000002a4eeb8b450;  1 drivers
L_000002a4eeb42e30 .functor BUFT 1, C4<0>, C4<0>, C4<0>, C4<0>;
v000002a4eeb37070_0 .net/2u *"_ivl_70", 0 0, L_000002a4eeb42e30;  1 drivers
v000002a4eeb36210_0 .net *"_ivl_74", 47 0, L_000002a4eeb8d1b0;  1 drivers
v000002a4eeb37110_0 .net *"_ivl_76", 46 0, L_000002a4eeb8d110;  1 drivers
L_000002a4eeb42e78 .functor BUFT 1, C4<0>, C4<0>, C4<0>, C4<0>;
v000002a4eeb371b0_0 .net *"_ivl_78", 0 0, L_000002a4eeb42e78;  1 drivers
v000002a4eeb362b0_0 .net *"_ivl_83", 22 0, L_000002a4eeb8d430;  1 drivers
v000002a4eeb367b0_0 .net *"_ivl_85", 0 0, L_000002a4eeb8cd50;  1 drivers
v000002a4eeb36490_0 .net *"_ivl_86", 22 0, L_000002a4eeb8db10;  1 drivers
L_000002a4eeb42ec0 .functor BUFT 1, C4<0000000000000000000000>, C4<0>, C4<0>, C4<0>;
v000002a4eeb37250_0 .net *"_ivl_89", 21 0, L_000002a4eeb42ec0;  1 drivers
v000002a4eeb36df0_0 .net *"_ivl_9", 0 0, L_000002a4eeb8b590;  1 drivers
v000002a4eeb36530_0 .net *"_ivl_90", 22 0, L_000002a4eeb8e290;  1 drivers
L_000002a4eeb42f08 .functor BUFT 1, C4<0000000000000000000000>, C4<0>, C4<0>, C4<0>;
v000002a4eeb365d0_0 .net *"_ivl_93", 21 0, L_000002a4eeb42f08;  1 drivers
v000002a4eeb36710_0 .net *"_ivl_94", 22 0, L_000002a4eea4a6d0;  1 drivers
L_000002a4eeb42f50 .functor BUFT 1, C4<0>, C4<0>, C4<0>, C4<0>;
v000002a4eeb36cb0_0 .net/2u *"_ivl_98", 0 0, L_000002a4eeb42f50;  1 drivers
v000002a4eeb36850_0 .net "a_operand", 31 0, v000002a4eeb41b10_0;  alias, 1 drivers
v000002a4eeb36990_0 .net "b_operand", 31 0, v000002a4eeb41610_0;  alias, 1 drivers
v000002a4eeb36a30_0 .net "exponent", 8 0, L_000002a4eeb8e330;  1 drivers
v000002a4eeb38830_0 .net "normalised", 0 0, L_000002a4eeb8d6b0;  1 drivers
v000002a4eeb38150_0 .net "operand_a", 23 0, L_000002a4eeb8cfd0;  1 drivers
v000002a4eeb39410_0 .net "operand_b", 23 0, L_000002a4eeb8cf30;  1 drivers
v000002a4eeb385b0_0 .net "product", 47 0, L_000002a4eeb8d9d0;  1 drivers
v000002a4eeb38970_0 .net "product_mantissa", 22 0, L_000002a4eeb8d250;  1 drivers
v000002a4eeb39190_0 .net "product_normalised", 47 0, L_000002a4eeb8d390;  1 drivers
v000002a4eeb39050_0 .net "product_round", 0 0, L_000002a4eeb8d570;  1 drivers
v000002a4eeb38bf0_0 .net "result", 31 0, L_000002a4eeba5490;  alias, 1 drivers
v000002a4eeb386f0_0 .net "sign", 0 0, L_000002a4eea4a5f0;  1 drivers
v000002a4eeb38c90_0 .net "sum_exponent", 8 0, L_000002a4eeb8dcf0;  1 drivers
v000002a4eeb38650_0 .net "zero", 0 0, L_000002a4eeb8d610;  1 drivers
L_000002a4eeb8b130 .part v000002a4eeb41b10_0, 31, 1;
L_000002a4eeb8b3b0 .part v000002a4eeb41610_0, 31, 1;
L_000002a4eeb8b450 .part v000002a4eeb41b10_0, 23, 8;
L_000002a4eeb8b590 .reduce/and L_000002a4eeb8b450;
L_000002a4eeb8b6d0 .part v000002a4eeb41610_0, 23, 8;
L_000002a4eeb8b770 .reduce/and L_000002a4eeb8b6d0;
L_000002a4eeb8c170 .part v000002a4eeb41b10_0, 23, 8;
L_000002a4eeb8b810 .reduce/or L_000002a4eeb8c170;
L_000002a4eeb8b950 .part v000002a4eeb41b10_0, 0, 23;
L_000002a4eeb8e1f0 .concat [ 23 1 0 0], L_000002a4eeb8b950, L_000002a4eeb42c38;
L_000002a4eeb8e010 .part v000002a4eeb41b10_0, 0, 23;
L_000002a4eeb8e3d0 .concat [ 23 1 0 0], L_000002a4eeb8e010, L_000002a4eeb42c80;
L_000002a4eeb8cfd0 .functor MUXZ 24, L_000002a4eeb8e3d0, L_000002a4eeb8e1f0, L_000002a4eeb8b810, C4<>;
L_000002a4eeb8ce90 .part v000002a4eeb41610_0, 23, 8;
L_000002a4eeb8cdf0 .reduce/or L_000002a4eeb8ce90;
L_000002a4eeb8e0b0 .part v000002a4eeb41610_0, 0, 23;
L_000002a4eeb8ded0 .concat [ 23 1 0 0], L_000002a4eeb8e0b0, L_000002a4eeb42cc8;
L_000002a4eeb8e150 .part v000002a4eeb41610_0, 0, 23;
L_000002a4eeb8dbb0 .concat [ 23 1 0 0], L_000002a4eeb8e150, L_000002a4eeb42d10;
L_000002a4eeb8cf30 .functor MUXZ 24, L_000002a4eeb8dbb0, L_000002a4eeb8ded0, L_000002a4eeb8cdf0, C4<>;
L_000002a4eeb8d930 .concat [ 24 24 0 0], L_000002a4eeb8cfd0, L_000002a4eeb42d58;
L_000002a4eeb8d070 .concat [ 24 24 0 0], L_000002a4eeb8cf30, L_000002a4eeb42da0;
L_000002a4eeb8d9d0 .arith/mult 48, L_000002a4eeb8d930, L_000002a4eeb8d070;
L_000002a4eeb8d750 .part L_000002a4eeb8d390, 0, 23;
L_000002a4eeb8d570 .reduce/or L_000002a4eeb8d750;
L_000002a4eeb8da70 .part L_000002a4eeb8d9d0, 47, 1;
L_000002a4eeb8d6b0 .functor MUXZ 1, L_000002a4eeb42e30, L_000002a4eeb42de8, L_000002a4eeb8da70, C4<>;
L_000002a4eeb8d110 .part L_000002a4eeb8d9d0, 0, 47;
L_000002a4eeb8d1b0 .concat [ 1 47 0 0], L_000002a4eeb42e78, L_000002a4eeb8d110;
L_000002a4eeb8d390 .functor MUXZ 48, L_000002a4eeb8d1b0, L_000002a4eeb8d9d0, L_000002a4eeb8d6b0, C4<>;
L_000002a4eeb8d430 .part L_000002a4eeb8d390, 24, 23;
L_000002a4eeb8cd50 .part L_000002a4eeb8d390, 23, 1;
L_000002a4eeb8db10 .concat [ 1 22 0 0], L_000002a4eeb8cd50, L_000002a4eeb42ec0;
L_000002a4eeb8e290 .concat [ 1 22 0 0], L_000002a4eeb8d570, L_000002a4eeb42f08;
L_000002a4eeb8d250 .arith/sum 23, L_000002a4eeb8d430, L_000002a4eea4a6d0;
L_000002a4eeb8d2f0 .cmp/eq 23, L_000002a4eeb8d250, L_000002a4eeb42f98;
L_000002a4eeb8d4d0 .functor MUXZ 1, L_000002a4eeb43028, L_000002a4eeb42fe0, L_000002a4eeb8d2f0, C4<>;
L_000002a4eeb8d610 .functor MUXZ 1, L_000002a4eeb8d4d0, L_000002a4eeb42f50, L_000002a4eea4a660, C4<>;
L_000002a4eeb8d7f0 .part v000002a4eeb41b10_0, 23, 8;
L_000002a4eeb8d890 .concat [ 8 1 0 0], L_000002a4eeb8d7f0, L_000002a4eeb43070;
L_000002a4eeb8dd90 .part v000002a4eeb41610_0, 23, 8;
L_000002a4eeb8dc50 .concat [ 8 1 0 0], L_000002a4eeb8dd90, L_000002a4eeb430b8;
L_000002a4eeb8dcf0 .arith/sum 9, L_000002a4eeb8d890, L_000002a4eeb8dc50;
L_000002a4eeb8de30 .arith/sub 9, L_000002a4eeb8dcf0, L_000002a4eeb43100;
L_000002a4eeb8df70 .concat [ 1 8 0 0], L_000002a4eeb8d6b0, L_000002a4eeb43148;
L_000002a4eeb8e330 .arith/sum 9, L_000002a4eeb8de30, L_000002a4eeb8df70;
L_000002a4eeba5210 .part L_000002a4eeb8e330, 8, 1;
L_000002a4eeba5f30 .part L_000002a4eeb8e330, 7, 1;
L_000002a4eeba6750 .reduce/nor L_000002a4eeba5f30;
L_000002a4eeba7150 .reduce/nor L_000002a4eeb8d610;
L_000002a4eeba5e90 .part L_000002a4eeb8e330, 8, 1;
L_000002a4eeba5030 .part L_000002a4eeb8e330, 7, 1;
L_000002a4eeba6c50 .reduce/nor L_000002a4eeb8d610;
L_000002a4eeba6bb0 .functor MUXZ 1, L_000002a4eeb431d8, L_000002a4eeb43190, L_000002a4eea49fd0, C4<>;
L_000002a4eeba70b0 .concat [ 31 1 0 0], L_000002a4eeb43268, L_000002a4eea4a5f0;
L_000002a4eeba5cb0 .concat [ 23 8 1 0], L_000002a4eeb432f8, L_000002a4eeb432b0, L_000002a4eea4a5f0;
L_000002a4eeba50d0 .concat [ 31 1 0 0], L_000002a4eeb43340, L_000002a4eea4a5f0;
L_000002a4eeba6e30 .part L_000002a4eeb8e330, 0, 8;
L_000002a4eeba62f0 .concat [ 23 8 1 0], L_000002a4eeb8d250, L_000002a4eeba6e30, L_000002a4eea4a5f0;
L_000002a4eeba6f70 .functor MUXZ 32, L_000002a4eeba62f0, L_000002a4eeba50d0, L_000002a4eeba6bb0, C4<>;
L_000002a4eeba5d50 .functor MUXZ 32, L_000002a4eeba6f70, L_000002a4eeba5cb0, L_000002a4eea49cc0, C4<>;
L_000002a4eeba5670 .functor MUXZ 32, L_000002a4eeba5d50, L_000002a4eeba70b0, L_000002a4eeb8d610, C4<>;
L_000002a4eeba5490 .functor MUXZ 32, L_000002a4eeba5670, L_000002a4eeb43220, L_000002a4eea4a660, C4<>;
S_000002a4eea7da20 .scope module, "multiply_instance3" "multiply" 3 11, 5 1 0, S_000002a4ee9cd0c0;
 .timescale 0 0;
    .port_info 0 /INPUT 32 "a_operand";
    .port_info 1 /INPUT 32 "b_operand";
    .port_info 2 /OUTPUT 32 "result";
L_000002a4eea4a350 .functor XOR 1, L_000002a4eeba71f0, L_000002a4eeba7290, C4<0>, C4<0>;
L_000002a4eea4a3c0 .functor OR 1, L_000002a4eeba5fd0, L_000002a4eeba6430, C4<0>, C4<0>;
L_000002a4eea2dd50 .functor AND 23, L_000002a4eeba5710, L_000002a4eeba5350, C4<11111111111111111111111>, C4<11111111111111111111111>;
L_000002a4eebab410 .functor AND 1, L_000002a4eeba6570, L_000002a4eeba8410, C4<1>, C4<1>;
L_000002a4eebab170 .functor AND 1, L_000002a4eebab410, L_000002a4eeba91d0, C4<1>, C4<1>;
L_000002a4eebaadf0 .functor AND 1, L_000002a4eeba84b0, L_000002a4eeba8c30, C4<1>, C4<1>;
L_000002a4eebab2c0 .functor AND 1, L_000002a4eebaadf0, L_000002a4eeba8050, C4<1>, C4<1>;
v000002a4eeb38f10_0 .net "Exception", 0 0, L_000002a4eea4a3c0;  1 drivers
v000002a4eeb388d0_0 .net "Overflow", 0 0, L_000002a4eebab170;  1 drivers
v000002a4eeb383d0_0 .net "Underflow", 0 0, L_000002a4eeba9450;  1 drivers
v000002a4eeb39230_0 .net *"_ivl_1", 0 0, L_000002a4eeba71f0;  1 drivers
L_000002a4eeb436e8 .functor BUFT 1, C4<00000000000000000000000>, C4<0>, C4<0>, C4<0>;
v000002a4eeb38fb0_0 .net/2u *"_ivl_100", 22 0, L_000002a4eeb436e8;  1 drivers
v000002a4eeb38b50_0 .net *"_ivl_102", 0 0, L_000002a4eeba7470;  1 drivers
L_000002a4eeb43730 .functor BUFT 1, C4<1>, C4<0>, C4<0>, C4<0>;
v000002a4eeb394b0_0 .net/2u *"_ivl_104", 0 0, L_000002a4eeb43730;  1 drivers
L_000002a4eeb43778 .functor BUFT 1, C4<0>, C4<0>, C4<0>, C4<0>;
v000002a4eeb381f0_0 .net/2u *"_ivl_106", 0 0, L_000002a4eeb43778;  1 drivers
v000002a4eeb39550_0 .net *"_ivl_108", 0 0, L_000002a4eeba75b0;  1 drivers
v000002a4eeb38330_0 .net *"_ivl_11", 7 0, L_000002a4eeba5530;  1 drivers
v000002a4eeb38790_0 .net *"_ivl_113", 7 0, L_000002a4eeba57b0;  1 drivers
v000002a4eeb390f0_0 .net *"_ivl_114", 8 0, L_000002a4eeba6390;  1 drivers
L_000002a4eeb437c0 .functor BUFT 1, C4<0>, C4<0>, C4<0>, C4<0>;
v000002a4eeb38ab0_0 .net *"_ivl_117", 0 0, L_000002a4eeb437c0;  1 drivers
v000002a4eeb37ed0_0 .net *"_ivl_119", 7 0, L_000002a4eeba64d0;  1 drivers
v000002a4eeb392d0_0 .net *"_ivl_120", 8 0, L_000002a4eeba5850;  1 drivers
L_000002a4eeb43808 .functor BUFT 1, C4<0>, C4<0>, C4<0>, C4<0>;
v000002a4eeb37f70_0 .net *"_ivl_123", 0 0, L_000002a4eeb43808;  1 drivers
L_000002a4eeb43850 .functor BUFT 1, C4<001111111>, C4<0>, C4<0>, C4<0>;
v000002a4eeb39370_0 .net/2u *"_ivl_126", 8 0, L_000002a4eeb43850;  1 drivers
v000002a4eeb38470_0 .net *"_ivl_128", 8 0, L_000002a4eeba5990;  1 drivers
v000002a4eeb38a10_0 .net *"_ivl_13", 0 0, L_000002a4eeba6430;  1 drivers
v000002a4eeb38290_0 .net *"_ivl_130", 8 0, L_000002a4eeba5a30;  1 drivers
L_000002a4eeb43898 .functor BUFT 1, C4<00000000>, C4<0>, C4<0>, C4<0>;
v000002a4eeb38d30_0 .net *"_ivl_133", 7 0, L_000002a4eeb43898;  1 drivers
v000002a4eeb38dd0_0 .net *"_ivl_137", 0 0, L_000002a4eeba6570;  1 drivers
v000002a4eeb38e70_0 .net *"_ivl_139", 0 0, L_000002a4eeba9950;  1 drivers
v000002a4eeb38010_0 .net *"_ivl_141", 0 0, L_000002a4eeba8410;  1 drivers
v000002a4eeb380b0_0 .net *"_ivl_142", 0 0, L_000002a4eebab410;  1 drivers
v000002a4eeb38510_0 .net *"_ivl_145", 0 0, L_000002a4eeba91d0;  1 drivers
v000002a4eeb3c2f0_0 .net *"_ivl_149", 0 0, L_000002a4eeba84b0;  1 drivers
v000002a4eeb3c390_0 .net *"_ivl_151", 0 0, L_000002a4eeba8c30;  1 drivers
v000002a4eeb3c430_0 .net *"_ivl_152", 0 0, L_000002a4eebaadf0;  1 drivers
v000002a4eeb3cbb0_0 .net *"_ivl_155", 0 0, L_000002a4eeba8050;  1 drivers
v000002a4eeb3cc50_0 .net *"_ivl_156", 0 0, L_000002a4eebab2c0;  1 drivers
L_000002a4eeb438e0 .functor BUFT 1, C4<1>, C4<0>, C4<0>, C4<0>;
v000002a4eeb3c610_0 .net/2u *"_ivl_158", 0 0, L_000002a4eeb438e0;  1 drivers
L_000002a4eeb43928 .functor BUFT 1, C4<0>, C4<0>, C4<0>, C4<0>;
v000002a4eeb3d790_0 .net/2u *"_ivl_160", 0 0, L_000002a4eeb43928;  1 drivers
L_000002a4eeb43970 .functor BUFT 1, C4<00000000000000000000000000000000>, C4<0>, C4<0>, C4<0>;
v000002a4eeb3d830_0 .net/2u *"_ivl_164", 31 0, L_000002a4eeb43970;  1 drivers
L_000002a4eeb439b8 .functor BUFT 1, C4<0000000000000000000000000000000>, C4<0>, C4<0>, C4<0>;
v000002a4eeb3c750_0 .net/2u *"_ivl_166", 30 0, L_000002a4eeb439b8;  1 drivers
v000002a4eeb3ccf0_0 .net *"_ivl_168", 31 0, L_000002a4eeba8cd0;  1 drivers
v000002a4eeb3d650_0 .net *"_ivl_17", 7 0, L_000002a4eeba67f0;  1 drivers
L_000002a4eeb43a00 .functor BUFT 1, C4<11111111>, C4<0>, C4<0>, C4<0>;
v000002a4eeb3c570_0 .net/2u *"_ivl_170", 7 0, L_000002a4eeb43a00;  1 drivers
L_000002a4eeb43a48 .functor BUFT 1, C4<00000000000000000000000>, C4<0>, C4<0>, C4<0>;
v000002a4eeb3c6b0_0 .net/2u *"_ivl_172", 22 0, L_000002a4eeb43a48;  1 drivers
v000002a4eeb3d6f0_0 .net *"_ivl_174", 31 0, L_000002a4eeba7f10;  1 drivers
L_000002a4eeb43a90 .functor BUFT 1, C4<0000000000000000000000000000000>, C4<0>, C4<0>, C4<0>;
v000002a4eeb3ca70_0 .net/2u *"_ivl_176", 30 0, L_000002a4eeb43a90;  1 drivers
v000002a4eeb3d8d0_0 .net *"_ivl_178", 31 0, L_000002a4eeba9c70;  1 drivers
v000002a4eeb3cd90_0 .net *"_ivl_181", 7 0, L_000002a4eeba98b0;  1 drivers
v000002a4eeb3d330_0 .net *"_ivl_182", 31 0, L_000002a4eeba9310;  1 drivers
v000002a4eeb3c9d0_0 .net *"_ivl_184", 31 0, L_000002a4eeba9ef0;  1 drivers
v000002a4eeb3d290_0 .net *"_ivl_186", 31 0, L_000002a4eeba8690;  1 drivers
v000002a4eeb3d970_0 .net *"_ivl_188", 31 0, L_000002a4eeba8550;  1 drivers
v000002a4eeb3c4d0_0 .net *"_ivl_19", 0 0, L_000002a4eeba5ad0;  1 drivers
L_000002a4eeb43388 .functor BUFT 1, C4<1>, C4<0>, C4<0>, C4<0>;
v000002a4eeb3c7f0_0 .net/2u *"_ivl_20", 0 0, L_000002a4eeb43388;  1 drivers
v000002a4eeb3d510_0 .net *"_ivl_23", 22 0, L_000002a4eeba6890;  1 drivers
v000002a4eeb3ce30_0 .net *"_ivl_24", 23 0, L_000002a4eeba7010;  1 drivers
L_000002a4eeb433d0 .functor BUFT 1, C4<0>, C4<0>, C4<0>, C4<0>;
v000002a4eeb3d3d0_0 .net/2u *"_ivl_26", 0 0, L_000002a4eeb433d0;  1 drivers
v000002a4eeb3cb10_0 .net *"_ivl_29", 22 0, L_000002a4eeba4f90;  1 drivers
v000002a4eeb3ced0_0 .net *"_ivl_3", 0 0, L_000002a4eeba7290;  1 drivers
v000002a4eeb3c890_0 .net *"_ivl_30", 23 0, L_000002a4eeba5df0;  1 drivers
v000002a4eeb3cf70_0 .net *"_ivl_35", 7 0, L_000002a4eeba66b0;  1 drivers
v000002a4eeb3c930_0 .net *"_ivl_37", 0 0, L_000002a4eeba6070;  1 drivers
L_000002a4eeb43418 .functor BUFT 1, C4<1>, C4<0>, C4<0>, C4<0>;
v000002a4eeb3d470_0 .net/2u *"_ivl_38", 0 0, L_000002a4eeb43418;  1 drivers
v000002a4eeb3d010_0 .net *"_ivl_41", 22 0, L_000002a4eeba6110;  1 drivers
v000002a4eeb3d5b0_0 .net *"_ivl_42", 23 0, L_000002a4eeba6ed0;  1 drivers
L_000002a4eeb43460 .functor BUFT 1, C4<0>, C4<0>, C4<0>, C4<0>;
v000002a4eeb3d0b0_0 .net/2u *"_ivl_44", 0 0, L_000002a4eeb43460;  1 drivers
v000002a4eeb3d150_0 .net *"_ivl_47", 22 0, L_000002a4eeba5c10;  1 drivers
v000002a4eeb3d1f0_0 .net *"_ivl_48", 23 0, L_000002a4eeba61b0;  1 drivers
v000002a4eeb3c070_0 .net *"_ivl_52", 47 0, L_000002a4eeba53f0;  1 drivers
L_000002a4eeb434a8 .functor BUFT 1, C4<000000000000000000000000>, C4<0>, C4<0>, C4<0>;
v000002a4eeb3b350_0 .net *"_ivl_55", 23 0, L_000002a4eeb434a8;  1 drivers
v000002a4eeb3bd50_0 .net *"_ivl_56", 47 0, L_000002a4eeba6610;  1 drivers
L_000002a4eeb434f0 .functor BUFT 1, C4<000000000000000000000000>, C4<0>, C4<0>, C4<0>;
v000002a4eeb3b530_0 .net *"_ivl_59", 23 0, L_000002a4eeb434f0;  1 drivers
v000002a4eeb3b5d0_0 .net *"_ivl_63", 22 0, L_000002a4eeba7510;  1 drivers
v000002a4eeb3bb70_0 .net *"_ivl_67", 0 0, L_000002a4eeba6b10;  1 drivers
L_000002a4eeb43538 .functor BUFT 1, C4<1>, C4<0>, C4<0>, C4<0>;
v000002a4eeb3abd0_0 .net/2u *"_ivl_68", 0 0, L_000002a4eeb43538;  1 drivers
v000002a4eeb3c110_0 .net *"_ivl_7", 7 0, L_000002a4eeba69d0;  1 drivers
L_000002a4eeb43580 .functor BUFT 1, C4<0>, C4<0>, C4<0>, C4<0>;
v000002a4eeb3b670_0 .net/2u *"_ivl_70", 0 0, L_000002a4eeb43580;  1 drivers
v000002a4eeb3b170_0 .net *"_ivl_74", 47 0, L_000002a4eeba73d0;  1 drivers
v000002a4eeb3ae50_0 .net *"_ivl_76", 46 0, L_000002a4eeba6cf0;  1 drivers
L_000002a4eeb435c8 .functor BUFT 1, C4<0>, C4<0>, C4<0>, C4<0>;
v000002a4eeb3aef0_0 .net *"_ivl_78", 0 0, L_000002a4eeb435c8;  1 drivers
v000002a4eeb3c250_0 .net *"_ivl_83", 22 0, L_000002a4eeba5170;  1 drivers
v000002a4eeb3b210_0 .net *"_ivl_85", 0 0, L_000002a4eeba7650;  1 drivers
v000002a4eeb39c30_0 .net *"_ivl_86", 22 0, L_000002a4eeba5710;  1 drivers
L_000002a4eeb43610 .functor BUFT 1, C4<0000000000000000000000>, C4<0>, C4<0>, C4<0>;
v000002a4eeb3b0d0_0 .net *"_ivl_89", 21 0, L_000002a4eeb43610;  1 drivers
v000002a4eeb3b3f0_0 .net *"_ivl_9", 0 0, L_000002a4eeba5fd0;  1 drivers
v000002a4eeb3ac70_0 .net *"_ivl_90", 22 0, L_000002a4eeba5350;  1 drivers
L_000002a4eeb43658 .functor BUFT 1, C4<0000000000000000000000>, C4<0>, C4<0>, C4<0>;
v000002a4eeb3ad10_0 .net *"_ivl_93", 21 0, L_000002a4eeb43658;  1 drivers
v000002a4eeb3bcb0_0 .net *"_ivl_94", 22 0, L_000002a4eea2dd50;  1 drivers
L_000002a4eeb436a0 .functor BUFT 1, C4<0>, C4<0>, C4<0>, C4<0>;
v000002a4eeb3bdf0_0 .net/2u *"_ivl_98", 0 0, L_000002a4eeb436a0;  1 drivers
v000002a4eeb3a6d0_0 .net "a_operand", 31 0, v000002a4eeb41a70_0;  alias, 1 drivers
v000002a4eeb3b2b0_0 .net "b_operand", 31 0, v000002a4eeb40d50_0;  alias, 1 drivers
v000002a4eeb3b710_0 .net "exponent", 8 0, L_000002a4eeba5b70;  1 drivers
v000002a4eeb3b030_0 .net "normalised", 0 0, L_000002a4eeba6930;  1 drivers
v000002a4eeb3a630_0 .net "operand_a", 23 0, L_000002a4eeba6a70;  1 drivers
v000002a4eeb3a090_0 .net "operand_b", 23 0, L_000002a4eeba76f0;  1 drivers
v000002a4eeb3a3b0_0 .net "product", 47 0, L_000002a4eeba52b0;  1 drivers
v000002a4eeb3a770_0 .net "product_mantissa", 22 0, L_000002a4eeba6d90;  1 drivers
v000002a4eeb3be90_0 .net "product_normalised", 47 0, L_000002a4eeba55d0;  1 drivers
v000002a4eeb3a450_0 .net "product_round", 0 0, L_000002a4eeba7330;  1 drivers
v000002a4eeb3b490_0 .net "result", 31 0, L_000002a4eeba93b0;  alias, 1 drivers
v000002a4eeb3a810_0 .net "sign", 0 0, L_000002a4eea4a350;  1 drivers
v000002a4eeb3bf30_0 .net "sum_exponent", 8 0, L_000002a4eeba58f0;  1 drivers
v000002a4eeb3b7b0_0 .net "zero", 0 0, L_000002a4eeba6250;  1 drivers
L_000002a4eeba71f0 .part v000002a4eeb41a70_0, 31, 1;
L_000002a4eeba7290 .part v000002a4eeb40d50_0, 31, 1;
L_000002a4eeba69d0 .part v000002a4eeb41a70_0, 23, 8;
L_000002a4eeba5fd0 .reduce/and L_000002a4eeba69d0;
L_000002a4eeba5530 .part v000002a4eeb40d50_0, 23, 8;
L_000002a4eeba6430 .reduce/and L_000002a4eeba5530;
L_000002a4eeba67f0 .part v000002a4eeb41a70_0, 23, 8;
L_000002a4eeba5ad0 .reduce/or L_000002a4eeba67f0;
L_000002a4eeba6890 .part v000002a4eeb41a70_0, 0, 23;
L_000002a4eeba7010 .concat [ 23 1 0 0], L_000002a4eeba6890, L_000002a4eeb43388;
L_000002a4eeba4f90 .part v000002a4eeb41a70_0, 0, 23;
L_000002a4eeba5df0 .concat [ 23 1 0 0], L_000002a4eeba4f90, L_000002a4eeb433d0;
L_000002a4eeba6a70 .functor MUXZ 24, L_000002a4eeba5df0, L_000002a4eeba7010, L_000002a4eeba5ad0, C4<>;
L_000002a4eeba66b0 .part v000002a4eeb40d50_0, 23, 8;
L_000002a4eeba6070 .reduce/or L_000002a4eeba66b0;
L_000002a4eeba6110 .part v000002a4eeb40d50_0, 0, 23;
L_000002a4eeba6ed0 .concat [ 23 1 0 0], L_000002a4eeba6110, L_000002a4eeb43418;
L_000002a4eeba5c10 .part v000002a4eeb40d50_0, 0, 23;
L_000002a4eeba61b0 .concat [ 23 1 0 0], L_000002a4eeba5c10, L_000002a4eeb43460;
L_000002a4eeba76f0 .functor MUXZ 24, L_000002a4eeba61b0, L_000002a4eeba6ed0, L_000002a4eeba6070, C4<>;
L_000002a4eeba53f0 .concat [ 24 24 0 0], L_000002a4eeba6a70, L_000002a4eeb434a8;
L_000002a4eeba6610 .concat [ 24 24 0 0], L_000002a4eeba76f0, L_000002a4eeb434f0;
L_000002a4eeba52b0 .arith/mult 48, L_000002a4eeba53f0, L_000002a4eeba6610;
L_000002a4eeba7510 .part L_000002a4eeba55d0, 0, 23;
L_000002a4eeba7330 .reduce/or L_000002a4eeba7510;
L_000002a4eeba6b10 .part L_000002a4eeba52b0, 47, 1;
L_000002a4eeba6930 .functor MUXZ 1, L_000002a4eeb43580, L_000002a4eeb43538, L_000002a4eeba6b10, C4<>;
L_000002a4eeba6cf0 .part L_000002a4eeba52b0, 0, 47;
L_000002a4eeba73d0 .concat [ 1 47 0 0], L_000002a4eeb435c8, L_000002a4eeba6cf0;
L_000002a4eeba55d0 .functor MUXZ 48, L_000002a4eeba73d0, L_000002a4eeba52b0, L_000002a4eeba6930, C4<>;
L_000002a4eeba5170 .part L_000002a4eeba55d0, 24, 23;
L_000002a4eeba7650 .part L_000002a4eeba55d0, 23, 1;
L_000002a4eeba5710 .concat [ 1 22 0 0], L_000002a4eeba7650, L_000002a4eeb43610;
L_000002a4eeba5350 .concat [ 1 22 0 0], L_000002a4eeba7330, L_000002a4eeb43658;
L_000002a4eeba6d90 .arith/sum 23, L_000002a4eeba5170, L_000002a4eea2dd50;
L_000002a4eeba7470 .cmp/eq 23, L_000002a4eeba6d90, L_000002a4eeb436e8;
L_000002a4eeba75b0 .functor MUXZ 1, L_000002a4eeb43778, L_000002a4eeb43730, L_000002a4eeba7470, C4<>;
L_000002a4eeba6250 .functor MUXZ 1, L_000002a4eeba75b0, L_000002a4eeb436a0, L_000002a4eea4a3c0, C4<>;
L_000002a4eeba57b0 .part v000002a4eeb41a70_0, 23, 8;
L_000002a4eeba6390 .concat [ 8 1 0 0], L_000002a4eeba57b0, L_000002a4eeb437c0;
L_000002a4eeba64d0 .part v000002a4eeb40d50_0, 23, 8;
L_000002a4eeba5850 .concat [ 8 1 0 0], L_000002a4eeba64d0, L_000002a4eeb43808;
L_000002a4eeba58f0 .arith/sum 9, L_000002a4eeba6390, L_000002a4eeba5850;
L_000002a4eeba5990 .arith/sub 9, L_000002a4eeba58f0, L_000002a4eeb43850;
L_000002a4eeba5a30 .concat [ 1 8 0 0], L_000002a4eeba6930, L_000002a4eeb43898;
L_000002a4eeba5b70 .arith/sum 9, L_000002a4eeba5990, L_000002a4eeba5a30;
L_000002a4eeba6570 .part L_000002a4eeba5b70, 8, 1;
L_000002a4eeba9950 .part L_000002a4eeba5b70, 7, 1;
L_000002a4eeba8410 .reduce/nor L_000002a4eeba9950;
L_000002a4eeba91d0 .reduce/nor L_000002a4eeba6250;
L_000002a4eeba84b0 .part L_000002a4eeba5b70, 8, 1;
L_000002a4eeba8c30 .part L_000002a4eeba5b70, 7, 1;
L_000002a4eeba8050 .reduce/nor L_000002a4eeba6250;
L_000002a4eeba9450 .functor MUXZ 1, L_000002a4eeb43928, L_000002a4eeb438e0, L_000002a4eebab2c0, C4<>;
L_000002a4eeba8cd0 .concat [ 31 1 0 0], L_000002a4eeb439b8, L_000002a4eea4a350;
L_000002a4eeba7f10 .concat [ 23 8 1 0], L_000002a4eeb43a48, L_000002a4eeb43a00, L_000002a4eea4a350;
L_000002a4eeba9c70 .concat [ 31 1 0 0], L_000002a4eeb43a90, L_000002a4eea4a350;
L_000002a4eeba98b0 .part L_000002a4eeba5b70, 0, 8;
L_000002a4eeba9310 .concat [ 23 8 1 0], L_000002a4eeba6d90, L_000002a4eeba98b0, L_000002a4eea4a350;
L_000002a4eeba9ef0 .functor MUXZ 32, L_000002a4eeba9310, L_000002a4eeba9c70, L_000002a4eeba9450, C4<>;
L_000002a4eeba8690 .functor MUXZ 32, L_000002a4eeba9ef0, L_000002a4eeba7f10, L_000002a4eebab170, C4<>;
L_000002a4eeba8550 .functor MUXZ 32, L_000002a4eeba8690, L_000002a4eeba8cd0, L_000002a4eeba6250, C4<>;
L_000002a4eeba93b0 .functor MUXZ 32, L_000002a4eeba8550, L_000002a4eeb43970, L_000002a4eea4a3c0, C4<>;
S_000002a4eea7ec40 .scope module, "multiply_instance4" "multiply" 3 12, 5 1 0, S_000002a4ee9cd0c0;
 .timescale 0 0;
    .port_info 0 /INPUT 32 "a_operand";
    .port_info 1 /INPUT 32 "b_operand";
    .port_info 2 /OUTPUT 32 "result";
L_000002a4eebab330 .functor XOR 1, L_000002a4eeba80f0, L_000002a4eeba85f0, C4<0>, C4<0>;
L_000002a4eebab250 .functor OR 1, L_000002a4eeba9e50, L_000002a4eeba96d0, C4<0>, C4<0>;
L_000002a4eebab4f0 .functor AND 23, L_000002a4eeba7970, L_000002a4eeba7b50, C4<11111111111111111111111>, C4<11111111111111111111111>;
L_000002a4eebaabc0 .functor AND 1, L_000002a4eeba8370, L_000002a4eebaa170, C4<1>, C4<1>;
L_000002a4eebab5d0 .functor AND 1, L_000002a4eebaabc0, L_000002a4eebaa210, C4<1>, C4<1>;
L_000002a4eebab560 .functor AND 1, L_000002a4eebaa490, L_000002a4eebaa2b0, C4<1>, C4<1>;
L_000002a4eebab1e0 .functor AND 1, L_000002a4eebab560, L_000002a4eebaa670, C4<1>, C4<1>;
v000002a4eeb39f50_0 .net "Exception", 0 0, L_000002a4eebab250;  1 drivers
v000002a4eeb3c1b0_0 .net "Overflow", 0 0, L_000002a4eebab5d0;  1 drivers
v000002a4eeb3a270_0 .net "Underflow", 0 0, L_000002a4eeba9f90;  1 drivers
v000002a4eeb3adb0_0 .net *"_ivl_1", 0 0, L_000002a4eeba80f0;  1 drivers
L_000002a4eeb43e38 .functor BUFT 1, C4<00000000000000000000000>, C4<0>, C4<0>, C4<0>;
v000002a4eeb39af0_0 .net/2u *"_ivl_100", 22 0, L_000002a4eeb43e38;  1 drivers
v000002a4eeb3af90_0 .net *"_ivl_102", 0 0, L_000002a4eeba9130;  1 drivers
L_000002a4eeb43e80 .functor BUFT 1, C4<1>, C4<0>, C4<0>, C4<0>;
v000002a4eeb3a8b0_0 .net/2u *"_ivl_104", 0 0, L_000002a4eeb43e80;  1 drivers
L_000002a4eeb43ec8 .functor BUFT 1, C4<0>, C4<0>, C4<0>, C4<0>;
v000002a4eeb3a130_0 .net/2u *"_ivl_106", 0 0, L_000002a4eeb43ec8;  1 drivers
v000002a4eeb3bad0_0 .net *"_ivl_108", 0 0, L_000002a4eeba9b30;  1 drivers
v000002a4eeb3b850_0 .net *"_ivl_11", 7 0, L_000002a4eeba9090;  1 drivers
v000002a4eeb3b8f0_0 .net *"_ivl_113", 7 0, L_000002a4eeba9270;  1 drivers
v000002a4eeb3a4f0_0 .net *"_ivl_114", 8 0, L_000002a4eeba8af0;  1 drivers
L_000002a4eeb43f10 .functor BUFT 1, C4<0>, C4<0>, C4<0>, C4<0>;
v000002a4eeb39e10_0 .net *"_ivl_117", 0 0, L_000002a4eeb43f10;  1 drivers
v000002a4eeb3b990_0 .net *"_ivl_119", 7 0, L_000002a4eeba7d30;  1 drivers
v000002a4eeb3a950_0 .net *"_ivl_120", 8 0, L_000002a4eeba9d10;  1 drivers
L_000002a4eeb43f58 .functor BUFT 1, C4<0>, C4<0>, C4<0>, C4<0>;
v000002a4eeb3ba30_0 .net *"_ivl_123", 0 0, L_000002a4eeb43f58;  1 drivers
L_000002a4eeb43fa0 .functor BUFT 1, C4<001111111>, C4<0>, C4<0>, C4<0>;
v000002a4eeb3bc10_0 .net/2u *"_ivl_126", 8 0, L_000002a4eeb43fa0;  1 drivers
v000002a4eeb3a9f0_0 .net *"_ivl_128", 8 0, L_000002a4eeba7fb0;  1 drivers
v000002a4eeb3bfd0_0 .net *"_ivl_13", 0 0, L_000002a4eeba96d0;  1 drivers
v000002a4eeb39b90_0 .net *"_ivl_130", 8 0, L_000002a4eeba8a50;  1 drivers
L_000002a4eeb43fe8 .functor BUFT 1, C4<00000000>, C4<0>, C4<0>, C4<0>;
v000002a4eeb39cd0_0 .net *"_ivl_133", 7 0, L_000002a4eeb43fe8;  1 drivers
v000002a4eeb3aa90_0 .net *"_ivl_137", 0 0, L_000002a4eeba8370;  1 drivers
v000002a4eeb39d70_0 .net *"_ivl_139", 0 0, L_000002a4eeba8b90;  1 drivers
v000002a4eeb3ab30_0 .net *"_ivl_141", 0 0, L_000002a4eebaa170;  1 drivers
v000002a4eeb39eb0_0 .net *"_ivl_142", 0 0, L_000002a4eebaabc0;  1 drivers
v000002a4eeb39ff0_0 .net *"_ivl_145", 0 0, L_000002a4eebaa210;  1 drivers
v000002a4eeb3a310_0 .net *"_ivl_149", 0 0, L_000002a4eebaa490;  1 drivers
v000002a4eeb3a1d0_0 .net *"_ivl_151", 0 0, L_000002a4eebaa2b0;  1 drivers
v000002a4eeb3a590_0 .net *"_ivl_152", 0 0, L_000002a4eebab560;  1 drivers
v000002a4eeb3e410_0 .net *"_ivl_155", 0 0, L_000002a4eebaa670;  1 drivers
v000002a4eeb3fb30_0 .net *"_ivl_156", 0 0, L_000002a4eebab1e0;  1 drivers
L_000002a4eeb44030 .functor BUFT 1, C4<1>, C4<0>, C4<0>, C4<0>;
v000002a4eeb3fdb0_0 .net/2u *"_ivl_158", 0 0, L_000002a4eeb44030;  1 drivers
L_000002a4eeb44078 .functor BUFT 1, C4<0>, C4<0>, C4<0>, C4<0>;
v000002a4eeb40350_0 .net/2u *"_ivl_160", 0 0, L_000002a4eeb44078;  1 drivers
L_000002a4eeb440c0 .functor BUFT 1, C4<00000000000000000000000000000000>, C4<0>, C4<0>, C4<0>;
v000002a4eeb3eb90_0 .net/2u *"_ivl_164", 31 0, L_000002a4eeb440c0;  1 drivers
L_000002a4eeb44108 .functor BUFT 1, C4<0000000000000000000000000000000>, C4<0>, C4<0>, C4<0>;
v000002a4eeb3fe50_0 .net/2u *"_ivl_166", 30 0, L_000002a4eeb44108;  1 drivers
v000002a4eeb3df10_0 .net *"_ivl_168", 31 0, L_000002a4eebaa530;  1 drivers
v000002a4eeb3dfb0_0 .net *"_ivl_17", 7 0, L_000002a4eeba99f0;  1 drivers
L_000002a4eeb44150 .functor BUFT 1, C4<11111111>, C4<0>, C4<0>, C4<0>;
v000002a4eeb3e050_0 .net/2u *"_ivl_170", 7 0, L_000002a4eeb44150;  1 drivers
L_000002a4eeb44198 .functor BUFT 1, C4<00000000000000000000000>, C4<0>, C4<0>, C4<0>;
v000002a4eeb3ec30_0 .net/2u *"_ivl_172", 22 0, L_000002a4eeb44198;  1 drivers
v000002a4eeb3f130_0 .net *"_ivl_174", 31 0, L_000002a4eebaa030;  1 drivers
L_000002a4eeb441e0 .functor BUFT 1, C4<0000000000000000000000000000000>, C4<0>, C4<0>, C4<0>;
v000002a4eeb3e690_0 .net/2u *"_ivl_176", 30 0, L_000002a4eeb441e0;  1 drivers
v000002a4eeb3f590_0 .net *"_ivl_178", 31 0, L_000002a4eebaa0d0;  1 drivers
v000002a4eeb3e0f0_0 .net *"_ivl_181", 7 0, L_000002a4eebaa5d0;  1 drivers
v000002a4eeb3ed70_0 .net *"_ivl_182", 31 0, L_000002a4eebaa350;  1 drivers
v000002a4eeb3e730_0 .net *"_ivl_184", 31 0, L_000002a4eebaa3f0;  1 drivers
v000002a4eeb3f810_0 .net *"_ivl_186", 31 0, L_000002a4eeba48b0;  1 drivers
v000002a4eeb40490_0 .net *"_ivl_188", 31 0, L_000002a4eeba49f0;  1 drivers
v000002a4eeb3f310_0 .net *"_ivl_19", 0 0, L_000002a4eeba82d0;  1 drivers
L_000002a4eeb43ad8 .functor BUFT 1, C4<1>, C4<0>, C4<0>, C4<0>;
v000002a4eeb3fbd0_0 .net/2u *"_ivl_20", 0 0, L_000002a4eeb43ad8;  1 drivers
v000002a4eeb3f450_0 .net *"_ivl_23", 22 0, L_000002a4eeba8730;  1 drivers
v000002a4eeb3fc70_0 .net *"_ivl_24", 23 0, L_000002a4eeba87d0;  1 drivers
L_000002a4eeb43b20 .functor BUFT 1, C4<0>, C4<0>, C4<0>, C4<0>;
v000002a4eeb3e230_0 .net/2u *"_ivl_26", 0 0, L_000002a4eeb43b20;  1 drivers
v000002a4eeb402b0_0 .net *"_ivl_29", 22 0, L_000002a4eeba8910;  1 drivers
v000002a4eeb3f3b0_0 .net *"_ivl_3", 0 0, L_000002a4eeba85f0;  1 drivers
v000002a4eeb405d0_0 .net *"_ivl_30", 23 0, L_000002a4eeba94f0;  1 drivers
v000002a4eeb3e550_0 .net *"_ivl_35", 7 0, L_000002a4eeba8e10;  1 drivers
v000002a4eeb3e190_0 .net *"_ivl_37", 0 0, L_000002a4eeba8870;  1 drivers
L_000002a4eeb43b68 .functor BUFT 1, C4<1>, C4<0>, C4<0>, C4<0>;
v000002a4eeb400d0_0 .net/2u *"_ivl_38", 0 0, L_000002a4eeb43b68;  1 drivers
v000002a4eeb3f4f0_0 .net *"_ivl_41", 22 0, L_000002a4eeba9a90;  1 drivers
v000002a4eeb3e370_0 .net *"_ivl_42", 23 0, L_000002a4eeba7790;  1 drivers
L_000002a4eeb43bb0 .functor BUFT 1, C4<0>, C4<0>, C4<0>, C4<0>;
v000002a4eeb3ee10_0 .net/2u *"_ivl_44", 0 0, L_000002a4eeb43bb0;  1 drivers
v000002a4eeb3e2d0_0 .net *"_ivl_47", 22 0, L_000002a4eeba7830;  1 drivers
v000002a4eeb40670_0 .net *"_ivl_48", 23 0, L_000002a4eeba9630;  1 drivers
v000002a4eeb3e4b0_0 .net *"_ivl_52", 47 0, L_000002a4eeba7a10;  1 drivers
L_000002a4eeb43bf8 .functor BUFT 1, C4<000000000000000000000000>, C4<0>, C4<0>, C4<0>;
v000002a4eeb403f0_0 .net *"_ivl_55", 23 0, L_000002a4eeb43bf8;  1 drivers
v000002a4eeb3e7d0_0 .net *"_ivl_56", 47 0, L_000002a4eeba8190;  1 drivers
L_000002a4eeb43c40 .functor BUFT 1, C4<000000000000000000000000>, C4<0>, C4<0>, C4<0>;
v000002a4eeb3fd10_0 .net *"_ivl_59", 23 0, L_000002a4eeb43c40;  1 drivers
v000002a4eeb3fef0_0 .net *"_ivl_63", 22 0, L_000002a4eeba7ab0;  1 drivers
v000002a4eeb3f090_0 .net *"_ivl_67", 0 0, L_000002a4eeba8d70;  1 drivers
L_000002a4eeb43c88 .functor BUFT 1, C4<1>, C4<0>, C4<0>, C4<0>;
v000002a4eeb3e9b0_0 .net/2u *"_ivl_68", 0 0, L_000002a4eeb43c88;  1 drivers
v000002a4eeb3e5f0_0 .net *"_ivl_7", 7 0, L_000002a4eeba8eb0;  1 drivers
L_000002a4eeb43cd0 .functor BUFT 1, C4<0>, C4<0>, C4<0>, C4<0>;
v000002a4eeb3eff0_0 .net/2u *"_ivl_70", 0 0, L_000002a4eeb43cd0;  1 drivers
v000002a4eeb3ecd0_0 .net *"_ivl_74", 47 0, L_000002a4eeba8ff0;  1 drivers
v000002a4eeb3eeb0_0 .net *"_ivl_76", 46 0, L_000002a4eeba78d0;  1 drivers
L_000002a4eeb43d18 .functor BUFT 1, C4<0>, C4<0>, C4<0>, C4<0>;
v000002a4eeb3e870_0 .net *"_ivl_78", 0 0, L_000002a4eeb43d18;  1 drivers
v000002a4eeb3ff90_0 .net *"_ivl_83", 22 0, L_000002a4eeba9810;  1 drivers
v000002a4eeb3e910_0 .net *"_ivl_85", 0 0, L_000002a4eeba7e70;  1 drivers
v000002a4eeb3f8b0_0 .net *"_ivl_86", 22 0, L_000002a4eeba7970;  1 drivers
L_000002a4eeb43d60 .functor BUFT 1, C4<0000000000000000000000>, C4<0>, C4<0>, C4<0>;
v000002a4eeb40530_0 .net *"_ivl_89", 21 0, L_000002a4eeb43d60;  1 drivers
v000002a4eeb3f630_0 .net *"_ivl_9", 0 0, L_000002a4eeba9e50;  1 drivers
v000002a4eeb3ef50_0 .net *"_ivl_90", 22 0, L_000002a4eeba7b50;  1 drivers
L_000002a4eeb43da8 .functor BUFT 1, C4<0000000000000000000000>, C4<0>, C4<0>, C4<0>;
v000002a4eeb3ea50_0 .net *"_ivl_93", 21 0, L_000002a4eeb43da8;  1 drivers
v000002a4eeb3eaf0_0 .net *"_ivl_94", 22 0, L_000002a4eebab4f0;  1 drivers
L_000002a4eeb43df0 .functor BUFT 1, C4<0>, C4<0>, C4<0>, C4<0>;
v000002a4eeb3f1d0_0 .net/2u *"_ivl_98", 0 0, L_000002a4eeb43df0;  1 drivers
v000002a4eeb3f270_0 .net "a_operand", 31 0, v000002a4eeb417f0_0;  alias, 1 drivers
v000002a4eeb3f6d0_0 .net "b_operand", 31 0, v000002a4eeb40df0_0;  alias, 1 drivers
v000002a4eeb3f770_0 .net "exponent", 8 0, L_000002a4eeba8230;  1 drivers
v000002a4eeb3f950_0 .net "normalised", 0 0, L_000002a4eeba9bd0;  1 drivers
v000002a4eeb3f9f0_0 .net "operand_a", 23 0, L_000002a4eeba9590;  1 drivers
v000002a4eeb3fa90_0 .net "operand_b", 23 0, L_000002a4eeba8f50;  1 drivers
v000002a4eeb40030_0 .net "product", 47 0, L_000002a4eeba89b0;  1 drivers
v000002a4eeb40170_0 .net "product_mantissa", 22 0, L_000002a4eeba7bf0;  1 drivers
v000002a4eeb40210_0 .net "product_normalised", 47 0, L_000002a4eeba7c90;  1 drivers
v000002a4eeb40f30_0 .net "product_round", 0 0, L_000002a4eeba9770;  1 drivers
v000002a4eeb412f0_0 .net "result", 31 0, L_000002a4eeba2b50;  alias, 1 drivers
v000002a4eeb41070_0 .net "sign", 0 0, L_000002a4eebab330;  1 drivers
v000002a4eeb41bb0_0 .net "sum_exponent", 8 0, L_000002a4eeba9db0;  1 drivers
v000002a4eeb40c10_0 .net "zero", 0 0, L_000002a4eeba7dd0;  1 drivers
L_000002a4eeba80f0 .part v000002a4eeb417f0_0, 31, 1;
L_000002a4eeba85f0 .part v000002a4eeb40df0_0, 31, 1;
L_000002a4eeba8eb0 .part v000002a4eeb417f0_0, 23, 8;
L_000002a4eeba9e50 .reduce/and L_000002a4eeba8eb0;
L_000002a4eeba9090 .part v000002a4eeb40df0_0, 23, 8;
L_000002a4eeba96d0 .reduce/and L_000002a4eeba9090;
L_000002a4eeba99f0 .part v000002a4eeb417f0_0, 23, 8;
L_000002a4eeba82d0 .reduce/or L_000002a4eeba99f0;
L_000002a4eeba8730 .part v000002a4eeb417f0_0, 0, 23;
L_000002a4eeba87d0 .concat [ 23 1 0 0], L_000002a4eeba8730, L_000002a4eeb43ad8;
L_000002a4eeba8910 .part v000002a4eeb417f0_0, 0, 23;
L_000002a4eeba94f0 .concat [ 23 1 0 0], L_000002a4eeba8910, L_000002a4eeb43b20;
L_000002a4eeba9590 .functor MUXZ 24, L_000002a4eeba94f0, L_000002a4eeba87d0, L_000002a4eeba82d0, C4<>;
L_000002a4eeba8e10 .part v000002a4eeb40df0_0, 23, 8;
L_000002a4eeba8870 .reduce/or L_000002a4eeba8e10;
L_000002a4eeba9a90 .part v000002a4eeb40df0_0, 0, 23;
L_000002a4eeba7790 .concat [ 23 1 0 0], L_000002a4eeba9a90, L_000002a4eeb43b68;
L_000002a4eeba7830 .part v000002a4eeb40df0_0, 0, 23;
L_000002a4eeba9630 .concat [ 23 1 0 0], L_000002a4eeba7830, L_000002a4eeb43bb0;
L_000002a4eeba8f50 .functor MUXZ 24, L_000002a4eeba9630, L_000002a4eeba7790, L_000002a4eeba8870, C4<>;
L_000002a4eeba7a10 .concat [ 24 24 0 0], L_000002a4eeba9590, L_000002a4eeb43bf8;
L_000002a4eeba8190 .concat [ 24 24 0 0], L_000002a4eeba8f50, L_000002a4eeb43c40;
L_000002a4eeba89b0 .arith/mult 48, L_000002a4eeba7a10, L_000002a4eeba8190;
L_000002a4eeba7ab0 .part L_000002a4eeba7c90, 0, 23;
L_000002a4eeba9770 .reduce/or L_000002a4eeba7ab0;
L_000002a4eeba8d70 .part L_000002a4eeba89b0, 47, 1;
L_000002a4eeba9bd0 .functor MUXZ 1, L_000002a4eeb43cd0, L_000002a4eeb43c88, L_000002a4eeba8d70, C4<>;
L_000002a4eeba78d0 .part L_000002a4eeba89b0, 0, 47;
L_000002a4eeba8ff0 .concat [ 1 47 0 0], L_000002a4eeb43d18, L_000002a4eeba78d0;
L_000002a4eeba7c90 .functor MUXZ 48, L_000002a4eeba8ff0, L_000002a4eeba89b0, L_000002a4eeba9bd0, C4<>;
L_000002a4eeba9810 .part L_000002a4eeba7c90, 24, 23;
L_000002a4eeba7e70 .part L_000002a4eeba7c90, 23, 1;
L_000002a4eeba7970 .concat [ 1 22 0 0], L_000002a4eeba7e70, L_000002a4eeb43d60;
L_000002a4eeba7b50 .concat [ 1 22 0 0], L_000002a4eeba9770, L_000002a4eeb43da8;
L_000002a4eeba7bf0 .arith/sum 23, L_000002a4eeba9810, L_000002a4eebab4f0;
L_000002a4eeba9130 .cmp/eq 23, L_000002a4eeba7bf0, L_000002a4eeb43e38;
L_000002a4eeba9b30 .functor MUXZ 1, L_000002a4eeb43ec8, L_000002a4eeb43e80, L_000002a4eeba9130, C4<>;
L_000002a4eeba7dd0 .functor MUXZ 1, L_000002a4eeba9b30, L_000002a4eeb43df0, L_000002a4eebab250, C4<>;
L_000002a4eeba9270 .part v000002a4eeb417f0_0, 23, 8;
L_000002a4eeba8af0 .concat [ 8 1 0 0], L_000002a4eeba9270, L_000002a4eeb43f10;
L_000002a4eeba7d30 .part v000002a4eeb40df0_0, 23, 8;
L_000002a4eeba9d10 .concat [ 8 1 0 0], L_000002a4eeba7d30, L_000002a4eeb43f58;
L_000002a4eeba9db0 .arith/sum 9, L_000002a4eeba8af0, L_000002a4eeba9d10;
L_000002a4eeba7fb0 .arith/sub 9, L_000002a4eeba9db0, L_000002a4eeb43fa0;
L_000002a4eeba8a50 .concat [ 1 8 0 0], L_000002a4eeba9bd0, L_000002a4eeb43fe8;
L_000002a4eeba8230 .arith/sum 9, L_000002a4eeba7fb0, L_000002a4eeba8a50;
L_000002a4eeba8370 .part L_000002a4eeba8230, 8, 1;
L_000002a4eeba8b90 .part L_000002a4eeba8230, 7, 1;
L_000002a4eebaa170 .reduce/nor L_000002a4eeba8b90;
L_000002a4eebaa210 .reduce/nor L_000002a4eeba7dd0;
L_000002a4eebaa490 .part L_000002a4eeba8230, 8, 1;
L_000002a4eebaa2b0 .part L_000002a4eeba8230, 7, 1;
L_000002a4eebaa670 .reduce/nor L_000002a4eeba7dd0;
L_000002a4eeba9f90 .functor MUXZ 1, L_000002a4eeb44078, L_000002a4eeb44030, L_000002a4eebab1e0, C4<>;
L_000002a4eebaa530 .concat [ 31 1 0 0], L_000002a4eeb44108, L_000002a4eebab330;
L_000002a4eebaa030 .concat [ 23 8 1 0], L_000002a4eeb44198, L_000002a4eeb44150, L_000002a4eebab330;
L_000002a4eebaa0d0 .concat [ 31 1 0 0], L_000002a4eeb441e0, L_000002a4eebab330;
L_000002a4eebaa5d0 .part L_000002a4eeba8230, 0, 8;
L_000002a4eebaa350 .concat [ 23 8 1 0], L_000002a4eeba7bf0, L_000002a4eebaa5d0, L_000002a4eebab330;
L_000002a4eebaa3f0 .functor MUXZ 32, L_000002a4eebaa350, L_000002a4eebaa0d0, L_000002a4eeba9f90, C4<>;
L_000002a4eeba48b0 .functor MUXZ 32, L_000002a4eebaa3f0, L_000002a4eebaa030, L_000002a4eebab5d0, C4<>;
L_000002a4eeba49f0 .functor MUXZ 32, L_000002a4eeba48b0, L_000002a4eebaa530, L_000002a4eeba7dd0, C4<>;
L_000002a4eeba2b50 .functor MUXZ 32, L_000002a4eeba49f0, L_000002a4eeb440c0, L_000002a4eebab250, C4<>;
    .scope S_000002a4ee9e7660;
T_0 ;
    %wait E_000002a4eea5dec0;
    %pushi/vec4 0, 0, 2;
    %load/vec4 v000002a4eea4c490_0;
    %parti/s 23, 0, 2;
    %concat/vec4; draw_concat_vec4
    %concati/vec4 0, 0, 42;
    %store/vec4 v000002a4eea4b590_0, 0, 67;
    %pushi/vec4 0, 0, 2;
    %load/vec4 v000002a4eea4c530_0;
    %parti/s 23, 0, 2;
    %concat/vec4; draw_concat_vec4
    %concati/vec4 0, 0, 42;
    %store/vec4 v000002a4eea4b810_0, 0, 67;
    %load/vec4 v000002a4eea4c490_0;
    %parti/s 8, 23, 6;
    %store/vec4 v000002a4eea4b770_0, 0, 8;
    %load/vec4 v000002a4eea4c530_0;
    %parti/s 8, 23, 6;
    %store/vec4 v000002a4eea4bd10_0, 0, 8;
    %load/vec4 v000002a4eea4c490_0;
    %parti/s 1, 31, 6;
    %store/vec4 v000002a4eea4c710_0, 0, 1;
    %load/vec4 v000002a4eea4c530_0;
    %parti/s 1, 31, 6;
    %store/vec4 v000002a4eea4c210_0, 0, 1;
    %load/vec4 v000002a4eea4b770_0;
    %pad/u 32;
    %cmpi/e 0, 0, 32;
    %jmp/0xz  T_0.0, 4;
    %pushi/vec4 1, 0, 8;
    %store/vec4 v000002a4eea4b770_0, 0, 8;
    %pushi/vec4 0, 0, 1;
    %ix/load 4, 65, 0;
    %flag_set/imm 4, 0;
    %store/vec4 v000002a4eea4b590_0, 4, 1;
    %jmp T_0.1;
T_0.0 ;
    %pushi/vec4 1, 0, 1;
    %ix/load 4, 65, 0;
    %flag_set/imm 4, 0;
    %store/vec4 v000002a4eea4b590_0, 4, 1;
T_0.1 ;
    %load/vec4 v000002a4eea4bd10_0;
    %pad/u 32;
    %cmpi/e 0, 0, 32;
    %jmp/0xz  T_0.2, 4;
    %pushi/vec4 1, 0, 8;
    %store/vec4 v000002a4eea4bd10_0, 0, 8;
    %pushi/vec4 0, 0, 1;
    %ix/load 4, 65, 0;
    %flag_set/imm 4, 0;
    %store/vec4 v000002a4eea4b810_0, 4, 1;
    %jmp T_0.3;
T_0.2 ;
    %pushi/vec4 1, 0, 1;
    %ix/load 4, 65, 0;
    %flag_set/imm 4, 0;
    %store/vec4 v000002a4eea4b810_0, 4, 1;
T_0.3 ;
    %load/vec4 v000002a4eea4b770_0;
    %pad/u 32;
    %cmpi/e 0, 0, 32;
    %flag_get/vec4 4;
    %jmp/0 T_0.6, 4;
    %load/vec4 v000002a4eea4b590_0;
    %pushi/vec4 0, 0, 67;
    %cmp/e;
    %flag_get/vec4 4;
    %and;
T_0.6;
    %flag_set/vec4 8;
    %jmp/0xz  T_0.4, 8;
    %load/vec4 v000002a4eea4c210_0;
    %store/vec4 v000002a4eea4c350_0, 0, 1;
    %load/vec4 v000002a4eea4bd10_0;
    %store/vec4 v000002a4eea4b310_0, 0, 8;
    %load/vec4 v000002a4eea4b810_0;
    %store/vec4 v000002a4eea4be50_0, 0, 67;
    %jmp T_0.5;
T_0.4 ;
    %load/vec4 v000002a4eea4bd10_0;
    %pad/u 32;
    %cmpi/e 0, 0, 32;
    %flag_get/vec4 4;
    %jmp/0 T_0.9, 4;
    %load/vec4 v000002a4eea4b810_0;
    %pushi/vec4 0, 0, 67;
    %cmp/e;
    %flag_get/vec4 4;
    %and;
T_0.9;
    %flag_set/vec4 8;
    %jmp/0xz  T_0.7, 8;
    %load/vec4 v000002a4eea4c710_0;
    %store/vec4 v000002a4eea4c350_0, 0, 1;
    %load/vec4 v000002a4eea4b770_0;
    %store/vec4 v000002a4eea4b310_0, 0, 8;
    %load/vec4 v000002a4eea4b590_0;
    %store/vec4 v000002a4eea4be50_0, 0, 67;
T_0.7 ;
T_0.5 ;
    %load/vec4 v000002a4eea4bd10_0;
    %load/vec4 v000002a4eea4b770_0;
    %cmp/u;
    %jmp/0xz  T_0.10, 5;
    %load/vec4 v000002a4eea4b810_0;
    %load/vec4 v000002a4eea4b770_0;
    %load/vec4 v000002a4eea4bd10_0;
    %sub;
    %ix/vec4 4;
    %shiftr 4;
    %store/vec4 v000002a4eea4b810_0, 0, 67;
    %load/vec4 v000002a4eea4b770_0;
    %store/vec4 v000002a4eea4b310_0, 0, 8;
    %jmp T_0.11;
T_0.10 ;
    %load/vec4 v000002a4eea4b770_0;
    %load/vec4 v000002a4eea4bd10_0;
    %cmp/u;
    %jmp/0xz  T_0.12, 5;
    %load/vec4 v000002a4eea4b590_0;
    %load/vec4 v000002a4eea4bd10_0;
    %load/vec4 v000002a4eea4b770_0;
    %sub;
    %ix/vec4 4;
    %shiftr 4;
    %store/vec4 v000002a4eea4b590_0, 0, 67;
    %load/vec4 v000002a4eea4bd10_0;
    %store/vec4 v000002a4eea4b310_0, 0, 8;
    %jmp T_0.13;
T_0.12 ;
    %load/vec4 v000002a4eea4b770_0;
    %store/vec4 v000002a4eea4b310_0, 0, 8;
T_0.13 ;
T_0.11 ;
    %load/vec4 v000002a4eea4c710_0;
    %load/vec4 v000002a4eea4c210_0;
    %cmp/e;
    %jmp/0xz  T_0.14, 4;
    %load/vec4 v000002a4eea4b590_0;
    %load/vec4 v000002a4eea4b810_0;
    %add;
    %store/vec4 v000002a4eea4be50_0, 0, 67;
    %load/vec4 v000002a4eea4c710_0;
    %store/vec4 v000002a4eea4c350_0, 0, 1;
    %jmp T_0.15;
T_0.14 ;
    %load/vec4 v000002a4eea4b810_0;
    %load/vec4 v000002a4eea4b590_0;
    %cmp/u;
    %flag_or 5, 4;
    %jmp/0xz  T_0.16, 5;
    %load/vec4 v000002a4eea4b590_0;
    %load/vec4 v000002a4eea4b810_0;
    %sub;
    %store/vec4 v000002a4eea4be50_0, 0, 67;
    %load/vec4 v000002a4eea4c710_0;
    %store/vec4 v000002a4eea4c350_0, 0, 1;
    %jmp T_0.17;
T_0.16 ;
    %load/vec4 v000002a4eea4b810_0;
    %load/vec4 v000002a4eea4b590_0;
    %sub;
    %store/vec4 v000002a4eea4be50_0, 0, 67;
    %load/vec4 v000002a4eea4c210_0;
    %store/vec4 v000002a4eea4c350_0, 0, 1;
T_0.17 ;
T_0.15 ;
    %load/vec4 v000002a4eea4be50_0;
    %store/vec4 v000002a4eea4c670_0, 0, 67;
    %load/vec4 v000002a4eea4be50_0;
    %parti/s 1, 66, 8;
    %flag_set/vec4 8;
    %jmp/0xz  T_0.18, 8;
    %load/vec4 v000002a4eea4be50_0;
    %ix/load 4, 1, 0;
    %flag_set/imm 4, 0;
    %shiftr 4;
    %store/vec4 v000002a4eea4be50_0, 0, 67;
    %load/vec4 v000002a4eea4b310_0;
    %addi 1, 0, 8;
    %store/vec4 v000002a4eea4b310_0, 0, 8;
T_0.18 ;
    %load/vec4 v000002a4eea4be50_0;
    %parti/s 1, 66, 8;
    %flag_set/vec4 8;
    %jmp/0xz  T_0.20, 8;
    %load/vec4 v000002a4eea4be50_0;
    %ix/load 4, 1, 0;
    %flag_set/imm 4, 0;
    %shiftr 4;
    %store/vec4 v000002a4eea4be50_0, 0, 67;
    %load/vec4 v000002a4eea4b310_0;
    %addi 1, 0, 8;
    %store/vec4 v000002a4eea4b310_0, 0, 8;
T_0.20 ;
    %load/vec4 v000002a4eea4be50_0;
    %parti/s 1, 65, 8;
    %flag_set/vec4 8;
    %jmp/0xz  T_0.22, 8;
    %jmp T_0.23;
T_0.22 ;
    %load/vec4 v000002a4eea4be50_0;
    %parti/s 1, 65, 8;
    %pad/u 32;
    %cmpi/e 0, 0, 32;
    %jmp/0xz  T_0.24, 4;
T_0.26 ;
    %load/vec4 v000002a4eea4be50_0;
    %parti/s 1, 65, 8;
    %pad/u 32;
    %cmpi/e 0, 0, 32;
    %flag_get/vec4 4;
    %jmp/0 T_0.28, 4;
    %pushi/vec4 0, 0, 32;
    %load/vec4 v000002a4eea4be50_0;
    %parti/s 23, 42, 7;
    %pad/u 32;
    %cmp/u;
    %flag_get/vec4 5;
    %and;
T_0.28;
    %flag_set/vec4 8;
    %jmp/0xz T_0.27, 8;
    %load/vec4 v000002a4eea4be50_0;
    %ix/load 4, 1, 0;
    %flag_set/imm 4, 0;
    %shiftl 4;
    %store/vec4 v000002a4eea4be50_0, 0, 67;
    %load/vec4 v000002a4eea4b310_0;
    %subi 1, 0, 8;
    %store/vec4 v000002a4eea4b310_0, 0, 8;
    %jmp T_0.26;
T_0.27 ;
T_0.24 ;
T_0.23 ;
    %load/vec4 v000002a4eea4be50_0;
    %parti/s 1, 41, 7;
    %store/vec4 v000002a4eea4c7b0_0, 0, 1;
    %load/vec4 v000002a4eea4be50_0;
    %parti/s 1, 40, 7;
    %store/vec4 v000002a4eea4c170_0, 0, 1;
    %load/vec4 v000002a4eea4be50_0;
    %parti/s 40, 0, 2;
    %cmpi/u 0, 0, 40;
    %flag_or 5, 4; GT is !LE
    %flag_inv 5;
    %jmp/0xz  T_0.29, 5;
    %pushi/vec4 1, 0, 1;
    %store/vec4 v000002a4eea4c5d0_0, 0, 1;
    %jmp T_0.30;
T_0.29 ;
    %pushi/vec4 0, 0, 1;
    %store/vec4 v000002a4eea4c5d0_0, 0, 1;
T_0.30 ;
    %load/vec4 v000002a4eea4c7b0_0;
    %flag_set/vec4 9;
    %flag_get/vec4 9;
    %jmp/0 T_0.33, 9;
    %load/vec4 v000002a4eea4be50_0;
    %parti/s 1, 42, 7;
    %load/vec4 v000002a4eea4c170_0;
    %or;
    %load/vec4 v000002a4eea4c5d0_0;
    %or;
    %and;
T_0.33;
    %flag_set/vec4 8;
    %jmp/0xz  T_0.31, 8;
    %load/vec4 v000002a4eea4be50_0;
    %pushi/vec4 2147483648, 0, 56;
    %concati/vec4 0, 0, 11;
    %add;
    %store/vec4 v000002a4eea4be50_0, 0, 67;
T_0.31 ;
    %load/vec4 v000002a4eea4be50_0;
    %parti/s 23, 42, 7;
    %ix/load 4, 0, 0;
    %flag_set/imm 4, 0;
    %store/vec4 v000002a4eea4c030_0, 4, 23;
    %load/vec4 v000002a4eea4b310_0;
    %ix/load 4, 23, 0;
    %flag_set/imm 4, 0;
    %store/vec4 v000002a4eea4c030_0, 4, 8;
    %load/vec4 v000002a4eea4c350_0;
    %ix/load 4, 31, 0;
    %flag_set/imm 4, 0;
    %store/vec4 v000002a4eea4c030_0, 4, 1;
    %load/vec4 v000002a4eea4be50_0;
    %cmpi/e 0, 0, 67;
    %jmp/0xz  T_0.34, 4;
    %pushi/vec4 0, 0, 32;
    %store/vec4 v000002a4eea4c030_0, 0, 32;
T_0.34 ;
    %load/vec4 v000002a4eea4b310_0;
    %cmpi/e 255, 0, 8;
    %jmp/0xz  T_0.36, 4;
    %pushi/vec4 0, 0, 67;
    %store/vec4 v000002a4eea4be50_0, 0, 67;
T_0.36 ;
    %load/vec4 v000002a4eea4be50_0;
    %parti/s 23, 42, 7;
    %ix/load 4, 0, 0;
    %flag_set/imm 4, 0;
    %store/vec4 v000002a4eea4c030_0, 4, 23;
    %jmp T_0;
    .thread T_0, $push;
    .scope S_000002a4ee9e77f0;
T_1 ;
    %wait E_000002a4eea5db00;
    %pushi/vec4 0, 0, 2;
    %load/vec4 v000002a4eeb2f570_0;
    %parti/s 23, 0, 2;
    %concat/vec4; draw_concat_vec4
    %concati/vec4 0, 0, 42;
    %store/vec4 v000002a4eeb30e70_0, 0, 67;
    %pushi/vec4 0, 0, 2;
    %load/vec4 v000002a4eeb30f10_0;
    %parti/s 23, 0, 2;
    %concat/vec4; draw_concat_vec4
    %concati/vec4 0, 0, 42;
    %store/vec4 v000002a4eeb2f390_0, 0, 67;
    %load/vec4 v000002a4eeb2f570_0;
    %parti/s 8, 23, 6;
    %store/vec4 v000002a4eea4c850_0, 0, 8;
    %load/vec4 v000002a4eeb30f10_0;
    %parti/s 8, 23, 6;
    %store/vec4 v000002a4eea4cb70_0, 0, 8;
    %load/vec4 v000002a4eeb2f570_0;
    %parti/s 1, 31, 6;
    %store/vec4 v000002a4eeb30290_0, 0, 1;
    %load/vec4 v000002a4eeb30f10_0;
    %parti/s 1, 31, 6;
    %store/vec4 v000002a4eeb2f930_0, 0, 1;
    %load/vec4 v000002a4eea4c850_0;
    %pad/u 32;
    %cmpi/e 0, 0, 32;
    %jmp/0xz  T_1.0, 4;
    %pushi/vec4 1, 0, 8;
    %store/vec4 v000002a4eea4c850_0, 0, 8;
    %pushi/vec4 0, 0, 1;
    %ix/load 4, 65, 0;
    %flag_set/imm 4, 0;
    %store/vec4 v000002a4eeb30e70_0, 4, 1;
    %jmp T_1.1;
T_1.0 ;
    %pushi/vec4 1, 0, 1;
    %ix/load 4, 65, 0;
    %flag_set/imm 4, 0;
    %store/vec4 v000002a4eeb30e70_0, 4, 1;
T_1.1 ;
    %load/vec4 v000002a4eea4cb70_0;
    %pad/u 32;
    %cmpi/e 0, 0, 32;
    %jmp/0xz  T_1.2, 4;
    %pushi/vec4 1, 0, 8;
    %store/vec4 v000002a4eea4cb70_0, 0, 8;
    %pushi/vec4 0, 0, 1;
    %ix/load 4, 65, 0;
    %flag_set/imm 4, 0;
    %store/vec4 v000002a4eeb2f390_0, 4, 1;
    %jmp T_1.3;
T_1.2 ;
    %pushi/vec4 1, 0, 1;
    %ix/load 4, 65, 0;
    %flag_set/imm 4, 0;
    %store/vec4 v000002a4eeb2f390_0, 4, 1;
T_1.3 ;
    %load/vec4 v000002a4eea4c850_0;
    %pad/u 32;
    %cmpi/e 0, 0, 32;
    %flag_get/vec4 4;
    %jmp/0 T_1.6, 4;
    %load/vec4 v000002a4eeb30e70_0;
    %pushi/vec4 0, 0, 67;
    %cmp/e;
    %flag_get/vec4 4;
    %and;
T_1.6;
    %flag_set/vec4 8;
    %jmp/0xz  T_1.4, 8;
    %load/vec4 v000002a4eeb2f930_0;
    %store/vec4 v000002a4eeb30830_0, 0, 1;
    %load/vec4 v000002a4eea4cb70_0;
    %store/vec4 v000002a4eea4ad70_0, 0, 8;
    %load/vec4 v000002a4eeb2f390_0;
    %store/vec4 v000002a4eeb30330_0, 0, 67;
    %jmp T_1.5;
T_1.4 ;
    %load/vec4 v000002a4eea4cb70_0;
    %pad/u 32;
    %cmpi/e 0, 0, 32;
    %flag_get/vec4 4;
    %jmp/0 T_1.9, 4;
    %load/vec4 v000002a4eeb2f390_0;
    %pushi/vec4 0, 0, 67;
    %cmp/e;
    %flag_get/vec4 4;
    %and;
T_1.9;
    %flag_set/vec4 8;
    %jmp/0xz  T_1.7, 8;
    %load/vec4 v000002a4eeb30290_0;
    %store/vec4 v000002a4eeb30830_0, 0, 1;
    %load/vec4 v000002a4eea4c850_0;
    %store/vec4 v000002a4eea4ad70_0, 0, 8;
    %load/vec4 v000002a4eeb30e70_0;
    %store/vec4 v000002a4eeb30330_0, 0, 67;
T_1.7 ;
T_1.5 ;
    %load/vec4 v000002a4eea4cb70_0;
    %load/vec4 v000002a4eea4c850_0;
    %cmp/u;
    %jmp/0xz  T_1.10, 5;
    %load/vec4 v000002a4eeb2f390_0;
    %load/vec4 v000002a4eea4c850_0;
    %load/vec4 v000002a4eea4cb70_0;
    %sub;
    %ix/vec4 4;
    %shiftr 4;
    %store/vec4 v000002a4eeb2f390_0, 0, 67;
    %load/vec4 v000002a4eea4c850_0;
    %store/vec4 v000002a4eea4ad70_0, 0, 8;
    %jmp T_1.11;
T_1.10 ;
    %load/vec4 v000002a4eea4c850_0;
    %load/vec4 v000002a4eea4cb70_0;
    %cmp/u;
    %jmp/0xz  T_1.12, 5;
    %load/vec4 v000002a4eeb30e70_0;
    %load/vec4 v000002a4eea4cb70_0;
    %load/vec4 v000002a4eea4c850_0;
    %sub;
    %ix/vec4 4;
    %shiftr 4;
    %store/vec4 v000002a4eeb30e70_0, 0, 67;
    %load/vec4 v000002a4eea4cb70_0;
    %store/vec4 v000002a4eea4ad70_0, 0, 8;
    %jmp T_1.13;
T_1.12 ;
    %load/vec4 v000002a4eea4c850_0;
    %store/vec4 v000002a4eea4ad70_0, 0, 8;
T_1.13 ;
T_1.11 ;
    %load/vec4 v000002a4eeb30290_0;
    %load/vec4 v000002a4eeb2f930_0;
    %cmp/e;
    %jmp/0xz  T_1.14, 4;
    %load/vec4 v000002a4eeb30e70_0;
    %load/vec4 v000002a4eeb2f390_0;
    %add;
    %store/vec4 v000002a4eeb30330_0, 0, 67;
    %load/vec4 v000002a4eeb30290_0;
    %store/vec4 v000002a4eeb30830_0, 0, 1;
    %jmp T_1.15;
T_1.14 ;
    %load/vec4 v000002a4eeb2f390_0;
    %load/vec4 v000002a4eeb30e70_0;
    %cmp/u;
    %flag_or 5, 4;
    %jmp/0xz  T_1.16, 5;
    %load/vec4 v000002a4eeb30e70_0;
    %load/vec4 v000002a4eeb2f390_0;
    %sub;
    %store/vec4 v000002a4eeb30330_0, 0, 67;
    %load/vec4 v000002a4eeb30290_0;
    %store/vec4 v000002a4eeb30830_0, 0, 1;
    %jmp T_1.17;
T_1.16 ;
    %load/vec4 v000002a4eeb2f390_0;
    %load/vec4 v000002a4eeb30e70_0;
    %sub;
    %store/vec4 v000002a4eeb30330_0, 0, 67;
    %load/vec4 v000002a4eeb2f930_0;
    %store/vec4 v000002a4eeb30830_0, 0, 1;
T_1.17 ;
T_1.15 ;
    %load/vec4 v000002a4eeb30330_0;
    %store/vec4 v000002a4eeb2f070_0, 0, 67;
    %load/vec4 v000002a4eeb30330_0;
    %parti/s 1, 66, 8;
    %flag_set/vec4 8;
    %jmp/0xz  T_1.18, 8;
    %load/vec4 v000002a4eeb30330_0;
    %ix/load 4, 1, 0;
    %flag_set/imm 4, 0;
    %shiftr 4;
    %store/vec4 v000002a4eeb30330_0, 0, 67;
    %load/vec4 v000002a4eea4ad70_0;
    %addi 1, 0, 8;
    %store/vec4 v000002a4eea4ad70_0, 0, 8;
T_1.18 ;
    %load/vec4 v000002a4eeb30330_0;
    %parti/s 1, 66, 8;
    %flag_set/vec4 8;
    %jmp/0xz  T_1.20, 8;
    %load/vec4 v000002a4eeb30330_0;
    %ix/load 4, 1, 0;
    %flag_set/imm 4, 0;
    %shiftr 4;
    %store/vec4 v000002a4eeb30330_0, 0, 67;
    %load/vec4 v000002a4eea4ad70_0;
    %addi 1, 0, 8;
    %store/vec4 v000002a4eea4ad70_0, 0, 8;
T_1.20 ;
    %load/vec4 v000002a4eeb30330_0;
    %parti/s 1, 65, 8;
    %flag_set/vec4 8;
    %jmp/0xz  T_1.22, 8;
    %jmp T_1.23;
T_1.22 ;
    %load/vec4 v000002a4eeb30330_0;
    %parti/s 1, 65, 8;
    %pad/u 32;
    %cmpi/e 0, 0, 32;
    %jmp/0xz  T_1.24, 4;
T_1.26 ;
    %load/vec4 v000002a4eeb30330_0;
    %parti/s 1, 65, 8;
    %pad/u 32;
    %cmpi/e 0, 0, 32;
    %flag_get/vec4 4;
    %jmp/0 T_1.28, 4;
    %pushi/vec4 0, 0, 32;
    %load/vec4 v000002a4eeb30330_0;
    %parti/s 23, 42, 7;
    %pad/u 32;
    %cmp/u;
    %flag_get/vec4 5;
    %and;
T_1.28;
    %flag_set/vec4 8;
    %jmp/0xz T_1.27, 8;
    %load/vec4 v000002a4eeb30330_0;
    %ix/load 4, 1, 0;
    %flag_set/imm 4, 0;
    %shiftl 4;
    %store/vec4 v000002a4eeb30330_0, 0, 67;
    %load/vec4 v000002a4eea4ad70_0;
    %subi 1, 0, 8;
    %store/vec4 v000002a4eea4ad70_0, 0, 8;
    %jmp T_1.26;
T_1.27 ;
T_1.24 ;
T_1.23 ;
    %load/vec4 v000002a4eeb30330_0;
    %parti/s 1, 41, 7;
    %store/vec4 v000002a4eeb2f4d0_0, 0, 1;
    %load/vec4 v000002a4eeb30330_0;
    %parti/s 1, 40, 7;
    %store/vec4 v000002a4eeb30510_0, 0, 1;
    %load/vec4 v000002a4eeb30330_0;
    %parti/s 40, 0, 2;
    %cmpi/u 0, 0, 40;
    %flag_or 5, 4; GT is !LE
    %flag_inv 5;
    %jmp/0xz  T_1.29, 5;
    %pushi/vec4 1, 0, 1;
    %store/vec4 v000002a4eeb2f610_0, 0, 1;
    %jmp T_1.30;
T_1.29 ;
    %pushi/vec4 0, 0, 1;
    %store/vec4 v000002a4eeb2f610_0, 0, 1;
T_1.30 ;
    %load/vec4 v000002a4eeb2f4d0_0;
    %flag_set/vec4 9;
    %flag_get/vec4 9;
    %jmp/0 T_1.33, 9;
    %load/vec4 v000002a4eeb30330_0;
    %parti/s 1, 42, 7;
    %load/vec4 v000002a4eeb30510_0;
    %or;
    %load/vec4 v000002a4eeb2f610_0;
    %or;
    %and;
T_1.33;
    %flag_set/vec4 8;
    %jmp/0xz  T_1.31, 8;
    %load/vec4 v000002a4eeb30330_0;
    %pushi/vec4 2147483648, 0, 56;
    %concati/vec4 0, 0, 11;
    %add;
    %store/vec4 v000002a4eeb30330_0, 0, 67;
T_1.31 ;
    %load/vec4 v000002a4eeb30330_0;
    %parti/s 23, 42, 7;
    %ix/load 4, 0, 0;
    %flag_set/imm 4, 0;
    %store/vec4 v000002a4eeb2f430_0, 4, 23;
    %load/vec4 v000002a4eea4ad70_0;
    %ix/load 4, 23, 0;
    %flag_set/imm 4, 0;
    %store/vec4 v000002a4eeb2f430_0, 4, 8;
    %load/vec4 v000002a4eeb30830_0;
    %ix/load 4, 31, 0;
    %flag_set/imm 4, 0;
    %store/vec4 v000002a4eeb2f430_0, 4, 1;
    %load/vec4 v000002a4eeb30330_0;
    %cmpi/e 0, 0, 67;
    %jmp/0xz  T_1.34, 4;
    %pushi/vec4 0, 0, 32;
    %store/vec4 v000002a4eeb2f430_0, 0, 32;
T_1.34 ;
    %load/vec4 v000002a4eea4ad70_0;
    %cmpi/e 255, 0, 8;
    %jmp/0xz  T_1.36, 4;
    %pushi/vec4 0, 0, 67;
    %store/vec4 v000002a4eeb30330_0, 0, 67;
T_1.36 ;
    %load/vec4 v000002a4eeb30330_0;
    %parti/s 23, 42, 7;
    %ix/load 4, 0, 0;
    %flag_set/imm 4, 0;
    %store/vec4 v000002a4eeb2f430_0, 4, 23;
    %jmp T_1;
    .thread T_1, $push;
    .scope S_000002a4ee992da0;
T_2 ;
    %wait E_000002a4eea5d900;
    %pushi/vec4 0, 0, 2;
    %load/vec4 v000002a4eeb301f0_0;
    %parti/s 23, 0, 2;
    %concat/vec4; draw_concat_vec4
    %concati/vec4 0, 0, 42;
    %store/vec4 v000002a4eeb30650_0, 0, 67;
    %pushi/vec4 0, 0, 2;
    %load/vec4 v000002a4eeb2f2f0_0;
    %parti/s 23, 0, 2;
    %concat/vec4; draw_concat_vec4
    %concati/vec4 0, 0, 42;
    %store/vec4 v000002a4eeb305b0_0, 0, 67;
    %load/vec4 v000002a4eeb301f0_0;
    %parti/s 8, 23, 6;
    %store/vec4 v000002a4eeb2f110_0, 0, 8;
    %load/vec4 v000002a4eeb2f2f0_0;
    %parti/s 8, 23, 6;
    %store/vec4 v000002a4eeb2fd90_0, 0, 8;
    %load/vec4 v000002a4eeb301f0_0;
    %parti/s 1, 31, 6;
    %store/vec4 v000002a4eeb303d0_0, 0, 1;
    %load/vec4 v000002a4eeb2f2f0_0;
    %parti/s 1, 31, 6;
    %store/vec4 v000002a4eeb2f250_0, 0, 1;
    %load/vec4 v000002a4eeb2f110_0;
    %pad/u 32;
    %cmpi/e 0, 0, 32;
    %jmp/0xz  T_2.0, 4;
    %pushi/vec4 1, 0, 8;
    %store/vec4 v000002a4eeb2f110_0, 0, 8;
    %pushi/vec4 0, 0, 1;
    %ix/load 4, 65, 0;
    %flag_set/imm 4, 0;
    %store/vec4 v000002a4eeb30650_0, 4, 1;
    %jmp T_2.1;
T_2.0 ;
    %pushi/vec4 1, 0, 1;
    %ix/load 4, 65, 0;
    %flag_set/imm 4, 0;
    %store/vec4 v000002a4eeb30650_0, 4, 1;
T_2.1 ;
    %load/vec4 v000002a4eeb2fd90_0;
    %pad/u 32;
    %cmpi/e 0, 0, 32;
    %jmp/0xz  T_2.2, 4;
    %pushi/vec4 1, 0, 8;
    %store/vec4 v000002a4eeb2fd90_0, 0, 8;
    %pushi/vec4 0, 0, 1;
    %ix/load 4, 65, 0;
    %flag_set/imm 4, 0;
    %store/vec4 v000002a4eeb305b0_0, 4, 1;
    %jmp T_2.3;
T_2.2 ;
    %pushi/vec4 1, 0, 1;
    %ix/load 4, 65, 0;
    %flag_set/imm 4, 0;
    %store/vec4 v000002a4eeb305b0_0, 4, 1;
T_2.3 ;
    %load/vec4 v000002a4eeb2f110_0;
    %pad/u 32;
    %cmpi/e 0, 0, 32;
    %flag_get/vec4 4;
    %jmp/0 T_2.6, 4;
    %load/vec4 v000002a4eeb30650_0;
    %pushi/vec4 0, 0, 67;
    %cmp/e;
    %flag_get/vec4 4;
    %and;
T_2.6;
    %flag_set/vec4 8;
    %jmp/0xz  T_2.4, 8;
    %load/vec4 v000002a4eeb2f250_0;
    %store/vec4 v000002a4eeb30790_0, 0, 1;
    %load/vec4 v000002a4eeb2fd90_0;
    %store/vec4 v000002a4eeb2ff70_0, 0, 8;
    %load/vec4 v000002a4eeb305b0_0;
    %store/vec4 v000002a4eeb2f6b0_0, 0, 67;
    %jmp T_2.5;
T_2.4 ;
    %load/vec4 v000002a4eeb2fd90_0;
    %pad/u 32;
    %cmpi/e 0, 0, 32;
    %flag_get/vec4 4;
    %jmp/0 T_2.9, 4;
    %load/vec4 v000002a4eeb305b0_0;
    %pushi/vec4 0, 0, 67;
    %cmp/e;
    %flag_get/vec4 4;
    %and;
T_2.9;
    %flag_set/vec4 8;
    %jmp/0xz  T_2.7, 8;
    %load/vec4 v000002a4eeb303d0_0;
    %store/vec4 v000002a4eeb30790_0, 0, 1;
    %load/vec4 v000002a4eeb2f110_0;
    %store/vec4 v000002a4eeb2ff70_0, 0, 8;
    %load/vec4 v000002a4eeb30650_0;
    %store/vec4 v000002a4eeb2f6b0_0, 0, 67;
T_2.7 ;
T_2.5 ;
    %load/vec4 v000002a4eeb2fd90_0;
    %load/vec4 v000002a4eeb2f110_0;
    %cmp/u;
    %jmp/0xz  T_2.10, 5;
    %load/vec4 v000002a4eeb305b0_0;
    %load/vec4 v000002a4eeb2f110_0;
    %load/vec4 v000002a4eeb2fd90_0;
    %sub;
    %ix/vec4 4;
    %shiftr 4;
    %store/vec4 v000002a4eeb305b0_0, 0, 67;
    %load/vec4 v000002a4eeb2f110_0;
    %store/vec4 v000002a4eeb2ff70_0, 0, 8;
    %jmp T_2.11;
T_2.10 ;
    %load/vec4 v000002a4eeb2f110_0;
    %load/vec4 v000002a4eeb2fd90_0;
    %cmp/u;
    %jmp/0xz  T_2.12, 5;
    %load/vec4 v000002a4eeb30650_0;
    %load/vec4 v000002a4eeb2fd90_0;
    %load/vec4 v000002a4eeb2f110_0;
    %sub;
    %ix/vec4 4;
    %shiftr 4;
    %store/vec4 v000002a4eeb30650_0, 0, 67;
    %load/vec4 v000002a4eeb2fd90_0;
    %store/vec4 v000002a4eeb2ff70_0, 0, 8;
    %jmp T_2.13;
T_2.12 ;
    %load/vec4 v000002a4eeb2f110_0;
    %store/vec4 v000002a4eeb2ff70_0, 0, 8;
T_2.13 ;
T_2.11 ;
    %load/vec4 v000002a4eeb303d0_0;
    %load/vec4 v000002a4eeb2f250_0;
    %cmp/e;
    %jmp/0xz  T_2.14, 4;
    %load/vec4 v000002a4eeb30650_0;
    %load/vec4 v000002a4eeb305b0_0;
    %add;
    %store/vec4 v000002a4eeb2f6b0_0, 0, 67;
    %load/vec4 v000002a4eeb303d0_0;
    %store/vec4 v000002a4eeb30790_0, 0, 1;
    %jmp T_2.15;
T_2.14 ;
    %load/vec4 v000002a4eeb305b0_0;
    %load/vec4 v000002a4eeb30650_0;
    %cmp/u;
    %flag_or 5, 4;
    %jmp/0xz  T_2.16, 5;
    %load/vec4 v000002a4eeb30650_0;
    %load/vec4 v000002a4eeb305b0_0;
    %sub;
    %store/vec4 v000002a4eeb2f6b0_0, 0, 67;
    %load/vec4 v000002a4eeb303d0_0;
    %store/vec4 v000002a4eeb30790_0, 0, 1;
    %jmp T_2.17;
T_2.16 ;
    %load/vec4 v000002a4eeb305b0_0;
    %load/vec4 v000002a4eeb30650_0;
    %sub;
    %store/vec4 v000002a4eeb2f6b0_0, 0, 67;
    %load/vec4 v000002a4eeb2f250_0;
    %store/vec4 v000002a4eeb30790_0, 0, 1;
T_2.17 ;
T_2.15 ;
    %load/vec4 v000002a4eeb2f6b0_0;
    %store/vec4 v000002a4eeb30470_0, 0, 67;
    %load/vec4 v000002a4eeb2f6b0_0;
    %parti/s 1, 66, 8;
    %flag_set/vec4 8;
    %jmp/0xz  T_2.18, 8;
    %load/vec4 v000002a4eeb2f6b0_0;
    %ix/load 4, 1, 0;
    %flag_set/imm 4, 0;
    %shiftr 4;
    %store/vec4 v000002a4eeb2f6b0_0, 0, 67;
    %load/vec4 v000002a4eeb2ff70_0;
    %addi 1, 0, 8;
    %store/vec4 v000002a4eeb2ff70_0, 0, 8;
T_2.18 ;
    %load/vec4 v000002a4eeb2f6b0_0;
    %parti/s 1, 66, 8;
    %flag_set/vec4 8;
    %jmp/0xz  T_2.20, 8;
    %load/vec4 v000002a4eeb2f6b0_0;
    %ix/load 4, 1, 0;
    %flag_set/imm 4, 0;
    %shiftr 4;
    %store/vec4 v000002a4eeb2f6b0_0, 0, 67;
    %load/vec4 v000002a4eeb2ff70_0;
    %addi 1, 0, 8;
    %store/vec4 v000002a4eeb2ff70_0, 0, 8;
T_2.20 ;
    %load/vec4 v000002a4eeb2f6b0_0;
    %parti/s 1, 65, 8;
    %flag_set/vec4 8;
    %jmp/0xz  T_2.22, 8;
    %jmp T_2.23;
T_2.22 ;
    %load/vec4 v000002a4eeb2f6b0_0;
    %parti/s 1, 65, 8;
    %pad/u 32;
    %cmpi/e 0, 0, 32;
    %jmp/0xz  T_2.24, 4;
T_2.26 ;
    %load/vec4 v000002a4eeb2f6b0_0;
    %parti/s 1, 65, 8;
    %pad/u 32;
    %cmpi/e 0, 0, 32;
    %flag_get/vec4 4;
    %jmp/0 T_2.28, 4;
    %pushi/vec4 0, 0, 32;
    %load/vec4 v000002a4eeb2f6b0_0;
    %parti/s 23, 42, 7;
    %pad/u 32;
    %cmp/u;
    %flag_get/vec4 5;
    %and;
T_2.28;
    %flag_set/vec4 8;
    %jmp/0xz T_2.27, 8;
    %load/vec4 v000002a4eeb2f6b0_0;
    %ix/load 4, 1, 0;
    %flag_set/imm 4, 0;
    %shiftl 4;
    %store/vec4 v000002a4eeb2f6b0_0, 0, 67;
    %load/vec4 v000002a4eeb2ff70_0;
    %subi 1, 0, 8;
    %store/vec4 v000002a4eeb2ff70_0, 0, 8;
    %jmp T_2.26;
T_2.27 ;
T_2.24 ;
T_2.23 ;
    %load/vec4 v000002a4eeb2f6b0_0;
    %parti/s 1, 41, 7;
    %store/vec4 v000002a4eeb308d0_0, 0, 1;
    %load/vec4 v000002a4eeb2f6b0_0;
    %parti/s 1, 40, 7;
    %store/vec4 v000002a4eeb306f0_0, 0, 1;
    %load/vec4 v000002a4eeb2f6b0_0;
    %parti/s 40, 0, 2;
    %cmpi/u 0, 0, 40;
    %flag_or 5, 4; GT is !LE
    %flag_inv 5;
    %jmp/0xz  T_2.29, 5;
    %pushi/vec4 1, 0, 1;
    %store/vec4 v000002a4eeb30970_0, 0, 1;
    %jmp T_2.30;
T_2.29 ;
    %pushi/vec4 0, 0, 1;
    %store/vec4 v000002a4eeb30970_0, 0, 1;
T_2.30 ;
    %load/vec4 v000002a4eeb308d0_0;
    %flag_set/vec4 9;
    %flag_get/vec4 9;
    %jmp/0 T_2.33, 9;
    %load/vec4 v000002a4eeb2f6b0_0;
    %parti/s 1, 42, 7;
    %load/vec4 v000002a4eeb306f0_0;
    %or;
    %load/vec4 v000002a4eeb30970_0;
    %or;
    %and;
T_2.33;
    %flag_set/vec4 8;
    %jmp/0xz  T_2.31, 8;
    %load/vec4 v000002a4eeb2f6b0_0;
    %pushi/vec4 2147483648, 0, 56;
    %concati/vec4 0, 0, 11;
    %add;
    %store/vec4 v000002a4eeb2f6b0_0, 0, 67;
T_2.31 ;
    %load/vec4 v000002a4eeb2f6b0_0;
    %parti/s 23, 42, 7;
    %ix/load 4, 0, 0;
    %flag_set/imm 4, 0;
    %store/vec4 v000002a4eeb2f1b0_0, 4, 23;
    %load/vec4 v000002a4eeb2ff70_0;
    %ix/load 4, 23, 0;
    %flag_set/imm 4, 0;
    %store/vec4 v000002a4eeb2f1b0_0, 4, 8;
    %load/vec4 v000002a4eeb30790_0;
    %ix/load 4, 31, 0;
    %flag_set/imm 4, 0;
    %store/vec4 v000002a4eeb2f1b0_0, 4, 1;
    %load/vec4 v000002a4eeb2f6b0_0;
    %cmpi/e 0, 0, 67;
    %jmp/0xz  T_2.34, 4;
    %pushi/vec4 0, 0, 32;
    %store/vec4 v000002a4eeb2f1b0_0, 0, 32;
T_2.34 ;
    %load/vec4 v000002a4eeb2ff70_0;
    %cmpi/e 255, 0, 8;
    %jmp/0xz  T_2.36, 4;
    %pushi/vec4 0, 0, 67;
    %store/vec4 v000002a4eeb2f6b0_0, 0, 67;
T_2.36 ;
    %load/vec4 v000002a4eeb2f6b0_0;
    %parti/s 23, 42, 7;
    %ix/load 4, 0, 0;
    %flag_set/imm 4, 0;
    %store/vec4 v000002a4eeb2f1b0_0, 4, 23;
    %jmp T_2;
    .thread T_2, $push;
    .scope S_000002a4ee9ccf30;
T_3 ;
    %vpi_call 2 11 "$dumpfile", "PU_TB.vcd" {0 0 0};
    %vpi_call 2 12 "$dumpvars", 32'sb00000000000000000000000000000000, S_000002a4ee9ccf30 {0 0 0};
    %delay 10, 0;
    %pushi/vec4 534817040, 0, 32;
    %store/vec4 v000002a4eeb416b0_0, 0, 32;
    %pushi/vec4 102239266, 0, 32;
    %store/vec4 v000002a4eeb41b10_0, 0, 32;
    %pushi/vec4 534817040, 0, 32;
    %store/vec4 v000002a4eeb41a70_0, 0, 32;
    %pushi/vec4 102239266, 0, 32;
    %store/vec4 v000002a4eeb417f0_0, 0, 32;
    %pushi/vec4 534817040, 0, 32;
    %store/vec4 v000002a4eeb40cb0_0, 0, 32;
    %pushi/vec4 102239266, 0, 32;
    %store/vec4 v000002a4eeb41610_0, 0, 32;
    %pushi/vec4 534817040, 0, 32;
    %store/vec4 v000002a4eeb40d50_0, 0, 32;
    %pushi/vec4 102239266, 0, 32;
    %store/vec4 v000002a4eeb40df0_0, 0, 32;
    %pushi/vec4 534817040, 0, 32;
    %store/vec4 v000002a4eeb416b0_0, 0, 32;
    %pushi/vec4 102239266, 0, 32;
    %store/vec4 v000002a4eeb41b10_0, 0, 32;
    %pushi/vec4 534817040, 0, 32;
    %store/vec4 v000002a4eeb41a70_0, 0, 32;
    %pushi/vec4 102239266, 0, 32;
    %store/vec4 v000002a4eeb417f0_0, 0, 32;
    %pushi/vec4 102239266, 0, 32;
    %store/vec4 v000002a4eeb40cb0_0, 0, 32;
    %pushi/vec4 534817040, 0, 32;
    %store/vec4 v000002a4eeb41610_0, 0, 32;
    %pushi/vec4 534817040, 0, 32;
    %store/vec4 v000002a4eeb40d50_0, 0, 32;
    %pushi/vec4 102239266, 0, 32;
    %store/vec4 v000002a4eeb40df0_0, 0, 32;
    %delay 10, 0;
    %pushi/vec4 534817040, 0, 32;
    %store/vec4 v000002a4eeb416b0_0, 0, 32;
    %pushi/vec4 102239266, 0, 32;
    %store/vec4 v000002a4eeb41b10_0, 0, 32;
    %pushi/vec4 102239266, 0, 32;
    %store/vec4 v000002a4eeb41a70_0, 0, 32;
    %pushi/vec4 534817040, 0, 32;
    %store/vec4 v000002a4eeb417f0_0, 0, 32;
    %pushi/vec4 534817040, 0, 32;
    %store/vec4 v000002a4eeb40cb0_0, 0, 32;
    %pushi/vec4 102239266, 0, 32;
    %store/vec4 v000002a4eeb41610_0, 0, 32;
    %pushi/vec4 534817040, 0, 32;
    %store/vec4 v000002a4eeb40d50_0, 0, 32;
    %pushi/vec4 102239266, 0, 32;
    %store/vec4 v000002a4eeb40df0_0, 0, 32;
    %end;
    .thread T_3;
# The file index is used to find the file name in the following table.
:file_names 6;
    "N/A";
    "<interactive>";
    "PU_TB.v";
    "./PU.v";
    "./adder.v";
    "./multiplier.v";
