#! /c/Source/iverilog-install/bin/vvp
:ivl_version "12.0 (devel)" "(s20150603-1539-g2693dd32b)";
:ivl_delay_selection "TYPICAL";
:vpi_time_precision + 0;
:vpi_module "F:\iverilog\lib\ivl\system.vpi";
:vpi_module "F:\iverilog\lib\ivl\vhdl_sys.vpi";
:vpi_module "F:\iverilog\lib\ivl\vhdl_textio.vpi";
:vpi_module "F:\iverilog\lib\ivl\v2005_math.vpi";
:vpi_module "F:\iverilog\lib\ivl\va_math.vpi";
S_0000022783bddea0 .scope module, "top" "top" 2 4;
 .timescale 0 0;
    .port_info 0 /INPUT 32 "x1";
    .port_info 1 /INPUT 32 "x2";
    .port_info 2 /INPUT 32 "x3";
    .port_info 3 /INPUT 32 "x4";
    .port_info 4 /INPUT 1 "clk";
    .port_info 5 /INPUT 1 "rst";
    .port_info 6 /INPUT 1 "init";
    .port_info 7 /INPUT 1 "start";
    .port_info 8 /INPUT 1 "done";
    .port_info 9 /INPUT 1 "write_reg";
    .port_info 10 /OUTPUT 16 "max_index";
o0000022783be0fb8 .functor BUFZ 1, C4<z>; HiZ drive
v0000022783bd0f10_0 .net "clk", 0 0, o0000022783be0fb8;  0 drivers
v0000022783bd1690_0 .net "done", 0 0, v0000022783bd0b50_0;  1 drivers
v0000022783bd0dd0_0 .net "init", 0 0, v0000022783bdaea0_0;  1 drivers
v0000022783bd15f0_0 .net "max_index", 15 0, v0000022783bd0e70_0;  1 drivers
v0000022783bd1370_0 .net "rst", 0 0, v0000022783ba2d60_0;  1 drivers
o0000022783be10d8 .functor BUFZ 1, C4<z>; HiZ drive
v0000022783bd10f0_0 .net "start", 0 0, o0000022783be10d8;  0 drivers
v0000022783bd1410_0 .net "write_reg", 0 0, v0000022783ba2ea0_0;  1 drivers
v0000022783bd1050_0 .net "x1", 31 0, v0000022783ba2f40_0;  1 drivers
v0000022783bd19b0_0 .net "x2", 31 0, v0000022783ba2fe0_0;  1 drivers
v0000022783bd1550_0 .net "x3", 31 0, v0000022783ba3080_0;  1 drivers
v0000022783bd0bf0_0 .net "x4", 31 0, v0000022783ba3120_0;  1 drivers
S_0000022783bdac70 .scope module, "controller_instance" "controller" 2 8, 3 9 0, S_0000022783bddea0;
 .timescale 0 0;
    .port_info 0 /INPUT 1 "start";
    .port_info 1 /INPUT 1 "clk";
    .port_info 2 /INPUT 1 "done";
    .port_info 3 /OUTPUT 1 "write_reg";
    .port_info 4 /OUTPUT 1 "init";
    .port_info 5 /OUTPUT 1 "rst";
    .port_info 6 /OUTPUT 32 "x1";
    .port_info 7 /OUTPUT 32 "x2";
    .port_info 8 /OUTPUT 32 "x3";
    .port_info 9 /OUTPUT 32 "x4";
v0000022783ba33c0_0 .net "clk", 0 0, o0000022783be0fb8;  alias, 0 drivers
v0000022783bdae00_0 .net "done", 0 0, v0000022783bd0b50_0;  alias, 1 drivers
v0000022783bdaea0_0 .var "init", 0 0;
v0000022783bdaf40_0 .var "ns", 2 0;
v0000022783bdafe0_0 .var "ps", 2 0;
v0000022783ba2d60_0 .var "rst", 0 0;
v0000022783ba2e00_0 .net "start", 0 0, o0000022783be10d8;  alias, 0 drivers
v0000022783ba2ea0_0 .var "write_reg", 0 0;
v0000022783ba2f40_0 .var "x1", 31 0;
v0000022783ba2fe0_0 .var "x2", 31 0;
v0000022783ba3080_0 .var "x3", 31 0;
v0000022783ba3120_0 .var "x4", 31 0;
E_0000022783bda040 .event anyedge, v0000022783bdafe0_0;
E_0000022783bd98c0 .event anyedge, v0000022783bdafe0_0, v0000022783ba33c0_0;
E_0000022783bd9980 .event posedge, v0000022783ba33c0_0;
S_0000022783c32840 .scope module, "datapath_instance" "datapath" 2 11, 4 1 0, S_0000022783bddea0;
 .timescale 0 0;
    .port_info 0 /INPUT 32 "x1";
    .port_info 1 /INPUT 32 "x2";
    .port_info 2 /INPUT 32 "x3";
    .port_info 3 /INPUT 32 "x4";
    .port_info 4 /INPUT 1 "rst";
    .port_info 5 /INPUT 1 "clk";
    .port_info 6 /INPUT 1 "init";
    .port_info 7 /INPUT 1 "start";
    .port_info 8 /INPUT 1 "write_reg";
    .port_info 9 /OUTPUT 16 "max_index";
    .port_info 10 /OUTPUT 1 "done";
v0000022783c32e90_0 .net "clk", 0 0, o0000022783be0fb8;  alias, 0 drivers
v0000022783bd0b50_0 .var "done", 0 0;
v0000022783bd1730_0 .net "init", 0 0, v0000022783bdaea0_0;  alias, 1 drivers
v0000022783bd0e70_0 .var "max_index", 15 0;
v0000022783bd14b0_0 .net "rst", 0 0, v0000022783ba2d60_0;  alias, 1 drivers
v0000022783bd1910_0 .net "start", 0 0, o0000022783be10d8;  alias, 0 drivers
v0000022783bd0fb0_0 .net "write_reg", 0 0, v0000022783ba2ea0_0;  alias, 1 drivers
v0000022783bd1870_0 .net "x1", 31 0, v0000022783ba2f40_0;  alias, 1 drivers
v0000022783bd0c90_0 .net "x2", 31 0, v0000022783ba2fe0_0;  alias, 1 drivers
v0000022783bd17d0_0 .net "x3", 31 0, v0000022783ba3080_0;  alias, 1 drivers
v0000022783bd1190_0 .net "x4", 31 0, v0000022783ba3120_0;  alias, 1 drivers
    .scope S_0000022783bdac70;
T_0 ;
    %wait E_0000022783bd9980;
    %load/vec4 v0000022783ba2d60_0;
    %pad/u 32;
    %cmpi/e 1, 0, 32;
    %jmp/0xz  T_0.0, 4;
    %pushi/vec4 0, 0, 3;
    %assign/vec4 v0000022783bdafe0_0, 0;
    %jmp T_0.1;
T_0.0 ;
    %load/vec4 v0000022783bdaf40_0;
    %assign/vec4 v0000022783bdafe0_0, 0;
T_0.1 ;
    %jmp T_0;
    .thread T_0;
    .scope S_0000022783bdac70;
T_1 ;
    %wait E_0000022783bd98c0;
    %load/vec4 v0000022783bdafe0_0;
    %dup/vec4;
    %pushi/vec4 0, 0, 3;
    %cmp/u;
    %jmp/1 T_1.0, 6;
    %dup/vec4;
    %pushi/vec4 1, 0, 3;
    %cmp/u;
    %jmp/1 T_1.1, 6;
    %dup/vec4;
    %pushi/vec4 2, 0, 3;
    %cmp/u;
    %jmp/1 T_1.2, 6;
    %dup/vec4;
    %pushi/vec4 3, 0, 3;
    %cmp/u;
    %jmp/1 T_1.3, 6;
    %dup/vec4;
    %pushi/vec4 4, 0, 3;
    %cmp/u;
    %jmp/1 T_1.4, 6;
    %dup/vec4;
    %pushi/vec4 4, 0, 3;
    %cmp/u;
    %jmp/1 T_1.5, 6;
    %dup/vec4;
    %pushi/vec4 5, 0, 3;
    %cmp/u;
    %jmp/1 T_1.6, 6;
    %pushi/vec4 1, 0, 3;
    %store/vec4 v0000022783bdaf40_0, 0, 3;
    %jmp T_1.8;
T_1.0 ;
    %load/vec4 v0000022783ba2e00_0;
    %flag_set/vec4 8;
    %jmp/0 T_1.9, 8;
    %pushi/vec4 1, 0, 3;
    %jmp/1 T_1.10, 8;
T_1.9 ; End of true expr.
    %pushi/vec4 0, 0, 3;
    %jmp/0 T_1.10, 8;
 ; End of false expr.
    %blend;
T_1.10;
    %store/vec4 v0000022783bdaf40_0, 0, 3;
    %jmp T_1.8;
T_1.1 ;
    %load/vec4 v0000022783ba2e00_0;
    %inv;
    %flag_set/vec4 8;
    %jmp/0 T_1.11, 8;
    %pushi/vec4 2, 0, 3;
    %jmp/1 T_1.12, 8;
T_1.11 ; End of true expr.
    %pushi/vec4 1, 0, 3;
    %jmp/0 T_1.12, 8;
 ; End of false expr.
    %blend;
T_1.12;
    %store/vec4 v0000022783bdaf40_0, 0, 3;
    %pushi/vec4 1, 0, 1;
    %store/vec4 v0000022783bdaea0_0, 0, 1;
    %jmp T_1.8;
T_1.2 ;
    %pushi/vec4 3, 0, 3;
    %store/vec4 v0000022783bdaf40_0, 0, 3;
    %jmp T_1.8;
T_1.3 ;
    %pushi/vec4 4, 0, 3;
    %store/vec4 v0000022783bdaf40_0, 0, 3;
    %jmp T_1.8;
T_1.4 ;
    %pushi/vec4 6, 0, 3;
    %store/vec4 v0000022783bdaf40_0, 0, 3;
    %jmp T_1.8;
T_1.5 ;
    %pushi/vec4 5, 0, 3;
    %store/vec4 v0000022783bdaf40_0, 0, 3;
    %jmp T_1.8;
T_1.6 ;
    %pushi/vec4 1, 0, 1;
    %store/vec4 v0000022783ba2ea0_0, 0, 1;
    %load/vec4 v0000022783bdae00_0;
    %flag_set/vec4 8;
    %jmp/0 T_1.13, 8;
    %pushi/vec4 0, 0, 3;
    %jmp/1 T_1.14, 8;
T_1.13 ; End of true expr.
    %pushi/vec4 2, 0, 3;
    %jmp/0 T_1.14, 8;
 ; End of false expr.
    %blend;
T_1.14;
    %store/vec4 v0000022783bdaf40_0, 0, 3;
    %jmp T_1.8;
T_1.8 ;
    %pop/vec4 1;
    %jmp T_1;
    .thread T_1, $push;
    .scope S_0000022783bdac70;
T_2 ;
    %wait E_0000022783bda040;
    %load/vec4 v0000022783bdafe0_0;
    %dup/vec4;
    %pushi/vec4 0, 0, 3;
    %cmp/u;
    %jmp/1 T_2.0, 6;
    %dup/vec4;
    %pushi/vec4 1, 0, 3;
    %cmp/u;
    %jmp/1 T_2.1, 6;
    %dup/vec4;
    %pushi/vec4 5, 0, 3;
    %cmp/u;
    %jmp/1 T_2.2, 6;
    %jmp T_2.3;
T_2.0 ;
    %pushi/vec4 1, 0, 1;
    %store/vec4 v0000022783ba2d60_0, 0, 1;
    %jmp T_2.3;
T_2.1 ;
    %pushi/vec4 1, 0, 1;
    %store/vec4 v0000022783bdaea0_0, 0, 1;
    %pushi/vec4 1, 0, 32;
    %store/vec4 v0000022783ba2f40_0, 0, 32;
    %pushi/vec4 1, 0, 32;
    %store/vec4 v0000022783ba2fe0_0, 0, 32;
    %pushi/vec4 1, 0, 32;
    %store/vec4 v0000022783ba3080_0, 0, 32;
    %pushi/vec4 1, 0, 32;
    %store/vec4 v0000022783ba3120_0, 0, 32;
    %jmp T_2.3;
T_2.2 ;
    %pushi/vec4 1, 0, 32;
    %store/vec4 v0000022783ba2f40_0, 0, 32;
    %pushi/vec4 1, 0, 32;
    %store/vec4 v0000022783ba2fe0_0, 0, 32;
    %pushi/vec4 1, 0, 32;
    %store/vec4 v0000022783ba3080_0, 0, 32;
    %pushi/vec4 1, 0, 32;
    %store/vec4 v0000022783ba3120_0, 0, 32;
    %jmp T_2.3;
T_2.3 ;
    %pop/vec4 1;
    %jmp T_2;
    .thread T_2, $push;
# The file index is used to find the file name in the following table.
:file_names 5;
    "N/A";
    "<interactive>";
    "top_module.v";
    "./controller.v";
    "./datapath.v";
