#! /c/Source/iverilog-install/bin/vvp
:ivl_version "12.0 (devel)" "(s20150603-1539-g2693dd32b)";
:ivl_delay_selection "TYPICAL";
:vpi_time_precision + 0;
:vpi_module "F:\iverilog\lib\ivl\system.vpi";
:vpi_module "F:\iverilog\lib\ivl\vhdl_sys.vpi";
:vpi_module "F:\iverilog\lib\ivl\vhdl_textio.vpi";
:vpi_module "F:\iverilog\lib\ivl\v2005_math.vpi";
:vpi_module "F:\iverilog\lib\ivl\va_math.vpi";
S_0000015c59f52d20 .scope module, "add" "add" 2 2;
 .timescale 0 0;
    .port_info 0 /INPUT 32 "operand_1";
    .port_info 1 /INPUT 32 "operand_2";
    .port_info 2 /OUTPUT 32 "adder_output";
v0000015c59f52eb0_0 .var "adder_output", 31 0;
v0000015c59f52f50_0 .var "guard_bit", 0 0;
o0000015c59f98fa8 .functor BUFZ 32, C4<zzzzzzzzzzzzzzzzzzzzzzzzzzzzzzzz>; HiZ drive
v0000015c59f52ff0_0 .net "operand_1", 31 0, o0000015c59f98fa8;  0 drivers
v0000015c59f53090_0 .var "operand_1_exponent", 7 0;
v0000015c59f84500_0 .var "operand_1_fraction", 66 0;
v0000015c59f845a0_0 .var "operand_1_sign", 0 0;
o0000015c59f99068 .functor BUFZ 32, C4<zzzzzzzzzzzzzzzzzzzzzzzzzzzzzzzz>; HiZ drive
v0000015c59f84640_0 .net "operand_2", 31 0, o0000015c59f99068;  0 drivers
v0000015c59f846e0_0 .var "operand_2_exponent", 7 0;
v0000015c59f84780_0 .var "operand_2_fraction", 66 0;
v0000015c59fe5fc0_0 .var "operand_2_sign", 0 0;
v0000015c59fe6060_0 .var "result_exponent", 7 0;
v0000015c59fe6100_0 .var "result_fraction", 66 0;
v0000015c59fe61a0_0 .var "result_sign", 0 0;
v0000015c59fe6240_0 .var "round_bit", 0 0;
v0000015c59fe62e0_0 .var "sticky_bit", 0 0;
v0000015c59fe6380_0 .var "sum", 66 0;
E_0000015c59f785a0/0 .event anyedge, v0000015c59f52ff0_0, v0000015c59f84640_0, v0000015c59f53090_0, v0000015c59f846e0_0;
E_0000015c59f785a0/1 .event anyedge, v0000015c59f84500_0, v0000015c59fe5fc0_0, v0000015c59f84780_0, v0000015c59f845a0_0;
E_0000015c59f785a0/2 .event anyedge, v0000015c59fe6100_0, v0000015c59fe6060_0, v0000015c59f52f50_0, v0000015c59fe6240_0;
E_0000015c59f785a0/3 .event anyedge, v0000015c59fe62e0_0, v0000015c59fe61a0_0;
E_0000015c59f785a0 .event/or E_0000015c59f785a0/0, E_0000015c59f785a0/1, E_0000015c59f785a0/2, E_0000015c59f785a0/3;
    .scope S_0000015c59f52d20;
T_0 ;
    %wait E_0000015c59f785a0;
    %pushi/vec4 0, 0, 2;
    %load/vec4 v0000015c59f52ff0_0;
    %parti/s 23, 0, 2;
    %concat/vec4; draw_concat_vec4
    %concati/vec4 0, 0, 42;
    %store/vec4 v0000015c59f84500_0, 0, 67;
    %pushi/vec4 0, 0, 2;
    %load/vec4 v0000015c59f84640_0;
    %parti/s 23, 0, 2;
    %concat/vec4; draw_concat_vec4
    %concati/vec4 0, 0, 42;
    %store/vec4 v0000015c59f84780_0, 0, 67;
    %load/vec4 v0000015c59f52ff0_0;
    %parti/s 8, 23, 6;
    %store/vec4 v0000015c59f53090_0, 0, 8;
    %load/vec4 v0000015c59f84640_0;
    %parti/s 8, 23, 6;
    %store/vec4 v0000015c59f846e0_0, 0, 8;
    %load/vec4 v0000015c59f52ff0_0;
    %parti/s 1, 31, 6;
    %store/vec4 v0000015c59f845a0_0, 0, 1;
    %load/vec4 v0000015c59f84640_0;
    %parti/s 1, 31, 6;
    %store/vec4 v0000015c59fe5fc0_0, 0, 1;
    %load/vec4 v0000015c59f53090_0;
    %pad/u 32;
    %cmpi/e 0, 0, 32;
    %jmp/0xz  T_0.0, 4;
    %pushi/vec4 1, 0, 8;
    %store/vec4 v0000015c59f53090_0, 0, 8;
    %pushi/vec4 0, 0, 1;
    %ix/load 4, 65, 0;
    %flag_set/imm 4, 0;
    %store/vec4 v0000015c59f84500_0, 4, 1;
    %jmp T_0.1;
T_0.0 ;
    %pushi/vec4 1, 0, 1;
    %ix/load 4, 65, 0;
    %flag_set/imm 4, 0;
    %store/vec4 v0000015c59f84500_0, 4, 1;
T_0.1 ;
    %load/vec4 v0000015c59f846e0_0;
    %pad/u 32;
    %cmpi/e 0, 0, 32;
    %jmp/0xz  T_0.2, 4;
    %pushi/vec4 1, 0, 8;
    %store/vec4 v0000015c59f846e0_0, 0, 8;
    %pushi/vec4 0, 0, 1;
    %ix/load 4, 65, 0;
    %flag_set/imm 4, 0;
    %store/vec4 v0000015c59f84780_0, 4, 1;
    %jmp T_0.3;
T_0.2 ;
    %pushi/vec4 1, 0, 1;
    %ix/load 4, 65, 0;
    %flag_set/imm 4, 0;
    %store/vec4 v0000015c59f84780_0, 4, 1;
T_0.3 ;
    %load/vec4 v0000015c59f53090_0;
    %pad/u 32;
    %cmpi/e 0, 0, 32;
    %flag_get/vec4 4;
    %jmp/0 T_0.6, 4;
    %load/vec4 v0000015c59f84500_0;
    %pushi/vec4 0, 0, 67;
    %cmp/e;
    %flag_get/vec4 4;
    %and;
T_0.6;
    %flag_set/vec4 8;
    %jmp/0xz  T_0.4, 8;
    %load/vec4 v0000015c59fe5fc0_0;
    %store/vec4 v0000015c59fe61a0_0, 0, 1;
    %load/vec4 v0000015c59f846e0_0;
    %store/vec4 v0000015c59fe6060_0, 0, 8;
    %load/vec4 v0000015c59f84780_0;
    %store/vec4 v0000015c59fe6100_0, 0, 67;
    %jmp T_0.5;
T_0.4 ;
    %load/vec4 v0000015c59f846e0_0;
    %pad/u 32;
    %cmpi/e 0, 0, 32;
    %flag_get/vec4 4;
    %jmp/0 T_0.9, 4;
    %load/vec4 v0000015c59f84780_0;
    %pushi/vec4 0, 0, 67;
    %cmp/e;
    %flag_get/vec4 4;
    %and;
T_0.9;
    %flag_set/vec4 8;
    %jmp/0xz  T_0.7, 8;
    %load/vec4 v0000015c59f845a0_0;
    %store/vec4 v0000015c59fe61a0_0, 0, 1;
    %load/vec4 v0000015c59f53090_0;
    %store/vec4 v0000015c59fe6060_0, 0, 8;
    %load/vec4 v0000015c59f84500_0;
    %store/vec4 v0000015c59fe6100_0, 0, 67;
T_0.7 ;
T_0.5 ;
    %load/vec4 v0000015c59f846e0_0;
    %load/vec4 v0000015c59f53090_0;
    %cmp/u;
    %jmp/0xz  T_0.10, 5;
    %load/vec4 v0000015c59f84780_0;
    %load/vec4 v0000015c59f53090_0;
    %load/vec4 v0000015c59f846e0_0;
    %sub;
    %ix/vec4 4;
    %shiftr 4;
    %store/vec4 v0000015c59f84780_0, 0, 67;
    %load/vec4 v0000015c59f53090_0;
    %store/vec4 v0000015c59fe6060_0, 0, 8;
    %jmp T_0.11;
T_0.10 ;
    %load/vec4 v0000015c59f53090_0;
    %load/vec4 v0000015c59f846e0_0;
    %cmp/u;
    %jmp/0xz  T_0.12, 5;
    %load/vec4 v0000015c59f84500_0;
    %load/vec4 v0000015c59f846e0_0;
    %load/vec4 v0000015c59f53090_0;
    %sub;
    %ix/vec4 4;
    %shiftr 4;
    %store/vec4 v0000015c59f84500_0, 0, 67;
    %load/vec4 v0000015c59f846e0_0;
    %store/vec4 v0000015c59fe6060_0, 0, 8;
    %jmp T_0.13;
T_0.12 ;
    %load/vec4 v0000015c59f53090_0;
    %store/vec4 v0000015c59fe6060_0, 0, 8;
T_0.13 ;
T_0.11 ;
    %load/vec4 v0000015c59f845a0_0;
    %load/vec4 v0000015c59fe5fc0_0;
    %cmp/e;
    %jmp/0xz  T_0.14, 4;
    %load/vec4 v0000015c59f84500_0;
    %load/vec4 v0000015c59f84780_0;
    %add;
    %store/vec4 v0000015c59fe6100_0, 0, 67;
    %load/vec4 v0000015c59f845a0_0;
    %store/vec4 v0000015c59fe61a0_0, 0, 1;
    %jmp T_0.15;
T_0.14 ;
    %load/vec4 v0000015c59f84780_0;
    %load/vec4 v0000015c59f84500_0;
    %cmp/u;
    %flag_or 5, 4;
    %jmp/0xz  T_0.16, 5;
    %load/vec4 v0000015c59f84500_0;
    %load/vec4 v0000015c59f84780_0;
    %sub;
    %store/vec4 v0000015c59fe6100_0, 0, 67;
    %load/vec4 v0000015c59f845a0_0;
    %store/vec4 v0000015c59fe61a0_0, 0, 1;
    %jmp T_0.17;
T_0.16 ;
    %load/vec4 v0000015c59f84780_0;
    %load/vec4 v0000015c59f84500_0;
    %sub;
    %store/vec4 v0000015c59fe6100_0, 0, 67;
    %load/vec4 v0000015c59fe5fc0_0;
    %store/vec4 v0000015c59fe61a0_0, 0, 1;
T_0.17 ;
T_0.15 ;
    %load/vec4 v0000015c59fe6100_0;
    %store/vec4 v0000015c59fe6380_0, 0, 67;
    %load/vec4 v0000015c59fe6100_0;
    %parti/s 1, 66, 8;
    %flag_set/vec4 8;
    %jmp/0xz  T_0.18, 8;
    %load/vec4 v0000015c59fe6100_0;
    %ix/load 4, 1, 0;
    %flag_set/imm 4, 0;
    %shiftr 4;
    %store/vec4 v0000015c59fe6100_0, 0, 67;
    %load/vec4 v0000015c59fe6060_0;
    %addi 1, 0, 8;
    %store/vec4 v0000015c59fe6060_0, 0, 8;
T_0.18 ;
    %load/vec4 v0000015c59fe6100_0;
    %parti/s 1, 66, 8;
    %flag_set/vec4 8;
    %jmp/0xz  T_0.20, 8;
    %load/vec4 v0000015c59fe6100_0;
    %ix/load 4, 1, 0;
    %flag_set/imm 4, 0;
    %shiftr 4;
    %store/vec4 v0000015c59fe6100_0, 0, 67;
    %load/vec4 v0000015c59fe6060_0;
    %addi 1, 0, 8;
    %store/vec4 v0000015c59fe6060_0, 0, 8;
T_0.20 ;
    %load/vec4 v0000015c59fe6100_0;
    %parti/s 1, 65, 8;
    %pad/u 32;
    %cmpi/e 0, 0, 32;
    %jmp/0xz  T_0.22, 4;
T_0.24 ;
    %load/vec4 v0000015c59fe6100_0;
    %parti/s 1, 65, 8;
    %pad/u 32;
    %cmpi/e 0, 0, 32;
    %flag_get/vec4 4;
    %jmp/0 T_0.26, 4;
    %pushi/vec4 0, 0, 32;
    %load/vec4 v0000015c59fe6100_0;
    %parti/s 23, 42, 7;
    %pad/u 32;
    %cmp/u;
    %flag_get/vec4 5;
    %and;
T_0.26;
    %flag_set/vec4 8;
    %jmp/0xz T_0.25, 8;
    %load/vec4 v0000015c59fe6100_0;
    %ix/load 4, 1, 0;
    %flag_set/imm 4, 0;
    %shiftl 4;
    %store/vec4 v0000015c59fe6100_0, 0, 67;
    %load/vec4 v0000015c59fe6060_0;
    %subi 1, 0, 8;
    %store/vec4 v0000015c59fe6060_0, 0, 8;
    %jmp T_0.24;
T_0.25 ;
T_0.22 ;
    %load/vec4 v0000015c59fe6100_0;
    %parti/s 1, 41, 7;
    %store/vec4 v0000015c59f52f50_0, 0, 1;
    %load/vec4 v0000015c59fe6100_0;
    %parti/s 1, 40, 7;
    %store/vec4 v0000015c59fe6240_0, 0, 1;
    %load/vec4 v0000015c59fe6100_0;
    %parti/s 40, 0, 2;
    %cmpi/u 0, 0, 40;
    %flag_or 5, 4; GT is !LE
    %flag_inv 5;
    %jmp/0xz  T_0.27, 5;
    %pushi/vec4 1, 0, 1;
    %store/vec4 v0000015c59fe62e0_0, 0, 1;
    %jmp T_0.28;
T_0.27 ;
    %pushi/vec4 0, 0, 1;
    %store/vec4 v0000015c59fe62e0_0, 0, 1;
T_0.28 ;
    %load/vec4 v0000015c59f52f50_0;
    %flag_set/vec4 9;
    %flag_get/vec4 9;
    %jmp/0 T_0.31, 9;
    %load/vec4 v0000015c59fe6100_0;
    %parti/s 1, 42, 7;
    %load/vec4 v0000015c59fe6240_0;
    %or;
    %load/vec4 v0000015c59fe62e0_0;
    %or;
    %and;
T_0.31;
    %flag_set/vec4 8;
    %jmp/0xz  T_0.29, 8;
    %load/vec4 v0000015c59fe6100_0;
    %pushi/vec4 2147483648, 0, 56;
    %concati/vec4 0, 0, 11;
    %add;
    %store/vec4 v0000015c59fe6100_0, 0, 67;
T_0.29 ;
    %load/vec4 v0000015c59fe6100_0;
    %parti/s 23, 42, 7;
    %ix/load 4, 0, 0;
    %flag_set/imm 4, 0;
    %store/vec4 v0000015c59f52eb0_0, 4, 23;
    %load/vec4 v0000015c59fe6060_0;
    %ix/load 4, 23, 0;
    %flag_set/imm 4, 0;
    %store/vec4 v0000015c59f52eb0_0, 4, 8;
    %load/vec4 v0000015c59fe61a0_0;
    %ix/load 4, 31, 0;
    %flag_set/imm 4, 0;
    %store/vec4 v0000015c59f52eb0_0, 4, 1;
    %load/vec4 v0000015c59fe6100_0;
    %cmpi/e 0, 0, 67;
    %jmp/0xz  T_0.32, 4;
    %pushi/vec4 0, 0, 32;
    %store/vec4 v0000015c59f52eb0_0, 0, 32;
T_0.32 ;
    %load/vec4 v0000015c59fe6060_0;
    %cmpi/e 255, 0, 8;
    %jmp/0xz  T_0.34, 4;
    %pushi/vec4 0, 0, 67;
    %store/vec4 v0000015c59fe6100_0, 0, 67;
T_0.34 ;
    %load/vec4 v0000015c59fe6100_0;
    %parti/s 23, 42, 7;
    %ix/load 4, 0, 0;
    %flag_set/imm 4, 0;
    %store/vec4 v0000015c59f52eb0_0, 4, 23;
    %jmp T_0;
    .thread T_0, $push;
# The file index is used to find the file name in the following table.
:file_names 3;
    "N/A";
    "<interactive>";
    "adder.v";
