#! /c/Source/iverilog-install/bin/vvp
:ivl_version "12.0 (devel)" "(s20150603-1539-g2693dd32b)";
:ivl_delay_selection "TYPICAL";
:vpi_time_precision + 0;
:vpi_module "F:\iverilog\lib\ivl\system.vpi";
:vpi_module "F:\iverilog\lib\ivl\vhdl_sys.vpi";
:vpi_module "F:\iverilog\lib\ivl\vhdl_textio.vpi";
:vpi_module "F:\iverilog\lib\ivl\v2005_math.vpi";
:vpi_module "F:\iverilog\lib\ivl\va_math.vpi";
S_0000018ba4652e30 .scope module, "controller" "controller" 2 56;
 .timescale 0 0;
    .port_info 0 /INPUT 1 "start";
    .port_info 1 /INPUT 1 "rst";
    .port_info 2 /INPUT 1 "clk";
    .port_info 3 /INPUT 1 "done";
    .port_info 4 /OUTPUT 1 "ready";
    .port_info 5 /OUTPUT 1 "m1";
    .port_info 6 /OUTPUT 1 "m2";
    .port_info 7 /OUTPUT 1 "m3";
    .port_info 8 /OUTPUT 1 "m4";
o0000018ba4688fd8 .functor BUFZ 1, C4<z>; HiZ drive
v0000018ba4653060_0 .net "clk", 0 0, o0000018ba4688fd8;  0 drivers
o0000018ba4689008 .functor BUFZ 1, C4<z>; HiZ drive
v0000018ba4653100_0 .net "done", 0 0, o0000018ba4689008;  0 drivers
v0000018ba4683630_0 .var "m1", 0 0;
v0000018ba46836d0_0 .var "m2", 0 0;
v0000018ba4683770_0 .var "m3", 0 0;
v0000018ba4683810_0 .var "m4", 0 0;
v0000018ba46838b0_0 .var "ns", 2 0;
v0000018ba4683950_0 .var "ps", 2 0;
v0000018ba46839f0_0 .var "ready", 0 0;
o0000018ba4689188 .functor BUFZ 1, C4<z>; HiZ drive
v0000018ba4683b20_0 .net "rst", 0 0, o0000018ba4689188;  0 drivers
o0000018ba46891b8 .functor BUFZ 1, C4<z>; HiZ drive
v0000018ba46d25b0_0 .net "start", 0 0, o0000018ba46891b8;  0 drivers
E_0000018ba47c8bd0 .event anyedge, v0000018ba4683950_0;
E_0000018ba47c8e90 .event anyedge, v0000018ba4653100_0, v0000018ba46d25b0_0, v0000018ba4683950_0;
E_0000018ba47c9410 .event posedge, v0000018ba4653060_0;
    .scope S_0000018ba4652e30;
T_0 ;
    %wait E_0000018ba47c9410;
    %load/vec4 v0000018ba4683b20_0;
    %flag_set/vec4 8;
    %jmp/0xz  T_0.0, 8;
    %pushi/vec4 0, 0, 3;
    %assign/vec4 v0000018ba4683950_0, 0;
    %jmp T_0.1;
T_0.0 ;
    %load/vec4 v0000018ba46838b0_0;
    %assign/vec4 v0000018ba4683950_0, 0;
T_0.1 ;
    %jmp T_0;
    .thread T_0;
    .scope S_0000018ba4652e30;
T_1 ;
    %wait E_0000018ba47c8e90;
    %load/vec4 v0000018ba4683950_0;
    %dup/vec4;
    %pushi/vec4 0, 0, 3;
    %cmp/u;
    %jmp/1 T_1.0, 6;
    %dup/vec4;
    %pushi/vec4 1, 0, 3;
    %cmp/u;
    %jmp/1 T_1.1, 6;
    %dup/vec4;
    %pushi/vec4 2, 0, 3;
    %cmp/u;
    %jmp/1 T_1.2, 6;
    %dup/vec4;
    %pushi/vec4 3, 0, 3;
    %cmp/u;
    %jmp/1 T_1.3, 6;
    %dup/vec4;
    %pushi/vec4 4, 0, 3;
    %cmp/u;
    %jmp/1 T_1.4, 6;
    %dup/vec4;
    %pushi/vec4 5, 0, 3;
    %cmp/u;
    %jmp/1 T_1.5, 6;
    %jmp T_1.6;
T_1.0 ;
    %load/vec4 v0000018ba46d25b0_0;
    %flag_set/vec4 8;
    %jmp/0 T_1.7, 8;
    %pushi/vec4 1, 0, 3;
    %jmp/1 T_1.8, 8;
T_1.7 ; End of true expr.
    %pushi/vec4 0, 0, 3;
    %jmp/0 T_1.8, 8;
 ; End of false expr.
    %blend;
T_1.8;
    %store/vec4 v0000018ba46838b0_0, 0, 3;
    %jmp T_1.6;
T_1.1 ;
    %load/vec4 v0000018ba46d25b0_0;
    %inv;
    %flag_set/vec4 8;
    %jmp/0 T_1.9, 8;
    %pushi/vec4 2, 0, 3;
    %jmp/1 T_1.10, 8;
T_1.9 ; End of true expr.
    %pushi/vec4 1, 0, 3;
    %jmp/0 T_1.10, 8;
 ; End of false expr.
    %blend;
T_1.10;
    %store/vec4 v0000018ba46838b0_0, 0, 3;
    %jmp T_1.6;
T_1.2 ;
    %pushi/vec4 3, 0, 3;
    %store/vec4 v0000018ba46838b0_0, 0, 3;
    %jmp T_1.6;
T_1.3 ;
    %pushi/vec4 4, 0, 3;
    %store/vec4 v0000018ba46838b0_0, 0, 3;
    %jmp T_1.6;
T_1.4 ;
    %pushi/vec4 5, 0, 3;
    %store/vec4 v0000018ba46838b0_0, 0, 3;
    %jmp T_1.6;
T_1.5 ;
    %load/vec4 v0000018ba4653100_0;
    %flag_set/vec4 8;
    %jmp/0 T_1.11, 8;
    %pushi/vec4 0, 0, 3;
    %jmp/1 T_1.12, 8;
T_1.11 ; End of true expr.
    %pushi/vec4 2, 0, 3;
    %jmp/0 T_1.12, 8;
 ; End of false expr.
    %blend;
T_1.12;
    %store/vec4 v0000018ba46838b0_0, 0, 3;
    %jmp T_1.6;
T_1.6 ;
    %pop/vec4 1;
    %jmp T_1;
    .thread T_1, $push;
    .scope S_0000018ba4652e30;
T_2 ;
    %wait E_0000018ba47c8bd0;
    %pushi/vec4 0, 0, 1;
    %store/vec4 v0000018ba46839f0_0, 0, 1;
    %load/vec4 v0000018ba4683950_0;
    %dup/vec4;
    %pushi/vec4 0, 0, 3;
    %cmp/u;
    %jmp/1 T_2.0, 6;
    %dup/vec4;
    %pushi/vec4 1, 0, 3;
    %cmp/u;
    %jmp/1 T_2.1, 6;
    %dup/vec4;
    %pushi/vec4 2, 0, 3;
    %cmp/u;
    %jmp/1 T_2.2, 6;
    %dup/vec4;
    %pushi/vec4 3, 0, 3;
    %cmp/u;
    %jmp/1 T_2.3, 6;
    %dup/vec4;
    %pushi/vec4 4, 0, 3;
    %cmp/u;
    %jmp/1 T_2.4, 6;
    %dup/vec4;
    %pushi/vec4 5, 0, 3;
    %cmp/u;
    %jmp/1 T_2.5, 6;
    %jmp T_2.6;
T_2.0 ;
    %pushi/vec4 1, 0, 1;
    %store/vec4 v0000018ba46839f0_0, 0, 1;
    %jmp T_2.6;
T_2.1 ;
    %pushi/vec4 0, 0, 5;
    %split/vec4 1;
    %store/vec4 v0000018ba4683810_0, 0, 1;
    %split/vec4 1;
    %store/vec4 v0000018ba4683770_0, 0, 1;
    %split/vec4 1;
    %store/vec4 v0000018ba46836d0_0, 0, 1;
    %split/vec4 1;
    %store/vec4 v0000018ba4683630_0, 0, 1;
    %store/vec4 v0000018ba46839f0_0, 0, 1;
    %jmp T_2.6;
T_2.2 ;
    %jmp T_2.6;
T_2.3 ;
    %jmp T_2.6;
T_2.4 ;
    %jmp T_2.6;
T_2.5 ;
    %pushi/vec4 15, 0, 4;
    %split/vec4 1;
    %store/vec4 v0000018ba4683810_0, 0, 1;
    %split/vec4 1;
    %store/vec4 v0000018ba4683770_0, 0, 1;
    %split/vec4 1;
    %store/vec4 v0000018ba46836d0_0, 0, 1;
    %store/vec4 v0000018ba4683630_0, 0, 1;
    %jmp T_2.6;
T_2.6 ;
    %pop/vec4 1;
    %jmp T_2;
    .thread T_2, $push;
# The file index is used to find the file name in the following table.
:file_names 3;
    "N/A";
    "<interactive>";
    "controller.v";
