#! /c/Source/iverilog-install/bin/vvp
:ivl_version "12.0 (devel)" "(s20150603-1539-g2693dd32b)";
:ivl_delay_selection "TYPICAL";
:vpi_time_precision + 0;
:vpi_module "F:\iverilog\lib\ivl\system.vpi";
:vpi_module "F:\iverilog\lib\ivl\vhdl_sys.vpi";
:vpi_module "F:\iverilog\lib\ivl\vhdl_textio.vpi";
:vpi_module "F:\iverilog\lib\ivl\v2005_math.vpi";
:vpi_module "F:\iverilog\lib\ivl\va_math.vpi";
S_000002853bf82e30 .scope module, "multiply" "multiply" 2 1;
 .timescale 0 0;
    .port_info 0 /INPUT 32 "operand_1";
    .port_info 1 /INPUT 32 "operand_2";
    .port_info 2 /OUTPUT 32 "result";
L_000002853bfafe30 .functor XOR 1, L_000002853c021c10, L_000002853c020bd0, C4<0>, C4<0>;
L_000002853bfb0450 .functor OR 1, L_000002853c021ad0, L_000002853c0221b0, C4<0>, C4<0>;
L_000002853bfaf9d0 .functor AND 23, L_000002853c06b0f0, L_000002853c06c450, C4<11111111111111111111111>, C4<11111111111111111111111>;
L_000002853bfafa40 .functor AND 1, L_000002853c06af10, L_000002853c06bc30, C4<1>, C4<1>;
L_000002853bfafb90 .functor AND 1, L_000002853bfafa40, L_000002853c06b2d0, C4<1>, C4<1>;
L_000002853bfb04c0 .functor AND 1, L_000002853c06b550, L_000002853c06b370, C4<1>, C4<1>;
L_000002853bfb00d0 .functor AND 1, L_000002853bfb04c0, L_000002853c06afb0, C4<1>, C4<1>;
v000002853bfbd920_0 .net *"_ivl_1", 0 0, L_000002853c021c10;  1 drivers
L_000002853c022a98 .functor BUFT 1, C4<00000000000000000000000>, C4<0>, C4<0>, C4<0>;
v000002853bfbdc40_0 .net/2u *"_ivl_100", 22 0, L_000002853c022a98;  1 drivers
v000002853bfbe500_0 .net *"_ivl_102", 0 0, L_000002853c06a970;  1 drivers
L_000002853c022ae0 .functor BUFT 1, C4<1>, C4<0>, C4<0>, C4<0>;
v000002853bfbd9c0_0 .net/2u *"_ivl_104", 0 0, L_000002853c022ae0;  1 drivers
L_000002853c022b28 .functor BUFT 1, C4<0>, C4<0>, C4<0>, C4<0>;
v000002853bfbdce0_0 .net/2u *"_ivl_106", 0 0, L_000002853c022b28;  1 drivers
v000002853bfbed20_0 .net *"_ivl_108", 0 0, L_000002853c06b690;  1 drivers
v000002853bfbe1e0_0 .net *"_ivl_11", 7 0, L_000002853c021350;  1 drivers
v000002853bfbcfc0_0 .net *"_ivl_113", 7 0, L_000002853c06b4b0;  1 drivers
v000002853bfbe5a0_0 .net *"_ivl_114", 8 0, L_000002853c06c1d0;  1 drivers
L_000002853c022b70 .functor BUFT 1, C4<0>, C4<0>, C4<0>, C4<0>;
v000002853bfbe640_0 .net *"_ivl_117", 0 0, L_000002853c022b70;  1 drivers
v000002853bfbe0a0_0 .net *"_ivl_119", 7 0, L_000002853c06beb0;  1 drivers
v000002853bfbd1a0_0 .net *"_ivl_120", 8 0, L_000002853c06b5f0;  1 drivers
L_000002853c022bb8 .functor BUFT 1, C4<0>, C4<0>, C4<0>, C4<0>;
v000002853bfbe280_0 .net *"_ivl_123", 0 0, L_000002853c022bb8;  1 drivers
L_000002853c022c00 .functor BUFT 1, C4<001111111>, C4<0>, C4<0>, C4<0>;
v000002853bfbd420_0 .net/2u *"_ivl_126", 8 0, L_000002853c022c00;  1 drivers
v000002853bfbdd80_0 .net *"_ivl_128", 8 0, L_000002853c06b230;  1 drivers
v000002853bfbedc0_0 .net *"_ivl_13", 0 0, L_000002853c0221b0;  1 drivers
v000002853bfbde20_0 .net *"_ivl_130", 8 0, L_000002853c06bd70;  1 drivers
L_000002853c022c48 .functor BUFT 1, C4<00000000>, C4<0>, C4<0>, C4<0>;
v000002853bfbdf60_0 .net *"_ivl_133", 7 0, L_000002853c022c48;  1 drivers
v000002853bfbe320_0 .net *"_ivl_137", 0 0, L_000002853c06af10;  1 drivers
v000002853bfbee60_0 .net *"_ivl_139", 0 0, L_000002853c06b190;  1 drivers
v000002853bfbd100_0 .net *"_ivl_141", 0 0, L_000002853c06bc30;  1 drivers
v000002853bfbd380_0 .net *"_ivl_142", 0 0, L_000002853bfafa40;  1 drivers
v000002853bfbd560_0 .net *"_ivl_145", 0 0, L_000002853c06b2d0;  1 drivers
v000002853bfbe000_0 .net *"_ivl_149", 0 0, L_000002853c06b550;  1 drivers
v000002853bfbd6a0_0 .net *"_ivl_151", 0 0, L_000002853c06b370;  1 drivers
v000002853c01e370_0 .net *"_ivl_152", 0 0, L_000002853bfb04c0;  1 drivers
v000002853c01fbd0_0 .net *"_ivl_155", 0 0, L_000002853c06afb0;  1 drivers
v000002853c01ec30_0 .net *"_ivl_156", 0 0, L_000002853bfb00d0;  1 drivers
L_000002853c022c90 .functor BUFT 1, C4<1>, C4<0>, C4<0>, C4<0>;
v000002853c01eff0_0 .net/2u *"_ivl_158", 0 0, L_000002853c022c90;  1 drivers
L_000002853c022cd8 .functor BUFT 1, C4<0>, C4<0>, C4<0>, C4<0>;
v000002853c01df10_0 .net/2u *"_ivl_160", 0 0, L_000002853c022cd8;  1 drivers
L_000002853c022d20 .functor BUFT 1, C4<00000000000000000000000000000000>, C4<0>, C4<0>, C4<0>;
v000002853c01ee10_0 .net/2u *"_ivl_164", 31 0, L_000002853c022d20;  1 drivers
L_000002853c022d68 .functor BUFT 1, C4<0000000000000000000000000000000>, C4<0>, C4<0>, C4<0>;
v000002853c01e7d0_0 .net/2u *"_ivl_166", 30 0, L_000002853c022d68;  1 drivers
v000002853c01f270_0 .net *"_ivl_168", 31 0, L_000002853c06c590;  1 drivers
v000002853c01eeb0_0 .net *"_ivl_17", 7 0, L_000002853c020db0;  1 drivers
L_000002853c022db0 .functor BUFT 1, C4<11111111>, C4<0>, C4<0>, C4<0>;
v000002853c01e2d0_0 .net/2u *"_ivl_170", 7 0, L_000002853c022db0;  1 drivers
L_000002853c022df8 .functor BUFT 1, C4<00000000000000000000000>, C4<0>, C4<0>, C4<0>;
v000002853c01e050_0 .net/2u *"_ivl_172", 22 0, L_000002853c022df8;  1 drivers
v000002853c01e4b0_0 .net *"_ivl_174", 31 0, L_000002853c06b7d0;  1 drivers
L_000002853c022e40 .functor BUFT 1, C4<0000000000000000000000000000000>, C4<0>, C4<0>, C4<0>;
v000002853c01dfb0_0 .net/2u *"_ivl_176", 30 0, L_000002853c022e40;  1 drivers
v000002853c01f9f0_0 .net *"_ivl_178", 31 0, L_000002853c06b730;  1 drivers
v000002853c01e410_0 .net *"_ivl_181", 7 0, L_000002853c06b410;  1 drivers
v000002853c01e870_0 .net *"_ivl_182", 31 0, L_000002853c06bff0;  1 drivers
v000002853c01e550_0 .net *"_ivl_184", 31 0, L_000002853c06b870;  1 drivers
v000002853c01f090_0 .net *"_ivl_186", 31 0, L_000002853c06c090;  1 drivers
v000002853c01ecd0_0 .net *"_ivl_188", 31 0, L_000002853c06b910;  1 drivers
v000002853c01e9b0_0 .net *"_ivl_19", 0 0, L_000002853c020c70;  1 drivers
L_000002853c022738 .functor BUFT 1, C4<1>, C4<0>, C4<0>, C4<0>;
v000002853c01ed70_0 .net/2u *"_ivl_20", 0 0, L_000002853c022738;  1 drivers
v000002853c01e730_0 .net *"_ivl_23", 22 0, L_000002853c020e50;  1 drivers
v000002853c01f130_0 .net *"_ivl_24", 23 0, L_000002853c021530;  1 drivers
L_000002853c022780 .functor BUFT 1, C4<0>, C4<0>, C4<0>, C4<0>;
v000002853c01f6d0_0 .net/2u *"_ivl_26", 0 0, L_000002853c022780;  1 drivers
v000002853c01ddd0_0 .net *"_ivl_29", 22 0, L_000002853c022110;  1 drivers
v000002853c01e190_0 .net *"_ivl_3", 0 0, L_000002853c020bd0;  1 drivers
v000002853c01f770_0 .net *"_ivl_30", 23 0, L_000002853c020ef0;  1 drivers
v000002853c01f3b0_0 .net *"_ivl_35", 7 0, L_000002853c0215d0;  1 drivers
v000002853c01ef50_0 .net *"_ivl_37", 0 0, L_000002853c021850;  1 drivers
L_000002853c0227c8 .functor BUFT 1, C4<1>, C4<0>, C4<0>, C4<0>;
v000002853c01f1d0_0 .net/2u *"_ivl_38", 0 0, L_000002853c0227c8;  1 drivers
v000002853c01e5f0_0 .net *"_ivl_41", 22 0, L_000002853c021f30;  1 drivers
v000002853c01fa90_0 .net *"_ivl_42", 23 0, L_000002853c020810;  1 drivers
L_000002853c022810 .functor BUFT 1, C4<0>, C4<0>, C4<0>, C4<0>;
v000002853c01e690_0 .net/2u *"_ivl_44", 0 0, L_000002853c022810;  1 drivers
v000002853c01f810_0 .net *"_ivl_47", 22 0, L_000002853c0222f0;  1 drivers
v000002853c01eb90_0 .net *"_ivl_48", 23 0, L_000002853c0212b0;  1 drivers
v000002853c01e0f0_0 .net *"_ivl_52", 47 0, L_000002853c021710;  1 drivers
L_000002853c022858 .functor BUFT 1, C4<000000000000000000000000>, C4<0>, C4<0>, C4<0>;
v000002853c01e910_0 .net *"_ivl_55", 23 0, L_000002853c022858;  1 drivers
v000002853c01f8b0_0 .net *"_ivl_56", 47 0, L_000002853c021170;  1 drivers
L_000002853c0228a0 .functor BUFT 1, C4<000000000000000000000000>, C4<0>, C4<0>, C4<0>;
v000002853c01ea50_0 .net *"_ivl_59", 23 0, L_000002853c0228a0;  1 drivers
v000002853c01f310_0 .net *"_ivl_63", 22 0, L_000002853c0217b0;  1 drivers
v000002853c01e230_0 .net *"_ivl_67", 0 0, L_000002853c021210;  1 drivers
L_000002853c0228e8 .functor BUFT 1, C4<1>, C4<0>, C4<0>, C4<0>;
v000002853c01f950_0 .net/2u *"_ivl_68", 0 0, L_000002853c0228e8;  1 drivers
v000002853c01eaf0_0 .net *"_ivl_7", 7 0, L_000002853c021cb0;  1 drivers
L_000002853c022930 .functor BUFT 1, C4<0>, C4<0>, C4<0>, C4<0>;
v000002853c01f450_0 .net/2u *"_ivl_70", 0 0, L_000002853c022930;  1 drivers
v000002853c01f4f0_0 .net *"_ivl_74", 47 0, L_000002853c06aab0;  1 drivers
v000002853c01f590_0 .net *"_ivl_76", 46 0, L_000002853c06aa10;  1 drivers
L_000002853c022978 .functor BUFT 1, C4<0>, C4<0>, C4<0>, C4<0>;
v000002853c01f630_0 .net *"_ivl_78", 0 0, L_000002853c022978;  1 drivers
v000002853c01fb30_0 .net *"_ivl_83", 22 0, L_000002853c06ae70;  1 drivers
v000002853c01dd30_0 .net *"_ivl_85", 0 0, L_000002853c06c310;  1 drivers
v000002853c01de70_0 .net *"_ivl_86", 22 0, L_000002853c06b0f0;  1 drivers
L_000002853c0229c0 .functor BUFT 1, C4<0000000000000000000000>, C4<0>, C4<0>, C4<0>;
v000002853c021670_0 .net *"_ivl_89", 21 0, L_000002853c0229c0;  1 drivers
v000002853c022070_0 .net *"_ivl_9", 0 0, L_000002853c021ad0;  1 drivers
v000002853c0213f0_0 .net *"_ivl_90", 22 0, L_000002853c06c450;  1 drivers
L_000002853c022a08 .functor BUFT 1, C4<0000000000000000000000>, C4<0>, C4<0>, C4<0>;
v000002853c020a90_0 .net *"_ivl_93", 21 0, L_000002853c022a08;  1 drivers
v000002853c020950_0 .net *"_ivl_94", 22 0, L_000002853bfaf9d0;  1 drivers
L_000002853c022a50 .functor BUFT 1, C4<0>, C4<0>, C4<0>, C4<0>;
v000002853c021490_0 .net/2u *"_ivl_98", 0 0, L_000002853c022a50;  1 drivers
v000002853c022250_0 .net "exponent", 8 0, L_000002853c06bf50;  1 drivers
v000002853c021df0_0 .net "is_prod_zero", 0 0, L_000002853bfb0450;  1 drivers
v000002853c020770_0 .net "normalised", 0 0, L_000002853c0224d0;  1 drivers
o000002853bfc73a8 .functor BUFZ 32, C4<zzzzzzzzzzzzzzzzzzzzzzzzzzzzzzzz>; HiZ drive
v000002853c021d50_0 .net "operand_1", 31 0, o000002853bfc73a8;  0 drivers
v000002853c0209f0_0 .net "operand_1_eq", 23 0, L_000002853c021030;  1 drivers
o000002853bfc7408 .functor BUFZ 32, C4<zzzzzzzzzzzzzzzzzzzzzzzzzzzzzzzz>; HiZ drive
v000002853c021990_0 .net "operand_2", 31 0, o000002853bfc7408;  0 drivers
v000002853c022390_0 .net "operand_2_eq", 23 0, L_000002853c0210d0;  1 drivers
v000002853c022610_0 .net "prod_mantis", 22 0, L_000002853c06add0;  1 drivers
v000002853c021b70_0 .net "prod_overflow", 0 0, L_000002853bfafb90;  1 drivers
v000002853c020b30_0 .net "prod_sign", 0 0, L_000002853bfafe30;  1 drivers
v000002853c021a30_0 .net "prod_underflow", 0 0, L_000002853c06a790;  1 drivers
v000002853c020d10_0 .net "product", 47 0, L_000002853c022430;  1 drivers
v000002853c022570_0 .net "product_normalised", 47 0, L_000002853c06bcd0;  1 drivers
v000002853c021fd0_0 .net "product_round", 0 0, L_000002853c0218f0;  1 drivers
v000002853c020f90_0 .net "result", 31 0, L_000002853c06b9b0;  1 drivers
v000002853c021e90_0 .net "sum_exponent", 8 0, L_000002853c06b050;  1 drivers
v000002853c0208b0_0 .net "zero_flag", 0 0, L_000002853c06c130;  1 drivers
L_000002853c021c10 .part o000002853bfc73a8, 31, 1;
L_000002853c020bd0 .part o000002853bfc7408, 31, 1;
L_000002853c021cb0 .part o000002853bfc73a8, 23, 8;
L_000002853c021ad0 .reduce/and L_000002853c021cb0;
L_000002853c021350 .part o000002853bfc7408, 23, 8;
L_000002853c0221b0 .reduce/and L_000002853c021350;
L_000002853c020db0 .part o000002853bfc73a8, 23, 8;
L_000002853c020c70 .reduce/or L_000002853c020db0;
L_000002853c020e50 .part o000002853bfc73a8, 0, 23;
L_000002853c021530 .concat [ 23 1 0 0], L_000002853c020e50, L_000002853c022738;
L_000002853c022110 .part o000002853bfc73a8, 0, 23;
L_000002853c020ef0 .concat [ 23 1 0 0], L_000002853c022110, L_000002853c022780;
L_000002853c021030 .functor MUXZ 24, L_000002853c020ef0, L_000002853c021530, L_000002853c020c70, C4<>;
L_000002853c0215d0 .part o000002853bfc7408, 23, 8;
L_000002853c021850 .reduce/or L_000002853c0215d0;
L_000002853c021f30 .part o000002853bfc7408, 0, 23;
L_000002853c020810 .concat [ 23 1 0 0], L_000002853c021f30, L_000002853c0227c8;
L_000002853c0222f0 .part o000002853bfc7408, 0, 23;
L_000002853c0212b0 .concat [ 23 1 0 0], L_000002853c0222f0, L_000002853c022810;
L_000002853c0210d0 .functor MUXZ 24, L_000002853c0212b0, L_000002853c020810, L_000002853c021850, C4<>;
L_000002853c021710 .concat [ 24 24 0 0], L_000002853c021030, L_000002853c022858;
L_000002853c021170 .concat [ 24 24 0 0], L_000002853c0210d0, L_000002853c0228a0;
L_000002853c022430 .arith/mult 48, L_000002853c021710, L_000002853c021170;
L_000002853c0217b0 .part L_000002853c06bcd0, 0, 23;
L_000002853c0218f0 .reduce/or L_000002853c0217b0;
L_000002853c021210 .part L_000002853c022430, 47, 1;
L_000002853c0224d0 .functor MUXZ 1, L_000002853c022930, L_000002853c0228e8, L_000002853c021210, C4<>;
L_000002853c06aa10 .part L_000002853c022430, 0, 47;
L_000002853c06aab0 .concat [ 1 47 0 0], L_000002853c022978, L_000002853c06aa10;
L_000002853c06bcd0 .functor MUXZ 48, L_000002853c06aab0, L_000002853c022430, L_000002853c0224d0, C4<>;
L_000002853c06ae70 .part L_000002853c06bcd0, 24, 23;
L_000002853c06c310 .part L_000002853c06bcd0, 23, 1;
L_000002853c06b0f0 .concat [ 1 22 0 0], L_000002853c06c310, L_000002853c0229c0;
L_000002853c06c450 .concat [ 1 22 0 0], L_000002853c0218f0, L_000002853c022a08;
L_000002853c06add0 .arith/sum 23, L_000002853c06ae70, L_000002853bfaf9d0;
L_000002853c06a970 .cmp/eq 23, L_000002853c06add0, L_000002853c022a98;
L_000002853c06b690 .functor MUXZ 1, L_000002853c022b28, L_000002853c022ae0, L_000002853c06a970, C4<>;
L_000002853c06c130 .functor MUXZ 1, L_000002853c06b690, L_000002853c022a50, L_000002853bfb0450, C4<>;
L_000002853c06b4b0 .part o000002853bfc73a8, 23, 8;
L_000002853c06c1d0 .concat [ 8 1 0 0], L_000002853c06b4b0, L_000002853c022b70;
L_000002853c06beb0 .part o000002853bfc7408, 23, 8;
L_000002853c06b5f0 .concat [ 8 1 0 0], L_000002853c06beb0, L_000002853c022bb8;
L_000002853c06b050 .arith/sum 9, L_000002853c06c1d0, L_000002853c06b5f0;
L_000002853c06b230 .arith/sub 9, L_000002853c06b050, L_000002853c022c00;
L_000002853c06bd70 .concat [ 1 8 0 0], L_000002853c0224d0, L_000002853c022c48;
L_000002853c06bf50 .arith/sum 9, L_000002853c06b230, L_000002853c06bd70;
L_000002853c06af10 .part L_000002853c06bf50, 8, 1;
L_000002853c06b190 .part L_000002853c06bf50, 7, 1;
L_000002853c06bc30 .reduce/nor L_000002853c06b190;
L_000002853c06b2d0 .reduce/nor L_000002853c06c130;
L_000002853c06b550 .part L_000002853c06bf50, 8, 1;
L_000002853c06b370 .part L_000002853c06bf50, 7, 1;
L_000002853c06afb0 .reduce/nor L_000002853c06c130;
L_000002853c06a790 .functor MUXZ 1, L_000002853c022cd8, L_000002853c022c90, L_000002853bfb00d0, C4<>;
L_000002853c06c590 .concat [ 31 1 0 0], L_000002853c022d68, L_000002853bfafe30;
L_000002853c06b7d0 .concat [ 23 8 1 0], L_000002853c022df8, L_000002853c022db0, L_000002853bfafe30;
L_000002853c06b730 .concat [ 31 1 0 0], L_000002853c022e40, L_000002853bfafe30;
L_000002853c06b410 .part L_000002853c06bf50, 0, 8;
L_000002853c06bff0 .concat [ 23 8 1 0], L_000002853c06add0, L_000002853c06b410, L_000002853bfafe30;
L_000002853c06b870 .functor MUXZ 32, L_000002853c06bff0, L_000002853c06b730, L_000002853c06a790, C4<>;
L_000002853c06c090 .functor MUXZ 32, L_000002853c06b870, L_000002853c06b7d0, L_000002853bfafb90, C4<>;
L_000002853c06b910 .functor MUXZ 32, L_000002853c06c090, L_000002853c06c590, L_000002853c06c130, C4<>;
L_000002853c06b9b0 .functor MUXZ 32, L_000002853c06b910, L_000002853c022d20, L_000002853bfb0450, C4<>;
# The file index is used to find the file name in the following table.
:file_names 3;
    "N/A";
    "<interactive>";
    "multiplier.v";
