#! /c/Source/iverilog-install/bin/vvp
:ivl_version "12.0 (devel)" "(s20150603-1539-g2693dd32b)";
:ivl_delay_selection "TYPICAL";
:vpi_time_precision + 0;
:vpi_module "F:\iverilog\lib\ivl\system.vpi";
:vpi_module "F:\iverilog\lib\ivl\vhdl_sys.vpi";
:vpi_module "F:\iverilog\lib\ivl\vhdl_textio.vpi";
:vpi_module "F:\iverilog\lib\ivl\v2005_math.vpi";
:vpi_module "F:\iverilog\lib\ivl\va_math.vpi";
S_0000020d1b796d00 .scope module, "mux2to1" "mux2to1" 2 1;
 .timescale 0 0;
    .port_info 0 /INPUT 32 "I0";
    .port_info 1 /INPUT 32 "I1";
    .port_info 2 /INPUT 1 "select";
    .port_info 3 /OUTPUT 32 "mux_out";
P_0000020d1b794d00 .param/l "N" 0 2 1, +C4<00000000000000000000000000100000>;
o0000020d1b796e98 .functor BUFZ 32, C4<zzzzzzzzzzzzzzzzzzzzzzzzzzzzzzzz>; HiZ drive
v0000020d1b7636e0_0 .net "I0", 31 0, o0000020d1b796e98;  0 drivers
o0000020d1b796ec8 .functor BUFZ 32, C4<zzzzzzzzzzzzzzzzzzzzzzzzzzzzzzzz>; HiZ drive
v0000020d1b763290_0 .net "I1", 31 0, o0000020d1b796ec8;  0 drivers
v0000020d1b63d630_0 .net "mux_out", 31 0, L_0000020d1b63d770;  1 drivers
o0000020d1b796f28 .functor BUFZ 1, C4<z>; HiZ drive
v0000020d1b63d6d0_0 .net "select", 0 0, o0000020d1b796f28;  0 drivers
L_0000020d1b63d770 .functor MUXZ 32, o0000020d1b796e98, o0000020d1b796ec8, o0000020d1b796f28, C4<>;
# The file index is used to find the file name in the following table.
:file_names 3;
    "N/A";
    "<interactive>";
    "mux_sign_bit.v";
