#! /c/Source/iverilog-install/bin/vvp
:ivl_version "12.0 (devel)" "(s20150603-1539-g2693dd32b)";
:ivl_delay_selection "TYPICAL";
:vpi_time_precision + 0;
:vpi_module "F:\iverilog\lib\ivl\system.vpi";
:vpi_module "F:\iverilog\lib\ivl\vhdl_sys.vpi";
:vpi_module "F:\iverilog\lib\ivl\vhdl_textio.vpi";
:vpi_module "F:\iverilog\lib\ivl\v2005_math.vpi";
:vpi_module "F:\iverilog\lib\ivl\va_math.vpi";
S_00000199e2fbcfe0 .scope module, "PU" "PU" 2 4;
 .timescale 0 0;
    .port_info 0 /INPUT 32 "xo";
    .port_info 1 /INPUT 32 "x2";
    .port_info 2 /INPUT 32 "x3";
    .port_info 3 /INPUT 32 "x4";
    .port_info 4 /INPUT 32 "w1";
    .port_info 5 /INPUT 32 "w2";
    .port_info 6 /INPUT 32 "w3";
    .port_info 7 /INPUT 32 "w4";
    .port_info 8 /OUTPUT 32 "af";
v00000199e30c2820_0 .net "a1", 31 0, v00000199e302cb70_0;  1 drivers
v00000199e30c11a0_0 .net "a2", 31 0, v00000199e306c660_0;  1 drivers
v00000199e30c1ce0_0 .net "af", 31 0, v00000199e306b8a0_0;  1 drivers
v00000199e30c25a0_0 .net "h1", 31 0, L_00000199e3112bf0;  1 drivers
v00000199e30c0340_0 .net "h2", 31 0, L_00000199e312a590;  1 drivers
v00000199e30c0520_0 .net "h3", 31 0, L_00000199e312c2f0;  1 drivers
v00000199e30c20a0_0 .net "h4", 31 0, L_00000199e312e190;  1 drivers
o00000199e3071a98 .functor BUFZ 32, C4<zzzzzzzzzzzzzzzzzzzzzzzzzzzzzzzz>; HiZ drive
v00000199e30c1240_0 .net "w1", 31 0, o00000199e3071a98;  0 drivers
o00000199e3072d58 .functor BUFZ 32, C4<zzzzzzzzzzzzzzzzzzzzzzzzzzzzzzzz>; HiZ drive
v00000199e30c12e0_0 .net "w2", 31 0, o00000199e3072d58;  0 drivers
o00000199e3074018 .functor BUFZ 32, C4<zzzzzzzzzzzzzzzzzzzzzzzzzzzzzzzz>; HiZ drive
v00000199e30c05c0_0 .net "w3", 31 0, o00000199e3074018;  0 drivers
o00000199e30752d8 .functor BUFZ 32, C4<zzzzzzzzzzzzzzzzzzzzzzzzzzzzzzzz>; HiZ drive
v00000199e30c1c40_0 .net "w4", 31 0, o00000199e30752d8;  0 drivers
o00000199e3072d88 .functor BUFZ 32, C4<zzzzzzzzzzzzzzzzzzzzzzzzzzzzzzzz>; HiZ drive
v00000199e30c0b60_0 .net "x2", 31 0, o00000199e3072d88;  0 drivers
o00000199e3074048 .functor BUFZ 32, C4<zzzzzzzzzzzzzzzzzzzzzzzzzzzzzzzz>; HiZ drive
v00000199e30c19c0_0 .net "x3", 31 0, o00000199e3074048;  0 drivers
o00000199e3075308 .functor BUFZ 32, C4<zzzzzzzzzzzzzzzzzzzzzzzzzzzzzzzz>; HiZ drive
v00000199e30c0660_0 .net "x4", 31 0, o00000199e3075308;  0 drivers
o00000199e3071ac8 .functor BUFZ 32, C4<zzzzzzzzzzzzzzzzzzzzzzzzzzzzzzzz>; HiZ drive
v00000199e30c0c00_0 .net "xo", 31 0, o00000199e3071ac8;  0 drivers
S_00000199e2fbd170 .scope module, "A1" "add" 2 14, 3 1 0, S_00000199e2fbcfe0;
 .timescale 0 0;
    .port_info 0 /INPUT 32 "src1";
    .port_info 1 /INPUT 32 "src2";
    .port_info 2 /OUTPUT 32 "out";
v00000199e302d2f0_0 .var "exponent_1", 7 0;
v00000199e302cd50_0 .var "exponent_2", 7 0;
v00000199e302cad0_0 .var "exponent_Ans", 7 0;
v00000199e302d570_0 .var "fraction_1", 66 0;
v00000199e302d750_0 .var "fraction_2", 66 0;
v00000199e302c490_0 .var "fraction_Ans", 66 0;
v00000199e302d610_0 .var "guard_bit", 0 0;
v00000199e302cb70_0 .var "out", 31 0;
v00000199e302cc10_0 .var "round_bit", 0 0;
v00000199e302d6b0_0 .var "sign_1", 0 0;
v00000199e302d930_0 .var "sign_2", 0 0;
v00000199e302db10_0 .var "sign_Ans", 0 0;
v00000199e302dbb0_0 .net "src1", 31 0, L_00000199e3112bf0;  alias, 1 drivers
v00000199e302ccb0_0 .net "src2", 31 0, L_00000199e312a590;  alias, 1 drivers
v00000199e302dd90_0 .var "sticky_bit", 0 0;
v00000199e302de30_0 .var "sum", 66 0;
E_00000199e304b360/0 .event anyedge, v00000199e302dbb0_0, v00000199e302ccb0_0, v00000199e302d2f0_0, v00000199e302cd50_0;
E_00000199e304b360/1 .event anyedge, v00000199e302d570_0, v00000199e302d930_0, v00000199e302d750_0, v00000199e302d6b0_0;
E_00000199e304b360/2 .event anyedge, v00000199e302c490_0, v00000199e302cad0_0, v00000199e302d610_0, v00000199e302cc10_0;
E_00000199e304b360/3 .event anyedge, v00000199e302dd90_0, v00000199e302db10_0;
E_00000199e304b360 .event/or E_00000199e304b360/0, E_00000199e304b360/1, E_00000199e304b360/2, E_00000199e304b360/3;
S_00000199e2fd21d0 .scope module, "A2" "add" 2 15, 3 1 0, S_00000199e2fbcfe0;
 .timescale 0 0;
    .port_info 0 /INPUT 32 "src1";
    .port_info 1 /INPUT 32 "src2";
    .port_info 2 /OUTPUT 32 "out";
v00000199e302df70_0 .var "exponent_1", 7 0;
v00000199e302e010_0 .var "exponent_2", 7 0;
v00000199e302c5d0_0 .var "exponent_Ans", 7 0;
v00000199e306c200_0 .var "fraction_1", 66 0;
v00000199e306c480_0 .var "fraction_2", 66 0;
v00000199e306ce80_0 .var "fraction_Ans", 66 0;
v00000199e306b620_0 .var "guard_bit", 0 0;
v00000199e306c660_0 .var "out", 31 0;
v00000199e306c7a0_0 .var "round_bit", 0 0;
v00000199e306c8e0_0 .var "sign_1", 0 0;
v00000199e306bda0_0 .var "sign_2", 0 0;
v00000199e306b4e0_0 .var "sign_Ans", 0 0;
v00000199e306cf20_0 .net "src1", 31 0, L_00000199e312c2f0;  alias, 1 drivers
v00000199e306c0c0_0 .net "src2", 31 0, L_00000199e312e190;  alias, 1 drivers
v00000199e306bf80_0 .var "sticky_bit", 0 0;
v00000199e306bee0_0 .var "sum", 66 0;
E_00000199e304b3a0/0 .event anyedge, v00000199e306cf20_0, v00000199e306c0c0_0, v00000199e302df70_0, v00000199e302e010_0;
E_00000199e304b3a0/1 .event anyedge, v00000199e306c200_0, v00000199e306bda0_0, v00000199e306c480_0, v00000199e306c8e0_0;
E_00000199e304b3a0/2 .event anyedge, v00000199e306ce80_0, v00000199e302c5d0_0, v00000199e306b620_0, v00000199e306c7a0_0;
E_00000199e304b3a0/3 .event anyedge, v00000199e306bf80_0, v00000199e306b4e0_0;
E_00000199e304b3a0 .event/or E_00000199e304b3a0/0, E_00000199e304b3a0/1, E_00000199e304b3a0/2, E_00000199e304b3a0/3;
S_00000199e2fd2360 .scope module, "A3" "add" 2 18, 3 1 0, S_00000199e2fbcfe0;
 .timescale 0 0;
    .port_info 0 /INPUT 32 "src1";
    .port_info 1 /INPUT 32 "src2";
    .port_info 2 /OUTPUT 32 "out";
v00000199e306cd40_0 .var "exponent_1", 7 0;
v00000199e306b760_0 .var "exponent_2", 7 0;
v00000199e306d240_0 .var "exponent_Ans", 7 0;
v00000199e306b800_0 .var "fraction_1", 66 0;
v00000199e306c3e0_0 .var "fraction_2", 66 0;
v00000199e306cde0_0 .var "fraction_Ans", 66 0;
v00000199e306c160_0 .var "guard_bit", 0 0;
v00000199e306b8a0_0 .var "out", 31 0;
v00000199e306c2a0_0 .var "round_bit", 0 0;
v00000199e306c340_0 .var "sign_1", 0 0;
v00000199e306cac0_0 .var "sign_2", 0 0;
v00000199e306ba80_0 .var "sign_Ans", 0 0;
v00000199e306c520_0 .net "src1", 31 0, v00000199e306c660_0;  alias, 1 drivers
v00000199e306bb20_0 .net "src2", 31 0, v00000199e302cb70_0;  alias, 1 drivers
v00000199e306c5c0_0 .var "sticky_bit", 0 0;
v00000199e306bbc0_0 .var "sum", 66 0;
E_00000199e304ae60/0 .event anyedge, v00000199e306c660_0, v00000199e302cb70_0, v00000199e306cd40_0, v00000199e306b760_0;
E_00000199e304ae60/1 .event anyedge, v00000199e306b800_0, v00000199e306cac0_0, v00000199e306c3e0_0, v00000199e306c340_0;
E_00000199e304ae60/2 .event anyedge, v00000199e306cde0_0, v00000199e306d240_0, v00000199e306c160_0, v00000199e306c2a0_0;
E_00000199e304ae60/3 .event anyedge, v00000199e306c5c0_0, v00000199e306ba80_0;
E_00000199e304ae60 .event/or E_00000199e304ae60/0, E_00000199e304ae60/1, E_00000199e304ae60/2, E_00000199e304ae60/3;
S_00000199e2f82d60 .scope module, "m1" "multiply" 2 8, 4 1 0, S_00000199e2fbcfe0;
 .timescale 0 0;
    .port_info 0 /INPUT 32 "a_operand";
    .port_info 1 /INPUT 32 "b_operand";
    .port_info 2 /OUTPUT 32 "result";
L_00000199e3038550 .functor XOR 1, L_00000199e30c0700, L_00000199e30c08e0, C4<0>, C4<0>;
L_00000199e3038c50 .functor OR 1, L_00000199e30c1380, L_00000199e30c14c0, C4<0>, C4<0>;
L_00000199e3038860 .functor AND 23, L_00000199e3113370, L_00000199e3113f50, C4<11111111111111111111111>, C4<11111111111111111111111>;
L_00000199e30384e0 .functor AND 1, L_00000199e3113b90, L_00000199e31135f0, C4<1>, C4<1>;
L_00000199e3038630 .functor AND 1, L_00000199e30384e0, L_00000199e3113cd0, C4<1>, C4<1>;
L_00000199e30386a0 .functor AND 1, L_00000199e3112f10, L_00000199e3113d70, C4<1>, C4<1>;
L_00000199e30388d0 .functor AND 1, L_00000199e30386a0, L_00000199e3114770, C4<1>, C4<1>;
v00000199e306cfc0_0 .net "Exception", 0 0, L_00000199e3038c50;  1 drivers
v00000199e306bc60_0 .net "Overflow", 0 0, L_00000199e3038630;  1 drivers
v00000199e306cca0_0 .net "Underflow", 0 0, L_00000199e3112b50;  1 drivers
v00000199e306c980_0 .net *"_ivl_1", 0 0, L_00000199e30c0700;  1 drivers
L_00000199e30c87f8 .functor BUFT 1, C4<00000000000000000000000>, C4<0>, C4<0>, C4<0>;
v00000199e306c020_0 .net/2u *"_ivl_100", 22 0, L_00000199e30c87f8;  1 drivers
v00000199e306c700_0 .net *"_ivl_102", 0 0, L_00000199e3113050;  1 drivers
L_00000199e30c8840 .functor BUFT 1, C4<1>, C4<0>, C4<0>, C4<0>;
v00000199e306c840_0 .net/2u *"_ivl_104", 0 0, L_00000199e30c8840;  1 drivers
L_00000199e30c8888 .functor BUFT 1, C4<0>, C4<0>, C4<0>, C4<0>;
v00000199e306d100_0 .net/2u *"_ivl_106", 0 0, L_00000199e30c8888;  1 drivers
v00000199e306be40_0 .net *"_ivl_108", 0 0, L_00000199e3112a10;  1 drivers
v00000199e306ca20_0 .net *"_ivl_11", 7 0, L_00000199e30c2140;  1 drivers
v00000199e306d060_0 .net *"_ivl_113", 7 0, L_00000199e31134b0;  1 drivers
v00000199e306cb60_0 .net *"_ivl_114", 8 0, L_00000199e3112c90;  1 drivers
L_00000199e30c88d0 .functor BUFT 1, C4<0>, C4<0>, C4<0>, C4<0>;
v00000199e306d1a0_0 .net *"_ivl_117", 0 0, L_00000199e30c88d0;  1 drivers
v00000199e306cc00_0 .net *"_ivl_119", 7 0, L_00000199e3113190;  1 drivers
v00000199e306d2e0_0 .net *"_ivl_120", 8 0, L_00000199e3113550;  1 drivers
L_00000199e30c8918 .functor BUFT 1, C4<0>, C4<0>, C4<0>, C4<0>;
v00000199e306d380_0 .net *"_ivl_123", 0 0, L_00000199e30c8918;  1 drivers
L_00000199e30c8960 .functor BUFT 1, C4<001111111>, C4<0>, C4<0>, C4<0>;
v00000199e306b580_0 .net/2u *"_ivl_126", 8 0, L_00000199e30c8960;  1 drivers
v00000199e306b6c0_0 .net *"_ivl_128", 8 0, L_00000199e3112e70;  1 drivers
v00000199e306b940_0 .net *"_ivl_13", 0 0, L_00000199e30c14c0;  1 drivers
v00000199e306bd00_0 .net *"_ivl_130", 8 0, L_00000199e31126f0;  1 drivers
L_00000199e30c89a8 .functor BUFT 1, C4<00000000>, C4<0>, C4<0>, C4<0>;
v00000199e306b9e0_0 .net *"_ivl_133", 7 0, L_00000199e30c89a8;  1 drivers
v00000199e30b39c0_0 .net *"_ivl_137", 0 0, L_00000199e3113b90;  1 drivers
v00000199e30b4f00_0 .net *"_ivl_139", 0 0, L_00000199e3113c30;  1 drivers
v00000199e30b4000_0 .net *"_ivl_141", 0 0, L_00000199e31135f0;  1 drivers
v00000199e30b4280_0 .net *"_ivl_142", 0 0, L_00000199e30384e0;  1 drivers
v00000199e30b3ec0_0 .net *"_ivl_145", 0 0, L_00000199e3113cd0;  1 drivers
v00000199e30b3920_0 .net *"_ivl_149", 0 0, L_00000199e3112f10;  1 drivers
v00000199e30b4320_0 .net *"_ivl_151", 0 0, L_00000199e3113d70;  1 drivers
v00000199e30b3740_0 .net *"_ivl_152", 0 0, L_00000199e30386a0;  1 drivers
v00000199e30b3060_0 .net *"_ivl_155", 0 0, L_00000199e3114770;  1 drivers
v00000199e30b37e0_0 .net *"_ivl_156", 0 0, L_00000199e30388d0;  1 drivers
L_00000199e30c89f0 .functor BUFT 1, C4<1>, C4<0>, C4<0>, C4<0>;
v00000199e30b3a60_0 .net/2u *"_ivl_158", 0 0, L_00000199e30c89f0;  1 drivers
L_00000199e30c8a38 .functor BUFT 1, C4<0>, C4<0>, C4<0>, C4<0>;
v00000199e30b3d80_0 .net/2u *"_ivl_160", 0 0, L_00000199e30c8a38;  1 drivers
L_00000199e30c8a80 .functor BUFT 1, C4<00000000000000000000000000000000>, C4<0>, C4<0>, C4<0>;
v00000199e30b40a0_0 .net/2u *"_ivl_164", 31 0, L_00000199e30c8a80;  1 drivers
L_00000199e30c8ac8 .functor BUFT 1, C4<0000000000000000000000000000000>, C4<0>, C4<0>, C4<0>;
v00000199e30b3560_0 .net/2u *"_ivl_166", 30 0, L_00000199e30c8ac8;  1 drivers
v00000199e30b4b40_0 .net *"_ivl_168", 31 0, L_00000199e3114310;  1 drivers
v00000199e30b3b00_0 .net *"_ivl_17", 7 0, L_00000199e30c2320;  1 drivers
L_00000199e30c8b10 .functor BUFT 1, C4<11111111>, C4<0>, C4<0>, C4<0>;
v00000199e30b4960_0 .net/2u *"_ivl_170", 7 0, L_00000199e30c8b10;  1 drivers
L_00000199e30c8b58 .functor BUFT 1, C4<00000000000000000000000>, C4<0>, C4<0>, C4<0>;
v00000199e30b4c80_0 .net/2u *"_ivl_172", 22 0, L_00000199e30c8b58;  1 drivers
v00000199e30b3f60_0 .net *"_ivl_174", 31 0, L_00000199e3113230;  1 drivers
L_00000199e30c8ba0 .functor BUFT 1, C4<0000000000000000000000000000000>, C4<0>, C4<0>, C4<0>;
v00000199e30b41e0_0 .net/2u *"_ivl_176", 30 0, L_00000199e30c8ba0;  1 drivers
v00000199e30b43c0_0 .net *"_ivl_178", 31 0, L_00000199e31143b0;  1 drivers
v00000199e30b3ce0_0 .net *"_ivl_181", 7 0, L_00000199e31141d0;  1 drivers
v00000199e30b4a00_0 .net *"_ivl_182", 31 0, L_00000199e3112d30;  1 drivers
v00000199e30b45a0_0 .net *"_ivl_184", 31 0, L_00000199e3113730;  1 drivers
v00000199e30b4640_0 .net *"_ivl_186", 31 0, L_00000199e3114270;  1 drivers
v00000199e30b3420_0 .net *"_ivl_188", 31 0, L_00000199e3114810;  1 drivers
v00000199e30b46e0_0 .net *"_ivl_19", 0 0, L_00000199e30c1a60;  1 drivers
L_00000199e30c8498 .functor BUFT 1, C4<1>, C4<0>, C4<0>, C4<0>;
v00000199e30b4460_0 .net/2u *"_ivl_20", 0 0, L_00000199e30c8498;  1 drivers
v00000199e30b3e20_0 .net *"_ivl_23", 22 0, L_00000199e30c1b00;  1 drivers
v00000199e30b4500_0 .net *"_ivl_24", 23 0, L_00000199e30c1e20;  1 drivers
L_00000199e30c84e0 .functor BUFT 1, C4<0>, C4<0>, C4<0>, C4<0>;
v00000199e30b4780_0 .net/2u *"_ivl_26", 0 0, L_00000199e30c84e0;  1 drivers
v00000199e30b4820_0 .net *"_ivl_29", 22 0, L_00000199e30c1ec0;  1 drivers
v00000199e30b4e60_0 .net *"_ivl_3", 0 0, L_00000199e30c08e0;  1 drivers
v00000199e30b4aa0_0 .net *"_ivl_30", 23 0, L_00000199e30c1f60;  1 drivers
v00000199e30b3c40_0 .net *"_ivl_35", 7 0, L_00000199e30c2000;  1 drivers
v00000199e30b3ba0_0 .net *"_ivl_37", 0 0, L_00000199e30c21e0;  1 drivers
L_00000199e30c8528 .functor BUFT 1, C4<1>, C4<0>, C4<0>, C4<0>;
v00000199e30b4140_0 .net/2u *"_ivl_38", 0 0, L_00000199e30c8528;  1 drivers
v00000199e30b48c0_0 .net *"_ivl_41", 22 0, L_00000199e30c2280;  1 drivers
v00000199e30b4be0_0 .net *"_ivl_42", 23 0, L_00000199e30c2460;  1 drivers
L_00000199e30c8570 .functor BUFT 1, C4<0>, C4<0>, C4<0>, C4<0>;
v00000199e30b3100_0 .net/2u *"_ivl_44", 0 0, L_00000199e30c8570;  1 drivers
v00000199e30b4d20_0 .net *"_ivl_47", 22 0, L_00000199e3112fb0;  1 drivers
v00000199e30b4dc0_0 .net *"_ivl_48", 23 0, L_00000199e3114090;  1 drivers
v00000199e30b31a0_0 .net *"_ivl_52", 47 0, L_00000199e31125b0;  1 drivers
L_00000199e30c85b8 .functor BUFT 1, C4<000000000000000000000000>, C4<0>, C4<0>, C4<0>;
v00000199e30b3240_0 .net *"_ivl_55", 23 0, L_00000199e30c85b8;  1 drivers
v00000199e30b32e0_0 .net *"_ivl_56", 47 0, L_00000199e3112ab0;  1 drivers
L_00000199e30c8600 .functor BUFT 1, C4<000000000000000000000000>, C4<0>, C4<0>, C4<0>;
v00000199e30b3380_0 .net *"_ivl_59", 23 0, L_00000199e30c8600;  1 drivers
v00000199e30b34c0_0 .net *"_ivl_63", 22 0, L_00000199e3114950;  1 drivers
v00000199e30b3600_0 .net *"_ivl_67", 0 0, L_00000199e3113690;  1 drivers
L_00000199e30c8648 .functor BUFT 1, C4<1>, C4<0>, C4<0>, C4<0>;
v00000199e30b36a0_0 .net/2u *"_ivl_68", 0 0, L_00000199e30c8648;  1 drivers
v00000199e30b3880_0 .net *"_ivl_7", 7 0, L_00000199e30c07a0;  1 drivers
L_00000199e30c8690 .functor BUFT 1, C4<0>, C4<0>, C4<0>, C4<0>;
v00000199e30b6dd0_0 .net/2u *"_ivl_70", 0 0, L_00000199e30c8690;  1 drivers
v00000199e30b59d0_0 .net *"_ivl_74", 47 0, L_00000199e31132d0;  1 drivers
v00000199e30b5d90_0 .net *"_ivl_76", 46 0, L_00000199e31130f0;  1 drivers
L_00000199e30c86d8 .functor BUFT 1, C4<0>, C4<0>, C4<0>, C4<0>;
v00000199e30b5e30_0 .net *"_ivl_78", 0 0, L_00000199e30c86d8;  1 drivers
v00000199e30b5ed0_0 .net *"_ivl_83", 22 0, L_00000199e31137d0;  1 drivers
v00000199e30b65b0_0 .net *"_ivl_85", 0 0, L_00000199e3113410;  1 drivers
v00000199e30b6e70_0 .net *"_ivl_86", 22 0, L_00000199e3113370;  1 drivers
L_00000199e30c8720 .functor BUFT 1, C4<0000000000000000000000>, C4<0>, C4<0>, C4<0>;
v00000199e30b6bf0_0 .net *"_ivl_89", 21 0, L_00000199e30c8720;  1 drivers
v00000199e30b5110_0 .net *"_ivl_9", 0 0, L_00000199e30c1380;  1 drivers
v00000199e30b6510_0 .net *"_ivl_90", 22 0, L_00000199e3113f50;  1 drivers
L_00000199e30c8768 .functor BUFT 1, C4<0000000000000000000000>, C4<0>, C4<0>, C4<0>;
v00000199e30b57f0_0 .net *"_ivl_93", 21 0, L_00000199e30c8768;  1 drivers
v00000199e30b5390_0 .net *"_ivl_94", 22 0, L_00000199e3038860;  1 drivers
L_00000199e30c87b0 .functor BUFT 1, C4<0>, C4<0>, C4<0>, C4<0>;
v00000199e30b5bb0_0 .net/2u *"_ivl_98", 0 0, L_00000199e30c87b0;  1 drivers
v00000199e30b5f70_0 .net "a_operand", 31 0, o00000199e3071a98;  alias, 0 drivers
v00000199e30b6010_0 .net "b_operand", 31 0, o00000199e3071ac8;  alias, 0 drivers
v00000199e30b60b0_0 .net "exponent", 8 0, L_00000199e31146d0;  1 drivers
v00000199e30b63d0_0 .net "normalised", 0 0, L_00000199e3114630;  1 drivers
v00000199e30b5430_0 .net "operand_a", 23 0, L_00000199e30c23c0;  1 drivers
v00000199e30b6650_0 .net "operand_b", 23 0, L_00000199e3113eb0;  1 drivers
v00000199e30b51b0_0 .net "product", 47 0, L_00000199e3114590;  1 drivers
v00000199e30b54d0_0 .net "product_mantissa", 22 0, L_00000199e3112dd0;  1 drivers
v00000199e30b5930_0 .net "product_normalised", 47 0, L_00000199e31139b0;  1 drivers
v00000199e30b6f10_0 .net "product_round", 0 0, L_00000199e3114130;  1 drivers
v00000199e30b6150_0 .net "result", 31 0, L_00000199e3112bf0;  alias, 1 drivers
v00000199e30b66f0_0 .net "sign", 0 0, L_00000199e3038550;  1 drivers
v00000199e30b5a70_0 .net "sum_exponent", 8 0, L_00000199e3113a50;  1 drivers
v00000199e30b5250_0 .net "zero", 0 0, L_00000199e3113af0;  1 drivers
L_00000199e30c0700 .part o00000199e3071a98, 31, 1;
L_00000199e30c08e0 .part o00000199e3071ac8, 31, 1;
L_00000199e30c07a0 .part o00000199e3071a98, 23, 8;
L_00000199e30c1380 .reduce/and L_00000199e30c07a0;
L_00000199e30c2140 .part o00000199e3071ac8, 23, 8;
L_00000199e30c14c0 .reduce/and L_00000199e30c2140;
L_00000199e30c2320 .part o00000199e3071a98, 23, 8;
L_00000199e30c1a60 .reduce/or L_00000199e30c2320;
L_00000199e30c1b00 .part o00000199e3071a98, 0, 23;
L_00000199e30c1e20 .concat [ 23 1 0 0], L_00000199e30c1b00, L_00000199e30c8498;
L_00000199e30c1ec0 .part o00000199e3071a98, 0, 23;
L_00000199e30c1f60 .concat [ 23 1 0 0], L_00000199e30c1ec0, L_00000199e30c84e0;
L_00000199e30c23c0 .functor MUXZ 24, L_00000199e30c1f60, L_00000199e30c1e20, L_00000199e30c1a60, C4<>;
L_00000199e30c2000 .part o00000199e3071ac8, 23, 8;
L_00000199e30c21e0 .reduce/or L_00000199e30c2000;
L_00000199e30c2280 .part o00000199e3071ac8, 0, 23;
L_00000199e30c2460 .concat [ 23 1 0 0], L_00000199e30c2280, L_00000199e30c8528;
L_00000199e3112fb0 .part o00000199e3071ac8, 0, 23;
L_00000199e3114090 .concat [ 23 1 0 0], L_00000199e3112fb0, L_00000199e30c8570;
L_00000199e3113eb0 .functor MUXZ 24, L_00000199e3114090, L_00000199e30c2460, L_00000199e30c21e0, C4<>;
L_00000199e31125b0 .concat [ 24 24 0 0], L_00000199e30c23c0, L_00000199e30c85b8;
L_00000199e3112ab0 .concat [ 24 24 0 0], L_00000199e3113eb0, L_00000199e30c8600;
L_00000199e3114590 .arith/mult 48, L_00000199e31125b0, L_00000199e3112ab0;
L_00000199e3114950 .part L_00000199e31139b0, 0, 23;
L_00000199e3114130 .reduce/or L_00000199e3114950;
L_00000199e3113690 .part L_00000199e3114590, 47, 1;
L_00000199e3114630 .functor MUXZ 1, L_00000199e30c8690, L_00000199e30c8648, L_00000199e3113690, C4<>;
L_00000199e31130f0 .part L_00000199e3114590, 0, 47;
L_00000199e31132d0 .concat [ 1 47 0 0], L_00000199e30c86d8, L_00000199e31130f0;
L_00000199e31139b0 .functor MUXZ 48, L_00000199e31132d0, L_00000199e3114590, L_00000199e3114630, C4<>;
L_00000199e31137d0 .part L_00000199e31139b0, 24, 23;
L_00000199e3113410 .part L_00000199e31139b0, 23, 1;
L_00000199e3113370 .concat [ 1 22 0 0], L_00000199e3113410, L_00000199e30c8720;
L_00000199e3113f50 .concat [ 1 22 0 0], L_00000199e3114130, L_00000199e30c8768;
L_00000199e3112dd0 .arith/sum 23, L_00000199e31137d0, L_00000199e3038860;
L_00000199e3113050 .cmp/eq 23, L_00000199e3112dd0, L_00000199e30c87f8;
L_00000199e3112a10 .functor MUXZ 1, L_00000199e30c8888, L_00000199e30c8840, L_00000199e3113050, C4<>;
L_00000199e3113af0 .functor MUXZ 1, L_00000199e3112a10, L_00000199e30c87b0, L_00000199e3038c50, C4<>;
L_00000199e31134b0 .part o00000199e3071a98, 23, 8;
L_00000199e3112c90 .concat [ 8 1 0 0], L_00000199e31134b0, L_00000199e30c88d0;
L_00000199e3113190 .part o00000199e3071ac8, 23, 8;
L_00000199e3113550 .concat [ 8 1 0 0], L_00000199e3113190, L_00000199e30c8918;
L_00000199e3113a50 .arith/sum 9, L_00000199e3112c90, L_00000199e3113550;
L_00000199e3112e70 .arith/sub 9, L_00000199e3113a50, L_00000199e30c8960;
L_00000199e31126f0 .concat [ 1 8 0 0], L_00000199e3114630, L_00000199e30c89a8;
L_00000199e31146d0 .arith/sum 9, L_00000199e3112e70, L_00000199e31126f0;
L_00000199e3113b90 .part L_00000199e31146d0, 8, 1;
L_00000199e3113c30 .part L_00000199e31146d0, 7, 1;
L_00000199e31135f0 .reduce/nor L_00000199e3113c30;
L_00000199e3113cd0 .reduce/nor L_00000199e3113af0;
L_00000199e3112f10 .part L_00000199e31146d0, 8, 1;
L_00000199e3113d70 .part L_00000199e31146d0, 7, 1;
L_00000199e3114770 .reduce/nor L_00000199e3113af0;
L_00000199e3112b50 .functor MUXZ 1, L_00000199e30c8a38, L_00000199e30c89f0, L_00000199e30388d0, C4<>;
L_00000199e3114310 .concat [ 31 1 0 0], L_00000199e30c8ac8, L_00000199e3038550;
L_00000199e3113230 .concat [ 23 8 1 0], L_00000199e30c8b58, L_00000199e30c8b10, L_00000199e3038550;
L_00000199e31143b0 .concat [ 31 1 0 0], L_00000199e30c8ba0, L_00000199e3038550;
L_00000199e31141d0 .part L_00000199e31146d0, 0, 8;
L_00000199e3112d30 .concat [ 23 8 1 0], L_00000199e3112dd0, L_00000199e31141d0, L_00000199e3038550;
L_00000199e3113730 .functor MUXZ 32, L_00000199e3112d30, L_00000199e31143b0, L_00000199e3112b50, C4<>;
L_00000199e3114270 .functor MUXZ 32, L_00000199e3113730, L_00000199e3113230, L_00000199e3038630, C4<>;
L_00000199e3114810 .functor MUXZ 32, L_00000199e3114270, L_00000199e3114310, L_00000199e3113af0, C4<>;
L_00000199e3112bf0 .functor MUXZ 32, L_00000199e3114810, L_00000199e30c8a80, L_00000199e3038c50, C4<>;
S_00000199e306d4a0 .scope module, "m2" "multiply" 2 9, 4 1 0, S_00000199e2fbcfe0;
 .timescale 0 0;
    .port_info 0 /INPUT 32 "a_operand";
    .port_info 1 /INPUT 32 "b_operand";
    .port_info 2 /OUTPUT 32 "result";
L_00000199e3038710 .functor XOR 1, L_00000199e3113870, L_00000199e3113910, C4<0>, C4<0>;
L_00000199e3038cc0 .functor OR 1, L_00000199e31148b0, L_00000199e3113ff0, C4<0>, C4<0>;
L_00000199e3038d30 .functor AND 23, L_00000199e3115990, L_00000199e3115710, C4<11111111111111111111111>, C4<11111111111111111111111>;
L_00000199e3038780 .functor AND 1, L_00000199e3116110, L_00000199e31161b0, C4<1>, C4<1>;
L_00000199e30389b0 .functor AND 1, L_00000199e3038780, L_00000199e3116250, C4<1>, C4<1>;
L_00000199e3038a20 .functor AND 1, L_00000199e31162f0, L_00000199e3116390, C4<1>, C4<1>;
L_00000199e3038da0 .functor AND 1, L_00000199e3038a20, L_00000199e3114f90, C4<1>, C4<1>;
v00000199e30b6330_0 .net "Exception", 0 0, L_00000199e3038cc0;  1 drivers
v00000199e30b52f0_0 .net "Overflow", 0 0, L_00000199e30389b0;  1 drivers
v00000199e30b5570_0 .net "Underflow", 0 0, L_00000199e3115030;  1 drivers
v00000199e30b5610_0 .net *"_ivl_1", 0 0, L_00000199e3113870;  1 drivers
L_00000199e30c8f48 .functor BUFT 1, C4<00000000000000000000000>, C4<0>, C4<0>, C4<0>;
v00000199e30b6470_0 .net/2u *"_ivl_100", 22 0, L_00000199e30c8f48;  1 drivers
v00000199e30b5070_0 .net *"_ivl_102", 0 0, L_00000199e3116070;  1 drivers
L_00000199e30c8f90 .functor BUFT 1, C4<1>, C4<0>, C4<0>, C4<0>;
v00000199e30b5890_0 .net/2u *"_ivl_104", 0 0, L_00000199e30c8f90;  1 drivers
L_00000199e30c8fd8 .functor BUFT 1, C4<0>, C4<0>, C4<0>, C4<0>;
v00000199e30b56b0_0 .net/2u *"_ivl_106", 0 0, L_00000199e30c8fd8;  1 drivers
v00000199e30b6290_0 .net *"_ivl_108", 0 0, L_00000199e31157b0;  1 drivers
v00000199e30b61f0_0 .net *"_ivl_11", 7 0, L_00000199e3114450;  1 drivers
v00000199e30b6ab0_0 .net *"_ivl_113", 7 0, L_00000199e3115b70;  1 drivers
v00000199e30b6c90_0 .net *"_ivl_114", 8 0, L_00000199e3115c10;  1 drivers
L_00000199e30c9020 .functor BUFT 1, C4<0>, C4<0>, C4<0>, C4<0>;
v00000199e30b6790_0 .net *"_ivl_117", 0 0, L_00000199e30c9020;  1 drivers
v00000199e30b68d0_0 .net *"_ivl_119", 7 0, L_00000199e3115cb0;  1 drivers
v00000199e30b5750_0 .net *"_ivl_120", 8 0, L_00000199e3114db0;  1 drivers
L_00000199e30c9068 .functor BUFT 1, C4<0>, C4<0>, C4<0>, C4<0>;
v00000199e30b6830_0 .net *"_ivl_123", 0 0, L_00000199e30c9068;  1 drivers
L_00000199e30c90b0 .functor BUFT 1, C4<001111111>, C4<0>, C4<0>, C4<0>;
v00000199e30b6970_0 .net/2u *"_ivl_126", 8 0, L_00000199e30c90b0;  1 drivers
v00000199e30b5b10_0 .net *"_ivl_128", 8 0, L_00000199e3115df0;  1 drivers
v00000199e30b6a10_0 .net *"_ivl_13", 0 0, L_00000199e3113ff0;  1 drivers
v00000199e30b6b50_0 .net *"_ivl_130", 8 0, L_00000199e3115e90;  1 drivers
L_00000199e30c90f8 .functor BUFT 1, C4<00000000>, C4<0>, C4<0>, C4<0>;
v00000199e30b5c50_0 .net *"_ivl_133", 7 0, L_00000199e30c90f8;  1 drivers
v00000199e30b6d30_0 .net *"_ivl_137", 0 0, L_00000199e3116110;  1 drivers
v00000199e30b5cf0_0 .net *"_ivl_139", 0 0, L_00000199e3114ef0;  1 drivers
v00000199e30b8850_0 .net *"_ivl_141", 0 0, L_00000199e31161b0;  1 drivers
v00000199e30b8cb0_0 .net *"_ivl_142", 0 0, L_00000199e3038780;  1 drivers
v00000199e30b8210_0 .net *"_ivl_145", 0 0, L_00000199e3116250;  1 drivers
v00000199e30b83f0_0 .net *"_ivl_149", 0 0, L_00000199e31162f0;  1 drivers
v00000199e30b9110_0 .net *"_ivl_151", 0 0, L_00000199e3116390;  1 drivers
v00000199e30b7450_0 .net *"_ivl_152", 0 0, L_00000199e3038a20;  1 drivers
v00000199e30b7c70_0 .net *"_ivl_155", 0 0, L_00000199e3114f90;  1 drivers
v00000199e30b8b70_0 .net *"_ivl_156", 0 0, L_00000199e3038da0;  1 drivers
L_00000199e30c9140 .functor BUFT 1, C4<1>, C4<0>, C4<0>, C4<0>;
v00000199e30b8a30_0 .net/2u *"_ivl_158", 0 0, L_00000199e30c9140;  1 drivers
L_00000199e30c9188 .functor BUFT 1, C4<0>, C4<0>, C4<0>, C4<0>;
v00000199e30b8710_0 .net/2u *"_ivl_160", 0 0, L_00000199e30c9188;  1 drivers
L_00000199e30c91d0 .functor BUFT 1, C4<00000000000000000000000000000000>, C4<0>, C4<0>, C4<0>;
v00000199e30b8ad0_0 .net/2u *"_ivl_164", 31 0, L_00000199e30c91d0;  1 drivers
L_00000199e30c9218 .functor BUFT 1, C4<0000000000000000000000000000000>, C4<0>, C4<0>, C4<0>;
v00000199e30b92f0_0 .net/2u *"_ivl_166", 30 0, L_00000199e30c9218;  1 drivers
v00000199e30b7f90_0 .net *"_ivl_168", 31 0, L_00000199e3115210;  1 drivers
v00000199e30b7ef0_0 .net *"_ivl_17", 7 0, L_00000199e31144f0;  1 drivers
L_00000199e30c9260 .functor BUFT 1, C4<11111111>, C4<0>, C4<0>, C4<0>;
v00000199e30b9390_0 .net/2u *"_ivl_170", 7 0, L_00000199e30c9260;  1 drivers
L_00000199e30c92a8 .functor BUFT 1, C4<00000000000000000000000>, C4<0>, C4<0>, C4<0>;
v00000199e30b8c10_0 .net/2u *"_ivl_172", 22 0, L_00000199e30c92a8;  1 drivers
v00000199e30b9070_0 .net *"_ivl_174", 31 0, L_00000199e31290f0;  1 drivers
L_00000199e30c92f0 .functor BUFT 1, C4<0000000000000000000000000000000>, C4<0>, C4<0>, C4<0>;
v00000199e30b8030_0 .net/2u *"_ivl_176", 30 0, L_00000199e30c92f0;  1 drivers
v00000199e30b8990_0 .net *"_ivl_178", 31 0, L_00000199e3128f10;  1 drivers
v00000199e30b8d50_0 .net *"_ivl_181", 7 0, L_00000199e31294b0;  1 drivers
v00000199e30b80d0_0 .net *"_ivl_182", 31 0, L_00000199e312b350;  1 drivers
v00000199e30b8df0_0 .net *"_ivl_184", 31 0, L_00000199e312a270;  1 drivers
v00000199e30b9750_0 .net *"_ivl_186", 31 0, L_00000199e3129550;  1 drivers
v00000199e30b7130_0 .net *"_ivl_188", 31 0, L_00000199e31297d0;  1 drivers
v00000199e30b8170_0 .net *"_ivl_19", 0 0, L_00000199e31149f0;  1 drivers
L_00000199e30c8be8 .functor BUFT 1, C4<1>, C4<0>, C4<0>, C4<0>;
v00000199e30b73b0_0 .net/2u *"_ivl_20", 0 0, L_00000199e30c8be8;  1 drivers
v00000199e30b7e50_0 .net *"_ivl_23", 22 0, L_00000199e3114a90;  1 drivers
v00000199e30b7bd0_0 .net *"_ivl_24", 23 0, L_00000199e3114b30;  1 drivers
L_00000199e30c8c30 .functor BUFT 1, C4<0>, C4<0>, C4<0>, C4<0>;
v00000199e30b88f0_0 .net/2u *"_ivl_26", 0 0, L_00000199e30c8c30;  1 drivers
v00000199e30b8350_0 .net *"_ivl_29", 22 0, L_00000199e3114bd0;  1 drivers
v00000199e30b8e90_0 .net *"_ivl_3", 0 0, L_00000199e3113910;  1 drivers
v00000199e30b82b0_0 .net *"_ivl_30", 23 0, L_00000199e3114c70;  1 drivers
v00000199e30b96b0_0 .net *"_ivl_35", 7 0, L_00000199e3112650;  1 drivers
v00000199e30b85d0_0 .net *"_ivl_37", 0 0, L_00000199e3112970;  1 drivers
L_00000199e30c8c78 .functor BUFT 1, C4<1>, C4<0>, C4<0>, C4<0>;
v00000199e30b7770_0 .net/2u *"_ivl_38", 0 0, L_00000199e30c8c78;  1 drivers
v00000199e30b7630_0 .net *"_ivl_41", 22 0, L_00000199e3112790;  1 drivers
v00000199e30b8490_0 .net *"_ivl_42", 23 0, L_00000199e3112830;  1 drivers
L_00000199e30c8cc0 .functor BUFT 1, C4<0>, C4<0>, C4<0>, C4<0>;
v00000199e30b7270_0 .net/2u *"_ivl_44", 0 0, L_00000199e30c8cc0;  1 drivers
v00000199e30b7d10_0 .net *"_ivl_47", 22 0, L_00000199e31128d0;  1 drivers
v00000199e30b71d0_0 .net *"_ivl_48", 23 0, L_00000199e3115530;  1 drivers
v00000199e30b7810_0 .net *"_ivl_52", 47 0, L_00000199e3115350;  1 drivers
L_00000199e30c8d08 .functor BUFT 1, C4<000000000000000000000000>, C4<0>, C4<0>, C4<0>;
v00000199e30b74f0_0 .net *"_ivl_55", 23 0, L_00000199e30c8d08;  1 drivers
v00000199e30b8530_0 .net *"_ivl_56", 47 0, L_00000199e3115170;  1 drivers
L_00000199e30c8d50 .functor BUFT 1, C4<000000000000000000000000>, C4<0>, C4<0>, C4<0>;
v00000199e30b7590_0 .net *"_ivl_59", 23 0, L_00000199e30c8d50;  1 drivers
v00000199e30b8670_0 .net *"_ivl_63", 22 0, L_00000199e3114e50;  1 drivers
v00000199e30b87b0_0 .net *"_ivl_67", 0 0, L_00000199e3114d10;  1 drivers
L_00000199e30c8d98 .functor BUFT 1, C4<1>, C4<0>, C4<0>, C4<0>;
v00000199e30b7310_0 .net/2u *"_ivl_68", 0 0, L_00000199e30c8d98;  1 drivers
v00000199e30b8f30_0 .net *"_ivl_7", 7 0, L_00000199e3113e10;  1 drivers
L_00000199e30c8de0 .functor BUFT 1, C4<0>, C4<0>, C4<0>, C4<0>;
v00000199e30b76d0_0 .net/2u *"_ivl_70", 0 0, L_00000199e30c8de0;  1 drivers
v00000199e30b8fd0_0 .net *"_ivl_74", 47 0, L_00000199e3115a30;  1 drivers
v00000199e30b78b0_0 .net *"_ivl_76", 46 0, L_00000199e3115850;  1 drivers
L_00000199e30c8e28 .functor BUFT 1, C4<0>, C4<0>, C4<0>, C4<0>;
v00000199e30b7950_0 .net *"_ivl_78", 0 0, L_00000199e30c8e28;  1 drivers
v00000199e30b7db0_0 .net *"_ivl_83", 22 0, L_00000199e31155d0;  1 drivers
v00000199e30b97f0_0 .net *"_ivl_85", 0 0, L_00000199e31152b0;  1 drivers
v00000199e30b9430_0 .net *"_ivl_86", 22 0, L_00000199e3115990;  1 drivers
L_00000199e30c8e70 .functor BUFT 1, C4<0000000000000000000000>, C4<0>, C4<0>, C4<0>;
v00000199e30b91b0_0 .net *"_ivl_89", 21 0, L_00000199e30c8e70;  1 drivers
v00000199e30b9250_0 .net *"_ivl_9", 0 0, L_00000199e31148b0;  1 drivers
v00000199e30b94d0_0 .net *"_ivl_90", 22 0, L_00000199e3115710;  1 drivers
L_00000199e30c8eb8 .functor BUFT 1, C4<0000000000000000000000>, C4<0>, C4<0>, C4<0>;
v00000199e30b7b30_0 .net *"_ivl_93", 21 0, L_00000199e30c8eb8;  1 drivers
v00000199e30b7090_0 .net *"_ivl_94", 22 0, L_00000199e3038d30;  1 drivers
L_00000199e30c8f00 .functor BUFT 1, C4<0>, C4<0>, C4<0>, C4<0>;
v00000199e30b9570_0 .net/2u *"_ivl_98", 0 0, L_00000199e30c8f00;  1 drivers
v00000199e30b79f0_0 .net "a_operand", 31 0, o00000199e3072d58;  alias, 0 drivers
v00000199e30b7a90_0 .net "b_operand", 31 0, o00000199e3072d88;  alias, 0 drivers
v00000199e30b9610_0 .net "exponent", 8 0, L_00000199e3115f30;  1 drivers
v00000199e30b9890_0 .net "normalised", 0 0, L_00000199e3115fd0;  1 drivers
v00000199e30b9cf0_0 .net "operand_a", 23 0, L_00000199e3112510;  1 drivers
v00000199e30b9a70_0 .net "operand_b", 23 0, L_00000199e31158f0;  1 drivers
v00000199e30bab50_0 .net "product", 47 0, L_00000199e3115670;  1 drivers
v00000199e30ba150_0 .net "product_mantissa", 22 0, L_00000199e31150d0;  1 drivers
v00000199e30babf0_0 .net "product_normalised", 47 0, L_00000199e3115490;  1 drivers
v00000199e30b9d90_0 .net "product_round", 0 0, L_00000199e31153f0;  1 drivers
v00000199e30bae70_0 .net "result", 31 0, L_00000199e312a590;  alias, 1 drivers
v00000199e30ba010_0 .net "sign", 0 0, L_00000199e3038710;  1 drivers
v00000199e30b9e30_0 .net "sum_exponent", 8 0, L_00000199e3115d50;  1 drivers
v00000199e30ba5b0_0 .net "zero", 0 0, L_00000199e3115ad0;  1 drivers
L_00000199e3113870 .part o00000199e3072d58, 31, 1;
L_00000199e3113910 .part o00000199e3072d88, 31, 1;
L_00000199e3113e10 .part o00000199e3072d58, 23, 8;
L_00000199e31148b0 .reduce/and L_00000199e3113e10;
L_00000199e3114450 .part o00000199e3072d88, 23, 8;
L_00000199e3113ff0 .reduce/and L_00000199e3114450;
L_00000199e31144f0 .part o00000199e3072d58, 23, 8;
L_00000199e31149f0 .reduce/or L_00000199e31144f0;
L_00000199e3114a90 .part o00000199e3072d58, 0, 23;
L_00000199e3114b30 .concat [ 23 1 0 0], L_00000199e3114a90, L_00000199e30c8be8;
L_00000199e3114bd0 .part o00000199e3072d58, 0, 23;
L_00000199e3114c70 .concat [ 23 1 0 0], L_00000199e3114bd0, L_00000199e30c8c30;
L_00000199e3112510 .functor MUXZ 24, L_00000199e3114c70, L_00000199e3114b30, L_00000199e31149f0, C4<>;
L_00000199e3112650 .part o00000199e3072d88, 23, 8;
L_00000199e3112970 .reduce/or L_00000199e3112650;
L_00000199e3112790 .part o00000199e3072d88, 0, 23;
L_00000199e3112830 .concat [ 23 1 0 0], L_00000199e3112790, L_00000199e30c8c78;
L_00000199e31128d0 .part o00000199e3072d88, 0, 23;
L_00000199e3115530 .concat [ 23 1 0 0], L_00000199e31128d0, L_00000199e30c8cc0;
L_00000199e31158f0 .functor MUXZ 24, L_00000199e3115530, L_00000199e3112830, L_00000199e3112970, C4<>;
L_00000199e3115350 .concat [ 24 24 0 0], L_00000199e3112510, L_00000199e30c8d08;
L_00000199e3115170 .concat [ 24 24 0 0], L_00000199e31158f0, L_00000199e30c8d50;
L_00000199e3115670 .arith/mult 48, L_00000199e3115350, L_00000199e3115170;
L_00000199e3114e50 .part L_00000199e3115490, 0, 23;
L_00000199e31153f0 .reduce/or L_00000199e3114e50;
L_00000199e3114d10 .part L_00000199e3115670, 47, 1;
L_00000199e3115fd0 .functor MUXZ 1, L_00000199e30c8de0, L_00000199e30c8d98, L_00000199e3114d10, C4<>;
L_00000199e3115850 .part L_00000199e3115670, 0, 47;
L_00000199e3115a30 .concat [ 1 47 0 0], L_00000199e30c8e28, L_00000199e3115850;
L_00000199e3115490 .functor MUXZ 48, L_00000199e3115a30, L_00000199e3115670, L_00000199e3115fd0, C4<>;
L_00000199e31155d0 .part L_00000199e3115490, 24, 23;
L_00000199e31152b0 .part L_00000199e3115490, 23, 1;
L_00000199e3115990 .concat [ 1 22 0 0], L_00000199e31152b0, L_00000199e30c8e70;
L_00000199e3115710 .concat [ 1 22 0 0], L_00000199e31153f0, L_00000199e30c8eb8;
L_00000199e31150d0 .arith/sum 23, L_00000199e31155d0, L_00000199e3038d30;
L_00000199e3116070 .cmp/eq 23, L_00000199e31150d0, L_00000199e30c8f48;
L_00000199e31157b0 .functor MUXZ 1, L_00000199e30c8fd8, L_00000199e30c8f90, L_00000199e3116070, C4<>;
L_00000199e3115ad0 .functor MUXZ 1, L_00000199e31157b0, L_00000199e30c8f00, L_00000199e3038cc0, C4<>;
L_00000199e3115b70 .part o00000199e3072d58, 23, 8;
L_00000199e3115c10 .concat [ 8 1 0 0], L_00000199e3115b70, L_00000199e30c9020;
L_00000199e3115cb0 .part o00000199e3072d88, 23, 8;
L_00000199e3114db0 .concat [ 8 1 0 0], L_00000199e3115cb0, L_00000199e30c9068;
L_00000199e3115d50 .arith/sum 9, L_00000199e3115c10, L_00000199e3114db0;
L_00000199e3115df0 .arith/sub 9, L_00000199e3115d50, L_00000199e30c90b0;
L_00000199e3115e90 .concat [ 1 8 0 0], L_00000199e3115fd0, L_00000199e30c90f8;
L_00000199e3115f30 .arith/sum 9, L_00000199e3115df0, L_00000199e3115e90;
L_00000199e3116110 .part L_00000199e3115f30, 8, 1;
L_00000199e3114ef0 .part L_00000199e3115f30, 7, 1;
L_00000199e31161b0 .reduce/nor L_00000199e3114ef0;
L_00000199e3116250 .reduce/nor L_00000199e3115ad0;
L_00000199e31162f0 .part L_00000199e3115f30, 8, 1;
L_00000199e3116390 .part L_00000199e3115f30, 7, 1;
L_00000199e3114f90 .reduce/nor L_00000199e3115ad0;
L_00000199e3115030 .functor MUXZ 1, L_00000199e30c9188, L_00000199e30c9140, L_00000199e3038da0, C4<>;
L_00000199e3115210 .concat [ 31 1 0 0], L_00000199e30c9218, L_00000199e3038710;
L_00000199e31290f0 .concat [ 23 8 1 0], L_00000199e30c92a8, L_00000199e30c9260, L_00000199e3038710;
L_00000199e3128f10 .concat [ 31 1 0 0], L_00000199e30c92f0, L_00000199e3038710;
L_00000199e31294b0 .part L_00000199e3115f30, 0, 8;
L_00000199e312b350 .concat [ 23 8 1 0], L_00000199e31150d0, L_00000199e31294b0, L_00000199e3038710;
L_00000199e312a270 .functor MUXZ 32, L_00000199e312b350, L_00000199e3128f10, L_00000199e3115030, C4<>;
L_00000199e3129550 .functor MUXZ 32, L_00000199e312a270, L_00000199e31290f0, L_00000199e30389b0, C4<>;
L_00000199e31297d0 .functor MUXZ 32, L_00000199e3129550, L_00000199e3115210, L_00000199e3115ad0, C4<>;
L_00000199e312a590 .functor MUXZ 32, L_00000199e31297d0, L_00000199e30c91d0, L_00000199e3038cc0, C4<>;
S_00000199e306dac0 .scope module, "m3" "multiply" 2 10, 4 1 0, S_00000199e2fbcfe0;
 .timescale 0 0;
    .port_info 0 /INPUT 32 "a_operand";
    .port_info 1 /INPUT 32 "b_operand";
    .port_info 2 /OUTPUT 32 "result";
L_00000199e3038e10 .functor XOR 1, L_00000199e3129730, L_00000199e312a950, C4<0>, C4<0>;
L_00000199e3038e80 .functor OR 1, L_00000199e312a630, L_00000199e3129af0, C4<0>, C4<0>;
L_00000199e3038ef0 .functor AND 23, L_00000199e312b170, L_00000199e3129910, C4<11111111111111111111111>, C4<11111111111111111111111>;
L_00000199e3038fd0 .functor AND 1, L_00000199e3128d30, L_00000199e3129f50, C4<1>, C4<1>;
L_00000199e3039040 .functor AND 1, L_00000199e3038fd0, L_00000199e3129ff0, C4<1>, C4<1>;
L_00000199e3038240 .functor AND 1, L_00000199e3129050, L_00000199e312a4f0, C4<1>, C4<1>;
L_00000199e3038320 .functor AND 1, L_00000199e3038240, L_00000199e312aef0, C4<1>, C4<1>;
v00000199e30b9f70_0 .net "Exception", 0 0, L_00000199e3038e80;  1 drivers
v00000199e30ba8d0_0 .net "Overflow", 0 0, L_00000199e3039040;  1 drivers
v00000199e30ba1f0_0 .net "Underflow", 0 0, L_00000199e312af90;  1 drivers
v00000199e30ba830_0 .net *"_ivl_1", 0 0, L_00000199e3129730;  1 drivers
L_00000199e30c9698 .functor BUFT 1, C4<00000000000000000000000>, C4<0>, C4<0>, C4<0>;
v00000199e30b9ed0_0 .net/2u *"_ivl_100", 22 0, L_00000199e30c9698;  1 drivers
v00000199e30bac90_0 .net *"_ivl_102", 0 0, L_00000199e3129e10;  1 drivers
L_00000199e30c96e0 .functor BUFT 1, C4<1>, C4<0>, C4<0>, C4<0>;
v00000199e30ba0b0_0 .net/2u *"_ivl_104", 0 0, L_00000199e30c96e0;  1 drivers
L_00000199e30c9728 .functor BUFT 1, C4<0>, C4<0>, C4<0>, C4<0>;
v00000199e30ba6f0_0 .net/2u *"_ivl_106", 0 0, L_00000199e30c9728;  1 drivers
v00000199e30b9b10_0 .net *"_ivl_108", 0 0, L_00000199e312a130;  1 drivers
v00000199e30ba470_0 .net *"_ivl_11", 7 0, L_00000199e3129370;  1 drivers
v00000199e30bad30_0 .net *"_ivl_113", 7 0, L_00000199e312b030;  1 drivers
v00000199e30b9bb0_0 .net *"_ivl_114", 8 0, L_00000199e312a310;  1 drivers
L_00000199e30c9770 .functor BUFT 1, C4<0>, C4<0>, C4<0>, C4<0>;
v00000199e30ba290_0 .net *"_ivl_117", 0 0, L_00000199e30c9770;  1 drivers
v00000199e30ba650_0 .net *"_ivl_119", 7 0, L_00000199e312a6d0;  1 drivers
v00000199e30baab0_0 .net *"_ivl_120", 8 0, L_00000199e312ab30;  1 drivers
L_00000199e30c97b8 .functor BUFT 1, C4<0>, C4<0>, C4<0>, C4<0>;
v00000199e30ba510_0 .net *"_ivl_123", 0 0, L_00000199e30c97b8;  1 drivers
L_00000199e30c9800 .functor BUFT 1, C4<001111111>, C4<0>, C4<0>, C4<0>;
v00000199e30baf10_0 .net/2u *"_ivl_126", 8 0, L_00000199e30c9800;  1 drivers
v00000199e30ba3d0_0 .net *"_ivl_128", 8 0, L_00000199e312abd0;  1 drivers
v00000199e30ba330_0 .net *"_ivl_13", 0 0, L_00000199e3129af0;  1 drivers
v00000199e30ba790_0 .net *"_ivl_130", 8 0, L_00000199e312ac70;  1 drivers
L_00000199e30c9848 .functor BUFT 1, C4<00000000>, C4<0>, C4<0>, C4<0>;
v00000199e30badd0_0 .net *"_ivl_133", 7 0, L_00000199e30c9848;  1 drivers
v00000199e30ba970_0 .net *"_ivl_137", 0 0, L_00000199e3128d30;  1 drivers
v00000199e30b9930_0 .net *"_ivl_139", 0 0, L_00000199e312b0d0;  1 drivers
v00000199e30baa10_0 .net *"_ivl_141", 0 0, L_00000199e3129f50;  1 drivers
v00000199e30b99d0_0 .net *"_ivl_142", 0 0, L_00000199e3038fd0;  1 drivers
v00000199e30b9c50_0 .net *"_ivl_145", 0 0, L_00000199e3129ff0;  1 drivers
v00000199e30bcdd0_0 .net *"_ivl_149", 0 0, L_00000199e3129050;  1 drivers
v00000199e30be6d0_0 .net *"_ivl_151", 0 0, L_00000199e312a4f0;  1 drivers
v00000199e30bd5f0_0 .net *"_ivl_152", 0 0, L_00000199e3038240;  1 drivers
v00000199e30bc510_0 .net *"_ivl_155", 0 0, L_00000199e312aef0;  1 drivers
v00000199e30bc5b0_0 .net *"_ivl_156", 0 0, L_00000199e3038320;  1 drivers
L_00000199e30c9890 .functor BUFT 1, C4<1>, C4<0>, C4<0>, C4<0>;
v00000199e30be1d0_0 .net/2u *"_ivl_158", 0 0, L_00000199e30c9890;  1 drivers
L_00000199e30c98d8 .functor BUFT 1, C4<0>, C4<0>, C4<0>, C4<0>;
v00000199e30bd690_0 .net/2u *"_ivl_160", 0 0, L_00000199e30c98d8;  1 drivers
L_00000199e30c9920 .functor BUFT 1, C4<00000000000000000000000000000000>, C4<0>, C4<0>, C4<0>;
v00000199e30bda50_0 .net/2u *"_ivl_164", 31 0, L_00000199e30c9920;  1 drivers
L_00000199e30c9968 .functor BUFT 1, C4<0000000000000000000000000000000>, C4<0>, C4<0>, C4<0>;
v00000199e30bce70_0 .net/2u *"_ivl_166", 30 0, L_00000199e30c9968;  1 drivers
v00000199e30bc650_0 .net *"_ivl_168", 31 0, L_00000199e312b210;  1 drivers
v00000199e30bcbf0_0 .net *"_ivl_17", 7 0, L_00000199e3129870;  1 drivers
L_00000199e30c99b0 .functor BUFT 1, C4<11111111>, C4<0>, C4<0>, C4<0>;
v00000199e30bd870_0 .net/2u *"_ivl_170", 7 0, L_00000199e30c99b0;  1 drivers
L_00000199e30c99f8 .functor BUFT 1, C4<00000000000000000000000>, C4<0>, C4<0>, C4<0>;
v00000199e30bc970_0 .net/2u *"_ivl_172", 22 0, L_00000199e30c99f8;  1 drivers
v00000199e30bc0b0_0 .net *"_ivl_174", 31 0, L_00000199e312b2b0;  1 drivers
L_00000199e30c9a40 .functor BUFT 1, C4<0000000000000000000000000000000>, C4<0>, C4<0>, C4<0>;
v00000199e30bc790_0 .net/2u *"_ivl_176", 30 0, L_00000199e30c9a40;  1 drivers
v00000199e30bc6f0_0 .net *"_ivl_178", 31 0, L_00000199e312d510;  1 drivers
v00000199e30bd410_0 .net *"_ivl_181", 7 0, L_00000199e312d3d0;  1 drivers
v00000199e30bc290_0 .net *"_ivl_182", 31 0, L_00000199e312ba30;  1 drivers
v00000199e30bcc90_0 .net *"_ivl_184", 31 0, L_00000199e312c250;  1 drivers
v00000199e30bc150_0 .net *"_ivl_186", 31 0, L_00000199e312ca70;  1 drivers
v00000199e30bc830_0 .net *"_ivl_188", 31 0, L_00000199e312c6b0;  1 drivers
v00000199e30bc8d0_0 .net *"_ivl_19", 0 0, L_00000199e3128dd0;  1 drivers
L_00000199e30c9338 .functor BUFT 1, C4<1>, C4<0>, C4<0>, C4<0>;
v00000199e30be450_0 .net/2u *"_ivl_20", 0 0, L_00000199e30c9338;  1 drivers
v00000199e30bd2d0_0 .net *"_ivl_23", 22 0, L_00000199e312a8b0;  1 drivers
v00000199e30bd730_0 .net *"_ivl_24", 23 0, L_00000199e312b3f0;  1 drivers
L_00000199e30c9380 .functor BUFT 1, C4<0>, C4<0>, C4<0>, C4<0>;
v00000199e30bd910_0 .net/2u *"_ivl_26", 0 0, L_00000199e30c9380;  1 drivers
v00000199e30bd050_0 .net *"_ivl_29", 22 0, L_00000199e3129c30;  1 drivers
v00000199e30be090_0 .net *"_ivl_3", 0 0, L_00000199e312a950;  1 drivers
v00000199e30bdb90_0 .net *"_ivl_30", 23 0, L_00000199e312a3b0;  1 drivers
v00000199e30bdc30_0 .net *"_ivl_35", 7 0, L_00000199e3128fb0;  1 drivers
v00000199e30bd230_0 .net *"_ivl_37", 0 0, L_00000199e3129410;  1 drivers
L_00000199e30c93c8 .functor BUFT 1, C4<1>, C4<0>, C4<0>, C4<0>;
v00000199e30bd4b0_0 .net/2u *"_ivl_38", 0 0, L_00000199e30c93c8;  1 drivers
v00000199e30be130_0 .net *"_ivl_41", 22 0, L_00000199e312adb0;  1 drivers
v00000199e30bc470_0 .net *"_ivl_42", 23 0, L_00000199e312aa90;  1 drivers
L_00000199e30c9410 .functor BUFT 1, C4<0>, C4<0>, C4<0>, C4<0>;
v00000199e30bcd30_0 .net/2u *"_ivl_44", 0 0, L_00000199e30c9410;  1 drivers
v00000199e30bd9b0_0 .net *"_ivl_47", 22 0, L_00000199e312a810;  1 drivers
v00000199e30bdff0_0 .net *"_ivl_48", 23 0, L_00000199e3129b90;  1 drivers
v00000199e30bd550_0 .net *"_ivl_52", 47 0, L_00000199e312ad10;  1 drivers
L_00000199e30c9458 .functor BUFT 1, C4<000000000000000000000000>, C4<0>, C4<0>, C4<0>;
v00000199e30be770_0 .net *"_ivl_55", 23 0, L_00000199e30c9458;  1 drivers
v00000199e30bd370_0 .net *"_ivl_56", 47 0, L_00000199e31292d0;  1 drivers
L_00000199e30c94a0 .functor BUFT 1, C4<000000000000000000000000>, C4<0>, C4<0>, C4<0>;
v00000199e30bd0f0_0 .net *"_ivl_59", 23 0, L_00000199e30c94a0;  1 drivers
v00000199e30be270_0 .net *"_ivl_63", 22 0, L_00000199e3129cd0;  1 drivers
v00000199e30bd7d0_0 .net *"_ivl_67", 0 0, L_00000199e31295f0;  1 drivers
L_00000199e30c94e8 .functor BUFT 1, C4<1>, C4<0>, C4<0>, C4<0>;
v00000199e30bcf10_0 .net/2u *"_ivl_68", 0 0, L_00000199e30c94e8;  1 drivers
v00000199e30bdaf0_0 .net *"_ivl_7", 7 0, L_00000199e3129690;  1 drivers
L_00000199e30c9530 .functor BUFT 1, C4<0>, C4<0>, C4<0>, C4<0>;
v00000199e30be3b0_0 .net/2u *"_ivl_70", 0 0, L_00000199e30c9530;  1 drivers
v00000199e30bca10_0 .net *"_ivl_74", 47 0, L_00000199e3129eb0;  1 drivers
v00000199e30bdf50_0 .net *"_ivl_76", 46 0, L_00000199e3129190;  1 drivers
L_00000199e30c9578 .functor BUFT 1, C4<0>, C4<0>, C4<0>, C4<0>;
v00000199e30bc1f0_0 .net *"_ivl_78", 0 0, L_00000199e30c9578;  1 drivers
v00000199e30bcb50_0 .net *"_ivl_83", 22 0, L_00000199e3129230;  1 drivers
v00000199e30bc330_0 .net *"_ivl_85", 0 0, L_00000199e312a450;  1 drivers
v00000199e30bcab0_0 .net *"_ivl_86", 22 0, L_00000199e312b170;  1 drivers
L_00000199e30c95c0 .functor BUFT 1, C4<0000000000000000000000>, C4<0>, C4<0>, C4<0>;
v00000199e30be310_0 .net *"_ivl_89", 21 0, L_00000199e30c95c0;  1 drivers
v00000199e30bdcd0_0 .net *"_ivl_9", 0 0, L_00000199e312a630;  1 drivers
v00000199e30be810_0 .net *"_ivl_90", 22 0, L_00000199e3129910;  1 drivers
L_00000199e30c9608 .functor BUFT 1, C4<0000000000000000000000>, C4<0>, C4<0>, C4<0>;
v00000199e30bdd70_0 .net *"_ivl_93", 21 0, L_00000199e30c9608;  1 drivers
v00000199e30bcfb0_0 .net *"_ivl_94", 22 0, L_00000199e3038ef0;  1 drivers
L_00000199e30c9650 .functor BUFT 1, C4<0>, C4<0>, C4<0>, C4<0>;
v00000199e30bde10_0 .net/2u *"_ivl_98", 0 0, L_00000199e30c9650;  1 drivers
v00000199e30bd190_0 .net "a_operand", 31 0, o00000199e3074018;  alias, 0 drivers
v00000199e30bdeb0_0 .net "b_operand", 31 0, o00000199e3074048;  alias, 0 drivers
v00000199e30be4f0_0 .net "exponent", 8 0, L_00000199e312ae50;  1 drivers
v00000199e30be590_0 .net "normalised", 0 0, L_00000199e312b490;  1 drivers
v00000199e30be630_0 .net "operand_a", 23 0, L_00000199e312a9f0;  1 drivers
v00000199e30bc3d0_0 .net "operand_b", 23 0, L_00000199e312a1d0;  1 drivers
v00000199e30bf670_0 .net "product", 47 0, L_00000199e312a090;  1 drivers
v00000199e30bf0d0_0 .net "product_mantissa", 22 0, L_00000199e31299b0;  1 drivers
v00000199e30beef0_0 .net "product_normalised", 47 0, L_00000199e3128e70;  1 drivers
v00000199e30be8b0_0 .net "product_round", 0 0, L_00000199e3129d70;  1 drivers
v00000199e30bedb0_0 .net "result", 31 0, L_00000199e312c2f0;  alias, 1 drivers
v00000199e30bebd0_0 .net "sign", 0 0, L_00000199e3038e10;  1 drivers
v00000199e30bfdf0_0 .net "sum_exponent", 8 0, L_00000199e312a770;  1 drivers
v00000199e30bf3f0_0 .net "zero", 0 0, L_00000199e3129a50;  1 drivers
L_00000199e3129730 .part o00000199e3074018, 31, 1;
L_00000199e312a950 .part o00000199e3074048, 31, 1;
L_00000199e3129690 .part o00000199e3074018, 23, 8;
L_00000199e312a630 .reduce/and L_00000199e3129690;
L_00000199e3129370 .part o00000199e3074048, 23, 8;
L_00000199e3129af0 .reduce/and L_00000199e3129370;
L_00000199e3129870 .part o00000199e3074018, 23, 8;
L_00000199e3128dd0 .reduce/or L_00000199e3129870;
L_00000199e312a8b0 .part o00000199e3074018, 0, 23;
L_00000199e312b3f0 .concat [ 23 1 0 0], L_00000199e312a8b0, L_00000199e30c9338;
L_00000199e3129c30 .part o00000199e3074018, 0, 23;
L_00000199e312a3b0 .concat [ 23 1 0 0], L_00000199e3129c30, L_00000199e30c9380;
L_00000199e312a9f0 .functor MUXZ 24, L_00000199e312a3b0, L_00000199e312b3f0, L_00000199e3128dd0, C4<>;
L_00000199e3128fb0 .part o00000199e3074048, 23, 8;
L_00000199e3129410 .reduce/or L_00000199e3128fb0;
L_00000199e312adb0 .part o00000199e3074048, 0, 23;
L_00000199e312aa90 .concat [ 23 1 0 0], L_00000199e312adb0, L_00000199e30c93c8;
L_00000199e312a810 .part o00000199e3074048, 0, 23;
L_00000199e3129b90 .concat [ 23 1 0 0], L_00000199e312a810, L_00000199e30c9410;
L_00000199e312a1d0 .functor MUXZ 24, L_00000199e3129b90, L_00000199e312aa90, L_00000199e3129410, C4<>;
L_00000199e312ad10 .concat [ 24 24 0 0], L_00000199e312a9f0, L_00000199e30c9458;
L_00000199e31292d0 .concat [ 24 24 0 0], L_00000199e312a1d0, L_00000199e30c94a0;
L_00000199e312a090 .arith/mult 48, L_00000199e312ad10, L_00000199e31292d0;
L_00000199e3129cd0 .part L_00000199e3128e70, 0, 23;
L_00000199e3129d70 .reduce/or L_00000199e3129cd0;
L_00000199e31295f0 .part L_00000199e312a090, 47, 1;
L_00000199e312b490 .functor MUXZ 1, L_00000199e30c9530, L_00000199e30c94e8, L_00000199e31295f0, C4<>;
L_00000199e3129190 .part L_00000199e312a090, 0, 47;
L_00000199e3129eb0 .concat [ 1 47 0 0], L_00000199e30c9578, L_00000199e3129190;
L_00000199e3128e70 .functor MUXZ 48, L_00000199e3129eb0, L_00000199e312a090, L_00000199e312b490, C4<>;
L_00000199e3129230 .part L_00000199e3128e70, 24, 23;
L_00000199e312a450 .part L_00000199e3128e70, 23, 1;
L_00000199e312b170 .concat [ 1 22 0 0], L_00000199e312a450, L_00000199e30c95c0;
L_00000199e3129910 .concat [ 1 22 0 0], L_00000199e3129d70, L_00000199e30c9608;
L_00000199e31299b0 .arith/sum 23, L_00000199e3129230, L_00000199e3038ef0;
L_00000199e3129e10 .cmp/eq 23, L_00000199e31299b0, L_00000199e30c9698;
L_00000199e312a130 .functor MUXZ 1, L_00000199e30c9728, L_00000199e30c96e0, L_00000199e3129e10, C4<>;
L_00000199e3129a50 .functor MUXZ 1, L_00000199e312a130, L_00000199e30c9650, L_00000199e3038e80, C4<>;
L_00000199e312b030 .part o00000199e3074018, 23, 8;
L_00000199e312a310 .concat [ 8 1 0 0], L_00000199e312b030, L_00000199e30c9770;
L_00000199e312a6d0 .part o00000199e3074048, 23, 8;
L_00000199e312ab30 .concat [ 8 1 0 0], L_00000199e312a6d0, L_00000199e30c97b8;
L_00000199e312a770 .arith/sum 9, L_00000199e312a310, L_00000199e312ab30;
L_00000199e312abd0 .arith/sub 9, L_00000199e312a770, L_00000199e30c9800;
L_00000199e312ac70 .concat [ 1 8 0 0], L_00000199e312b490, L_00000199e30c9848;
L_00000199e312ae50 .arith/sum 9, L_00000199e312abd0, L_00000199e312ac70;
L_00000199e3128d30 .part L_00000199e312ae50, 8, 1;
L_00000199e312b0d0 .part L_00000199e312ae50, 7, 1;
L_00000199e3129f50 .reduce/nor L_00000199e312b0d0;
L_00000199e3129ff0 .reduce/nor L_00000199e3129a50;
L_00000199e3129050 .part L_00000199e312ae50, 8, 1;
L_00000199e312a4f0 .part L_00000199e312ae50, 7, 1;
L_00000199e312aef0 .reduce/nor L_00000199e3129a50;
L_00000199e312af90 .functor MUXZ 1, L_00000199e30c98d8, L_00000199e30c9890, L_00000199e3038320, C4<>;
L_00000199e312b210 .concat [ 31 1 0 0], L_00000199e30c9968, L_00000199e3038e10;
L_00000199e312b2b0 .concat [ 23 8 1 0], L_00000199e30c99f8, L_00000199e30c99b0, L_00000199e3038e10;
L_00000199e312d510 .concat [ 31 1 0 0], L_00000199e30c9a40, L_00000199e3038e10;
L_00000199e312d3d0 .part L_00000199e312ae50, 0, 8;
L_00000199e312ba30 .concat [ 23 8 1 0], L_00000199e31299b0, L_00000199e312d3d0, L_00000199e3038e10;
L_00000199e312c250 .functor MUXZ 32, L_00000199e312ba30, L_00000199e312d510, L_00000199e312af90, C4<>;
L_00000199e312ca70 .functor MUXZ 32, L_00000199e312c250, L_00000199e312b2b0, L_00000199e3039040, C4<>;
L_00000199e312c6b0 .functor MUXZ 32, L_00000199e312ca70, L_00000199e312b210, L_00000199e3129a50, C4<>;
L_00000199e312c2f0 .functor MUXZ 32, L_00000199e312c6b0, L_00000199e30c9920, L_00000199e3038e80, C4<>;
S_00000199e306e4e0 .scope module, "m4" "multiply" 2 11, 4 1 0, S_00000199e2fbcfe0;
 .timescale 0 0;
    .port_info 0 /INPUT 32 "a_operand";
    .port_info 1 /INPUT 32 "b_operand";
    .port_info 2 /OUTPUT 32 "result";
L_00000199e3017cd0 .functor XOR 1, L_00000199e312c9d0, L_00000199e312bad0, C4<0>, C4<0>;
L_00000199e3133880 .functor OR 1, L_00000199e312cb10, L_00000199e312c570, C4<0>, C4<0>;
L_00000199e3133260 .functor AND 23, L_00000199e312c1b0, L_00000199e312cd90, C4<11111111111111111111111>, C4<11111111111111111111111>;
L_00000199e3133110 .functor AND 1, L_00000199e312bf30, L_00000199e312d8d0, C4<1>, C4<1>;
L_00000199e31335e0 .functor AND 1, L_00000199e3133110, L_00000199e312da10, C4<1>, C4<1>;
L_00000199e31332d0 .functor AND 1, L_00000199e312dab0, L_00000199e312b8f0, C4<1>, C4<1>;
L_00000199e3132f50 .functor AND 1, L_00000199e31332d0, L_00000199e312b530, C4<1>, C4<1>;
v00000199e30bf210_0 .net "Exception", 0 0, L_00000199e3133880;  1 drivers
v00000199e30bfb70_0 .net "Overflow", 0 0, L_00000199e31335e0;  1 drivers
v00000199e30bf850_0 .net "Underflow", 0 0, L_00000199e312b670;  1 drivers
v00000199e30bf8f0_0 .net *"_ivl_1", 0 0, L_00000199e312c9d0;  1 drivers
L_00000199e30c9de8 .functor BUFT 1, C4<00000000000000000000000>, C4<0>, C4<0>, C4<0>;
v00000199e30beb30_0 .net/2u *"_ivl_100", 22 0, L_00000199e30c9de8;  1 drivers
v00000199e30bf170_0 .net *"_ivl_102", 0 0, L_00000199e312d330;  1 drivers
L_00000199e30c9e30 .functor BUFT 1, C4<1>, C4<0>, C4<0>, C4<0>;
v00000199e30bfc10_0 .net/2u *"_ivl_104", 0 0, L_00000199e30c9e30;  1 drivers
L_00000199e30c9e78 .functor BUFT 1, C4<0>, C4<0>, C4<0>, C4<0>;
v00000199e30be9f0_0 .net/2u *"_ivl_106", 0 0, L_00000199e30c9e78;  1 drivers
v00000199e30bfe90_0 .net *"_ivl_108", 0 0, L_00000199e312be90;  1 drivers
v00000199e30bec70_0 .net *"_ivl_11", 7 0, L_00000199e312bfd0;  1 drivers
v00000199e30bef90_0 .net *"_ivl_113", 7 0, L_00000199e312d6f0;  1 drivers
v00000199e30bff30_0 .net *"_ivl_114", 8 0, L_00000199e312d010;  1 drivers
L_00000199e30c9ec0 .functor BUFT 1, C4<0>, C4<0>, C4<0>, C4<0>;
v00000199e30bfd50_0 .net *"_ivl_117", 0 0, L_00000199e30c9ec0;  1 drivers
v00000199e30bf030_0 .net *"_ivl_119", 7 0, L_00000199e312c070;  1 drivers
v00000199e30bf2b0_0 .net *"_ivl_120", 8 0, L_00000199e312d150;  1 drivers
L_00000199e30c9f08 .functor BUFT 1, C4<0>, C4<0>, C4<0>, C4<0>;
v00000199e30bf990_0 .net *"_ivl_123", 0 0, L_00000199e30c9f08;  1 drivers
L_00000199e30c9f50 .functor BUFT 1, C4<001111111>, C4<0>, C4<0>, C4<0>;
v00000199e30bf350_0 .net/2u *"_ivl_126", 8 0, L_00000199e30c9f50;  1 drivers
v00000199e30be950_0 .net *"_ivl_128", 8 0, L_00000199e312d290;  1 drivers
v00000199e30bf5d0_0 .net *"_ivl_13", 0 0, L_00000199e312c570;  1 drivers
v00000199e30bed10_0 .net *"_ivl_130", 8 0, L_00000199e312d790;  1 drivers
L_00000199e30c9f98 .functor BUFT 1, C4<00000000>, C4<0>, C4<0>, C4<0>;
v00000199e30bfad0_0 .net *"_ivl_133", 7 0, L_00000199e30c9f98;  1 drivers
v00000199e30bee50_0 .net *"_ivl_137", 0 0, L_00000199e312bf30;  1 drivers
v00000199e30bfa30_0 .net *"_ivl_139", 0 0, L_00000199e312d830;  1 drivers
v00000199e30bf490_0 .net *"_ivl_141", 0 0, L_00000199e312d8d0;  1 drivers
v00000199e30bf530_0 .net *"_ivl_142", 0 0, L_00000199e3133110;  1 drivers
v00000199e30bfcb0_0 .net *"_ivl_145", 0 0, L_00000199e312da10;  1 drivers
v00000199e30bea90_0 .net *"_ivl_149", 0 0, L_00000199e312dab0;  1 drivers
v00000199e30bf710_0 .net *"_ivl_151", 0 0, L_00000199e312b8f0;  1 drivers
v00000199e30bf7b0_0 .net *"_ivl_152", 0 0, L_00000199e31332d0;  1 drivers
v00000199e30c3180_0 .net *"_ivl_155", 0 0, L_00000199e312b530;  1 drivers
v00000199e30c3860_0 .net *"_ivl_156", 0 0, L_00000199e3132f50;  1 drivers
L_00000199e30c9fe0 .functor BUFT 1, C4<1>, C4<0>, C4<0>, C4<0>;
v00000199e30c2dc0_0 .net/2u *"_ivl_158", 0 0, L_00000199e30c9fe0;  1 drivers
L_00000199e30ca028 .functor BUFT 1, C4<0>, C4<0>, C4<0>, C4<0>;
v00000199e30c3540_0 .net/2u *"_ivl_160", 0 0, L_00000199e30ca028;  1 drivers
L_00000199e30ca070 .functor BUFT 1, C4<00000000000000000000000000000000>, C4<0>, C4<0>, C4<0>;
v00000199e30c3f40_0 .net/2u *"_ivl_164", 31 0, L_00000199e30ca070;  1 drivers
L_00000199e30ca0b8 .functor BUFT 1, C4<0000000000000000000000000000000>, C4<0>, C4<0>, C4<0>;
v00000199e30c2e60_0 .net/2u *"_ivl_166", 30 0, L_00000199e30ca0b8;  1 drivers
v00000199e30c2f00_0 .net *"_ivl_168", 31 0, L_00000199e312b7b0;  1 drivers
v00000199e30c3900_0 .net *"_ivl_17", 7 0, L_00000199e312c390;  1 drivers
L_00000199e30ca100 .functor BUFT 1, C4<11111111>, C4<0>, C4<0>, C4<0>;
v00000199e30c3220_0 .net/2u *"_ivl_170", 7 0, L_00000199e30ca100;  1 drivers
L_00000199e30ca148 .functor BUFT 1, C4<00000000000000000000000>, C4<0>, C4<0>, C4<0>;
v00000199e30c37c0_0 .net/2u *"_ivl_172", 22 0, L_00000199e30ca148;  1 drivers
v00000199e30c2c80_0 .net *"_ivl_174", 31 0, L_00000199e312b990;  1 drivers
L_00000199e30ca190 .functor BUFT 1, C4<0000000000000000000000000000000>, C4<0>, C4<0>, C4<0>;
v00000199e30c3360_0 .net/2u *"_ivl_176", 30 0, L_00000199e30ca190;  1 drivers
v00000199e30c2fa0_0 .net *"_ivl_178", 31 0, L_00000199e312bc10;  1 drivers
v00000199e30c3680_0 .net *"_ivl_181", 7 0, L_00000199e312ddd0;  1 drivers
v00000199e30c2a00_0 .net *"_ivl_182", 31 0, L_00000199e312dfb0;  1 drivers
v00000199e30c34a0_0 .net *"_ivl_184", 31 0, L_00000199e312e0f0;  1 drivers
v00000199e30c3ea0_0 .net *"_ivl_186", 31 0, L_00000199e312e050;  1 drivers
v00000199e30c3400_0 .net *"_ivl_188", 31 0, L_00000199e312df10;  1 drivers
v00000199e30c32c0_0 .net *"_ivl_19", 0 0, L_00000199e312d470;  1 drivers
L_00000199e30c9a88 .functor BUFT 1, C4<1>, C4<0>, C4<0>, C4<0>;
v00000199e30c30e0_0 .net/2u *"_ivl_20", 0 0, L_00000199e30c9a88;  1 drivers
v00000199e30c3cc0_0 .net *"_ivl_23", 22 0, L_00000199e312dbf0;  1 drivers
v00000199e30c3720_0 .net *"_ivl_24", 23 0, L_00000199e312c110;  1 drivers
L_00000199e30c9ad0 .functor BUFT 1, C4<0>, C4<0>, C4<0>, C4<0>;
v00000199e30c3ae0_0 .net/2u *"_ivl_26", 0 0, L_00000199e30c9ad0;  1 drivers
v00000199e30c35e0_0 .net *"_ivl_29", 22 0, L_00000199e312c4d0;  1 drivers
v00000199e30c39a0_0 .net *"_ivl_3", 0 0, L_00000199e312bad0;  1 drivers
v00000199e30c3040_0 .net *"_ivl_30", 23 0, L_00000199e312d5b0;  1 drivers
v00000199e30c3a40_0 .net *"_ivl_35", 7 0, L_00000199e312ce30;  1 drivers
v00000199e30c3b80_0 .net *"_ivl_37", 0 0, L_00000199e312bd50;  1 drivers
L_00000199e30c9b18 .functor BUFT 1, C4<1>, C4<0>, C4<0>, C4<0>;
v00000199e30c3c20_0 .net/2u *"_ivl_38", 0 0, L_00000199e30c9b18;  1 drivers
v00000199e30c2b40_0 .net *"_ivl_41", 22 0, L_00000199e312bb70;  1 drivers
v00000199e30c3d60_0 .net *"_ivl_42", 23 0, L_00000199e312c610;  1 drivers
L_00000199e30c9b60 .functor BUFT 1, C4<0>, C4<0>, C4<0>, C4<0>;
v00000199e30c2aa0_0 .net/2u *"_ivl_44", 0 0, L_00000199e30c9b60;  1 drivers
v00000199e30c3e00_0 .net *"_ivl_47", 22 0, L_00000199e312d650;  1 drivers
v00000199e30c28c0_0 .net *"_ivl_48", 23 0, L_00000199e312b5d0;  1 drivers
v00000199e30c2960_0 .net *"_ivl_52", 47 0, L_00000199e312c750;  1 drivers
L_00000199e30c9ba8 .functor BUFT 1, C4<000000000000000000000000>, C4<0>, C4<0>, C4<0>;
v00000199e30c2be0_0 .net *"_ivl_55", 23 0, L_00000199e30c9ba8;  1 drivers
v00000199e30c2d20_0 .net *"_ivl_56", 47 0, L_00000199e312c7f0;  1 drivers
L_00000199e30c9bf0 .functor BUFT 1, C4<000000000000000000000000>, C4<0>, C4<0>, C4<0>;
v00000199e30c0fc0_0 .net *"_ivl_59", 23 0, L_00000199e30c9bf0;  1 drivers
v00000199e30c26e0_0 .net *"_ivl_63", 22 0, L_00000199e312c430;  1 drivers
v00000199e30c1600_0 .net *"_ivl_67", 0 0, L_00000199e312c930;  1 drivers
L_00000199e30c9c38 .functor BUFT 1, C4<1>, C4<0>, C4<0>, C4<0>;
v00000199e30c1420_0 .net/2u *"_ivl_68", 0 0, L_00000199e30c9c38;  1 drivers
v00000199e30c0980_0 .net *"_ivl_7", 7 0, L_00000199e312db50;  1 drivers
L_00000199e30c9c80 .functor BUFT 1, C4<0>, C4<0>, C4<0>, C4<0>;
v00000199e30c1920_0 .net/2u *"_ivl_70", 0 0, L_00000199e30c9c80;  1 drivers
v00000199e30c0f20_0 .net *"_ivl_74", 47 0, L_00000199e312b710;  1 drivers
v00000199e30c0ca0_0 .net *"_ivl_76", 46 0, L_00000199e312cbb0;  1 drivers
L_00000199e30c9cc8 .functor BUFT 1, C4<0>, C4<0>, C4<0>, C4<0>;
v00000199e30c00c0_0 .net *"_ivl_78", 0 0, L_00000199e30c9cc8;  1 drivers
v00000199e30c1560_0 .net *"_ivl_83", 22 0, L_00000199e312cc50;  1 drivers
v00000199e30c16a0_0 .net *"_ivl_85", 0 0, L_00000199e312ccf0;  1 drivers
v00000199e30c2780_0 .net *"_ivl_86", 22 0, L_00000199e312c1b0;  1 drivers
L_00000199e30c9d10 .functor BUFT 1, C4<0000000000000000000000>, C4<0>, C4<0>, C4<0>;
v00000199e30c0d40_0 .net *"_ivl_89", 21 0, L_00000199e30c9d10;  1 drivers
v00000199e30c2640_0 .net *"_ivl_9", 0 0, L_00000199e312cb10;  1 drivers
v00000199e30c1740_0 .net *"_ivl_90", 22 0, L_00000199e312cd90;  1 drivers
L_00000199e30c9d58 .functor BUFT 1, C4<0000000000000000000000>, C4<0>, C4<0>, C4<0>;
v00000199e30c03e0_0 .net *"_ivl_93", 21 0, L_00000199e30c9d58;  1 drivers
v00000199e30c1d80_0 .net *"_ivl_94", 22 0, L_00000199e3133260;  1 drivers
L_00000199e30c9da0 .functor BUFT 1, C4<0>, C4<0>, C4<0>, C4<0>;
v00000199e30c0a20_0 .net/2u *"_ivl_98", 0 0, L_00000199e30c9da0;  1 drivers
v00000199e30c17e0_0 .net "a_operand", 31 0, o00000199e30752d8;  alias, 0 drivers
v00000199e30c0200_0 .net "b_operand", 31 0, o00000199e3075308;  alias, 0 drivers
v00000199e30c1060_0 .net "exponent", 8 0, L_00000199e312dc90;  1 drivers
v00000199e30c0480_0 .net "normalised", 0 0, L_00000199e312d970;  1 drivers
v00000199e30c02a0_0 .net "operand_a", 23 0, L_00000199e312d0b0;  1 drivers
v00000199e30c2500_0 .net "operand_b", 23 0, L_00000199e312bcb0;  1 drivers
v00000199e30c0ac0_0 .net "product", 47 0, L_00000199e312b850;  1 drivers
v00000199e30c0840_0 .net "product_mantissa", 22 0, L_00000199e312ced0;  1 drivers
v00000199e30c0160_0 .net "product_normalised", 47 0, L_00000199e312bdf0;  1 drivers
v00000199e30c1880_0 .net "product_round", 0 0, L_00000199e312c890;  1 drivers
v00000199e30c1100_0 .net "result", 31 0, L_00000199e312e190;  alias, 1 drivers
v00000199e30c0de0_0 .net "sign", 0 0, L_00000199e3017cd0;  1 drivers
v00000199e30c0e80_0 .net "sum_exponent", 8 0, L_00000199e312d1f0;  1 drivers
v00000199e30c1ba0_0 .net "zero", 0 0, L_00000199e312cf70;  1 drivers
L_00000199e312c9d0 .part o00000199e30752d8, 31, 1;
L_00000199e312bad0 .part o00000199e3075308, 31, 1;
L_00000199e312db50 .part o00000199e30752d8, 23, 8;
L_00000199e312cb10 .reduce/and L_00000199e312db50;
L_00000199e312bfd0 .part o00000199e3075308, 23, 8;
L_00000199e312c570 .reduce/and L_00000199e312bfd0;
L_00000199e312c390 .part o00000199e30752d8, 23, 8;
L_00000199e312d470 .reduce/or L_00000199e312c390;
L_00000199e312dbf0 .part o00000199e30752d8, 0, 23;
L_00000199e312c110 .concat [ 23 1 0 0], L_00000199e312dbf0, L_00000199e30c9a88;
L_00000199e312c4d0 .part o00000199e30752d8, 0, 23;
L_00000199e312d5b0 .concat [ 23 1 0 0], L_00000199e312c4d0, L_00000199e30c9ad0;
L_00000199e312d0b0 .functor MUXZ 24, L_00000199e312d5b0, L_00000199e312c110, L_00000199e312d470, C4<>;
L_00000199e312ce30 .part o00000199e3075308, 23, 8;
L_00000199e312bd50 .reduce/or L_00000199e312ce30;
L_00000199e312bb70 .part o00000199e3075308, 0, 23;
L_00000199e312c610 .concat [ 23 1 0 0], L_00000199e312bb70, L_00000199e30c9b18;
L_00000199e312d650 .part o00000199e3075308, 0, 23;
L_00000199e312b5d0 .concat [ 23 1 0 0], L_00000199e312d650, L_00000199e30c9b60;
L_00000199e312bcb0 .functor MUXZ 24, L_00000199e312b5d0, L_00000199e312c610, L_00000199e312bd50, C4<>;
L_00000199e312c750 .concat [ 24 24 0 0], L_00000199e312d0b0, L_00000199e30c9ba8;
L_00000199e312c7f0 .concat [ 24 24 0 0], L_00000199e312bcb0, L_00000199e30c9bf0;
L_00000199e312b850 .arith/mult 48, L_00000199e312c750, L_00000199e312c7f0;
L_00000199e312c430 .part L_00000199e312bdf0, 0, 23;
L_00000199e312c890 .reduce/or L_00000199e312c430;
L_00000199e312c930 .part L_00000199e312b850, 47, 1;
L_00000199e312d970 .functor MUXZ 1, L_00000199e30c9c80, L_00000199e30c9c38, L_00000199e312c930, C4<>;
L_00000199e312cbb0 .part L_00000199e312b850, 0, 47;
L_00000199e312b710 .concat [ 1 47 0 0], L_00000199e30c9cc8, L_00000199e312cbb0;
L_00000199e312bdf0 .functor MUXZ 48, L_00000199e312b710, L_00000199e312b850, L_00000199e312d970, C4<>;
L_00000199e312cc50 .part L_00000199e312bdf0, 24, 23;
L_00000199e312ccf0 .part L_00000199e312bdf0, 23, 1;
L_00000199e312c1b0 .concat [ 1 22 0 0], L_00000199e312ccf0, L_00000199e30c9d10;
L_00000199e312cd90 .concat [ 1 22 0 0], L_00000199e312c890, L_00000199e30c9d58;
L_00000199e312ced0 .arith/sum 23, L_00000199e312cc50, L_00000199e3133260;
L_00000199e312d330 .cmp/eq 23, L_00000199e312ced0, L_00000199e30c9de8;
L_00000199e312be90 .functor MUXZ 1, L_00000199e30c9e78, L_00000199e30c9e30, L_00000199e312d330, C4<>;
L_00000199e312cf70 .functor MUXZ 1, L_00000199e312be90, L_00000199e30c9da0, L_00000199e3133880, C4<>;
L_00000199e312d6f0 .part o00000199e30752d8, 23, 8;
L_00000199e312d010 .concat [ 8 1 0 0], L_00000199e312d6f0, L_00000199e30c9ec0;
L_00000199e312c070 .part o00000199e3075308, 23, 8;
L_00000199e312d150 .concat [ 8 1 0 0], L_00000199e312c070, L_00000199e30c9f08;
L_00000199e312d1f0 .arith/sum 9, L_00000199e312d010, L_00000199e312d150;
L_00000199e312d290 .arith/sub 9, L_00000199e312d1f0, L_00000199e30c9f50;
L_00000199e312d790 .concat [ 1 8 0 0], L_00000199e312d970, L_00000199e30c9f98;
L_00000199e312dc90 .arith/sum 9, L_00000199e312d290, L_00000199e312d790;
L_00000199e312bf30 .part L_00000199e312dc90, 8, 1;
L_00000199e312d830 .part L_00000199e312dc90, 7, 1;
L_00000199e312d8d0 .reduce/nor L_00000199e312d830;
L_00000199e312da10 .reduce/nor L_00000199e312cf70;
L_00000199e312dab0 .part L_00000199e312dc90, 8, 1;
L_00000199e312b8f0 .part L_00000199e312dc90, 7, 1;
L_00000199e312b530 .reduce/nor L_00000199e312cf70;
L_00000199e312b670 .functor MUXZ 1, L_00000199e30ca028, L_00000199e30c9fe0, L_00000199e3132f50, C4<>;
L_00000199e312b7b0 .concat [ 31 1 0 0], L_00000199e30ca0b8, L_00000199e3017cd0;
L_00000199e312b990 .concat [ 23 8 1 0], L_00000199e30ca148, L_00000199e30ca100, L_00000199e3017cd0;
L_00000199e312bc10 .concat [ 31 1 0 0], L_00000199e30ca190, L_00000199e3017cd0;
L_00000199e312ddd0 .part L_00000199e312dc90, 0, 8;
L_00000199e312dfb0 .concat [ 23 8 1 0], L_00000199e312ced0, L_00000199e312ddd0, L_00000199e3017cd0;
L_00000199e312e0f0 .functor MUXZ 32, L_00000199e312dfb0, L_00000199e312bc10, L_00000199e312b670, C4<>;
L_00000199e312e050 .functor MUXZ 32, L_00000199e312e0f0, L_00000199e312b990, L_00000199e31335e0, C4<>;
L_00000199e312df10 .functor MUXZ 32, L_00000199e312e050, L_00000199e312b7b0, L_00000199e312cf70, C4<>;
L_00000199e312e190 .functor MUXZ 32, L_00000199e312df10, L_00000199e30ca070, L_00000199e3133880, C4<>;
    .scope S_00000199e2fbd170;
T_0 ;
    %wait E_00000199e304b360;
    %pushi/vec4 0, 0, 2;
    %load/vec4 v00000199e302dbb0_0;
    %parti/s 23, 0, 2;
    %concat/vec4; draw_concat_vec4
    %concati/vec4 0, 0, 42;
    %store/vec4 v00000199e302d570_0, 0, 67;
    %pushi/vec4 0, 0, 2;
    %load/vec4 v00000199e302ccb0_0;
    %parti/s 23, 0, 2;
    %concat/vec4; draw_concat_vec4
    %concati/vec4 0, 0, 42;
    %store/vec4 v00000199e302d750_0, 0, 67;
    %load/vec4 v00000199e302dbb0_0;
    %parti/s 8, 23, 6;
    %store/vec4 v00000199e302d2f0_0, 0, 8;
    %load/vec4 v00000199e302ccb0_0;
    %parti/s 8, 23, 6;
    %store/vec4 v00000199e302cd50_0, 0, 8;
    %load/vec4 v00000199e302dbb0_0;
    %parti/s 1, 31, 6;
    %store/vec4 v00000199e302d6b0_0, 0, 1;
    %load/vec4 v00000199e302ccb0_0;
    %parti/s 1, 31, 6;
    %store/vec4 v00000199e302d930_0, 0, 1;
    %load/vec4 v00000199e302d2f0_0;
    %pad/u 32;
    %cmpi/e 0, 0, 32;
    %jmp/0xz  T_0.0, 4;
    %pushi/vec4 1, 0, 8;
    %store/vec4 v00000199e302d2f0_0, 0, 8;
    %pushi/vec4 0, 0, 1;
    %ix/load 4, 65, 0;
    %flag_set/imm 4, 0;
    %store/vec4 v00000199e302d570_0, 4, 1;
    %jmp T_0.1;
T_0.0 ;
    %pushi/vec4 1, 0, 1;
    %ix/load 4, 65, 0;
    %flag_set/imm 4, 0;
    %store/vec4 v00000199e302d570_0, 4, 1;
T_0.1 ;
    %load/vec4 v00000199e302cd50_0;
    %pad/u 32;
    %cmpi/e 0, 0, 32;
    %jmp/0xz  T_0.2, 4;
    %pushi/vec4 1, 0, 8;
    %store/vec4 v00000199e302cd50_0, 0, 8;
    %pushi/vec4 0, 0, 1;
    %ix/load 4, 65, 0;
    %flag_set/imm 4, 0;
    %store/vec4 v00000199e302d750_0, 4, 1;
    %jmp T_0.3;
T_0.2 ;
    %pushi/vec4 1, 0, 1;
    %ix/load 4, 65, 0;
    %flag_set/imm 4, 0;
    %store/vec4 v00000199e302d750_0, 4, 1;
T_0.3 ;
    %load/vec4 v00000199e302d2f0_0;
    %pad/u 32;
    %cmpi/e 0, 0, 32;
    %flag_get/vec4 4;
    %jmp/0 T_0.6, 4;
    %load/vec4 v00000199e302d570_0;
    %pushi/vec4 0, 0, 67;
    %cmp/e;
    %flag_get/vec4 4;
    %and;
T_0.6;
    %flag_set/vec4 8;
    %jmp/0xz  T_0.4, 8;
    %load/vec4 v00000199e302d930_0;
    %store/vec4 v00000199e302db10_0, 0, 1;
    %load/vec4 v00000199e302cd50_0;
    %store/vec4 v00000199e302cad0_0, 0, 8;
    %load/vec4 v00000199e302d750_0;
    %store/vec4 v00000199e302c490_0, 0, 67;
    %jmp T_0.5;
T_0.4 ;
    %load/vec4 v00000199e302cd50_0;
    %pad/u 32;
    %cmpi/e 0, 0, 32;
    %flag_get/vec4 4;
    %jmp/0 T_0.9, 4;
    %load/vec4 v00000199e302d750_0;
    %pushi/vec4 0, 0, 67;
    %cmp/e;
    %flag_get/vec4 4;
    %and;
T_0.9;
    %flag_set/vec4 8;
    %jmp/0xz  T_0.7, 8;
    %load/vec4 v00000199e302d6b0_0;
    %store/vec4 v00000199e302db10_0, 0, 1;
    %load/vec4 v00000199e302d2f0_0;
    %store/vec4 v00000199e302cad0_0, 0, 8;
    %load/vec4 v00000199e302d570_0;
    %store/vec4 v00000199e302c490_0, 0, 67;
T_0.7 ;
T_0.5 ;
    %load/vec4 v00000199e302cd50_0;
    %load/vec4 v00000199e302d2f0_0;
    %cmp/u;
    %jmp/0xz  T_0.10, 5;
    %load/vec4 v00000199e302d750_0;
    %load/vec4 v00000199e302d2f0_0;
    %load/vec4 v00000199e302cd50_0;
    %sub;
    %ix/vec4 4;
    %shiftr 4;
    %store/vec4 v00000199e302d750_0, 0, 67;
    %load/vec4 v00000199e302d2f0_0;
    %store/vec4 v00000199e302cad0_0, 0, 8;
    %jmp T_0.11;
T_0.10 ;
    %load/vec4 v00000199e302d2f0_0;
    %load/vec4 v00000199e302cd50_0;
    %cmp/u;
    %jmp/0xz  T_0.12, 5;
    %load/vec4 v00000199e302d570_0;
    %load/vec4 v00000199e302cd50_0;
    %load/vec4 v00000199e302d2f0_0;
    %sub;
    %ix/vec4 4;
    %shiftr 4;
    %store/vec4 v00000199e302d570_0, 0, 67;
    %load/vec4 v00000199e302cd50_0;
    %store/vec4 v00000199e302cad0_0, 0, 8;
    %jmp T_0.13;
T_0.12 ;
    %load/vec4 v00000199e302d2f0_0;
    %store/vec4 v00000199e302cad0_0, 0, 8;
T_0.13 ;
T_0.11 ;
    %load/vec4 v00000199e302d6b0_0;
    %load/vec4 v00000199e302d930_0;
    %cmp/e;
    %jmp/0xz  T_0.14, 4;
    %load/vec4 v00000199e302d570_0;
    %load/vec4 v00000199e302d750_0;
    %add;
    %store/vec4 v00000199e302c490_0, 0, 67;
    %load/vec4 v00000199e302d6b0_0;
    %store/vec4 v00000199e302db10_0, 0, 1;
    %jmp T_0.15;
T_0.14 ;
    %load/vec4 v00000199e302d750_0;
    %load/vec4 v00000199e302d570_0;
    %cmp/u;
    %flag_or 5, 4;
    %jmp/0xz  T_0.16, 5;
    %load/vec4 v00000199e302d570_0;
    %load/vec4 v00000199e302d750_0;
    %sub;
    %store/vec4 v00000199e302c490_0, 0, 67;
    %load/vec4 v00000199e302d6b0_0;
    %store/vec4 v00000199e302db10_0, 0, 1;
    %jmp T_0.17;
T_0.16 ;
    %load/vec4 v00000199e302d750_0;
    %load/vec4 v00000199e302d570_0;
    %sub;
    %store/vec4 v00000199e302c490_0, 0, 67;
    %load/vec4 v00000199e302d930_0;
    %store/vec4 v00000199e302db10_0, 0, 1;
T_0.17 ;
T_0.15 ;
    %load/vec4 v00000199e302c490_0;
    %store/vec4 v00000199e302de30_0, 0, 67;
    %load/vec4 v00000199e302c490_0;
    %parti/s 1, 66, 8;
    %flag_set/vec4 8;
    %jmp/0xz  T_0.18, 8;
    %load/vec4 v00000199e302c490_0;
    %ix/load 4, 1, 0;
    %flag_set/imm 4, 0;
    %shiftr 4;
    %store/vec4 v00000199e302c490_0, 0, 67;
    %load/vec4 v00000199e302cad0_0;
    %addi 1, 0, 8;
    %store/vec4 v00000199e302cad0_0, 0, 8;
T_0.18 ;
    %load/vec4 v00000199e302c490_0;
    %parti/s 1, 66, 8;
    %flag_set/vec4 8;
    %jmp/0xz  T_0.20, 8;
    %load/vec4 v00000199e302c490_0;
    %ix/load 4, 1, 0;
    %flag_set/imm 4, 0;
    %shiftr 4;
    %store/vec4 v00000199e302c490_0, 0, 67;
    %load/vec4 v00000199e302cad0_0;
    %addi 1, 0, 8;
    %store/vec4 v00000199e302cad0_0, 0, 8;
T_0.20 ;
    %load/vec4 v00000199e302c490_0;
    %parti/s 1, 65, 8;
    %flag_set/vec4 8;
    %jmp/0xz  T_0.22, 8;
    %jmp T_0.23;
T_0.22 ;
    %load/vec4 v00000199e302c490_0;
    %parti/s 1, 65, 8;
    %pad/u 32;
    %cmpi/e 0, 0, 32;
    %jmp/0xz  T_0.24, 4;
T_0.26 ;
    %load/vec4 v00000199e302c490_0;
    %parti/s 1, 65, 8;
    %pad/u 32;
    %cmpi/e 0, 0, 32;
    %flag_get/vec4 4;
    %jmp/0 T_0.28, 4;
    %pushi/vec4 0, 0, 32;
    %load/vec4 v00000199e302c490_0;
    %parti/s 23, 42, 7;
    %pad/u 32;
    %cmp/u;
    %flag_get/vec4 5;
    %and;
T_0.28;
    %flag_set/vec4 8;
    %jmp/0xz T_0.27, 8;
    %load/vec4 v00000199e302c490_0;
    %ix/load 4, 1, 0;
    %flag_set/imm 4, 0;
    %shiftl 4;
    %store/vec4 v00000199e302c490_0, 0, 67;
    %load/vec4 v00000199e302cad0_0;
    %subi 1, 0, 8;
    %store/vec4 v00000199e302cad0_0, 0, 8;
    %jmp T_0.26;
T_0.27 ;
T_0.24 ;
T_0.23 ;
    %load/vec4 v00000199e302c490_0;
    %parti/s 1, 41, 7;
    %store/vec4 v00000199e302d610_0, 0, 1;
    %load/vec4 v00000199e302c490_0;
    %parti/s 1, 40, 7;
    %store/vec4 v00000199e302cc10_0, 0, 1;
    %load/vec4 v00000199e302c490_0;
    %parti/s 40, 0, 2;
    %cmpi/u 0, 0, 40;
    %flag_or 5, 4; GT is !LE
    %flag_inv 5;
    %jmp/0xz  T_0.29, 5;
    %pushi/vec4 1, 0, 1;
    %store/vec4 v00000199e302dd90_0, 0, 1;
    %jmp T_0.30;
T_0.29 ;
    %pushi/vec4 0, 0, 1;
    %store/vec4 v00000199e302dd90_0, 0, 1;
T_0.30 ;
    %load/vec4 v00000199e302d610_0;
    %flag_set/vec4 9;
    %flag_get/vec4 9;
    %jmp/0 T_0.33, 9;
    %load/vec4 v00000199e302c490_0;
    %parti/s 1, 42, 7;
    %load/vec4 v00000199e302cc10_0;
    %or;
    %load/vec4 v00000199e302dd90_0;
    %or;
    %and;
T_0.33;
    %flag_set/vec4 8;
    %jmp/0xz  T_0.31, 8;
    %load/vec4 v00000199e302c490_0;
    %pushi/vec4 2147483648, 0, 56;
    %concati/vec4 0, 0, 11;
    %add;
    %store/vec4 v00000199e302c490_0, 0, 67;
T_0.31 ;
    %load/vec4 v00000199e302c490_0;
    %parti/s 23, 42, 7;
    %ix/load 4, 0, 0;
    %flag_set/imm 4, 0;
    %store/vec4 v00000199e302cb70_0, 4, 23;
    %load/vec4 v00000199e302cad0_0;
    %ix/load 4, 23, 0;
    %flag_set/imm 4, 0;
    %store/vec4 v00000199e302cb70_0, 4, 8;
    %load/vec4 v00000199e302db10_0;
    %ix/load 4, 31, 0;
    %flag_set/imm 4, 0;
    %store/vec4 v00000199e302cb70_0, 4, 1;
    %load/vec4 v00000199e302c490_0;
    %cmpi/e 0, 0, 67;
    %jmp/0xz  T_0.34, 4;
    %pushi/vec4 0, 0, 32;
    %store/vec4 v00000199e302cb70_0, 0, 32;
T_0.34 ;
    %load/vec4 v00000199e302cad0_0;
    %cmpi/e 255, 0, 8;
    %jmp/0xz  T_0.36, 4;
    %pushi/vec4 0, 0, 67;
    %store/vec4 v00000199e302c490_0, 0, 67;
T_0.36 ;
    %load/vec4 v00000199e302c490_0;
    %parti/s 23, 42, 7;
    %ix/load 4, 0, 0;
    %flag_set/imm 4, 0;
    %store/vec4 v00000199e302cb70_0, 4, 23;
    %jmp T_0;
    .thread T_0, $push;
    .scope S_00000199e2fd21d0;
T_1 ;
    %wait E_00000199e304b3a0;
    %pushi/vec4 0, 0, 2;
    %load/vec4 v00000199e306cf20_0;
    %parti/s 23, 0, 2;
    %concat/vec4; draw_concat_vec4
    %concati/vec4 0, 0, 42;
    %store/vec4 v00000199e306c200_0, 0, 67;
    %pushi/vec4 0, 0, 2;
    %load/vec4 v00000199e306c0c0_0;
    %parti/s 23, 0, 2;
    %concat/vec4; draw_concat_vec4
    %concati/vec4 0, 0, 42;
    %store/vec4 v00000199e306c480_0, 0, 67;
    %load/vec4 v00000199e306cf20_0;
    %parti/s 8, 23, 6;
    %store/vec4 v00000199e302df70_0, 0, 8;
    %load/vec4 v00000199e306c0c0_0;
    %parti/s 8, 23, 6;
    %store/vec4 v00000199e302e010_0, 0, 8;
    %load/vec4 v00000199e306cf20_0;
    %parti/s 1, 31, 6;
    %store/vec4 v00000199e306c8e0_0, 0, 1;
    %load/vec4 v00000199e306c0c0_0;
    %parti/s 1, 31, 6;
    %store/vec4 v00000199e306bda0_0, 0, 1;
    %load/vec4 v00000199e302df70_0;
    %pad/u 32;
    %cmpi/e 0, 0, 32;
    %jmp/0xz  T_1.0, 4;
    %pushi/vec4 1, 0, 8;
    %store/vec4 v00000199e302df70_0, 0, 8;
    %pushi/vec4 0, 0, 1;
    %ix/load 4, 65, 0;
    %flag_set/imm 4, 0;
    %store/vec4 v00000199e306c200_0, 4, 1;
    %jmp T_1.1;
T_1.0 ;
    %pushi/vec4 1, 0, 1;
    %ix/load 4, 65, 0;
    %flag_set/imm 4, 0;
    %store/vec4 v00000199e306c200_0, 4, 1;
T_1.1 ;
    %load/vec4 v00000199e302e010_0;
    %pad/u 32;
    %cmpi/e 0, 0, 32;
    %jmp/0xz  T_1.2, 4;
    %pushi/vec4 1, 0, 8;
    %store/vec4 v00000199e302e010_0, 0, 8;
    %pushi/vec4 0, 0, 1;
    %ix/load 4, 65, 0;
    %flag_set/imm 4, 0;
    %store/vec4 v00000199e306c480_0, 4, 1;
    %jmp T_1.3;
T_1.2 ;
    %pushi/vec4 1, 0, 1;
    %ix/load 4, 65, 0;
    %flag_set/imm 4, 0;
    %store/vec4 v00000199e306c480_0, 4, 1;
T_1.3 ;
    %load/vec4 v00000199e302df70_0;
    %pad/u 32;
    %cmpi/e 0, 0, 32;
    %flag_get/vec4 4;
    %jmp/0 T_1.6, 4;
    %load/vec4 v00000199e306c200_0;
    %pushi/vec4 0, 0, 67;
    %cmp/e;
    %flag_get/vec4 4;
    %and;
T_1.6;
    %flag_set/vec4 8;
    %jmp/0xz  T_1.4, 8;
    %load/vec4 v00000199e306bda0_0;
    %store/vec4 v00000199e306b4e0_0, 0, 1;
    %load/vec4 v00000199e302e010_0;
    %store/vec4 v00000199e302c5d0_0, 0, 8;
    %load/vec4 v00000199e306c480_0;
    %store/vec4 v00000199e306ce80_0, 0, 67;
    %jmp T_1.5;
T_1.4 ;
    %load/vec4 v00000199e302e010_0;
    %pad/u 32;
    %cmpi/e 0, 0, 32;
    %flag_get/vec4 4;
    %jmp/0 T_1.9, 4;
    %load/vec4 v00000199e306c480_0;
    %pushi/vec4 0, 0, 67;
    %cmp/e;
    %flag_get/vec4 4;
    %and;
T_1.9;
    %flag_set/vec4 8;
    %jmp/0xz  T_1.7, 8;
    %load/vec4 v00000199e306c8e0_0;
    %store/vec4 v00000199e306b4e0_0, 0, 1;
    %load/vec4 v00000199e302df70_0;
    %store/vec4 v00000199e302c5d0_0, 0, 8;
    %load/vec4 v00000199e306c200_0;
    %store/vec4 v00000199e306ce80_0, 0, 67;
T_1.7 ;
T_1.5 ;
    %load/vec4 v00000199e302e010_0;
    %load/vec4 v00000199e302df70_0;
    %cmp/u;
    %jmp/0xz  T_1.10, 5;
    %load/vec4 v00000199e306c480_0;
    %load/vec4 v00000199e302df70_0;
    %load/vec4 v00000199e302e010_0;
    %sub;
    %ix/vec4 4;
    %shiftr 4;
    %store/vec4 v00000199e306c480_0, 0, 67;
    %load/vec4 v00000199e302df70_0;
    %store/vec4 v00000199e302c5d0_0, 0, 8;
    %jmp T_1.11;
T_1.10 ;
    %load/vec4 v00000199e302df70_0;
    %load/vec4 v00000199e302e010_0;
    %cmp/u;
    %jmp/0xz  T_1.12, 5;
    %load/vec4 v00000199e306c200_0;
    %load/vec4 v00000199e302e010_0;
    %load/vec4 v00000199e302df70_0;
    %sub;
    %ix/vec4 4;
    %shiftr 4;
    %store/vec4 v00000199e306c200_0, 0, 67;
    %load/vec4 v00000199e302e010_0;
    %store/vec4 v00000199e302c5d0_0, 0, 8;
    %jmp T_1.13;
T_1.12 ;
    %load/vec4 v00000199e302df70_0;
    %store/vec4 v00000199e302c5d0_0, 0, 8;
T_1.13 ;
T_1.11 ;
    %load/vec4 v00000199e306c8e0_0;
    %load/vec4 v00000199e306bda0_0;
    %cmp/e;
    %jmp/0xz  T_1.14, 4;
    %load/vec4 v00000199e306c200_0;
    %load/vec4 v00000199e306c480_0;
    %add;
    %store/vec4 v00000199e306ce80_0, 0, 67;
    %load/vec4 v00000199e306c8e0_0;
    %store/vec4 v00000199e306b4e0_0, 0, 1;
    %jmp T_1.15;
T_1.14 ;
    %load/vec4 v00000199e306c480_0;
    %load/vec4 v00000199e306c200_0;
    %cmp/u;
    %flag_or 5, 4;
    %jmp/0xz  T_1.16, 5;
    %load/vec4 v00000199e306c200_0;
    %load/vec4 v00000199e306c480_0;
    %sub;
    %store/vec4 v00000199e306ce80_0, 0, 67;
    %load/vec4 v00000199e306c8e0_0;
    %store/vec4 v00000199e306b4e0_0, 0, 1;
    %jmp T_1.17;
T_1.16 ;
    %load/vec4 v00000199e306c480_0;
    %load/vec4 v00000199e306c200_0;
    %sub;
    %store/vec4 v00000199e306ce80_0, 0, 67;
    %load/vec4 v00000199e306bda0_0;
    %store/vec4 v00000199e306b4e0_0, 0, 1;
T_1.17 ;
T_1.15 ;
    %load/vec4 v00000199e306ce80_0;
    %store/vec4 v00000199e306bee0_0, 0, 67;
    %load/vec4 v00000199e306ce80_0;
    %parti/s 1, 66, 8;
    %flag_set/vec4 8;
    %jmp/0xz  T_1.18, 8;
    %load/vec4 v00000199e306ce80_0;
    %ix/load 4, 1, 0;
    %flag_set/imm 4, 0;
    %shiftr 4;
    %store/vec4 v00000199e306ce80_0, 0, 67;
    %load/vec4 v00000199e302c5d0_0;
    %addi 1, 0, 8;
    %store/vec4 v00000199e302c5d0_0, 0, 8;
T_1.18 ;
    %load/vec4 v00000199e306ce80_0;
    %parti/s 1, 66, 8;
    %flag_set/vec4 8;
    %jmp/0xz  T_1.20, 8;
    %load/vec4 v00000199e306ce80_0;
    %ix/load 4, 1, 0;
    %flag_set/imm 4, 0;
    %shiftr 4;
    %store/vec4 v00000199e306ce80_0, 0, 67;
    %load/vec4 v00000199e302c5d0_0;
    %addi 1, 0, 8;
    %store/vec4 v00000199e302c5d0_0, 0, 8;
T_1.20 ;
    %load/vec4 v00000199e306ce80_0;
    %parti/s 1, 65, 8;
    %flag_set/vec4 8;
    %jmp/0xz  T_1.22, 8;
    %jmp T_1.23;
T_1.22 ;
    %load/vec4 v00000199e306ce80_0;
    %parti/s 1, 65, 8;
    %pad/u 32;
    %cmpi/e 0, 0, 32;
    %jmp/0xz  T_1.24, 4;
T_1.26 ;
    %load/vec4 v00000199e306ce80_0;
    %parti/s 1, 65, 8;
    %pad/u 32;
    %cmpi/e 0, 0, 32;
    %flag_get/vec4 4;
    %jmp/0 T_1.28, 4;
    %pushi/vec4 0, 0, 32;
    %load/vec4 v00000199e306ce80_0;
    %parti/s 23, 42, 7;
    %pad/u 32;
    %cmp/u;
    %flag_get/vec4 5;
    %and;
T_1.28;
    %flag_set/vec4 8;
    %jmp/0xz T_1.27, 8;
    %load/vec4 v00000199e306ce80_0;
    %ix/load 4, 1, 0;
    %flag_set/imm 4, 0;
    %shiftl 4;
    %store/vec4 v00000199e306ce80_0, 0, 67;
    %load/vec4 v00000199e302c5d0_0;
    %subi 1, 0, 8;
    %store/vec4 v00000199e302c5d0_0, 0, 8;
    %jmp T_1.26;
T_1.27 ;
T_1.24 ;
T_1.23 ;
    %load/vec4 v00000199e306ce80_0;
    %parti/s 1, 41, 7;
    %store/vec4 v00000199e306b620_0, 0, 1;
    %load/vec4 v00000199e306ce80_0;
    %parti/s 1, 40, 7;
    %store/vec4 v00000199e306c7a0_0, 0, 1;
    %load/vec4 v00000199e306ce80_0;
    %parti/s 40, 0, 2;
    %cmpi/u 0, 0, 40;
    %flag_or 5, 4; GT is !LE
    %flag_inv 5;
    %jmp/0xz  T_1.29, 5;
    %pushi/vec4 1, 0, 1;
    %store/vec4 v00000199e306bf80_0, 0, 1;
    %jmp T_1.30;
T_1.29 ;
    %pushi/vec4 0, 0, 1;
    %store/vec4 v00000199e306bf80_0, 0, 1;
T_1.30 ;
    %load/vec4 v00000199e306b620_0;
    %flag_set/vec4 9;
    %flag_get/vec4 9;
    %jmp/0 T_1.33, 9;
    %load/vec4 v00000199e306ce80_0;
    %parti/s 1, 42, 7;
    %load/vec4 v00000199e306c7a0_0;
    %or;
    %load/vec4 v00000199e306bf80_0;
    %or;
    %and;
T_1.33;
    %flag_set/vec4 8;
    %jmp/0xz  T_1.31, 8;
    %load/vec4 v00000199e306ce80_0;
    %pushi/vec4 2147483648, 0, 56;
    %concati/vec4 0, 0, 11;
    %add;
    %store/vec4 v00000199e306ce80_0, 0, 67;
T_1.31 ;
    %load/vec4 v00000199e306ce80_0;
    %parti/s 23, 42, 7;
    %ix/load 4, 0, 0;
    %flag_set/imm 4, 0;
    %store/vec4 v00000199e306c660_0, 4, 23;
    %load/vec4 v00000199e302c5d0_0;
    %ix/load 4, 23, 0;
    %flag_set/imm 4, 0;
    %store/vec4 v00000199e306c660_0, 4, 8;
    %load/vec4 v00000199e306b4e0_0;
    %ix/load 4, 31, 0;
    %flag_set/imm 4, 0;
    %store/vec4 v00000199e306c660_0, 4, 1;
    %load/vec4 v00000199e306ce80_0;
    %cmpi/e 0, 0, 67;
    %jmp/0xz  T_1.34, 4;
    %pushi/vec4 0, 0, 32;
    %store/vec4 v00000199e306c660_0, 0, 32;
T_1.34 ;
    %load/vec4 v00000199e302c5d0_0;
    %cmpi/e 255, 0, 8;
    %jmp/0xz  T_1.36, 4;
    %pushi/vec4 0, 0, 67;
    %store/vec4 v00000199e306ce80_0, 0, 67;
T_1.36 ;
    %load/vec4 v00000199e306ce80_0;
    %parti/s 23, 42, 7;
    %ix/load 4, 0, 0;
    %flag_set/imm 4, 0;
    %store/vec4 v00000199e306c660_0, 4, 23;
    %jmp T_1;
    .thread T_1, $push;
    .scope S_00000199e2fd2360;
T_2 ;
    %wait E_00000199e304ae60;
    %pushi/vec4 0, 0, 2;
    %load/vec4 v00000199e306c520_0;
    %parti/s 23, 0, 2;
    %concat/vec4; draw_concat_vec4
    %concati/vec4 0, 0, 42;
    %store/vec4 v00000199e306b800_0, 0, 67;
    %pushi/vec4 0, 0, 2;
    %load/vec4 v00000199e306bb20_0;
    %parti/s 23, 0, 2;
    %concat/vec4; draw_concat_vec4
    %concati/vec4 0, 0, 42;
    %store/vec4 v00000199e306c3e0_0, 0, 67;
    %load/vec4 v00000199e306c520_0;
    %parti/s 8, 23, 6;
    %store/vec4 v00000199e306cd40_0, 0, 8;
    %load/vec4 v00000199e306bb20_0;
    %parti/s 8, 23, 6;
    %store/vec4 v00000199e306b760_0, 0, 8;
    %load/vec4 v00000199e306c520_0;
    %parti/s 1, 31, 6;
    %store/vec4 v00000199e306c340_0, 0, 1;
    %load/vec4 v00000199e306bb20_0;
    %parti/s 1, 31, 6;
    %store/vec4 v00000199e306cac0_0, 0, 1;
    %load/vec4 v00000199e306cd40_0;
    %pad/u 32;
    %cmpi/e 0, 0, 32;
    %jmp/0xz  T_2.0, 4;
    %pushi/vec4 1, 0, 8;
    %store/vec4 v00000199e306cd40_0, 0, 8;
    %pushi/vec4 0, 0, 1;
    %ix/load 4, 65, 0;
    %flag_set/imm 4, 0;
    %store/vec4 v00000199e306b800_0, 4, 1;
    %jmp T_2.1;
T_2.0 ;
    %pushi/vec4 1, 0, 1;
    %ix/load 4, 65, 0;
    %flag_set/imm 4, 0;
    %store/vec4 v00000199e306b800_0, 4, 1;
T_2.1 ;
    %load/vec4 v00000199e306b760_0;
    %pad/u 32;
    %cmpi/e 0, 0, 32;
    %jmp/0xz  T_2.2, 4;
    %pushi/vec4 1, 0, 8;
    %store/vec4 v00000199e306b760_0, 0, 8;
    %pushi/vec4 0, 0, 1;
    %ix/load 4, 65, 0;
    %flag_set/imm 4, 0;
    %store/vec4 v00000199e306c3e0_0, 4, 1;
    %jmp T_2.3;
T_2.2 ;
    %pushi/vec4 1, 0, 1;
    %ix/load 4, 65, 0;
    %flag_set/imm 4, 0;
    %store/vec4 v00000199e306c3e0_0, 4, 1;
T_2.3 ;
    %load/vec4 v00000199e306cd40_0;
    %pad/u 32;
    %cmpi/e 0, 0, 32;
    %flag_get/vec4 4;
    %jmp/0 T_2.6, 4;
    %load/vec4 v00000199e306b800_0;
    %pushi/vec4 0, 0, 67;
    %cmp/e;
    %flag_get/vec4 4;
    %and;
T_2.6;
    %flag_set/vec4 8;
    %jmp/0xz  T_2.4, 8;
    %load/vec4 v00000199e306cac0_0;
    %store/vec4 v00000199e306ba80_0, 0, 1;
    %load/vec4 v00000199e306b760_0;
    %store/vec4 v00000199e306d240_0, 0, 8;
    %load/vec4 v00000199e306c3e0_0;
    %store/vec4 v00000199e306cde0_0, 0, 67;
    %jmp T_2.5;
T_2.4 ;
    %load/vec4 v00000199e306b760_0;
    %pad/u 32;
    %cmpi/e 0, 0, 32;
    %flag_get/vec4 4;
    %jmp/0 T_2.9, 4;
    %load/vec4 v00000199e306c3e0_0;
    %pushi/vec4 0, 0, 67;
    %cmp/e;
    %flag_get/vec4 4;
    %and;
T_2.9;
    %flag_set/vec4 8;
    %jmp/0xz  T_2.7, 8;
    %load/vec4 v00000199e306c340_0;
    %store/vec4 v00000199e306ba80_0, 0, 1;
    %load/vec4 v00000199e306cd40_0;
    %store/vec4 v00000199e306d240_0, 0, 8;
    %load/vec4 v00000199e306b800_0;
    %store/vec4 v00000199e306cde0_0, 0, 67;
T_2.7 ;
T_2.5 ;
    %load/vec4 v00000199e306b760_0;
    %load/vec4 v00000199e306cd40_0;
    %cmp/u;
    %jmp/0xz  T_2.10, 5;
    %load/vec4 v00000199e306c3e0_0;
    %load/vec4 v00000199e306cd40_0;
    %load/vec4 v00000199e306b760_0;
    %sub;
    %ix/vec4 4;
    %shiftr 4;
    %store/vec4 v00000199e306c3e0_0, 0, 67;
    %load/vec4 v00000199e306cd40_0;
    %store/vec4 v00000199e306d240_0, 0, 8;
    %jmp T_2.11;
T_2.10 ;
    %load/vec4 v00000199e306cd40_0;
    %load/vec4 v00000199e306b760_0;
    %cmp/u;
    %jmp/0xz  T_2.12, 5;
    %load/vec4 v00000199e306b800_0;
    %load/vec4 v00000199e306b760_0;
    %load/vec4 v00000199e306cd40_0;
    %sub;
    %ix/vec4 4;
    %shiftr 4;
    %store/vec4 v00000199e306b800_0, 0, 67;
    %load/vec4 v00000199e306b760_0;
    %store/vec4 v00000199e306d240_0, 0, 8;
    %jmp T_2.13;
T_2.12 ;
    %load/vec4 v00000199e306cd40_0;
    %store/vec4 v00000199e306d240_0, 0, 8;
T_2.13 ;
T_2.11 ;
    %load/vec4 v00000199e306c340_0;
    %load/vec4 v00000199e306cac0_0;
    %cmp/e;
    %jmp/0xz  T_2.14, 4;
    %load/vec4 v00000199e306b800_0;
    %load/vec4 v00000199e306c3e0_0;
    %add;
    %store/vec4 v00000199e306cde0_0, 0, 67;
    %load/vec4 v00000199e306c340_0;
    %store/vec4 v00000199e306ba80_0, 0, 1;
    %jmp T_2.15;
T_2.14 ;
    %load/vec4 v00000199e306c3e0_0;
    %load/vec4 v00000199e306b800_0;
    %cmp/u;
    %flag_or 5, 4;
    %jmp/0xz  T_2.16, 5;
    %load/vec4 v00000199e306b800_0;
    %load/vec4 v00000199e306c3e0_0;
    %sub;
    %store/vec4 v00000199e306cde0_0, 0, 67;
    %load/vec4 v00000199e306c340_0;
    %store/vec4 v00000199e306ba80_0, 0, 1;
    %jmp T_2.17;
T_2.16 ;
    %load/vec4 v00000199e306c3e0_0;
    %load/vec4 v00000199e306b800_0;
    %sub;
    %store/vec4 v00000199e306cde0_0, 0, 67;
    %load/vec4 v00000199e306cac0_0;
    %store/vec4 v00000199e306ba80_0, 0, 1;
T_2.17 ;
T_2.15 ;
    %load/vec4 v00000199e306cde0_0;
    %store/vec4 v00000199e306bbc0_0, 0, 67;
    %load/vec4 v00000199e306cde0_0;
    %parti/s 1, 66, 8;
    %flag_set/vec4 8;
    %jmp/0xz  T_2.18, 8;
    %load/vec4 v00000199e306cde0_0;
    %ix/load 4, 1, 0;
    %flag_set/imm 4, 0;
    %shiftr 4;
    %store/vec4 v00000199e306cde0_0, 0, 67;
    %load/vec4 v00000199e306d240_0;
    %addi 1, 0, 8;
    %store/vec4 v00000199e306d240_0, 0, 8;
T_2.18 ;
    %load/vec4 v00000199e306cde0_0;
    %parti/s 1, 66, 8;
    %flag_set/vec4 8;
    %jmp/0xz  T_2.20, 8;
    %load/vec4 v00000199e306cde0_0;
    %ix/load 4, 1, 0;
    %flag_set/imm 4, 0;
    %shiftr 4;
    %store/vec4 v00000199e306cde0_0, 0, 67;
    %load/vec4 v00000199e306d240_0;
    %addi 1, 0, 8;
    %store/vec4 v00000199e306d240_0, 0, 8;
T_2.20 ;
    %load/vec4 v00000199e306cde0_0;
    %parti/s 1, 65, 8;
    %flag_set/vec4 8;
    %jmp/0xz  T_2.22, 8;
    %jmp T_2.23;
T_2.22 ;
    %load/vec4 v00000199e306cde0_0;
    %parti/s 1, 65, 8;
    %pad/u 32;
    %cmpi/e 0, 0, 32;
    %jmp/0xz  T_2.24, 4;
T_2.26 ;
    %load/vec4 v00000199e306cde0_0;
    %parti/s 1, 65, 8;
    %pad/u 32;
    %cmpi/e 0, 0, 32;
    %flag_get/vec4 4;
    %jmp/0 T_2.28, 4;
    %pushi/vec4 0, 0, 32;
    %load/vec4 v00000199e306cde0_0;
    %parti/s 23, 42, 7;
    %pad/u 32;
    %cmp/u;
    %flag_get/vec4 5;
    %and;
T_2.28;
    %flag_set/vec4 8;
    %jmp/0xz T_2.27, 8;
    %load/vec4 v00000199e306cde0_0;
    %ix/load 4, 1, 0;
    %flag_set/imm 4, 0;
    %shiftl 4;
    %store/vec4 v00000199e306cde0_0, 0, 67;
    %load/vec4 v00000199e306d240_0;
    %subi 1, 0, 8;
    %store/vec4 v00000199e306d240_0, 0, 8;
    %jmp T_2.26;
T_2.27 ;
T_2.24 ;
T_2.23 ;
    %load/vec4 v00000199e306cde0_0;
    %parti/s 1, 41, 7;
    %store/vec4 v00000199e306c160_0, 0, 1;
    %load/vec4 v00000199e306cde0_0;
    %parti/s 1, 40, 7;
    %store/vec4 v00000199e306c2a0_0, 0, 1;
    %load/vec4 v00000199e306cde0_0;
    %parti/s 40, 0, 2;
    %cmpi/u 0, 0, 40;
    %flag_or 5, 4; GT is !LE
    %flag_inv 5;
    %jmp/0xz  T_2.29, 5;
    %pushi/vec4 1, 0, 1;
    %store/vec4 v00000199e306c5c0_0, 0, 1;
    %jmp T_2.30;
T_2.29 ;
    %pushi/vec4 0, 0, 1;
    %store/vec4 v00000199e306c5c0_0, 0, 1;
T_2.30 ;
    %load/vec4 v00000199e306c160_0;
    %flag_set/vec4 9;
    %flag_get/vec4 9;
    %jmp/0 T_2.33, 9;
    %load/vec4 v00000199e306cde0_0;
    %parti/s 1, 42, 7;
    %load/vec4 v00000199e306c2a0_0;
    %or;
    %load/vec4 v00000199e306c5c0_0;
    %or;
    %and;
T_2.33;
    %flag_set/vec4 8;
    %jmp/0xz  T_2.31, 8;
    %load/vec4 v00000199e306cde0_0;
    %pushi/vec4 2147483648, 0, 56;
    %concati/vec4 0, 0, 11;
    %add;
    %store/vec4 v00000199e306cde0_0, 0, 67;
T_2.31 ;
    %load/vec4 v00000199e306cde0_0;
    %parti/s 23, 42, 7;
    %ix/load 4, 0, 0;
    %flag_set/imm 4, 0;
    %store/vec4 v00000199e306b8a0_0, 4, 23;
    %load/vec4 v00000199e306d240_0;
    %ix/load 4, 23, 0;
    %flag_set/imm 4, 0;
    %store/vec4 v00000199e306b8a0_0, 4, 8;
    %load/vec4 v00000199e306ba80_0;
    %ix/load 4, 31, 0;
    %flag_set/imm 4, 0;
    %store/vec4 v00000199e306b8a0_0, 4, 1;
    %load/vec4 v00000199e306cde0_0;
    %cmpi/e 0, 0, 67;
    %jmp/0xz  T_2.34, 4;
    %pushi/vec4 0, 0, 32;
    %store/vec4 v00000199e306b8a0_0, 0, 32;
T_2.34 ;
    %load/vec4 v00000199e306d240_0;
    %cmpi/e 255, 0, 8;
    %jmp/0xz  T_2.36, 4;
    %pushi/vec4 0, 0, 67;
    %store/vec4 v00000199e306cde0_0, 0, 67;
T_2.36 ;
    %load/vec4 v00000199e306cde0_0;
    %parti/s 23, 42, 7;
    %ix/load 4, 0, 0;
    %flag_set/imm 4, 0;
    %store/vec4 v00000199e306b8a0_0, 4, 23;
    %jmp T_2;
    .thread T_2, $push;
# The file index is used to find the file name in the following table.
:file_names 5;
    "N/A";
    "<interactive>";
    "PU.v";
    "./adder.v";
    "./multiplier.v";
